[21-Feb-2025 00:12:42 UTC] PHP Warning:  Undefined property: stdClass::$is_enabled in /home/u6583521/public_html/zlinks.id/themes/altum/views/wrapper.php on line 10
[21-Feb-2025 00:22:58 UTC] PHP Warning:  Undefined property: stdClass::$is_enabled in /home/u6583521/public_html/zlinks.id/themes/altum/views/wrapper.php on line 10
[21-Feb-2025 00:22:58 UTC] PHP Warning:  Undefined property: stdClass::$is_enabled in /home/u6583521/public_html/zlinks.id/themes/altum/views/wrapper.php on line 10
[21-Feb-2025 00:47:53 UTC] PHP Warning:  Undefined property: stdClass::$is_enabled in /home/u6583521/public_html/zlinks.id/themes/altum/views/l/biolink_wrapper.php on line 10
[21-Feb-2025 00:48:06 UTC] PHP Warning:  Undefined property: stdClass::$is_enabled in /home/u6583521/public_html/zlinks.id/themes/altum/views/l/biolink_wrapper.php on line 10
[21-Feb-2025 00:48:12 UTC] PHP Warning:  Undefined property: stdClass::$is_enabled in /home/u6583521/public_html/zlinks.id/themes/altum/views/l/biolink_wrapper.php on line 10
[21-Feb-2025 00:50:24 UTC] PHP Warning:  Undefined property: stdClass::$is_enabled in /home/u6583521/public_html/zlinks.id/themes/altum/views/l/biolink_wrapper.php on line 10
[21-Feb-2025 00:50:30 UTC] PHP Warning:  Undefined property: stdClass::$is_enabled in /home/u6583521/public_html/zlinks.id/themes/altum/views/wrapper.php on line 10
[21-Feb-2025 00:50:40 UTC] PHP Warning:  Undefined property: stdClass::$force_splash_page_on_pdf_document in /home/u6583521/public_html/zlinks.id/app/controllers/l/Link.php on line 113
[21-Feb-2025 00:50:40 UTC] PHP Warning:  Undefined property: stdClass::$splash_page_id in /home/u6583521/public_html/zlinks.id/app/controllers/l/Link.php on line 114
[21-Feb-2025 00:50:40 UTC] PHP Warning:  Undefined property: stdClass::$password in /home/u6583521/public_html/zlinks.id/app/controllers/l/Link.php on line 179
[21-Feb-2025 00:50:40 UTC] PHP Warning:  Undefined property: stdClass::$sensitive_content in /home/u6583521/public_html/zlinks.id/app/controllers/l/Link.php on line 208
[21-Feb-2025 00:50:42 UTC] PHP Warning:  Undefined property: stdClass::$force_splash_page_on_pdf_document in /home/u6583521/public_html/zlinks.id/app/controllers/l/Link.php on line 113
[21-Feb-2025 00:50:42 UTC] PHP Warning:  Undefined property: stdClass::$splash_page_id in /home/u6583521/public_html/zlinks.id/app/controllers/l/Link.php on line 114
[21-Feb-2025 00:50:42 UTC] PHP Warning:  Undefined property: stdClass::$password in /home/u6583521/public_html/zlinks.id/app/controllers/l/Link.php on line 179
[21-Feb-2025 00:50:42 UTC] PHP Warning:  Undefined property: stdClass::$sensitive_content in /home/u6583521/public_html/zlinks.id/app/controllers/l/Link.php on line 208
[21-Feb-2025 00:51:22 UTC] PHP Warning:  Undefined property: stdClass::$is_enabled in /home/u6583521/public_html/zlinks.id/themes/altum/views/l/biolink_wrapper.php on line 10
[21-Feb-2025 00:51:30 UTC] PHP Warning:  Undefined property: stdClass::$splash_page_id in /home/u6583521/public_html/zlinks.id/app/controllers/l/Link.php on line 114
[21-Feb-2025 00:51:30 UTC] PHP Warning:  Undefined property: stdClass::$password in /home/u6583521/public_html/zlinks.id/app/controllers/l/Link.php on line 179
[21-Feb-2025 00:51:30 UTC] PHP Warning:  Undefined property: stdClass::$sensitive_content in /home/u6583521/public_html/zlinks.id/app/controllers/l/Link.php on line 208
[21-Feb-2025 00:51:59 UTC] PHP Warning:  Undefined property: stdClass::$is_enabled in /home/u6583521/public_html/zlinks.id/themes/altum/views/l/biolink_wrapper.php on line 10
[21-Feb-2025 00:55:43 UTC] PHP Warning:  Undefined property: stdClass::$is_enabled in /home/u6583521/public_html/zlinks.id/themes/altum/views/l/biolink_wrapper.php on line 10
[21-Feb-2025 00:55:46 UTC] PHP Warning:  Undefined property: stdClass::$force_splash_page_on_image in /home/u6583521/public_html/zlinks.id/app/controllers/l/Link.php on line 113
[21-Feb-2025 00:55:46 UTC] PHP Warning:  Undefined property: stdClass::$splash_page_id in /home/u6583521/public_html/zlinks.id/app/controllers/l/Link.php on line 114
[21-Feb-2025 00:55:46 UTC] PHP Warning:  Undefined property: stdClass::$password in /home/u6583521/public_html/zlinks.id/app/controllers/l/Link.php on line 179
[21-Feb-2025 00:55:46 UTC] PHP Warning:  Undefined property: stdClass::$sensitive_content in /home/u6583521/public_html/zlinks.id/app/controllers/l/Link.php on line 208
[21-Feb-2025 01:10:00 UTC] PHP Warning:  Undefined property: stdClass::$is_enabled in /home/u6583521/public_html/zlinks.id/themes/altum/views/wrapper.php on line 10
[21-Feb-2025 01:18:56 UTC] PHP Warning:  Undefined property: stdClass::$is_enabled in /home/u6583521/public_html/zlinks.id/themes/altum/views/wrapper.php on line 10
[21-Feb-2025 01:19:02 UTC] PHP Warning:  Undefined property: stdClass::$is_enabled in /home/u6583521/public_html/zlinks.id/themes/altum/views/basic_wrapper.php on line 10
[21-Feb-2025 02:15:17 UTC] PHP Warning:  Undefined property: stdClass::$is_enabled in /home/u6583521/public_html/zlinks.id/themes/altum/views/wrapper.php on line 10
[21-Feb-2025 02:15:19 UTC] PHP Warning:  Undefined property: stdClass::$is_enabled in /home/u6583521/public_html/zlinks.id/themes/altum/views/wrapper.php on line 10
[21-Feb-2025 02:15:27 UTC] PHP Warning:  Undefined property: stdClass::$is_enabled in /home/u6583521/public_html/zlinks.id/themes/altum/views/l/biolink_wrapper.php on line 10
[21-Feb-2025 02:15:33 UTC] PHP Warning:  Undefined property: stdClass::$splash_page_id in /home/u6583521/public_html/zlinks.id/app/controllers/l/Link.php on line 114
[21-Feb-2025 02:15:33 UTC] PHP Warning:  Undefined property: stdClass::$password in /home/u6583521/public_html/zlinks.id/app/controllers/l/Link.php on line 179
[21-Feb-2025 02:15:33 UTC] PHP Warning:  Undefined property: stdClass::$sensitive_content in /home/u6583521/public_html/zlinks.id/app/controllers/l/Link.php on line 208
[21-Feb-2025 02:28:00 UTC] PHP Warning:  Undefined property: stdClass::$is_enabled in /home/u6583521/public_html/zlinks.id/themes/altum/views/l/biolink_wrapper.php on line 10
[21-Feb-2025 02:28:23 UTC] PHP Warning:  Undefined property: stdClass::$splash_page_id in /home/u6583521/public_html/zlinks.id/app/controllers/l/Link.php on line 114
[21-Feb-2025 02:28:23 UTC] PHP Warning:  Undefined property: stdClass::$password in /home/u6583521/public_html/zlinks.id/app/controllers/l/Link.php on line 179
[21-Feb-2025 02:28:23 UTC] PHP Warning:  Undefined property: stdClass::$sensitive_content in /home/u6583521/public_html/zlinks.id/app/controllers/l/Link.php on line 208
[21-Feb-2025 02:58:52 UTC] PHP Warning:  Undefined property: stdClass::$is_enabled in /home/u6583521/public_html/zlinks.id/themes/altum/views/l/biolink_wrapper.php on line 10
[21-Feb-2025 02:59:16 UTC] PHP Warning:  Undefined property: stdClass::$is_enabled in /home/u6583521/public_html/zlinks.id/themes/altum/views/l/biolink_wrapper.php on line 10
[21-Feb-2025 03:07:55 UTC] PHP Warning:  Undefined property: stdClass::$is_enabled in /home/u6583521/public_html/zlinks.id/themes/altum/views/l/biolink_wrapper.php on line 10
[21-Feb-2025 03:08:07 UTC] PHP Warning:  Undefined property: stdClass::$force_splash_page_on_pdf_document in /home/u6583521/public_html/zlinks.id/app/controllers/l/Link.php on line 113
[21-Feb-2025 03:08:07 UTC] PHP Warning:  Undefined property: stdClass::$splash_page_id in /home/u6583521/public_html/zlinks.id/app/controllers/l/Link.php on line 114
[21-Feb-2025 03:08:07 UTC] PHP Warning:  Undefined property: stdClass::$password in /home/u6583521/public_html/zlinks.id/app/controllers/l/Link.php on line 179
[21-Feb-2025 03:08:07 UTC] PHP Warning:  Undefined property: stdClass::$sensitive_content in /home/u6583521/public_html/zlinks.id/app/controllers/l/Link.php on line 208
[21-Feb-2025 03:09:30 UTC] PHP Warning:  Undefined property: stdClass::$is_enabled in /home/u6583521/public_html/zlinks.id/themes/altum/views/wrapper.php on line 10
[21-Feb-2025 03:19:11 UTC] PHP Warning:  Undefined property: stdClass::$is_enabled in /home/u6583521/public_html/zlinks.id/themes/altum/views/l/biolink_wrapper.php on line 10
[21-Feb-2025 03:19:17 UTC] PHP Warning:  Undefined property: stdClass::$is_enabled in /home/u6583521/public_html/zlinks.id/themes/altum/views/wrapper.php on line 10
[21-Feb-2025 03:19:27 UTC] PHP Warning:  Undefined property: stdClass::$splash_page_id in /home/u6583521/public_html/zlinks.id/app/controllers/l/Link.php on line 114
[21-Feb-2025 03:19:27 UTC] PHP Warning:  Undefined property: stdClass::$password in /home/u6583521/public_html/zlinks.id/app/controllers/l/Link.php on line 179
[21-Feb-2025 03:19:27 UTC] PHP Warning:  Undefined property: stdClass::$sensitive_content in /home/u6583521/public_html/zlinks.id/app/controllers/l/Link.php on line 208
[21-Feb-2025 03:24:30 UTC] PHP Warning:  Undefined property: stdClass::$is_enabled in /home/u6583521/public_html/zlinks.id/themes/altum/views/wrapper.php on line 10
[21-Feb-2025 03:28:37 UTC] PHP Warning:  Undefined property: stdClass::$is_enabled in /home/u6583521/public_html/zlinks.id/themes/altum/views/l/biolink_wrapper.php on line 10
[21-Feb-2025 03:28:37 UTC] PHP Warning:  Undefined property: stdClass::$is_enabled in /home/u6583521/public_html/zlinks.id/themes/altum/views/wrapper.php on line 10
[21-Feb-2025 03:28:37 UTC] PHP Warning:  Undefined property: stdClass::$is_enabled in /home/u6583521/public_html/zlinks.id/themes/altum/views/wrapper.php on line 10
[21-Feb-2025 03:38:12 UTC] PHP Warning:  Undefined property: stdClass::$is_enabled in /home/u6583521/public_html/zlinks.id/themes/altum/views/l/biolink_wrapper.php on line 10
[21-Feb-2025 03:41:28 UTC] PHP Warning:  Undefined property: stdClass::$is_enabled in /home/u6583521/public_html/zlinks.id/themes/altum/views/l/biolink_wrapper.php on line 10
[21-Feb-2025 03:41:36 UTC] PHP Warning:  Undefined property: stdClass::$force_splash_page_on_pdf_document in /home/u6583521/public_html/zlinks.id/app/controllers/l/Link.php on line 113
[21-Feb-2025 03:41:36 UTC] PHP Warning:  Undefined property: stdClass::$splash_page_id in /home/u6583521/public_html/zlinks.id/app/controllers/l/Link.php on line 114
[21-Feb-2025 03:41:36 UTC] PHP Warning:  Undefined property: stdClass::$password in /home/u6583521/public_html/zlinks.id/app/controllers/l/Link.php on line 179
[21-Feb-2025 03:41:36 UTC] PHP Warning:  Undefined property: stdClass::$sensitive_content in /home/u6583521/public_html/zlinks.id/app/controllers/l/Link.php on line 208
[21-Feb-2025 03:57:50 UTC] PHP Warning:  Undefined property: stdClass::$is_enabled in /home/u6583521/public_html/zlinks.id/themes/altum/views/wrapper.php on line 10
[21-Feb-2025 04:04:17 UTC] PHP Warning:  Undefined property: stdClass::$is_enabled in /home/u6583521/public_html/zlinks.id/themes/altum/views/wrapper.php on line 10
[21-Feb-2025 04:07:22 UTC] PHP Warning:  Undefined property: stdClass::$is_enabled in /home/u6583521/public_html/zlinks.id/themes/altum/views/wrapper.php on line 10
[21-Feb-2025 04:09:26 UTC] PHP Warning:  Undefined property: stdClass::$is_enabled in /home/u6583521/public_html/zlinks.id/themes/altum/views/l/biolink_wrapper.php on line 10
[21-Feb-2025 04:11:11 UTC] PHP Warning:  Undefined property: stdClass::$splash_page_id in /home/u6583521/public_html/zlinks.id/app/controllers/l/Link.php on line 114
[21-Feb-2025 04:11:11 UTC] PHP Warning:  Undefined property: stdClass::$password in /home/u6583521/public_html/zlinks.id/app/controllers/l/Link.php on line 179
[21-Feb-2025 04:11:11 UTC] PHP Warning:  Undefined property: stdClass::$sensitive_content in /home/u6583521/public_html/zlinks.id/app/controllers/l/Link.php on line 208
[21-Feb-2025 04:11:40 UTC] PHP Warning:  Undefined property: stdClass::$is_enabled in /home/u6583521/public_html/zlinks.id/themes/altum/views/wrapper.php on line 10
[21-Feb-2025 04:16:32 UTC] PHP Warning:  Undefined property: stdClass::$is_enabled in /home/u6583521/public_html/zlinks.id/themes/altum/views/wrapper.php on line 10
[21-Feb-2025 04:16:58 UTC] PHP Warning:  Undefined property: stdClass::$is_enabled in /home/u6583521/public_html/zlinks.id/themes/altum/views/l/biolink_wrapper.php on line 10
[21-Feb-2025 04:29:00 UTC] PHP Warning:  Undefined property: stdClass::$is_enabled in /home/u6583521/public_html/zlinks.id/themes/altum/views/wrapper.php on line 10
[21-Feb-2025 05:13:54 UTC] PHP Warning:  Undefined property: stdClass::$is_enabled in /home/u6583521/public_html/zlinks.id/themes/altum/views/basic_wrapper.php on line 10
[21-Feb-2025 05:27:44 UTC] PHP Warning:  Undefined property: stdClass::$is_enabled in /home/u6583521/public_html/zlinks.id/themes/altum/views/wrapper.php on line 10
[21-Feb-2025 05:31:49 UTC] PHP Warning:  Undefined property: stdClass::$is_enabled in /home/u6583521/public_html/zlinks.id/themes/altum/views/basic_wrapper.php on line 10
[21-Feb-2025 05:35:59 UTC] PHP Warning:  Undefined property: stdClass::$is_enabled in /home/u6583521/public_html/zlinks.id/themes/altum/views/wrapper.php on line 10
[21-Feb-2025 05:45:31 UTC] PHP Warning:  Undefined property: stdClass::$is_enabled in /home/u6583521/public_html/zlinks.id/themes/altum/views/wrapper.php on line 10
[21-Feb-2025 05:49:10 UTC] PHP Warning:  Undefined property: stdClass::$is_enabled in /home/u6583521/public_html/zlinks.id/themes/altum/views/wrapper.php on line 10
[21-Feb-2025 05:55:58 UTC] PHP Warning:  Undefined property: stdClass::$is_enabled in /home/u6583521/public_html/zlinks.id/themes/altum/views/wrapper.php on line 10
[21-Feb-2025 05:59:01 UTC] PHP Warning:  Undefined property: stdClass::$is_enabled in /home/u6583521/public_html/zlinks.id/themes/altum/views/wrapper.php on line 10
[21-Feb-2025 06:10:18 UTC] PHP Warning:  Undefined property: stdClass::$is_enabled in /home/u6583521/public_html/zlinks.id/themes/altum/views/l/biolink_wrapper.php on line 10
[21-Feb-2025 06:10:23 UTC] PHP Warning:  Undefined property: stdClass::$splash_page_id in /home/u6583521/public_html/zlinks.id/app/controllers/l/Link.php on line 114
[21-Feb-2025 06:10:23 UTC] PHP Warning:  Undefined property: stdClass::$password in /home/u6583521/public_html/zlinks.id/app/controllers/l/Link.php on line 179
[21-Feb-2025 06:10:23 UTC] PHP Warning:  Undefined property: stdClass::$sensitive_content in /home/u6583521/public_html/zlinks.id/app/controllers/l/Link.php on line 208
[21-Feb-2025 06:15:16 UTC] PHP Warning:  Undefined property: stdClass::$is_enabled in /home/u6583521/public_html/zlinks.id/themes/altum/views/l/biolink_wrapper.php on line 10
[21-Feb-2025 06:15:18 UTC] PHP Warning:  Undefined property: stdClass::$splash_page_id in /home/u6583521/public_html/zlinks.id/app/controllers/l/Link.php on line 114
[21-Feb-2025 06:15:18 UTC] PHP Warning:  Undefined property: stdClass::$password in /home/u6583521/public_html/zlinks.id/app/controllers/l/Link.php on line 179
[21-Feb-2025 06:15:18 UTC] PHP Warning:  Undefined property: stdClass::$sensitive_content in /home/u6583521/public_html/zlinks.id/app/controllers/l/Link.php on line 208
[21-Feb-2025 06:34:14 UTC] PHP Warning:  Undefined property: stdClass::$is_enabled in /home/u6583521/public_html/zlinks.id/themes/altum/views/wrapper.php on line 10
[21-Feb-2025 06:49:47 UTC] PHP Warning:  Undefined property: stdClass::$is_enabled in /home/u6583521/public_html/zlinks.id/themes/altum/views/l/biolink_wrapper.php on line 10
[21-Feb-2025 06:50:08 UTC] PHP Warning:  Undefined property: stdClass::$is_enabled in /home/u6583521/public_html/zlinks.id/themes/altum/views/l/biolink_wrapper.php on line 10
[21-Feb-2025 06:50:08 UTC] PHP Warning:  Undefined property: stdClass::$is_enabled in /home/u6583521/public_html/zlinks.id/themes/altum/views/l/biolink_wrapper.php on line 10
[21-Feb-2025 06:50:08 UTC] PHP Warning:  Undefined property: stdClass::$is_enabled in /home/u6583521/public_html/zlinks.id/themes/altum/views/l/biolink_wrapper.php on line 10
[21-Feb-2025 07:15:46 UTC] PHP Warning:  Undefined property: stdClass::$is_enabled in /home/u6583521/public_html/zlinks.id/themes/altum/views/wrapper.php on line 10
[21-Feb-2025 07:15:46 UTC] PHP Warning:  Undefined property: stdClass::$is_enabled in /home/u6583521/public_html/zlinks.id/themes/altum/views/wrapper.php on line 10
[21-Feb-2025 07:15:46 UTC] PHP Warning:  Undefined property: stdClass::$is_enabled in /home/u6583521/public_html/zlinks.id/themes/altum/views/l/biolink_wrapper.php on line 10
[21-Feb-2025 07:15:48 UTC] PHP Warning:  Undefined property: stdClass::$is_enabled in /home/u6583521/public_html/zlinks.id/themes/altum/views/wrapper.php on line 10
[21-Feb-2025 07:20:11 UTC] PHP Warning:  Undefined property: stdClass::$is_enabled in /home/u6583521/public_html/zlinks.id/themes/altum/views/l/biolink_wrapper.php on line 10
[21-Feb-2025 07:20:48 UTC] PHP Warning:  Undefined property: stdClass::$force_splash_page_on_image in /home/u6583521/public_html/zlinks.id/app/controllers/l/Link.php on line 113
[21-Feb-2025 07:20:48 UTC] PHP Warning:  Undefined property: stdClass::$splash_page_id in /home/u6583521/public_html/zlinks.id/app/controllers/l/Link.php on line 114
[21-Feb-2025 07:20:48 UTC] PHP Warning:  Undefined property: stdClass::$password in /home/u6583521/public_html/zlinks.id/app/controllers/l/Link.php on line 179
[21-Feb-2025 07:20:48 UTC] PHP Warning:  Undefined property: stdClass::$sensitive_content in /home/u6583521/public_html/zlinks.id/app/controllers/l/Link.php on line 208
[21-Feb-2025 07:58:44 UTC] PHP Warning:  Undefined property: stdClass::$is_enabled in /home/u6583521/public_html/zlinks.id/themes/altum/views/wrapper.php on line 10
[21-Feb-2025 08:18:51 UTC] PHP Warning:  Undefined property: stdClass::$is_enabled in /home/u6583521/public_html/zlinks.id/themes/altum/views/l/biolink_wrapper.php on line 10
[21-Feb-2025 09:37:52 UTC] PHP Warning:  Undefined property: stdClass::$is_enabled in /home/u6583521/public_html/zlinks.id/themes/altum/views/l/biolink_wrapper.php on line 10
[21-Feb-2025 09:56:25 UTC] PHP Warning:  Undefined property: stdClass::$is_enabled in /home/u6583521/public_html/zlinks.id/themes/altum/views/l/biolink_wrapper.php on line 10
[21-Feb-2025 09:56:33 UTC] PHP Warning:  Undefined property: stdClass::$is_enabled in /home/u6583521/public_html/zlinks.id/themes/altum/views/l/biolink_wrapper.php on line 10
[21-Feb-2025 09:56:33 UTC] PHP Warning:  Undefined property: stdClass::$is_enabled in /home/u6583521/public_html/zlinks.id/themes/altum/views/l/biolink_wrapper.php on line 10
[21-Feb-2025 09:56:35 UTC] PHP Warning:  Undefined property: stdClass::$is_enabled in /home/u6583521/public_html/zlinks.id/themes/altum/views/l/biolink_wrapper.php on line 10
[21-Feb-2025 10:33:24 UTC] PHP Warning:  Undefined property: stdClass::$is_enabled in /home/u6583521/public_html/zlinks.id/themes/altum/views/l/biolink_wrapper.php on line 10
[21-Feb-2025 10:48:15 UTC] PHP Warning:  Undefined property: stdClass::$is_enabled in /home/u6583521/public_html/zlinks.id/themes/altum/views/wrapper.php on line 10
[21-Feb-2025 11:07:18 UTC] PHP Warning:  Undefined property: stdClass::$is_enabled in /home/u6583521/public_html/zlinks.id/themes/altum/views/wrapper.php on line 10
[21-Feb-2025 11:07:22 UTC] PHP Warning:  Undefined property: stdClass::$is_enabled in /home/u6583521/public_html/zlinks.id/themes/altum/views/wrapper.php on line 10
[21-Feb-2025 11:07:50 UTC] PHP Warning:  Undefined property: stdClass::$is_enabled in /home/u6583521/public_html/zlinks.id/themes/altum/views/wrapper.php on line 10
[21-Feb-2025 11:09:33 UTC] PHP Warning:  Undefined property: stdClass::$is_enabled in /home/u6583521/public_html/zlinks.id/themes/altum/views/wrapper.php on line 10
[21-Feb-2025 11:12:31 UTC] PHP Warning:  Undefined property: stdClass::$is_enabled in /home/u6583521/public_html/zlinks.id/themes/altum/views/wrapper.php on line 10
[21-Feb-2025 11:52:52 UTC] PHP Warning:  Undefined property: stdClass::$is_enabled in /home/u6583521/public_html/zlinks.id/themes/altum/views/wrapper.php on line 10
[21-Feb-2025 11:52:53 UTC] PHP Warning:  Undefined property: stdClass::$is_enabled in /home/u6583521/public_html/zlinks.id/themes/altum/views/wrapper.php on line 10
[21-Feb-2025 12:09:31 UTC] PHP Warning:  Undefined property: stdClass::$is_enabled in /home/u6583521/public_html/zlinks.id/themes/altum/views/l/biolink_wrapper.php on line 10
[21-Feb-2025 12:48:16 UTC] PHP Warning:  Undefined property: stdClass::$is_enabled in /home/u6583521/public_html/zlinks.id/themes/altum/views/wrapper.php on line 10
[21-Feb-2025 12:49:05 UTC] PHP Warning:  Undefined property: stdClass::$is_enabled in /home/u6583521/public_html/zlinks.id/themes/altum/views/wrapper.php on line 10
[21-Feb-2025 12:58:52 UTC] PHP Warning:  Undefined property: stdClass::$is_enabled in /home/u6583521/public_html/zlinks.id/themes/altum/views/wrapper.php on line 10
[21-Feb-2025 12:58:56 UTC] PHP Warning:  Undefined property: stdClass::$is_enabled in /home/u6583521/public_html/zlinks.id/themes/altum/views/wrapper.php on line 10
[21-Feb-2025 13:00:33 UTC] PHP Warning:  Undefined property: stdClass::$is_enabled in /home/u6583521/public_html/zlinks.id/themes/altum/views/wrapper.php on line 10
[21-Feb-2025 13:00:40 UTC] PHP Warning:  Undefined property: stdClass::$is_enabled in /home/u6583521/public_html/zlinks.id/themes/altum/views/wrapper.php on line 10
[21-Feb-2025 13:02:43 UTC] PHP Warning:  Undefined property: stdClass::$is_enabled in /home/u6583521/public_html/zlinks.id/themes/altum/views/wrapper.php on line 10
[21-Feb-2025 13:03:02 UTC] PHP Warning:  Undefined property: stdClass::$is_enabled in /home/u6583521/public_html/zlinks.id/themes/altum/views/wrapper.php on line 10
[21-Feb-2025 13:19:12 UTC] PHP Warning:  Undefined property: stdClass::$is_enabled in /home/u6583521/public_html/zlinks.id/themes/altum/views/l/biolink_wrapper.php on line 10
[21-Feb-2025 13:19:20 UTC] PHP Warning:  Undefined property: stdClass::$is_enabled in /home/u6583521/public_html/zlinks.id/themes/altum/views/wrapper.php on line 10
[21-Feb-2025 13:19:34 UTC] PHP Warning:  Undefined property: stdClass::$splash_page_id in /home/u6583521/public_html/zlinks.id/app/controllers/l/Link.php on line 114
[21-Feb-2025 13:19:34 UTC] PHP Warning:  Undefined property: stdClass::$password in /home/u6583521/public_html/zlinks.id/app/controllers/l/Link.php on line 179
[21-Feb-2025 13:19:34 UTC] PHP Warning:  Undefined property: stdClass::$sensitive_content in /home/u6583521/public_html/zlinks.id/app/controllers/l/Link.php on line 208
[21-Feb-2025 13:20:01 UTC] PHP Warning:  Undefined property: stdClass::$splash_page_id in /home/u6583521/public_html/zlinks.id/app/controllers/l/Link.php on line 114
[21-Feb-2025 13:20:01 UTC] PHP Warning:  Undefined property: stdClass::$password in /home/u6583521/public_html/zlinks.id/app/controllers/l/Link.php on line 179
[21-Feb-2025 13:20:01 UTC] PHP Warning:  Undefined property: stdClass::$sensitive_content in /home/u6583521/public_html/zlinks.id/app/controllers/l/Link.php on line 208
[21-Feb-2025 13:20:01 UTC] PHP Warning:  Undefined property: stdClass::$is_enabled in /home/u6583521/public_html/zlinks.id/themes/altum/views/l/biolink_wrapper.php on line 10
[21-Feb-2025 13:20:08 UTC] PHP Warning:  Undefined property: stdClass::$splash_page_id in /home/u6583521/public_html/zlinks.id/app/controllers/l/Link.php on line 114
[21-Feb-2025 13:20:08 UTC] PHP Warning:  Undefined property: stdClass::$password in /home/u6583521/public_html/zlinks.id/app/controllers/l/Link.php on line 179
[21-Feb-2025 13:20:08 UTC] PHP Warning:  Undefined property: stdClass::$sensitive_content in /home/u6583521/public_html/zlinks.id/app/controllers/l/Link.php on line 208
[21-Feb-2025 13:20:24 UTC] PHP Warning:  Undefined property: stdClass::$splash_page_id in /home/u6583521/public_html/zlinks.id/app/controllers/l/Link.php on line 114
[21-Feb-2025 13:20:24 UTC] PHP Warning:  Undefined property: stdClass::$password in /home/u6583521/public_html/zlinks.id/app/controllers/l/Link.php on line 179
[21-Feb-2025 13:20:24 UTC] PHP Warning:  Undefined property: stdClass::$sensitive_content in /home/u6583521/public_html/zlinks.id/app/controllers/l/Link.php on line 208
[21-Feb-2025 13:20:24 UTC] PHP Warning:  Undefined property: stdClass::$is_enabled in /home/u6583521/public_html/zlinks.id/themes/altum/views/l/biolink_wrapper.php on line 10
[21-Feb-2025 13:31:14 UTC] PHP Warning:  Undefined property: stdClass::$is_enabled in /home/u6583521/public_html/zlinks.id/themes/altum/views/wrapper.php on line 10
[21-Feb-2025 14:05:56 UTC] PHP Warning:  Undefined property: stdClass::$is_enabled in /home/u6583521/public_html/zlinks.id/themes/altum/views/l/biolink_wrapper.php on line 10
[21-Feb-2025 14:06:04 UTC] PHP Warning:  Undefined property: stdClass::$is_enabled in /home/u6583521/public_html/zlinks.id/themes/altum/views/l/biolink_wrapper.php on line 10
[21-Feb-2025 14:10:32 UTC] PHP Warning:  Undefined property: stdClass::$is_enabled in /home/u6583521/public_html/zlinks.id/themes/altum/views/wrapper.php on line 10
[21-Feb-2025 14:11:41 UTC] PHP Warning:  Undefined property: stdClass::$is_enabled in /home/u6583521/public_html/zlinks.id/themes/altum/views/l/biolink_wrapper.php on line 10
[21-Feb-2025 14:13:48 UTC] PHP Warning:  Undefined property: stdClass::$is_enabled in /home/u6583521/public_html/zlinks.id/themes/altum/views/l/biolink_wrapper.php on line 10
[21-Feb-2025 14:13:49 UTC] PHP Warning:  Undefined property: stdClass::$is_enabled in /home/u6583521/public_html/zlinks.id/themes/altum/views/wrapper.php on line 10
[21-Feb-2025 14:13:54 UTC] PHP Warning:  Undefined property: stdClass::$is_enabled in /home/u6583521/public_html/zlinks.id/themes/altum/views/wrapper.php on line 10
[21-Feb-2025 14:13:59 UTC] PHP Warning:  Undefined property: stdClass::$force_splash_page_on_pdf_document in /home/u6583521/public_html/zlinks.id/app/controllers/l/Link.php on line 113
[21-Feb-2025 14:13:59 UTC] PHP Warning:  Undefined property: stdClass::$splash_page_id in /home/u6583521/public_html/zlinks.id/app/controllers/l/Link.php on line 114
[21-Feb-2025 14:13:59 UTC] PHP Warning:  Undefined property: stdClass::$password in /home/u6583521/public_html/zlinks.id/app/controllers/l/Link.php on line 179
[21-Feb-2025 14:13:59 UTC] PHP Warning:  Undefined property: stdClass::$sensitive_content in /home/u6583521/public_html/zlinks.id/app/controllers/l/Link.php on line 208
[21-Feb-2025 14:14:02 UTC] PHP Warning:  Undefined property: stdClass::$force_splash_page_on_pdf_document in /home/u6583521/public_html/zlinks.id/app/controllers/l/Link.php on line 113
[21-Feb-2025 14:14:02 UTC] PHP Warning:  Undefined property: stdClass::$splash_page_id in /home/u6583521/public_html/zlinks.id/app/controllers/l/Link.php on line 114
[21-Feb-2025 14:14:02 UTC] PHP Warning:  Undefined property: stdClass::$password in /home/u6583521/public_html/zlinks.id/app/controllers/l/Link.php on line 179
[21-Feb-2025 14:14:02 UTC] PHP Warning:  Undefined property: stdClass::$sensitive_content in /home/u6583521/public_html/zlinks.id/app/controllers/l/Link.php on line 208
[21-Feb-2025 14:19:15 UTC] PHP Warning:  Undefined property: stdClass::$is_enabled in /home/u6583521/public_html/zlinks.id/themes/altum/views/l/biolink_wrapper.php on line 10
[21-Feb-2025 14:43:47 UTC] PHP Warning:  Undefined property: stdClass::$is_enabled in /home/u6583521/public_html/zlinks.id/themes/altum/views/l/biolink_wrapper.php on line 10
[21-Feb-2025 14:43:54 UTC] PHP Warning:  Undefined property: stdClass::$splash_page_id in /home/u6583521/public_html/zlinks.id/app/controllers/l/Link.php on line 114
[21-Feb-2025 14:43:54 UTC] PHP Warning:  Undefined property: stdClass::$password in /home/u6583521/public_html/zlinks.id/app/controllers/l/Link.php on line 179
[21-Feb-2025 14:43:54 UTC] PHP Warning:  Undefined property: stdClass::$sensitive_content in /home/u6583521/public_html/zlinks.id/app/controllers/l/Link.php on line 208
[21-Feb-2025 14:54:20 UTC] PHP Warning:  Undefined property: stdClass::$is_enabled in /home/u6583521/public_html/zlinks.id/themes/altum/views/l/biolink_wrapper.php on line 10
[21-Feb-2025 15:02:20 UTC] PHP Warning:  Undefined property: stdClass::$is_enabled in /home/u6583521/public_html/zlinks.id/themes/altum/views/wrapper.php on line 10
[21-Feb-2025 15:02:54 UTC] PHP Warning:  Undefined property: stdClass::$is_enabled in /home/u6583521/public_html/zlinks.id/themes/altum/views/wrapper.php on line 10
[21-Feb-2025 15:04:46 UTC] PHP Warning:  Undefined property: stdClass::$is_enabled in /home/u6583521/public_html/zlinks.id/themes/altum/views/wrapper.php on line 10
[21-Feb-2025 15:04:57 UTC] PHP Warning:  Undefined property: stdClass::$is_enabled in /home/u6583521/public_html/zlinks.id/themes/altum/views/wrapper.php on line 10
[21-Feb-2025 16:07:20 UTC] PHP Warning:  Undefined property: stdClass::$is_enabled in /home/u6583521/public_html/zlinks.id/themes/altum/views/l/biolink_wrapper.php on line 10
[21-Feb-2025 16:07:33 UTC] PHP Warning:  Undefined property: stdClass::$is_enabled in /home/u6583521/public_html/zlinks.id/themes/altum/views/l/biolink_wrapper.php on line 10
[21-Feb-2025 16:07:44 UTC] PHP Warning:  Undefined property: stdClass::$is_enabled in /home/u6583521/public_html/zlinks.id/themes/altum/views/l/biolink_wrapper.php on line 10
[21-Feb-2025 16:28:49 UTC] PHP Warning:  Undefined property: stdClass::$is_enabled in /home/u6583521/public_html/zlinks.id/themes/altum/views/l/biolink_wrapper.php on line 10
[21-Feb-2025 16:30:57 UTC] PHP Warning:  Undefined property: stdClass::$is_enabled in /home/u6583521/public_html/zlinks.id/themes/altum/views/wrapper.php on line 10
[21-Feb-2025 16:42:23 UTC] PHP Warning:  Undefined property: stdClass::$is_enabled in /home/u6583521/public_html/zlinks.id/themes/altum/views/wrapper.php on line 10
[21-Feb-2025 16:51:41 UTC] PHP Warning:  Undefined property: stdClass::$is_enabled in /home/u6583521/public_html/zlinks.id/themes/altum/views/wrapper.php on line 10
[21-Feb-2025 16:51:43 UTC] PHP Warning:  Undefined property: stdClass::$is_enabled in /home/u6583521/public_html/zlinks.id/themes/altum/views/wrapper.php on line 10
[21-Feb-2025 16:52:08 UTC] PHP Warning:  Undefined property: stdClass::$is_enabled in /home/u6583521/public_html/zlinks.id/themes/altum/views/wrapper.php on line 10
[21-Feb-2025 17:13:27 UTC] PHP Warning:  Undefined property: stdClass::$is_enabled in /home/u6583521/public_html/zlinks.id/themes/altum/views/wrapper.php on line 10
[21-Feb-2025 17:14:01 UTC] PHP Warning:  Undefined property: stdClass::$is_enabled in /home/u6583521/public_html/zlinks.id/themes/altum/views/wrapper.php on line 10
[21-Feb-2025 17:14:02 UTC] PHP Warning:  Undefined property: stdClass::$is_enabled in /home/u6583521/public_html/zlinks.id/themes/altum/views/wrapper.php on line 10
[21-Feb-2025 17:17:10 UTC] PHP Warning:  Undefined property: stdClass::$is_enabled in /home/u6583521/public_html/zlinks.id/themes/altum/views/wrapper.php on line 10
[21-Feb-2025 18:52:56 UTC] PHP Warning:  Undefined property: stdClass::$is_enabled in /home/u6583521/public_html/zlinks.id/themes/altum/views/wrapper.php on line 10
[21-Feb-2025 19:01:44 UTC] PHP Warning:  Undefined property: stdClass::$is_enabled in /home/u6583521/public_html/zlinks.id/themes/altum/views/wrapper.php on line 10
[21-Feb-2025 19:35:57 UTC] PHP Warning:  Undefined property: stdClass::$is_enabled in /home/u6583521/public_html/zlinks.id/themes/altum/views/wrapper.php on line 10
[21-Feb-2025 20:13:58 UTC] PHP Warning:  Undefined property: stdClass::$is_enabled in /home/u6583521/public_html/zlinks.id/themes/altum/views/l/biolink_wrapper.php on line 10
[21-Feb-2025 21:18:19 UTC] PHP Warning:  Undefined property: stdClass::$is_enabled in /home/u6583521/public_html/zlinks.id/themes/altum/views/wrapper.php on line 10
[21-Feb-2025 21:20:49 UTC] PHP Warning:  Undefined property: stdClass::$is_enabled in /home/u6583521/public_html/zlinks.id/themes/altum/views/wrapper.php on line 10
[21-Feb-2025 21:20:56 UTC] PHP Warning:  Undefined property: stdClass::$is_enabled in /home/u6583521/public_html/zlinks.id/themes/altum/views/basic_wrapper.php on line 10
[21-Feb-2025 21:20:58 UTC] PHP Warning:  Undefined array key "is_newsletter_subscribed" in /home/u6583521/public_html/zlinks.id/app/controllers/Register.php on line 50
[21-Feb-2025 21:20:58 UTC] PHP Warning:  Undefined property: stdClass::$is_enabled in /home/u6583521/public_html/zlinks.id/themes/altum/views/basic_wrapper.php on line 10
[21-Feb-2025 21:53:50 UTC] PHP Warning:  Undefined property: stdClass::$is_enabled in /home/u6583521/public_html/zlinks.id/themes/altum/views/wrapper.php on line 10
[21-Feb-2025 22:26:57 UTC] PHP Warning:  Undefined property: stdClass::$is_enabled in /home/u6583521/public_html/zlinks.id/themes/altum/views/wrapper.php on line 10
[21-Feb-2025 22:44:22 UTC] PHP Warning:  Undefined property: stdClass::$is_enabled in /home/u6583521/public_html/zlinks.id/themes/altum/views/l/biolink_wrapper.php on line 10
