[10-Apr-2025 00:08:38 UTC] PHP Warning:  Attempt to read property "type" on null in /home/u6583521/public_html/zlinks.id/themes/altum/views/partials/footer.php on line 100
[10-Apr-2025 00:08:40 UTC] PHP Warning:  Attempt to read property "type" on null in /home/u6583521/public_html/zlinks.id/themes/altum/views/partials/footer.php on line 100
[10-Apr-2025 00:14:53 UTC] PHP Warning:  Attempt to read property "type" on null in /home/u6583521/public_html/zlinks.id/themes/altum/views/partials/footer.php on line 100
[10-Apr-2025 00:15:25 UTC] PHP Warning:  Undefined property: stdClass::$last_submissions_is_enabled in /home/u6583521/public_html/zlinks.id/themes/altum/views/tools/tool_widget_frankfurt.php on line 26
[10-Apr-2025 00:15:25 UTC] PHP Warning:  Attempt to read property "type" on null in /home/u6583521/public_html/zlinks.id/themes/altum/views/partials/footer.php on line 100
[10-Apr-2025 00:16:30 UTC] PHP Warning:  Attempt to read property "type" on null in /home/u6583521/public_html/zlinks.id/themes/altum/views/partials/footer.php on line 100
[10-Apr-2025 00:25:56 UTC] PHP Warning:  Undefined property: stdClass::$last_submissions_is_enabled in /home/u6583521/public_html/zlinks.id/themes/altum/views/tools/tool_widget_frankfurt.php on line 26
[10-Apr-2025 00:25:56 UTC] PHP Warning:  Attempt to read property "type" on null in /home/u6583521/public_html/zlinks.id/themes/altum/views/partials/footer.php on line 100
[10-Apr-2025 00:30:56 UTC] PHP Warning:  Undefined property: stdClass::$background_color in /home/u6583521/public_html/zlinks.id/themes/altum/views/l/biolink_blocks/socials.php on line 29
[10-Apr-2025 00:30:56 UTC] PHP Warning:  Undefined property: stdClass::$pwa_is_enabled in /home/u6583521/public_html/zlinks.id/themes/altum/views/l/biolink_wrapper.php on line 11
[10-Apr-2025 00:35:39 UTC] PHP Warning:  Undefined property: stdClass::$last_submissions_is_enabled in /home/u6583521/public_html/zlinks.id/themes/altum/views/tools/tool_widget_frankfurt.php on line 26
[10-Apr-2025 00:35:39 UTC] PHP Warning:  Attempt to read property "type" on null in /home/u6583521/public_html/zlinks.id/themes/altum/views/partials/footer.php on line 100
[10-Apr-2025 00:36:12 UTC] PHP Warning:  Undefined property: stdClass::$last_submissions_is_enabled in /home/u6583521/public_html/zlinks.id/themes/altum/views/tools/tool_widget_frankfurt.php on line 26
[10-Apr-2025 00:36:12 UTC] PHP Warning:  Attempt to read property "type" on null in /home/u6583521/public_html/zlinks.id/themes/altum/views/partials/footer.php on line 100
[10-Apr-2025 00:45:33 UTC] PHP Warning:  Attempt to read property "type" on null in /home/u6583521/public_html/zlinks.id/themes/altum/views/partials/footer.php on line 100
[10-Apr-2025 00:46:37 UTC] PHP Warning:  Undefined property: stdClass::$last_submissions_is_enabled in /home/u6583521/public_html/zlinks.id/themes/altum/views/tools/tool_widget_frankfurt.php on line 26
[10-Apr-2025 00:46:37 UTC] PHP Warning:  Attempt to read property "type" on null in /home/u6583521/public_html/zlinks.id/themes/altum/views/partials/footer.php on line 100
[10-Apr-2025 00:47:16 UTC] PHP Warning:  Attempt to read property "type" on null in /home/u6583521/public_html/zlinks.id/themes/altum/views/partials/footer.php on line 100
[10-Apr-2025 00:52:03 UTC] PHP Warning:  Attempt to read property "type" on null in /home/u6583521/public_html/zlinks.id/themes/altum/views/partials/footer.php on line 100
[10-Apr-2025 00:56:35 UTC] PHP Warning:  Undefined property: stdClass::$last_submissions_is_enabled in /home/u6583521/public_html/zlinks.id/themes/altum/views/tools/tool_widget_frankfurt.php on line 26
[10-Apr-2025 00:56:35 UTC] PHP Warning:  Attempt to read property "type" on null in /home/u6583521/public_html/zlinks.id/themes/altum/views/partials/footer.php on line 100
[10-Apr-2025 01:01:27 UTC] PHP Warning:  Attempt to read property "type" on null in /home/u6583521/public_html/zlinks.id/themes/altum/views/partials/footer.php on line 100
[10-Apr-2025 01:01:34 UTC] PHP Warning:  Attempt to read property "type" on null in /home/u6583521/public_html/zlinks.id/themes/altum/views/partials/footer.php on line 100
[10-Apr-2025 01:01:37 UTC] PHP Warning:  Attempt to read property "type" on null in /home/u6583521/public_html/zlinks.id/themes/altum/views/partials/footer.php on line 100
[10-Apr-2025 01:01:39 UTC] PHP Warning:  Attempt to read property "type" on null in /home/u6583521/public_html/zlinks.id/themes/altum/views/partials/footer.php on line 100
[10-Apr-2025 01:07:17 UTC] PHP Warning:  Undefined property: stdClass::$last_submissions_is_enabled in /home/u6583521/public_html/zlinks.id/themes/altum/views/tools/tool_widget_frankfurt.php on line 26
[10-Apr-2025 01:07:17 UTC] PHP Warning:  Attempt to read property "type" on null in /home/u6583521/public_html/zlinks.id/themes/altum/views/partials/footer.php on line 100
[10-Apr-2025 01:09:10 UTC] PHP Warning:  Attempt to read property "type" on null in /home/u6583521/public_html/zlinks.id/themes/altum/views/partials/footer.php on line 100
[10-Apr-2025 01:17:22 UTC] PHP Warning:  Undefined property: stdClass::$last_submissions_is_enabled in /home/u6583521/public_html/zlinks.id/themes/altum/views/tools/tool_widget_frankfurt.php on line 26
[10-Apr-2025 01:17:22 UTC] PHP Warning:  Attempt to read property "type" on null in /home/u6583521/public_html/zlinks.id/themes/altum/views/partials/footer.php on line 100
[10-Apr-2025 01:19:49 UTC] PHP Warning:  Attempt to read property "type" on null in /home/u6583521/public_html/zlinks.id/themes/altum/views/partials/footer.php on line 100
[10-Apr-2025 01:27:59 UTC] PHP Warning:  Attempt to read property "type" on null in /home/u6583521/public_html/zlinks.id/themes/altum/views/partials/footer.php on line 100
[10-Apr-2025 01:28:02 UTC] PHP Warning:  Attempt to read property "type" on null in /home/u6583521/public_html/zlinks.id/themes/altum/views/partials/footer.php on line 100
[10-Apr-2025 01:32:19 UTC] PHP Warning:  Undefined property: stdClass::$last_submissions_is_enabled in /home/u6583521/public_html/zlinks.id/themes/altum/views/tools/tool_widget_frankfurt.php on line 26
[10-Apr-2025 01:32:19 UTC] PHP Warning:  Attempt to read property "type" on null in /home/u6583521/public_html/zlinks.id/themes/altum/views/partials/footer.php on line 100
[10-Apr-2025 01:40:59 UTC] PHP Warning:  Undefined property: stdClass::$last_submissions_is_enabled in /home/u6583521/public_html/zlinks.id/themes/altum/views/tools/tool_widget_frankfurt.php on line 26
[10-Apr-2025 01:40:59 UTC] PHP Warning:  Attempt to read property "type" on null in /home/u6583521/public_html/zlinks.id/themes/altum/views/partials/footer.php on line 100
[10-Apr-2025 01:43:17 UTC] PHP Warning:  Attempt to read property "type" on null in /home/u6583521/public_html/zlinks.id/themes/altum/views/partials/footer.php on line 100
[10-Apr-2025 01:47:36 UTC] PHP Warning:  Attempt to read property "type" on null in /home/u6583521/public_html/zlinks.id/themes/altum/views/partials/footer.php on line 100
[10-Apr-2025 01:47:42 UTC] PHP Warning:  Undefined property: stdClass::$pwa_is_enabled in /home/u6583521/public_html/zlinks.id/themes/altum/views/l/biolink_wrapper.php on line 11
[10-Apr-2025 01:48:26 UTC] PHP Warning:  Attempt to read property "type" on null in /home/u6583521/public_html/zlinks.id/themes/altum/views/partials/footer.php on line 100
[10-Apr-2025 01:48:30 UTC] PHP Warning:  Undefined property: stdClass::$last_submissions_is_enabled in /home/u6583521/public_html/zlinks.id/themes/altum/views/tools/tool_widget_frankfurt.php on line 26
[10-Apr-2025 01:48:30 UTC] PHP Warning:  Attempt to read property "type" on null in /home/u6583521/public_html/zlinks.id/themes/altum/views/partials/footer.php on line 100
[10-Apr-2025 01:48:32 UTC] PHP Warning:  Undefined property: stdClass::$force_splash_page_on_image in /home/u6583521/public_html/zlinks.id/app/controllers/l/Link.php on line 128
[10-Apr-2025 01:48:32 UTC] PHP Warning:  Undefined property: stdClass::$splash_page_id in /home/u6583521/public_html/zlinks.id/app/controllers/l/Link.php on line 129
[10-Apr-2025 01:48:32 UTC] PHP Warning:  Undefined property: stdClass::$password in /home/u6583521/public_html/zlinks.id/app/controllers/l/Link.php on line 194
[10-Apr-2025 01:48:32 UTC] PHP Warning:  Undefined property: stdClass::$sensitive_content in /home/u6583521/public_html/zlinks.id/app/controllers/l/Link.php on line 223
[10-Apr-2025 01:49:28 UTC] PHP Warning:  Undefined array key "is_newsletter_subscribed" in /home/u6583521/public_html/zlinks.id/app/controllers/Register.php on line 61
[10-Apr-2025 01:56:16 UTC] PHP Warning:  Undefined property: stdClass::$last_submissions_is_enabled in /home/u6583521/public_html/zlinks.id/themes/altum/views/tools/tool_widget_frankfurt.php on line 26
[10-Apr-2025 01:56:16 UTC] PHP Warning:  Attempt to read property "type" on null in /home/u6583521/public_html/zlinks.id/themes/altum/views/partials/footer.php on line 100
[10-Apr-2025 02:00:31 UTC] PHP Warning:  Undefined property: stdClass::$pwa_is_enabled in /home/u6583521/public_html/zlinks.id/themes/altum/views/l/biolink_wrapper.php on line 11
[10-Apr-2025 02:01:05 UTC] PHP Warning:  Undefined property: stdClass::$splash_page_id in /home/u6583521/public_html/zlinks.id/app/controllers/l/Link.php on line 129
[10-Apr-2025 02:01:05 UTC] PHP Warning:  Undefined property: stdClass::$password in /home/u6583521/public_html/zlinks.id/app/controllers/l/Link.php on line 194
[10-Apr-2025 02:01:05 UTC] PHP Warning:  Undefined property: stdClass::$sensitive_content in /home/u6583521/public_html/zlinks.id/app/controllers/l/Link.php on line 223
[10-Apr-2025 02:01:39 UTC] PHP Warning:  Undefined property: stdClass::$pwa_is_enabled in /home/u6583521/public_html/zlinks.id/themes/altum/views/l/biolink_wrapper.php on line 11
[10-Apr-2025 02:02:02 UTC] PHP Warning:  Undefined property: stdClass::$splash_page_id in /home/u6583521/public_html/zlinks.id/app/controllers/l/Link.php on line 129
[10-Apr-2025 02:02:02 UTC] PHP Warning:  Undefined property: stdClass::$password in /home/u6583521/public_html/zlinks.id/app/controllers/l/Link.php on line 194
[10-Apr-2025 02:02:02 UTC] PHP Warning:  Undefined property: stdClass::$sensitive_content in /home/u6583521/public_html/zlinks.id/app/controllers/l/Link.php on line 223
[10-Apr-2025 02:02:33 UTC] PHP Warning:  Undefined property: stdClass::$splash_page_id in /home/u6583521/public_html/zlinks.id/app/controllers/l/Link.php on line 129
[10-Apr-2025 02:02:33 UTC] PHP Warning:  Undefined property: stdClass::$password in /home/u6583521/public_html/zlinks.id/app/controllers/l/Link.php on line 194
[10-Apr-2025 02:02:33 UTC] PHP Warning:  Undefined property: stdClass::$sensitive_content in /home/u6583521/public_html/zlinks.id/app/controllers/l/Link.php on line 223
[10-Apr-2025 02:11:15 UTC] PHP Warning:  Undefined property: stdClass::$pwa_is_enabled in /home/u6583521/public_html/zlinks.id/themes/altum/views/l/biolink_wrapper.php on line 11
[10-Apr-2025 02:11:23 UTC] PHP Warning:  Undefined property: stdClass::$last_submissions_is_enabled in /home/u6583521/public_html/zlinks.id/themes/altum/views/tools/tool_widget_frankfurt.php on line 26
[10-Apr-2025 02:11:23 UTC] PHP Warning:  Attempt to read property "type" on null in /home/u6583521/public_html/zlinks.id/themes/altum/views/partials/footer.php on line 100
[10-Apr-2025 02:16:35 UTC] PHP Warning:  Undefined property: stdClass::$splash_page_id in /home/u6583521/public_html/zlinks.id/app/controllers/l/Link.php on line 129
[10-Apr-2025 02:16:35 UTC] PHP Warning:  Undefined property: stdClass::$password in /home/u6583521/public_html/zlinks.id/app/controllers/l/Link.php on line 194
[10-Apr-2025 02:16:35 UTC] PHP Warning:  Undefined property: stdClass::$sensitive_content in /home/u6583521/public_html/zlinks.id/app/controllers/l/Link.php on line 223
[10-Apr-2025 02:17:27 UTC] PHP Warning:  Undefined property: stdClass::$splash_page_id in /home/u6583521/public_html/zlinks.id/app/controllers/l/Link.php on line 129
[10-Apr-2025 02:17:27 UTC] PHP Warning:  Undefined property: stdClass::$password in /home/u6583521/public_html/zlinks.id/app/controllers/l/Link.php on line 194
[10-Apr-2025 02:17:27 UTC] PHP Warning:  Undefined property: stdClass::$sensitive_content in /home/u6583521/public_html/zlinks.id/app/controllers/l/Link.php on line 223
[10-Apr-2025 02:18:05 UTC] PHP Warning:  Attempt to read property "type" on null in /home/u6583521/public_html/zlinks.id/themes/altum/views/partials/footer.php on line 100
[10-Apr-2025 02:18:58 UTC] PHP Warning:  Undefined property: stdClass::$last_submissions_is_enabled in /home/u6583521/public_html/zlinks.id/themes/altum/views/tools/tool_widget_frankfurt.php on line 26
[10-Apr-2025 02:18:58 UTC] PHP Warning:  Attempt to read property "type" on null in /home/u6583521/public_html/zlinks.id/themes/altum/views/partials/footer.php on line 100
[10-Apr-2025 02:27:14 UTC] PHP Warning:  Undefined property: stdClass::$last_submissions_is_enabled in /home/u6583521/public_html/zlinks.id/themes/altum/views/tools/tool_widget_frankfurt.php on line 26
[10-Apr-2025 02:27:14 UTC] PHP Warning:  Attempt to read property "type" on null in /home/u6583521/public_html/zlinks.id/themes/altum/views/partials/footer.php on line 100
[10-Apr-2025 02:37:20 UTC] PHP Warning:  Undefined property: stdClass::$last_submissions_is_enabled in /home/u6583521/public_html/zlinks.id/themes/altum/views/tools/tool_widget_frankfurt.php on line 26
[10-Apr-2025 02:37:20 UTC] PHP Warning:  Attempt to read property "type" on null in /home/u6583521/public_html/zlinks.id/themes/altum/views/partials/footer.php on line 100
[10-Apr-2025 02:42:52 UTC] PHP Warning:  Undefined property: stdClass::$background_color in /home/u6583521/public_html/zlinks.id/themes/altum/views/l/biolink_blocks/socials.php on line 29
[10-Apr-2025 02:42:54 UTC] PHP Warning:  Undefined property: stdClass::$force_splash_page_on_big_link in /home/u6583521/public_html/zlinks.id/app/controllers/l/Link.php on line 128
[10-Apr-2025 02:42:54 UTC] PHP Warning:  Undefined property: stdClass::$splash_page_id in /home/u6583521/public_html/zlinks.id/app/controllers/l/Link.php on line 129
[10-Apr-2025 02:42:54 UTC] PHP Warning:  Undefined property: stdClass::$password in /home/u6583521/public_html/zlinks.id/app/controllers/l/Link.php on line 194
[10-Apr-2025 02:42:54 UTC] PHP Warning:  Undefined property: stdClass::$sensitive_content in /home/u6583521/public_html/zlinks.id/app/controllers/l/Link.php on line 223
[10-Apr-2025 02:48:18 UTC] PHP Warning:  Undefined property: stdClass::$last_submissions_is_enabled in /home/u6583521/public_html/zlinks.id/themes/altum/views/tools/tool_widget_frankfurt.php on line 26
[10-Apr-2025 02:48:18 UTC] PHP Warning:  Attempt to read property "type" on null in /home/u6583521/public_html/zlinks.id/themes/altum/views/partials/footer.php on line 100
[10-Apr-2025 03:00:00 UTC] PHP Warning:  Undefined property: stdClass::$last_submissions_is_enabled in /home/u6583521/public_html/zlinks.id/themes/altum/views/tools/tool_widget_frankfurt.php on line 26
[10-Apr-2025 03:00:00 UTC] PHP Warning:  Attempt to read property "type" on null in /home/u6583521/public_html/zlinks.id/themes/altum/views/partials/footer.php on line 100
[10-Apr-2025 03:10:08 UTC] PHP Warning:  Attempt to read property "type" on null in /home/u6583521/public_html/zlinks.id/themes/altum/views/partials/footer.php on line 100
[10-Apr-2025 03:20:10 UTC] PHP Warning:  Undefined property: stdClass::$last_submissions_is_enabled in /home/u6583521/public_html/zlinks.id/themes/altum/views/tools/tool_widget_frankfurt.php on line 26
[10-Apr-2025 03:20:10 UTC] PHP Warning:  Attempt to read property "type" on null in /home/u6583521/public_html/zlinks.id/themes/altum/views/partials/footer.php on line 100
[10-Apr-2025 03:39:26 UTC] PHP Warning:  Attempt to read property "type" on null in /home/u6583521/public_html/zlinks.id/themes/altum/views/partials/footer.php on line 100
[10-Apr-2025 03:39:34 UTC] PHP Warning:  Undefined array key "is_newsletter_subscribed" in /home/u6583521/public_html/zlinks.id/app/controllers/Register.php on line 61
[10-Apr-2025 03:40:41 UTC] PHP Warning:  Undefined property: stdClass::$last_submissions_is_enabled in /home/u6583521/public_html/zlinks.id/themes/altum/views/tools/tool_widget_frankfurt.php on line 26
[10-Apr-2025 03:40:41 UTC] PHP Warning:  Attempt to read property "type" on null in /home/u6583521/public_html/zlinks.id/themes/altum/views/partials/footer.php on line 100
[10-Apr-2025 03:42:58 UTC] PHP Warning:  Undefined property: stdClass::$last_submissions_is_enabled in /home/u6583521/public_html/zlinks.id/themes/altum/views/tools/tool_widget_frankfurt.php on line 26
[10-Apr-2025 03:42:58 UTC] PHP Warning:  Attempt to read property "type" on null in /home/u6583521/public_html/zlinks.id/themes/altum/views/partials/footer.php on line 100
[10-Apr-2025 03:47:08 UTC] PHP Warning:  Attempt to read property "type" on null in /home/u6583521/public_html/zlinks.id/themes/altum/views/partials/footer.php on line 100
[10-Apr-2025 03:51:02 UTC] PHP Warning:  Undefined property: stdClass::$last_submissions_is_enabled in /home/u6583521/public_html/zlinks.id/themes/altum/views/tools/tool_widget_frankfurt.php on line 26
[10-Apr-2025 03:51:02 UTC] PHP Warning:  Attempt to read property "type" on null in /home/u6583521/public_html/zlinks.id/themes/altum/views/partials/footer.php on line 100
[10-Apr-2025 03:53:02 UTC] PHP Warning:  Attempt to read property "type" on null in /home/u6583521/public_html/zlinks.id/themes/altum/views/partials/footer.php on line 100
[10-Apr-2025 03:53:03 UTC] PHP Warning:  Attempt to read property "type" on null in /home/u6583521/public_html/zlinks.id/themes/altum/views/partials/footer.php on line 100
[10-Apr-2025 04:01:38 UTC] PHP Warning:  Undefined property: stdClass::$last_submissions_is_enabled in /home/u6583521/public_html/zlinks.id/themes/altum/views/tools/tool_widget_frankfurt.php on line 26
[10-Apr-2025 04:01:38 UTC] PHP Warning:  Attempt to read property "type" on null in /home/u6583521/public_html/zlinks.id/themes/altum/views/partials/footer.php on line 100
[10-Apr-2025 04:06:16 UTC] PHP Warning:  Attempt to read property "type" on null in /home/u6583521/public_html/zlinks.id/themes/altum/views/partials/footer.php on line 100
[10-Apr-2025 04:07:59 UTC] PHP Warning:  Attempt to read property "type" on null in /home/u6583521/public_html/zlinks.id/themes/altum/views/partials/footer.php on line 100
[10-Apr-2025 04:10:13 UTC] PHP Warning:  Attempt to read property "type" on null in /home/u6583521/public_html/zlinks.id/themes/altum/views/partials/footer.php on line 100
[10-Apr-2025 04:10:27 UTC] PHP Warning:  Undefined property: stdClass::$background_color in /home/u6583521/public_html/zlinks.id/themes/altum/views/l/biolink_blocks/socials.php on line 29
[10-Apr-2025 04:10:30 UTC] PHP Warning:  Undefined property: stdClass::$force_splash_page_on_big_link in /home/u6583521/public_html/zlinks.id/app/controllers/l/Link.php on line 128
[10-Apr-2025 04:10:30 UTC] PHP Warning:  Undefined property: stdClass::$splash_page_id in /home/u6583521/public_html/zlinks.id/app/controllers/l/Link.php on line 129
[10-Apr-2025 04:10:30 UTC] PHP Warning:  Undefined property: stdClass::$password in /home/u6583521/public_html/zlinks.id/app/controllers/l/Link.php on line 194
[10-Apr-2025 04:10:30 UTC] PHP Warning:  Undefined property: stdClass::$sensitive_content in /home/u6583521/public_html/zlinks.id/app/controllers/l/Link.php on line 223
[10-Apr-2025 04:11:07 UTC] PHP Warning:  Undefined property: stdClass::$last_submissions_is_enabled in /home/u6583521/public_html/zlinks.id/themes/altum/views/tools/tool_widget_frankfurt.php on line 26
[10-Apr-2025 04:11:07 UTC] PHP Warning:  Attempt to read property "type" on null in /home/u6583521/public_html/zlinks.id/themes/altum/views/partials/footer.php on line 100
[10-Apr-2025 04:12:58 UTC] PHP Warning:  Attempt to read property "type" on null in /home/u6583521/public_html/zlinks.id/themes/altum/views/partials/footer.php on line 100
[10-Apr-2025 04:22:12 UTC] PHP Warning:  Attempt to read property "type" on null in /home/u6583521/public_html/zlinks.id/themes/altum/views/partials/footer.php on line 100
[10-Apr-2025 04:22:46 UTC] PHP Warning:  Undefined property: stdClass::$last_submissions_is_enabled in /home/u6583521/public_html/zlinks.id/themes/altum/views/tools/tool_widget_frankfurt.php on line 26
[10-Apr-2025 04:22:46 UTC] PHP Warning:  Attempt to read property "type" on null in /home/u6583521/public_html/zlinks.id/themes/altum/views/partials/footer.php on line 100
[10-Apr-2025 04:23:10 UTC] PHP Warning:  Attempt to read property "type" on null in /home/u6583521/public_html/zlinks.id/themes/altum/views/partials/footer.php on line 100
[10-Apr-2025 04:24:24 UTC] PHP Warning:  Attempt to read property "type" on null in /home/u6583521/public_html/zlinks.id/themes/altum/views/partials/footer.php on line 100
[10-Apr-2025 04:24:28 UTC] PHP Warning:  Attempt to read property "type" on null in /home/u6583521/public_html/zlinks.id/themes/altum/views/partials/footer.php on line 100
[10-Apr-2025 04:24:48 UTC] PHP Warning:  Attempt to read property "type" on null in /home/u6583521/public_html/zlinks.id/themes/altum/views/partials/footer.php on line 100
[10-Apr-2025 04:24:58 UTC] PHP Warning:  Undefined property: stdClass::$pwa_is_enabled in /home/u6583521/public_html/zlinks.id/themes/altum/views/l/biolink_wrapper.php on line 11
[10-Apr-2025 04:25:49 UTC] PHP Warning:  Attempt to read property "type" on null in /home/u6583521/public_html/zlinks.id/themes/altum/views/partials/footer.php on line 100
[10-Apr-2025 04:26:33 UTC] PHP Warning:  Attempt to read property "type" on null in /home/u6583521/public_html/zlinks.id/themes/altum/views/partials/footer.php on line 100
[10-Apr-2025 04:28:12 UTC] PHP Warning:  Attempt to read property "type" on null in /home/u6583521/public_html/zlinks.id/themes/altum/views/partials/footer.php on line 100
[10-Apr-2025 04:28:43 UTC] PHP Warning:  Undefined property: stdClass::$domains in /home/u6583521/public_html/zlinks.id/themes/altum/views/links/links_content.php on line 174
[10-Apr-2025 04:28:43 UTC] PHP Warning:  foreach() argument must be of type array|object, null given in /home/u6583521/public_html/zlinks.id/themes/altum/views/links/links_content.php on line 174
[10-Apr-2025 04:28:49 UTC] PHP Warning:  Undefined property: stdClass::$pwa_is_enabled in /home/u6583521/public_html/zlinks.id/themes/altum/views/l/biolink_wrapper.php on line 11
[10-Apr-2025 04:29:10 UTC] PHP Warning:  Attempt to read property "type" on null in /home/u6583521/public_html/zlinks.id/themes/altum/views/partials/footer.php on line 100
[10-Apr-2025 04:29:10 UTC] PHP Warning:  Attempt to read property "type" on null in /home/u6583521/public_html/zlinks.id/themes/altum/views/partials/footer.php on line 100
[10-Apr-2025 04:29:17 UTC] PHP Warning:  Undefined property: stdClass::$domains in /home/u6583521/public_html/zlinks.id/themes/altum/views/links/links_content.php on line 174
[10-Apr-2025 04:29:17 UTC] PHP Warning:  foreach() argument must be of type array|object, null given in /home/u6583521/public_html/zlinks.id/themes/altum/views/links/links_content.php on line 174
[10-Apr-2025 04:29:48 UTC] PHP Warning:  Undefined property: stdClass::$pwa_is_enabled in /home/u6583521/public_html/zlinks.id/themes/altum/views/l/biolink_wrapper.php on line 11
[10-Apr-2025 04:30:13 UTC] PHP Warning:  Undefined array key "monthly" in /home/u6583521/public_html/zlinks.id/themes/altum/views/admin/plans/index.php on line 152
[10-Apr-2025 04:30:13 UTC] PHP Warning:  Undefined array key "quarterly" in /home/u6583521/public_html/zlinks.id/themes/altum/views/admin/plans/index.php on line 152
[10-Apr-2025 04:30:13 UTC] PHP Warning:  Undefined array key "biannual" in /home/u6583521/public_html/zlinks.id/themes/altum/views/admin/plans/index.php on line 152
[10-Apr-2025 04:30:13 UTC] PHP Warning:  Undefined array key "annual" in /home/u6583521/public_html/zlinks.id/themes/altum/views/admin/plans/index.php on line 152
[10-Apr-2025 04:30:13 UTC] PHP Warning:  Undefined array key "lifetime" in /home/u6583521/public_html/zlinks.id/themes/altum/views/admin/plans/index.php on line 152
[10-Apr-2025 04:30:13 UTC] PHP Warning:  Undefined array key "monthly" in /home/u6583521/public_html/zlinks.id/themes/altum/views/admin/plans/index.php on line 152
[10-Apr-2025 04:30:13 UTC] PHP Warning:  Undefined array key "quarterly" in /home/u6583521/public_html/zlinks.id/themes/altum/views/admin/plans/index.php on line 152
[10-Apr-2025 04:30:13 UTC] PHP Warning:  Undefined array key "biannual" in /home/u6583521/public_html/zlinks.id/themes/altum/views/admin/plans/index.php on line 152
[10-Apr-2025 04:30:13 UTC] PHP Warning:  Undefined array key "annual" in /home/u6583521/public_html/zlinks.id/themes/altum/views/admin/plans/index.php on line 152
[10-Apr-2025 04:30:13 UTC] PHP Warning:  Undefined array key "lifetime" in /home/u6583521/public_html/zlinks.id/themes/altum/views/admin/plans/index.php on line 152
[10-Apr-2025 04:34:48 UTC] PHP Warning:  Attempt to read property "type" on null in /home/u6583521/public_html/zlinks.id/themes/altum/views/partials/footer.php on line 100
[10-Apr-2025 04:35:37 UTC] PHP Warning:  Undefined property: stdClass::$last_submissions_is_enabled in /home/u6583521/public_html/zlinks.id/themes/altum/views/tools/tool_widget_frankfurt.php on line 26
[10-Apr-2025 04:35:37 UTC] PHP Warning:  Attempt to read property "type" on null in /home/u6583521/public_html/zlinks.id/themes/altum/views/partials/footer.php on line 100
[10-Apr-2025 04:37:36 UTC] PHP Warning:  Attempt to read property "type" on null in /home/u6583521/public_html/zlinks.id/themes/altum/views/partials/footer.php on line 100
[10-Apr-2025 04:37:44 UTC] PHP Warning:  Undefined array key "is_newsletter_subscribed" in /home/u6583521/public_html/zlinks.id/app/controllers/Register.php on line 61
[10-Apr-2025 04:37:47 UTC] PHP Warning:  Attempt to read property "type" on null in /home/u6583521/public_html/zlinks.id/themes/altum/views/partials/footer.php on line 100
[10-Apr-2025 04:38:00 UTC] PHP Warning:  Attempt to read property "type" on null in /home/u6583521/public_html/zlinks.id/themes/altum/views/partials/footer.php on line 100
[10-Apr-2025 04:38:10 UTC] PHP Warning:  Attempt to read property "type" on null in /home/u6583521/public_html/zlinks.id/themes/altum/views/partials/footer.php on line 100
[10-Apr-2025 04:42:17 UTC] PHP Warning:  Attempt to read property "uploads_url" on string in /home/u6583521/public_html/zlinks.id/app/controllers/LinkAjax.php on line 701
[10-Apr-2025 04:42:25 UTC] PHP Warning:  Undefined property: stdClass::$schedule in /home/u6583521/public_html/zlinks.id/themes/altum/views/link/settings/static.php on line 116
[10-Apr-2025 04:42:48 UTC] PHP Warning:  Attempt to read property "type" on null in /home/u6583521/public_html/zlinks.id/themes/altum/views/partials/footer.php on line 100
[10-Apr-2025 04:43:14 UTC] PHP Warning:  Attempt to read property "type" on null in /home/u6583521/public_html/zlinks.id/themes/altum/views/partials/footer.php on line 100
[10-Apr-2025 04:48:10 UTC] PHP Warning:  Undefined property: stdClass::$last_submissions_is_enabled in /home/u6583521/public_html/zlinks.id/themes/altum/views/tools/tool_widget_frankfurt.php on line 26
[10-Apr-2025 04:48:10 UTC] PHP Warning:  Attempt to read property "type" on null in /home/u6583521/public_html/zlinks.id/themes/altum/views/partials/footer.php on line 100
[10-Apr-2025 04:52:16 UTC] PHP Warning:  Undefined property: stdClass::$pwa_is_enabled in /home/u6583521/public_html/zlinks.id/themes/altum/views/l/biolink_wrapper.php on line 11
[10-Apr-2025 05:00:02 UTC] PHP Warning:  Attempt to read property "type" on null in /home/u6583521/public_html/zlinks.id/themes/altum/views/partials/footer.php on line 100
[10-Apr-2025 05:00:04 UTC] PHP Warning:  Attempt to read property "type" on null in /home/u6583521/public_html/zlinks.id/themes/altum/views/partials/footer.php on line 100
[10-Apr-2025 05:08:10 UTC] PHP Warning:  Attempt to read property "type" on null in /home/u6583521/public_html/zlinks.id/themes/altum/views/partials/footer.php on line 100
[10-Apr-2025 05:10:51 UTC] PHP Warning:  Undefined property: stdClass::$last_submissions_is_enabled in /home/u6583521/public_html/zlinks.id/themes/altum/views/tools/tool_widget_frankfurt.php on line 26
[10-Apr-2025 05:10:51 UTC] PHP Warning:  Attempt to read property "type" on null in /home/u6583521/public_html/zlinks.id/themes/altum/views/partials/footer.php on line 100
[10-Apr-2025 05:11:15 UTC] PHP Warning:  Attempt to read property "type" on null in /home/u6583521/public_html/zlinks.id/themes/altum/views/partials/footer.php on line 100
[10-Apr-2025 05:11:27 UTC] PHP Warning:  Attempt to read property "type" on null in /home/u6583521/public_html/zlinks.id/themes/altum/views/partials/footer.php on line 100
[10-Apr-2025 05:12:59 UTC] PHP Warning:  Attempt to read property "type" on null in /home/u6583521/public_html/zlinks.id/themes/altum/views/partials/footer.php on line 100
[10-Apr-2025 05:16:11 UTC] PHP Warning:  Attempt to read property "type" on null in /home/u6583521/public_html/zlinks.id/themes/altum/views/partials/footer.php on line 100
[10-Apr-2025 05:16:16 UTC] PHP Warning:  Attempt to read property "type" on null in /home/u6583521/public_html/zlinks.id/themes/altum/views/partials/footer.php on line 100
[10-Apr-2025 05:16:59 UTC] PHP Warning:  Attempt to read property "type" on null in /home/u6583521/public_html/zlinks.id/themes/altum/views/partials/footer.php on line 100
[10-Apr-2025 05:17:01 UTC] PHP Warning:  Attempt to read property "type" on null in /home/u6583521/public_html/zlinks.id/themes/altum/views/partials/footer.php on line 100
[10-Apr-2025 05:17:01 UTC] PHP Warning:  Attempt to read property "type" on null in /home/u6583521/public_html/zlinks.id/themes/altum/views/partials/footer.php on line 100
[10-Apr-2025 05:17:55 UTC] PHP Warning:  Attempt to read property "type" on null in /home/u6583521/public_html/zlinks.id/themes/altum/views/partials/footer.php on line 100
[10-Apr-2025 05:17:56 UTC] PHP Warning:  Attempt to read property "type" on null in /home/u6583521/public_html/zlinks.id/themes/altum/views/partials/footer.php on line 100
[10-Apr-2025 05:18:02 UTC] PHP Warning:  Attempt to read property "type" on null in /home/u6583521/public_html/zlinks.id/themes/altum/views/partials/footer.php on line 100
[10-Apr-2025 05:18:03 UTC] PHP Warning:  Attempt to read property "type" on null in /home/u6583521/public_html/zlinks.id/themes/altum/views/partials/footer.php on line 100
[10-Apr-2025 05:18:03 UTC] PHP Warning:  Attempt to read property "type" on null in /home/u6583521/public_html/zlinks.id/themes/altum/views/partials/footer.php on line 100
[10-Apr-2025 05:18:04 UTC] PHP Warning:  Attempt to read property "type" on null in /home/u6583521/public_html/zlinks.id/themes/altum/views/partials/footer.php on line 100
[10-Apr-2025 05:20:14 UTC] PHP Warning:  Attempt to read property "type" on null in /home/u6583521/public_html/zlinks.id/themes/altum/views/partials/footer.php on line 100
[10-Apr-2025 05:20:23 UTC] PHP Warning:  Attempt to read property "type" on null in /home/u6583521/public_html/zlinks.id/themes/altum/views/partials/footer.php on line 100
[10-Apr-2025 05:20:24 UTC] PHP Warning:  Attempt to read property "type" on null in /home/u6583521/public_html/zlinks.id/themes/altum/views/partials/footer.php on line 100
[10-Apr-2025 05:20:34 UTC] PHP Warning:  Attempt to read property "type" on null in /home/u6583521/public_html/zlinks.id/themes/altum/views/partials/footer.php on line 100
[10-Apr-2025 05:20:36 UTC] PHP Warning:  Attempt to read property "type" on null in /home/u6583521/public_html/zlinks.id/themes/altum/views/partials/footer.php on line 100
[10-Apr-2025 05:21:43 UTC] PHP Warning:  Undefined property: stdClass::$last_submissions_is_enabled in /home/u6583521/public_html/zlinks.id/themes/altum/views/tools/tool_widget_frankfurt.php on line 26
[10-Apr-2025 05:21:43 UTC] PHP Warning:  Attempt to read property "type" on null in /home/u6583521/public_html/zlinks.id/themes/altum/views/partials/footer.php on line 100
[10-Apr-2025 05:23:22 UTC] PHP Warning:  Attempt to read property "type" on null in /home/u6583521/public_html/zlinks.id/themes/altum/views/partials/footer.php on line 100
[10-Apr-2025 05:23:24 UTC] PHP Warning:  Attempt to read property "type" on null in /home/u6583521/public_html/zlinks.id/themes/altum/views/partials/footer.php on line 100
[10-Apr-2025 05:24:05 UTC] PHP Warning:  Attempt to read property "type" on null in /home/u6583521/public_html/zlinks.id/themes/altum/views/partials/footer.php on line 100
[10-Apr-2025 05:24:27 UTC] PHP Warning:  Attempt to read property "type" on null in /home/u6583521/public_html/zlinks.id/themes/altum/views/partials/footer.php on line 100
[10-Apr-2025 05:25:05 UTC] PHP Warning:  Attempt to read property "type" on null in /home/u6583521/public_html/zlinks.id/themes/altum/views/partials/footer.php on line 100
[10-Apr-2025 05:25:05 UTC] PHP Warning:  Attempt to read property "type" on null in /home/u6583521/public_html/zlinks.id/themes/altum/views/partials/footer.php on line 100
[10-Apr-2025 05:25:14 UTC] PHP Warning:  Attempt to read property "type" on null in /home/u6583521/public_html/zlinks.id/themes/altum/views/partials/footer.php on line 100
[10-Apr-2025 05:25:15 UTC] PHP Warning:  Attempt to read property "type" on null in /home/u6583521/public_html/zlinks.id/themes/altum/views/partials/footer.php on line 100
[10-Apr-2025 05:25:34 UTC] PHP Warning:  Undefined property: stdClass::$background_color in /home/u6583521/public_html/zlinks.id/themes/altum/views/l/biolink_blocks/socials.php on line 29
[10-Apr-2025 05:25:53 UTC] PHP Warning:  Undefined property: stdClass::$background_color in /home/u6583521/public_html/zlinks.id/themes/altum/views/l/biolink_blocks/socials.php on line 29
[10-Apr-2025 05:26:05 UTC] PHP Warning:  Attempt to read property "type" on null in /home/u6583521/public_html/zlinks.id/themes/altum/views/partials/footer.php on line 100
[10-Apr-2025 05:28:18 UTC] PHP Warning:  Attempt to read property "type" on null in /home/u6583521/public_html/zlinks.id/themes/altum/views/partials/footer.php on line 100
[10-Apr-2025 05:29:47 UTC] PHP Warning:  Attempt to read property "type" on null in /home/u6583521/public_html/zlinks.id/themes/altum/views/partials/footer.php on line 100
[10-Apr-2025 05:29:59 UTC] PHP Warning:  Attempt to read property "type" on null in /home/u6583521/public_html/zlinks.id/themes/altum/views/partials/footer.php on line 100
[10-Apr-2025 05:31:39 UTC] PHP Warning:  Attempt to read property "type" on null in /home/u6583521/public_html/zlinks.id/themes/altum/views/partials/footer.php on line 100
[10-Apr-2025 05:33:06 UTC] PHP Warning:  Attempt to read property "type" on null in /home/u6583521/public_html/zlinks.id/themes/altum/views/partials/footer.php on line 100
[10-Apr-2025 05:33:58 UTC] PHP Warning:  Attempt to read property "type" on null in /home/u6583521/public_html/zlinks.id/themes/altum/views/partials/footer.php on line 100
[10-Apr-2025 05:35:01 UTC] PHP Warning:  Attempt to read property "type" on null in /home/u6583521/public_html/zlinks.id/themes/altum/views/partials/footer.php on line 100
[10-Apr-2025 05:35:02 UTC] PHP Warning:  Attempt to read property "type" on null in /home/u6583521/public_html/zlinks.id/themes/altum/views/partials/footer.php on line 100
[10-Apr-2025 05:35:04 UTC] PHP Warning:  Attempt to read property "type" on null in /home/u6583521/public_html/zlinks.id/themes/altum/views/partials/footer.php on line 100
[10-Apr-2025 05:35:05 UTC] PHP Warning:  Attempt to read property "type" on null in /home/u6583521/public_html/zlinks.id/themes/altum/views/partials/footer.php on line 100
[10-Apr-2025 05:39:24 UTC] PHP Warning:  Attempt to read property "type" on null in /home/u6583521/public_html/zlinks.id/themes/altum/views/partials/footer.php on line 100
[10-Apr-2025 05:39:25 UTC] PHP Warning:  Attempt to read property "type" on null in /home/u6583521/public_html/zlinks.id/themes/altum/views/partials/footer.php on line 100
[10-Apr-2025 05:39:27 UTC] PHP Warning:  Attempt to read property "type" on null in /home/u6583521/public_html/zlinks.id/themes/altum/views/partials/footer.php on line 100
[10-Apr-2025 05:39:28 UTC] PHP Warning:  Attempt to read property "type" on null in /home/u6583521/public_html/zlinks.id/themes/altum/views/partials/footer.php on line 100
[10-Apr-2025 05:39:43 UTC] PHP Warning:  Undefined property: stdClass::$last_submissions_is_enabled in /home/u6583521/public_html/zlinks.id/themes/altum/views/tools/tool_widget_frankfurt.php on line 26
[10-Apr-2025 05:39:43 UTC] PHP Warning:  Attempt to read property "type" on null in /home/u6583521/public_html/zlinks.id/themes/altum/views/partials/footer.php on line 100
[10-Apr-2025 05:40:19 UTC] PHP Warning:  Attempt to read property "type" on null in /home/u6583521/public_html/zlinks.id/themes/altum/views/partials/footer.php on line 100
[10-Apr-2025 05:40:20 UTC] PHP Warning:  Attempt to read property "type" on null in /home/u6583521/public_html/zlinks.id/themes/altum/views/partials/footer.php on line 100
[10-Apr-2025 05:40:26 UTC] PHP Warning:  Attempt to read property "type" on null in /home/u6583521/public_html/zlinks.id/themes/altum/views/partials/footer.php on line 100
[10-Apr-2025 05:40:28 UTC] PHP Warning:  Attempt to read property "type" on null in /home/u6583521/public_html/zlinks.id/themes/altum/views/partials/footer.php on line 100
[10-Apr-2025 05:40:31 UTC] PHP Warning:  Attempt to read property "type" on null in /home/u6583521/public_html/zlinks.id/themes/altum/views/partials/footer.php on line 100
[10-Apr-2025 05:40:47 UTC] PHP Warning:  Attempt to read property "type" on null in /home/u6583521/public_html/zlinks.id/themes/altum/views/partials/footer.php on line 100
[10-Apr-2025 05:42:25 UTC] PHP Warning:  Undefined property: stdClass::$last_submissions_is_enabled in /home/u6583521/public_html/zlinks.id/themes/altum/views/tools/tool_widget_frankfurt.php on line 26
[10-Apr-2025 05:42:25 UTC] PHP Warning:  Attempt to read property "type" on null in /home/u6583521/public_html/zlinks.id/themes/altum/views/partials/footer.php on line 100
[10-Apr-2025 05:42:48 UTC] PHP Warning:  Attempt to read property "type" on null in /home/u6583521/public_html/zlinks.id/themes/altum/views/partials/footer.php on line 100
[10-Apr-2025 05:48:18 UTC] PHP Warning:  Attempt to read property "type" on null in /home/u6583521/public_html/zlinks.id/themes/altum/views/partials/footer.php on line 100
[10-Apr-2025 05:49:10 UTC] PHP Warning:  Attempt to read property "type" on null in /home/u6583521/public_html/zlinks.id/themes/altum/views/partials/footer.php on line 100
[10-Apr-2025 05:49:11 UTC] PHP Warning:  Attempt to read property "type" on null in /home/u6583521/public_html/zlinks.id/themes/altum/views/partials/footer.php on line 100
[10-Apr-2025 05:53:27 UTC] PHP Warning:  Attempt to read property "type" on null in /home/u6583521/public_html/zlinks.id/themes/altum/views/partials/footer.php on line 100
[10-Apr-2025 05:55:10 UTC] PHP Warning:  Attempt to read property "type" on null in /home/u6583521/public_html/zlinks.id/themes/altum/views/partials/footer.php on line 100
[10-Apr-2025 05:55:12 UTC] PHP Warning:  Attempt to read property "type" on null in /home/u6583521/public_html/zlinks.id/themes/altum/views/partials/footer.php on line 100
[10-Apr-2025 06:00:09 UTC] PHP Warning:  Attempt to read property "type" on null in /home/u6583521/public_html/zlinks.id/themes/altum/views/partials/footer.php on line 100
[10-Apr-2025 06:04:33 UTC] PHP Warning:  Attempt to read property "type" on null in /home/u6583521/public_html/zlinks.id/themes/altum/views/partials/footer.php on line 100
[10-Apr-2025 06:06:14 UTC] PHP Warning:  Undefined property: stdClass::$background_color in /home/u6583521/public_html/zlinks.id/themes/altum/views/l/biolink_blocks/socials.php on line 29
[10-Apr-2025 06:06:14 UTC] PHP Warning:  Undefined property: stdClass::$pwa_is_enabled in /home/u6583521/public_html/zlinks.id/themes/altum/views/l/biolink_wrapper.php on line 11
[10-Apr-2025 06:06:16 UTC] PHP Warning:  Undefined property: stdClass::$background_color in /home/u6583521/public_html/zlinks.id/themes/altum/views/l/biolink_blocks/socials.php on line 29
[10-Apr-2025 06:06:16 UTC] PHP Warning:  Undefined property: stdClass::$pwa_is_enabled in /home/u6583521/public_html/zlinks.id/themes/altum/views/l/biolink_wrapper.php on line 11
[10-Apr-2025 06:06:20 UTC] PHP Warning:  Undefined property: stdClass::$force_splash_page_on_pdf_document in /home/u6583521/public_html/zlinks.id/app/controllers/l/Link.php on line 128
[10-Apr-2025 06:06:20 UTC] PHP Warning:  Undefined property: stdClass::$splash_page_id in /home/u6583521/public_html/zlinks.id/app/controllers/l/Link.php on line 129
[10-Apr-2025 06:06:20 UTC] PHP Warning:  Undefined property: stdClass::$password in /home/u6583521/public_html/zlinks.id/app/controllers/l/Link.php on line 194
[10-Apr-2025 06:06:20 UTC] PHP Warning:  Undefined property: stdClass::$sensitive_content in /home/u6583521/public_html/zlinks.id/app/controllers/l/Link.php on line 223
[10-Apr-2025 06:06:27 UTC] PHP Warning:  Attempt to read property "type" on null in /home/u6583521/public_html/zlinks.id/themes/altum/views/partials/footer.php on line 100
[10-Apr-2025 06:06:48 UTC] PHP Warning:  Attempt to read property "type" on null in /home/u6583521/public_html/zlinks.id/themes/altum/views/partials/footer.php on line 100
[10-Apr-2025 06:09:00 UTC] PHP Warning:  Attempt to read property "type" on null in /home/u6583521/public_html/zlinks.id/themes/altum/views/partials/footer.php on line 100
[10-Apr-2025 06:12:41 UTC] PHP Warning:  Attempt to read property "type" on null in /home/u6583521/public_html/zlinks.id/themes/altum/views/partials/footer.php on line 100
[10-Apr-2025 06:13:19 UTC] PHP Warning:  Attempt to read property "type" on null in /home/u6583521/public_html/zlinks.id/themes/altum/views/partials/footer.php on line 100
[10-Apr-2025 06:14:11 UTC] PHP Warning:  Attempt to read property "type" on null in /home/u6583521/public_html/zlinks.id/themes/altum/views/partials/footer.php on line 100
[10-Apr-2025 06:14:14 UTC] PHP Warning:  Attempt to read property "type" on null in /home/u6583521/public_html/zlinks.id/themes/altum/views/partials/footer.php on line 100
[10-Apr-2025 06:14:17 UTC] PHP Warning:  Attempt to read property "type" on null in /home/u6583521/public_html/zlinks.id/themes/altum/views/partials/footer.php on line 100
[10-Apr-2025 06:15:08 UTC] PHP Warning:  Attempt to read property "type" on null in /home/u6583521/public_html/zlinks.id/themes/altum/views/partials/footer.php on line 100
[10-Apr-2025 06:18:12 UTC] PHP Warning:  Undefined property: stdClass::$background_color in /home/u6583521/public_html/zlinks.id/themes/altum/views/l/biolink_blocks/socials.php on line 29
[10-Apr-2025 06:21:20 UTC] PHP Warning:  Attempt to read property "type" on null in /home/u6583521/public_html/zlinks.id/themes/altum/views/partials/footer.php on line 100
[10-Apr-2025 06:21:25 UTC] PHP Warning:  Attempt to read property "type" on null in /home/u6583521/public_html/zlinks.id/themes/altum/views/partials/footer.php on line 100
[10-Apr-2025 06:22:00 UTC] PHP Warning:  Attempt to read property "type" on null in /home/u6583521/public_html/zlinks.id/themes/altum/views/partials/footer.php on line 100
[10-Apr-2025 06:22:12 UTC] PHP Warning:  Attempt to read property "type" on null in /home/u6583521/public_html/zlinks.id/themes/altum/views/partials/footer.php on line 100
[10-Apr-2025 06:22:30 UTC] PHP Warning:  Attempt to read property "type" on null in /home/u6583521/public_html/zlinks.id/themes/altum/views/partials/footer.php on line 100
[10-Apr-2025 06:22:30 UTC] PHP Warning:  Attempt to read property "type" on null in /home/u6583521/public_html/zlinks.id/themes/altum/views/partials/footer.php on line 100
[10-Apr-2025 06:22:39 UTC] PHP Warning:  Undefined property: stdClass::$domains in /home/u6583521/public_html/zlinks.id/themes/altum/views/links/links_content.php on line 174
[10-Apr-2025 06:22:39 UTC] PHP Warning:  foreach() argument must be of type array|object, null given in /home/u6583521/public_html/zlinks.id/themes/altum/views/links/links_content.php on line 174
[10-Apr-2025 06:23:01 UTC] PHP Warning:  Attempt to read property "type" on null in /home/u6583521/public_html/zlinks.id/themes/altum/views/partials/footer.php on line 100
[10-Apr-2025 06:23:27 UTC] PHP Warning:  Attempt to read property "type" on null in /home/u6583521/public_html/zlinks.id/themes/altum/views/partials/footer.php on line 100
[10-Apr-2025 06:26:21 UTC] PHP Warning:  Attempt to read property "type" on null in /home/u6583521/public_html/zlinks.id/themes/altum/views/partials/footer.php on line 100
[10-Apr-2025 06:26:24 UTC] PHP Warning:  Attempt to read property "type" on null in /home/u6583521/public_html/zlinks.id/themes/altum/views/partials/footer.php on line 100
[10-Apr-2025 06:29:15 UTC] PHP Warning:  Attempt to read property "type" on null in /home/u6583521/public_html/zlinks.id/themes/altum/views/partials/footer.php on line 100
[10-Apr-2025 06:33:48 UTC] PHP Warning:  Attempt to read property "type" on null in /home/u6583521/public_html/zlinks.id/themes/altum/views/partials/footer.php on line 100
[10-Apr-2025 06:35:13 UTC] PHP Warning:  Undefined property: stdClass::$last_submissions_is_enabled in /home/u6583521/public_html/zlinks.id/themes/altum/views/tools/tool_widget_frankfurt.php on line 26
[10-Apr-2025 06:35:13 UTC] PHP Warning:  Attempt to read property "type" on null in /home/u6583521/public_html/zlinks.id/themes/altum/views/partials/footer.php on line 100
[10-Apr-2025 06:37:15 UTC] PHP Warning:  Attempt to read property "type" on null in /home/u6583521/public_html/zlinks.id/themes/altum/views/partials/footer.php on line 100
[10-Apr-2025 06:40:00 UTC] PHP Warning:  Attempt to read property "type" on null in /home/u6583521/public_html/zlinks.id/themes/altum/views/partials/footer.php on line 100
[10-Apr-2025 06:41:23 UTC] PHP Warning:  Attempt to read property "type" on null in /home/u6583521/public_html/zlinks.id/themes/altum/views/partials/footer.php on line 100
[10-Apr-2025 06:43:18 UTC] PHP Warning:  Undefined property: stdClass::$last_submissions_is_enabled in /home/u6583521/public_html/zlinks.id/themes/altum/views/tools/tool_widget_frankfurt.php on line 26
[10-Apr-2025 06:43:18 UTC] PHP Warning:  Attempt to read property "type" on null in /home/u6583521/public_html/zlinks.id/themes/altum/views/partials/footer.php on line 100
[10-Apr-2025 06:43:22 UTC] PHP Warning:  Attempt to read property "type" on null in /home/u6583521/public_html/zlinks.id/themes/altum/views/partials/footer.php on line 100
[10-Apr-2025 06:44:22 UTC] PHP Warning:  Attempt to read property "type" on null in /home/u6583521/public_html/zlinks.id/themes/altum/views/partials/footer.php on line 100
[10-Apr-2025 06:44:48 UTC] PHP Warning:  Attempt to read property "type" on null in /home/u6583521/public_html/zlinks.id/themes/altum/views/partials/footer.php on line 100
[10-Apr-2025 06:44:58 UTC] PHP Warning:  Attempt to read property "type" on null in /home/u6583521/public_html/zlinks.id/themes/altum/views/partials/footer.php on line 100
[10-Apr-2025 06:53:10 UTC] PHP Warning:  Attempt to read property "type" on null in /home/u6583521/public_html/zlinks.id/themes/altum/views/partials/footer.php on line 100
[10-Apr-2025 06:55:15 UTC] PHP Warning:  Attempt to read property "type" on null in /home/u6583521/public_html/zlinks.id/themes/altum/views/partials/footer.php on line 100
[10-Apr-2025 06:58:40 UTC] PHP Warning:  Undefined property: stdClass::$last_submissions_is_enabled in /home/u6583521/public_html/zlinks.id/themes/altum/views/tools/tool_widget_frankfurt.php on line 26
[10-Apr-2025 06:58:40 UTC] PHP Warning:  Attempt to read property "type" on null in /home/u6583521/public_html/zlinks.id/themes/altum/views/partials/footer.php on line 100
[10-Apr-2025 07:09:19 UTC] PHP Warning:  Attempt to read property "type" on null in /home/u6583521/public_html/zlinks.id/themes/altum/views/partials/footer.php on line 100
[10-Apr-2025 07:09:28 UTC] PHP Warning:  Attempt to read property "type" on null in /home/u6583521/public_html/zlinks.id/themes/altum/views/partials/footer.php on line 100
[10-Apr-2025 07:12:02 UTC] PHP Warning:  Attempt to read property "type" on null in /home/u6583521/public_html/zlinks.id/themes/altum/views/partials/footer.php on line 100
[10-Apr-2025 07:13:09 UTC] PHP Warning:  Attempt to read property "type" on null in /home/u6583521/public_html/zlinks.id/themes/altum/views/partials/footer.php on line 100
[10-Apr-2025 07:13:15 UTC] PHP Warning:  Attempt to read property "type" on null in /home/u6583521/public_html/zlinks.id/themes/altum/views/partials/footer.php on line 100
[10-Apr-2025 07:13:44 UTC] PHP Warning:  Attempt to read property "type" on null in /home/u6583521/public_html/zlinks.id/themes/altum/views/partials/footer.php on line 100
[10-Apr-2025 07:13:47 UTC] PHP Warning:  Attempt to read property "type" on null in /home/u6583521/public_html/zlinks.id/themes/altum/views/partials/footer.php on line 100
[10-Apr-2025 07:14:18 UTC] PHP Warning:  Attempt to read property "type" on null in /home/u6583521/public_html/zlinks.id/themes/altum/views/partials/footer.php on line 100
[10-Apr-2025 07:20:58 UTC] PHP Warning:  Attempt to read property "type" on null in /home/u6583521/public_html/zlinks.id/themes/altum/views/partials/footer.php on line 100
[10-Apr-2025 07:21:10 UTC] PHP Warning:  Attempt to read property "type" on null in /home/u6583521/public_html/zlinks.id/themes/altum/views/partials/footer.php on line 100
[10-Apr-2025 07:22:35 UTC] PHP Warning:  Undefined property: stdClass::$pwa_is_enabled in /home/u6583521/public_html/zlinks.id/themes/altum/views/l/biolink_wrapper.php on line 11
[10-Apr-2025 07:24:36 UTC] PHP Warning:  Undefined property: stdClass::$last_submissions_is_enabled in /home/u6583521/public_html/zlinks.id/themes/altum/views/tools/tool_widget_frankfurt.php on line 26
[10-Apr-2025 07:24:36 UTC] PHP Warning:  Attempt to read property "type" on null in /home/u6583521/public_html/zlinks.id/themes/altum/views/partials/footer.php on line 100
[10-Apr-2025 07:25:01 UTC] PHP Warning:  Attempt to read property "type" on null in /home/u6583521/public_html/zlinks.id/themes/altum/views/partials/footer.php on line 100
[10-Apr-2025 07:32:00 UTC] PHP Warning:  Attempt to read property "type" on null in /home/u6583521/public_html/zlinks.id/themes/altum/views/partials/footer.php on line 100
[10-Apr-2025 07:32:17 UTC] PHP Warning:  Attempt to read property "type" on null in /home/u6583521/public_html/zlinks.id/themes/altum/views/partials/footer.php on line 100
[10-Apr-2025 07:32:17 UTC] PHP Warning:  Attempt to read property "type" on null in /home/u6583521/public_html/zlinks.id/themes/altum/views/partials/footer.php on line 100
[10-Apr-2025 07:33:18 UTC] PHP Warning:  Attempt to read property "type" on null in /home/u6583521/public_html/zlinks.id/themes/altum/views/partials/footer.php on line 100
[10-Apr-2025 07:34:27 UTC] PHP Warning:  Attempt to read property "type" on null in /home/u6583521/public_html/zlinks.id/themes/altum/views/partials/footer.php on line 100
[10-Apr-2025 07:34:45 UTC] PHP Warning:  Undefined property: stdClass::$pwa_is_enabled in /home/u6583521/public_html/zlinks.id/themes/altum/views/l/biolink_wrapper.php on line 11
[10-Apr-2025 07:35:59 UTC] PHP Warning:  Undefined property: stdClass::$pwa_is_enabled in /home/u6583521/public_html/zlinks.id/themes/altum/views/l/biolink_wrapper.php on line 11
[10-Apr-2025 07:36:01 UTC] PHP Warning:  Attempt to read property "type" on null in /home/u6583521/public_html/zlinks.id/themes/altum/views/partials/footer.php on line 100
[10-Apr-2025 07:38:01 UTC] PHP Warning:  Undefined property: stdClass::$last_submissions_is_enabled in /home/u6583521/public_html/zlinks.id/themes/altum/views/tools/tool_widget_frankfurt.php on line 26
[10-Apr-2025 07:38:01 UTC] PHP Warning:  Attempt to read property "type" on null in /home/u6583521/public_html/zlinks.id/themes/altum/views/partials/footer.php on line 100
[10-Apr-2025 07:43:22 UTC] PHP Warning:  Attempt to read property "type" on null in /home/u6583521/public_html/zlinks.id/themes/altum/views/partials/footer.php on line 100
[10-Apr-2025 07:44:45 UTC] PHP Warning:  Undefined property: stdClass::$last_submissions_is_enabled in /home/u6583521/public_html/zlinks.id/themes/altum/views/tools/tool_widget_frankfurt.php on line 26
[10-Apr-2025 07:44:45 UTC] PHP Warning:  Attempt to read property "type" on null in /home/u6583521/public_html/zlinks.id/themes/altum/views/partials/footer.php on line 100
[10-Apr-2025 07:46:39 UTC] PHP Warning:  Attempt to read property "type" on null in /home/u6583521/public_html/zlinks.id/themes/altum/views/partials/footer.php on line 100
[10-Apr-2025 07:48:12 UTC] PHP Warning:  Attempt to read property "type" on null in /home/u6583521/public_html/zlinks.id/themes/altum/views/partials/footer.php on line 100
[10-Apr-2025 07:48:17 UTC] PHP Warning:  Attempt to read property "type" on null in /home/u6583521/public_html/zlinks.id/themes/altum/views/partials/footer.php on line 100
[10-Apr-2025 07:51:07 UTC] PHP Warning:  Attempt to read property "plan_settings" on null in /home/u6583521/public_html/zlinks.id/themes/altum/views/directory/index.php on line 23
[10-Apr-2025 07:51:07 UTC] PHP Warning:  Attempt to read property "export" on null in /home/u6583521/public_html/zlinks.id/themes/altum/views/directory/index.php on line 23
[10-Apr-2025 07:51:07 UTC] PHP Warning:  Attempt to read property "csv" on null in /home/u6583521/public_html/zlinks.id/themes/altum/views/directory/index.php on line 23
[10-Apr-2025 07:51:07 UTC] PHP Warning:  Attempt to read property "plan_settings" on null in /home/u6583521/public_html/zlinks.id/themes/altum/views/directory/index.php on line 26
[10-Apr-2025 07:51:07 UTC] PHP Warning:  Attempt to read property "export" on null in /home/u6583521/public_html/zlinks.id/themes/altum/views/directory/index.php on line 26
[10-Apr-2025 07:51:07 UTC] PHP Warning:  Attempt to read property "json" on null in /home/u6583521/public_html/zlinks.id/themes/altum/views/directory/index.php on line 26
[10-Apr-2025 07:51:07 UTC] PHP Warning:  Attempt to read property "plan_settings" on null in /home/u6583521/public_html/zlinks.id/themes/altum/views/directory/index.php on line 29
[10-Apr-2025 07:51:07 UTC] PHP Warning:  Attempt to read property "export" on null in /home/u6583521/public_html/zlinks.id/themes/altum/views/directory/index.php on line 29
[10-Apr-2025 07:51:07 UTC] PHP Warning:  Attempt to read property "pdf" on null in /home/u6583521/public_html/zlinks.id/themes/altum/views/directory/index.php on line 29
[10-Apr-2025 07:51:07 UTC] PHP Warning:  Attempt to read property "type" on null in /home/u6583521/public_html/zlinks.id/themes/altum/views/partials/footer.php on line 100
[10-Apr-2025 07:51:11 UTC] PHP Warning:  Undefined array key "is_newsletter_subscribed" in /home/u6583521/public_html/zlinks.id/app/controllers/Register.php on line 61
[10-Apr-2025 07:51:28 UTC] PHP Warning:  Attempt to read property "type" on null in /home/u6583521/public_html/zlinks.id/themes/altum/views/partials/footer.php on line 100
[10-Apr-2025 07:51:52 UTC] PHP Warning:  Attempt to read property "type" on null in /home/u6583521/public_html/zlinks.id/themes/altum/views/partials/footer.php on line 100
[10-Apr-2025 07:52:11 UTC] PHP Warning:  Attempt to read property "type" on null in /home/u6583521/public_html/zlinks.id/themes/altum/views/partials/footer.php on line 100
[10-Apr-2025 07:53:18 UTC] PHP Warning:  Attempt to read property "type" on null in /home/u6583521/public_html/zlinks.id/themes/altum/views/partials/footer.php on line 100
[10-Apr-2025 08:05:19 UTC] PHP Warning:  Undefined array key "Indonesia" in /home/u6583521/public_html/zlinks.id/app/controllers/Sitemap.php on line 98
[10-Apr-2025 08:05:35 UTC] PHP Warning:  Attempt to read property "type" on null in /home/u6583521/public_html/zlinks.id/themes/altum/views/partials/footer.php on line 100
[10-Apr-2025 08:05:40 UTC] PHP Warning:  Undefined array key "is_newsletter_subscribed" in /home/u6583521/public_html/zlinks.id/app/controllers/Register.php on line 61
[10-Apr-2025 08:06:27 UTC] PHP Warning:  Attempt to read property "type" on null in /home/u6583521/public_html/zlinks.id/themes/altum/views/partials/footer.php on line 100
[10-Apr-2025 08:07:06 UTC] PHP Warning:  Attempt to read property "type" on null in /home/u6583521/public_html/zlinks.id/themes/altum/views/partials/footer.php on line 100
[10-Apr-2025 08:07:18 UTC] PHP Warning:  Undefined property: stdClass::$last_submissions_is_enabled in /home/u6583521/public_html/zlinks.id/themes/altum/views/tools/tool_widget_frankfurt.php on line 26
[10-Apr-2025 08:07:18 UTC] PHP Warning:  Attempt to read property "type" on null in /home/u6583521/public_html/zlinks.id/themes/altum/views/partials/footer.php on line 100
[10-Apr-2025 08:10:48 UTC] PHP Warning:  Attempt to read property "type" on null in /home/u6583521/public_html/zlinks.id/themes/altum/views/partials/footer.php on line 100
[10-Apr-2025 08:12:18 UTC] PHP Warning:  Attempt to read property "type" on null in /home/u6583521/public_html/zlinks.id/themes/altum/views/partials/footer.php on line 100
[10-Apr-2025 08:14:06 UTC] PHP Warning:  Attempt to read property "type" on null in /home/u6583521/public_html/zlinks.id/themes/altum/views/partials/footer.php on line 100
[10-Apr-2025 08:18:15 UTC] PHP Warning:  Attempt to read property "type" on null in /home/u6583521/public_html/zlinks.id/themes/altum/views/partials/footer.php on line 100
[10-Apr-2025 08:19:11 UTC] PHP Warning:  Attempt to read property "type" on null in /home/u6583521/public_html/zlinks.id/themes/altum/views/partials/footer.php on line 100
[10-Apr-2025 08:23:01 UTC] PHP Warning:  Undefined property: stdClass::$last_submissions_is_enabled in /home/u6583521/public_html/zlinks.id/themes/altum/views/tools/tool_widget_frankfurt.php on line 26
[10-Apr-2025 08:23:01 UTC] PHP Warning:  Attempt to read property "type" on null in /home/u6583521/public_html/zlinks.id/themes/altum/views/partials/footer.php on line 100
[10-Apr-2025 08:24:11 UTC] PHP Warning:  Attempt to read property "type" on null in /home/u6583521/public_html/zlinks.id/themes/altum/views/partials/footer.php on line 100
[10-Apr-2025 08:26:16 UTC] PHP Warning:  Attempt to read property "type" on null in /home/u6583521/public_html/zlinks.id/themes/altum/views/partials/footer.php on line 100
[10-Apr-2025 08:29:58 UTC] PHP Warning:  Attempt to read property "type" on null in /home/u6583521/public_html/zlinks.id/themes/altum/views/partials/footer.php on line 100
[10-Apr-2025 08:36:47 UTC] PHP Warning:  Undefined property: stdClass::$last_submissions_is_enabled in /home/u6583521/public_html/zlinks.id/themes/altum/views/tools/tool_widget_frankfurt.php on line 26
[10-Apr-2025 08:36:47 UTC] PHP Warning:  Attempt to read property "type" on null in /home/u6583521/public_html/zlinks.id/themes/altum/views/partials/footer.php on line 100
[10-Apr-2025 08:50:16 UTC] PHP Warning:  Attempt to read property "type" on null in /home/u6583521/public_html/zlinks.id/themes/altum/views/partials/footer.php on line 100
[10-Apr-2025 08:52:10 UTC] PHP Warning:  Undefined property: stdClass::$last_submissions_is_enabled in /home/u6583521/public_html/zlinks.id/themes/altum/views/tools/tool_widget_frankfurt.php on line 26
[10-Apr-2025 08:52:10 UTC] PHP Warning:  Attempt to read property "type" on null in /home/u6583521/public_html/zlinks.id/themes/altum/views/partials/footer.php on line 100
[10-Apr-2025 08:53:38 UTC] PHP Warning:  Attempt to read property "type" on null in /home/u6583521/public_html/zlinks.id/themes/altum/views/partials/footer.php on line 100
[10-Apr-2025 08:58:48 UTC] PHP Warning:  Attempt to read property "type" on null in /home/u6583521/public_html/zlinks.id/themes/altum/views/partials/footer.php on line 100
[10-Apr-2025 08:59:22 UTC] PHP Warning:  Attempt to read property "type" on null in /home/u6583521/public_html/zlinks.id/themes/altum/views/partials/footer.php on line 100
[10-Apr-2025 09:04:58 UTC] PHP Warning:  Attempt to read property "type" on null in /home/u6583521/public_html/zlinks.id/themes/altum/views/partials/footer.php on line 100
[10-Apr-2025 09:09:58 UTC] PHP Warning:  Attempt to read property "type" on null in /home/u6583521/public_html/zlinks.id/themes/altum/views/partials/footer.php on line 100
[10-Apr-2025 09:12:09 UTC] PHP Warning:  Attempt to read property "type" on null in /home/u6583521/public_html/zlinks.id/themes/altum/views/partials/footer.php on line 100
[10-Apr-2025 09:12:47 UTC] PHP Warning:  Attempt to read property "type" on null in /home/u6583521/public_html/zlinks.id/themes/altum/views/partials/footer.php on line 100
[10-Apr-2025 09:16:33 UTC] PHP Warning:  Attempt to read property "type" on null in /home/u6583521/public_html/zlinks.id/themes/altum/views/partials/footer.php on line 100
[10-Apr-2025 09:17:00 UTC] PHP Warning:  Attempt to read property "type" on null in /home/u6583521/public_html/zlinks.id/themes/altum/views/partials/footer.php on line 100
[10-Apr-2025 09:17:28 UTC] PHP Warning:  Attempt to read property "type" on null in /home/u6583521/public_html/zlinks.id/themes/altum/views/partials/footer.php on line 100
[10-Apr-2025 09:19:48 UTC] PHP Warning:  Attempt to read property "type" on null in /home/u6583521/public_html/zlinks.id/themes/altum/views/partials/footer.php on line 100
[10-Apr-2025 09:19:57 UTC] PHP Warning:  Attempt to read property "type" on null in /home/u6583521/public_html/zlinks.id/themes/altum/views/partials/footer.php on line 100
[10-Apr-2025 09:20:39 UTC] PHP Warning:  Undefined property: stdClass::$last_submissions_is_enabled in /home/u6583521/public_html/zlinks.id/themes/altum/views/tools/tool_widget_frankfurt.php on line 26
[10-Apr-2025 09:20:39 UTC] PHP Warning:  Attempt to read property "type" on null in /home/u6583521/public_html/zlinks.id/themes/altum/views/partials/footer.php on line 100
[10-Apr-2025 09:22:19 UTC] PHP Warning:  Undefined property: stdClass::$last_submissions_is_enabled in /home/u6583521/public_html/zlinks.id/themes/altum/views/tools/tool_widget_frankfurt.php on line 26
[10-Apr-2025 09:22:19 UTC] PHP Warning:  Attempt to read property "type" on null in /home/u6583521/public_html/zlinks.id/themes/altum/views/partials/footer.php on line 100
[10-Apr-2025 09:26:09 UTC] PHP Warning:  Attempt to read property "type" on null in /home/u6583521/public_html/zlinks.id/themes/altum/views/partials/footer.php on line 100
[10-Apr-2025 09:29:26 UTC] PHP Warning:  Attempt to read property "type" on null in /home/u6583521/public_html/zlinks.id/themes/altum/views/partials/footer.php on line 100
[10-Apr-2025 09:32:41 UTC] PHP Warning:  Attempt to read property "plan_settings" on null in /home/u6583521/public_html/zlinks.id/themes/altum/views/directory/index.php on line 23
[10-Apr-2025 09:32:41 UTC] PHP Warning:  Attempt to read property "export" on null in /home/u6583521/public_html/zlinks.id/themes/altum/views/directory/index.php on line 23
[10-Apr-2025 09:32:41 UTC] PHP Warning:  Attempt to read property "csv" on null in /home/u6583521/public_html/zlinks.id/themes/altum/views/directory/index.php on line 23
[10-Apr-2025 09:32:41 UTC] PHP Warning:  Attempt to read property "plan_settings" on null in /home/u6583521/public_html/zlinks.id/themes/altum/views/directory/index.php on line 26
[10-Apr-2025 09:32:41 UTC] PHP Warning:  Attempt to read property "export" on null in /home/u6583521/public_html/zlinks.id/themes/altum/views/directory/index.php on line 26
[10-Apr-2025 09:32:41 UTC] PHP Warning:  Attempt to read property "json" on null in /home/u6583521/public_html/zlinks.id/themes/altum/views/directory/index.php on line 26
[10-Apr-2025 09:32:41 UTC] PHP Warning:  Attempt to read property "plan_settings" on null in /home/u6583521/public_html/zlinks.id/themes/altum/views/directory/index.php on line 29
[10-Apr-2025 09:32:41 UTC] PHP Warning:  Attempt to read property "export" on null in /home/u6583521/public_html/zlinks.id/themes/altum/views/directory/index.php on line 29
[10-Apr-2025 09:32:41 UTC] PHP Warning:  Attempt to read property "pdf" on null in /home/u6583521/public_html/zlinks.id/themes/altum/views/directory/index.php on line 29
[10-Apr-2025 09:32:41 UTC] PHP Warning:  Attempt to read property "type" on null in /home/u6583521/public_html/zlinks.id/themes/altum/views/partials/footer.php on line 100
[10-Apr-2025 09:32:47 UTC] PHP Warning:  Undefined array key "is_newsletter_subscribed" in /home/u6583521/public_html/zlinks.id/app/controllers/Register.php on line 61
[10-Apr-2025 09:36:22 UTC] PHP Warning:  Undefined property: stdClass::$last_submissions_is_enabled in /home/u6583521/public_html/zlinks.id/themes/altum/views/tools/tool_widget_frankfurt.php on line 26
[10-Apr-2025 09:36:22 UTC] PHP Warning:  Attempt to read property "type" on null in /home/u6583521/public_html/zlinks.id/themes/altum/views/partials/footer.php on line 100
[10-Apr-2025 09:43:59 UTC] PHP Warning:  Attempt to read property "type" on null in /home/u6583521/public_html/zlinks.id/themes/altum/views/partials/footer.php on line 100
[10-Apr-2025 09:44:17 UTC] PHP Warning:  Attempt to read property "type" on null in /home/u6583521/public_html/zlinks.id/themes/altum/views/partials/footer.php on line 100
[10-Apr-2025 09:44:23 UTC] PHP Warning:  Attempt to read property "type" on null in /home/u6583521/public_html/zlinks.id/themes/altum/views/partials/footer.php on line 100
[10-Apr-2025 09:48:11 UTC] PHP Warning:  Attempt to read property "type" on null in /home/u6583521/public_html/zlinks.id/themes/altum/views/partials/footer.php on line 100
[10-Apr-2025 09:50:20 UTC] PHP Warning:  Undefined property: stdClass::$last_submissions_is_enabled in /home/u6583521/public_html/zlinks.id/themes/altum/views/tools/tool_widget_frankfurt.php on line 26
[10-Apr-2025 09:50:20 UTC] PHP Warning:  Attempt to read property "type" on null in /home/u6583521/public_html/zlinks.id/themes/altum/views/partials/footer.php on line 100
[10-Apr-2025 09:52:28 UTC] PHP Warning:  Attempt to read property "type" on null in /home/u6583521/public_html/zlinks.id/themes/altum/views/partials/footer.php on line 100
[10-Apr-2025 09:53:26 UTC] PHP Warning:  Attempt to read property "type" on null in /home/u6583521/public_html/zlinks.id/themes/altum/views/partials/footer.php on line 100
[10-Apr-2025 09:53:58 UTC] PHP Warning:  Attempt to read property "type" on null in /home/u6583521/public_html/zlinks.id/themes/altum/views/partials/footer.php on line 100
[10-Apr-2025 09:53:59 UTC] PHP Warning:  Attempt to read property "type" on null in /home/u6583521/public_html/zlinks.id/themes/altum/views/partials/footer.php on line 100
[10-Apr-2025 09:54:10 UTC] PHP Warning:  Attempt to read property "type" on null in /home/u6583521/public_html/zlinks.id/themes/altum/views/partials/footer.php on line 100
[10-Apr-2025 09:54:24 UTC] PHP Warning:  Attempt to read property "type" on null in /home/u6583521/public_html/zlinks.id/themes/altum/views/partials/footer.php on line 100
[10-Apr-2025 09:56:09 UTC] PHP Warning:  Attempt to read property "type" on null in /home/u6583521/public_html/zlinks.id/themes/altum/views/partials/footer.php on line 100
[10-Apr-2025 10:02:15 UTC] PHP Warning:  Attempt to read property "type" on null in /home/u6583521/public_html/zlinks.id/themes/altum/views/partials/footer.php on line 100
[10-Apr-2025 10:05:03 UTC] PHP Warning:  Undefined property: stdClass::$last_submissions_is_enabled in /home/u6583521/public_html/zlinks.id/themes/altum/views/tools/tool_widget_frankfurt.php on line 26
[10-Apr-2025 10:05:03 UTC] PHP Warning:  Attempt to read property "type" on null in /home/u6583521/public_html/zlinks.id/themes/altum/views/partials/footer.php on line 100
[10-Apr-2025 10:08:00 UTC] PHP Warning:  Attempt to read property "type" on null in /home/u6583521/public_html/zlinks.id/themes/altum/views/partials/footer.php on line 100
[10-Apr-2025 10:10:48 UTC] PHP Warning:  Attempt to read property "type" on null in /home/u6583521/public_html/zlinks.id/themes/altum/views/partials/footer.php on line 100
[10-Apr-2025 10:24:16 UTC] PHP Warning:  Undefined property: stdClass::$last_submissions_is_enabled in /home/u6583521/public_html/zlinks.id/themes/altum/views/tools/tool_widget_frankfurt.php on line 26
[10-Apr-2025 10:24:16 UTC] PHP Warning:  Attempt to read property "type" on null in /home/u6583521/public_html/zlinks.id/themes/altum/views/partials/footer.php on line 100
[10-Apr-2025 10:29:47 UTC] PHP Warning:  Attempt to read property "type" on null in /home/u6583521/public_html/zlinks.id/themes/altum/views/partials/footer.php on line 100
[10-Apr-2025 10:30:01 UTC] PHP Warning:  Undefined array key "is_newsletter_subscribed" in /home/u6583521/public_html/zlinks.id/app/controllers/Register.php on line 61
[10-Apr-2025 10:31:34 UTC] PHP Warning:  Attempt to read property "type" on null in /home/u6583521/public_html/zlinks.id/themes/altum/views/partials/footer.php on line 100
[10-Apr-2025 10:33:10 UTC] PHP Warning:  Undefined property: stdClass::$last_submissions_is_enabled in /home/u6583521/public_html/zlinks.id/themes/altum/views/tools/tool_widget_frankfurt.php on line 26
[10-Apr-2025 10:33:10 UTC] PHP Warning:  Attempt to read property "type" on null in /home/u6583521/public_html/zlinks.id/themes/altum/views/partials/footer.php on line 100
[10-Apr-2025 10:35:02 UTC] PHP Warning:  Undefined property: stdClass::$last_submissions_is_enabled in /home/u6583521/public_html/zlinks.id/themes/altum/views/tools/tool_widget_frankfurt.php on line 26
[10-Apr-2025 10:35:02 UTC] PHP Warning:  Attempt to read property "type" on null in /home/u6583521/public_html/zlinks.id/themes/altum/views/partials/footer.php on line 100
[10-Apr-2025 10:35:06 UTC] PHP Warning:  Undefined property: stdClass::$last_submissions_is_enabled in /home/u6583521/public_html/zlinks.id/themes/altum/views/tools/tool_widget_frankfurt.php on line 26
[10-Apr-2025 10:35:06 UTC] PHP Warning:  Attempt to read property "type" on null in /home/u6583521/public_html/zlinks.id/themes/altum/views/partials/footer.php on line 100
[10-Apr-2025 10:36:01 UTC] PHP Warning:  Undefined property: stdClass::$last_submissions_is_enabled in /home/u6583521/public_html/zlinks.id/themes/altum/views/tools/tool_widget_frankfurt.php on line 26
[10-Apr-2025 10:36:01 UTC] PHP Warning:  Attempt to read property "type" on null in /home/u6583521/public_html/zlinks.id/themes/altum/views/partials/footer.php on line 100
[10-Apr-2025 10:50:01 UTC] PHP Warning:  Undefined property: stdClass::$last_submissions_is_enabled in /home/u6583521/public_html/zlinks.id/themes/altum/views/tools/tool_widget_frankfurt.php on line 26
[10-Apr-2025 10:50:01 UTC] PHP Warning:  Attempt to read property "type" on null in /home/u6583521/public_html/zlinks.id/themes/altum/views/partials/footer.php on line 100
[10-Apr-2025 10:57:39 UTC] PHP Warning:  Attempt to read property "type" on null in /home/u6583521/public_html/zlinks.id/themes/altum/views/partials/footer.php on line 100
[10-Apr-2025 10:58:23 UTC] PHP Warning:  Undefined property: stdClass::$last_submissions_is_enabled in /home/u6583521/public_html/zlinks.id/themes/altum/views/tools/tool_widget_frankfurt.php on line 26
[10-Apr-2025 10:58:23 UTC] PHP Warning:  Attempt to read property "type" on null in /home/u6583521/public_html/zlinks.id/themes/altum/views/partials/footer.php on line 100
[10-Apr-2025 11:08:07 UTC] PHP Warning:  Undefined property: stdClass::$last_submissions_is_enabled in /home/u6583521/public_html/zlinks.id/themes/altum/views/tools/tool_widget_frankfurt.php on line 26
[10-Apr-2025 11:08:07 UTC] PHP Warning:  Attempt to read property "type" on null in /home/u6583521/public_html/zlinks.id/themes/altum/views/partials/footer.php on line 100
[10-Apr-2025 11:09:16 UTC] PHP Warning:  Undefined property: stdClass::$last_submissions_is_enabled in /home/u6583521/public_html/zlinks.id/themes/altum/views/tools/tool_widget_frankfurt.php on line 26
[10-Apr-2025 11:09:16 UTC] PHP Warning:  Attempt to read property "type" on null in /home/u6583521/public_html/zlinks.id/themes/altum/views/partials/footer.php on line 100
[10-Apr-2025 11:11:16 UTC] PHP Warning:  Undefined property: stdClass::$background_color in /home/u6583521/public_html/zlinks.id/themes/altum/views/l/biolink_blocks/socials.php on line 29
[10-Apr-2025 11:11:16 UTC] PHP Warning:  Undefined property: stdClass::$pwa_is_enabled in /home/u6583521/public_html/zlinks.id/themes/altum/views/l/biolink_wrapper.php on line 11
[10-Apr-2025 11:16:05 UTC] PHP Warning:  Undefined property: stdClass::$last_submissions_is_enabled in /home/u6583521/public_html/zlinks.id/themes/altum/views/tools/tool_widget_frankfurt.php on line 26
[10-Apr-2025 11:16:05 UTC] PHP Warning:  Attempt to read property "type" on null in /home/u6583521/public_html/zlinks.id/themes/altum/views/partials/footer.php on line 100
[10-Apr-2025 11:16:28 UTC] PHP Warning:  Undefined property: stdClass::$last_submissions_is_enabled in /home/u6583521/public_html/zlinks.id/themes/altum/views/tools/tool_widget_frankfurt.php on line 26
[10-Apr-2025 11:16:28 UTC] PHP Warning:  Attempt to read property "type" on null in /home/u6583521/public_html/zlinks.id/themes/altum/views/partials/footer.php on line 100
[10-Apr-2025 11:17:08 UTC] PHP Warning:  Attempt to read property "type" on null in /home/u6583521/public_html/zlinks.id/themes/altum/views/partials/footer.php on line 100
[10-Apr-2025 11:17:15 UTC] PHP Warning:  Attempt to read property "type" on null in /home/u6583521/public_html/zlinks.id/themes/altum/views/partials/footer.php on line 100
[10-Apr-2025 11:17:41 UTC] PHP Warning:  Attempt to read property "type" on null in /home/u6583521/public_html/zlinks.id/themes/altum/views/partials/footer.php on line 100
[10-Apr-2025 11:17:41 UTC] PHP Warning:  Attempt to read property "type" on null in /home/u6583521/public_html/zlinks.id/themes/altum/views/partials/footer.php on line 100
[10-Apr-2025 11:17:41 UTC] PHP Warning:  Attempt to read property "type" on null in /home/u6583521/public_html/zlinks.id/themes/altum/views/partials/footer.php on line 100
[10-Apr-2025 11:18:09 UTC] PHP Warning:  Attempt to read property "type" on null in /home/u6583521/public_html/zlinks.id/themes/altum/views/partials/footer.php on line 100
[10-Apr-2025 11:18:09 UTC] PHP Warning:  Attempt to read property "type" on null in /home/u6583521/public_html/zlinks.id/themes/altum/views/partials/footer.php on line 100
[10-Apr-2025 11:18:16 UTC] PHP Warning:  Attempt to read property "type" on null in /home/u6583521/public_html/zlinks.id/themes/altum/views/partials/footer.php on line 100
[10-Apr-2025 11:18:20 UTC] PHP Warning:  Attempt to read property "type" on null in /home/u6583521/public_html/zlinks.id/themes/altum/views/partials/footer.php on line 100
[10-Apr-2025 11:18:20 UTC] PHP Warning:  Attempt to read property "type" on null in /home/u6583521/public_html/zlinks.id/themes/altum/views/partials/footer.php on line 100
[10-Apr-2025 11:18:21 UTC] PHP Warning:  Attempt to read property "type" on null in /home/u6583521/public_html/zlinks.id/themes/altum/views/partials/footer.php on line 100
[10-Apr-2025 11:18:21 UTC] PHP Warning:  Attempt to read property "type" on null in /home/u6583521/public_html/zlinks.id/themes/altum/views/partials/footer.php on line 100
[10-Apr-2025 11:18:21 UTC] PHP Warning:  Attempt to read property "type" on null in /home/u6583521/public_html/zlinks.id/themes/altum/views/partials/footer.php on line 100
[10-Apr-2025 11:18:21 UTC] PHP Warning:  Attempt to read property "type" on null in /home/u6583521/public_html/zlinks.id/themes/altum/views/partials/footer.php on line 100
[10-Apr-2025 11:18:21 UTC] PHP Warning:  Attempt to read property "type" on null in /home/u6583521/public_html/zlinks.id/themes/altum/views/partials/footer.php on line 100
[10-Apr-2025 11:18:21 UTC] PHP Warning:  Attempt to read property "type" on null in /home/u6583521/public_html/zlinks.id/themes/altum/views/partials/footer.php on line 100
[10-Apr-2025 11:18:21 UTC] PHP Warning:  Attempt to read property "type" on null in /home/u6583521/public_html/zlinks.id/themes/altum/views/partials/footer.php on line 100
[10-Apr-2025 11:18:21 UTC] PHP Warning:  Attempt to read property "type" on null in /home/u6583521/public_html/zlinks.id/themes/altum/views/partials/footer.php on line 100
[10-Apr-2025 11:18:21 UTC] PHP Warning:  Attempt to read property "type" on null in /home/u6583521/public_html/zlinks.id/themes/altum/views/partials/footer.php on line 100
[10-Apr-2025 11:19:32 UTC] PHP Warning:  Attempt to read property "type" on null in /home/u6583521/public_html/zlinks.id/themes/altum/views/partials/footer.php on line 100
[10-Apr-2025 11:19:43 UTC] PHP Warning:  Attempt to read property "type" on null in /home/u6583521/public_html/zlinks.id/themes/altum/views/partials/footer.php on line 100
[10-Apr-2025 11:21:22 UTC] PHP Warning:  Attempt to read property "type" on null in /home/u6583521/public_html/zlinks.id/themes/altum/views/partials/footer.php on line 100
[10-Apr-2025 11:33:38 UTC] PHP Warning:  Undefined property: stdClass::$last_submissions_is_enabled in /home/u6583521/public_html/zlinks.id/themes/altum/views/tools/tool_widget_frankfurt.php on line 26
[10-Apr-2025 11:33:38 UTC] PHP Warning:  Attempt to read property "type" on null in /home/u6583521/public_html/zlinks.id/themes/altum/views/partials/footer.php on line 100
[10-Apr-2025 11:46:12 UTC] PHP Warning:  Attempt to read property "type" on null in /home/u6583521/public_html/zlinks.id/themes/altum/views/partials/footer.php on line 100
[10-Apr-2025 11:46:18 UTC] PHP Warning:  Attempt to read property "type" on null in /home/u6583521/public_html/zlinks.id/themes/altum/views/partials/footer.php on line 100
[10-Apr-2025 11:51:29 UTC] PHP Warning:  Undefined property: stdClass::$last_submissions_is_enabled in /home/u6583521/public_html/zlinks.id/themes/altum/views/tools/tool_widget_frankfurt.php on line 26
[10-Apr-2025 11:51:29 UTC] PHP Warning:  Attempt to read property "type" on null in /home/u6583521/public_html/zlinks.id/themes/altum/views/partials/footer.php on line 100
[10-Apr-2025 11:55:11 UTC] PHP Warning:  Undefined property: stdClass::$last_submissions_is_enabled in /home/u6583521/public_html/zlinks.id/themes/altum/views/tools/tool_widget_frankfurt.php on line 26
[10-Apr-2025 11:55:11 UTC] PHP Warning:  Attempt to read property "type" on null in /home/u6583521/public_html/zlinks.id/themes/altum/views/partials/footer.php on line 100
[10-Apr-2025 12:07:03 UTC] PHP Warning:  Undefined array key "is_newsletter_subscribed" in /home/u6583521/public_html/zlinks.id/app/controllers/Register.php on line 61
[10-Apr-2025 12:08:29 UTC] PHP Warning:  Attempt to read property "type" on null in /home/u6583521/public_html/zlinks.id/themes/altum/views/partials/footer.php on line 100
[10-Apr-2025 12:13:22 UTC] PHP Warning:  Undefined property: stdClass::$last_submissions_is_enabled in /home/u6583521/public_html/zlinks.id/themes/altum/views/tools/tool_widget_frankfurt.php on line 26
[10-Apr-2025 12:13:22 UTC] PHP Warning:  Attempt to read property "type" on null in /home/u6583521/public_html/zlinks.id/themes/altum/views/partials/footer.php on line 100
[10-Apr-2025 12:13:30 UTC] PHP Warning:  Undefined property: stdClass::$last_submissions_is_enabled in /home/u6583521/public_html/zlinks.id/themes/altum/views/tools/tool_widget_frankfurt.php on line 26
[10-Apr-2025 12:13:30 UTC] PHP Warning:  Attempt to read property "type" on null in /home/u6583521/public_html/zlinks.id/themes/altum/views/partials/footer.php on line 100
[10-Apr-2025 12:18:53 UTC] PHP Warning:  Attempt to read property "type" on null in /home/u6583521/public_html/zlinks.id/themes/altum/views/partials/footer.php on line 100
[10-Apr-2025 12:18:58 UTC] PHP Warning:  Undefined array key "is_newsletter_subscribed" in /home/u6583521/public_html/zlinks.id/app/controllers/Register.php on line 61
[10-Apr-2025 12:30:26 UTC] PHP Warning:  Attempt to read property "type" on null in /home/u6583521/public_html/zlinks.id/themes/altum/views/partials/footer.php on line 100
[10-Apr-2025 12:31:50 UTC] PHP Warning:  Attempt to read property "type" on null in /home/u6583521/public_html/zlinks.id/themes/altum/views/partials/footer.php on line 100
[10-Apr-2025 12:31:52 UTC] PHP Warning:  Attempt to read property "type" on null in /home/u6583521/public_html/zlinks.id/themes/altum/views/partials/footer.php on line 100
[10-Apr-2025 12:32:03 UTC] PHP Warning:  Attempt to read property "type" on null in /home/u6583521/public_html/zlinks.id/themes/altum/views/partials/footer.php on line 100
[10-Apr-2025 12:32:24 UTC] PHP Warning:  Undefined property: stdClass::$last_submissions_is_enabled in /home/u6583521/public_html/zlinks.id/themes/altum/views/tools/tool_widget_frankfurt.php on line 26
[10-Apr-2025 12:32:24 UTC] PHP Warning:  Attempt to read property "type" on null in /home/u6583521/public_html/zlinks.id/themes/altum/views/partials/footer.php on line 100
[10-Apr-2025 12:39:21 UTC] PHP Warning:  Attempt to read property "type" on null in /home/u6583521/public_html/zlinks.id/themes/altum/views/partials/footer.php on line 100
[10-Apr-2025 12:39:23 UTC] PHP Warning:  Attempt to read property "type" on null in /home/u6583521/public_html/zlinks.id/themes/altum/views/partials/footer.php on line 100
[10-Apr-2025 12:39:54 UTC] PHP Warning:  Attempt to read property "type" on null in /home/u6583521/public_html/zlinks.id/themes/altum/views/partials/footer.php on line 100
[10-Apr-2025 12:51:55 UTC] PHP Warning:  Undefined property: stdClass::$last_submissions_is_enabled in /home/u6583521/public_html/zlinks.id/themes/altum/views/tools/tool_widget_frankfurt.php on line 26
[10-Apr-2025 12:51:55 UTC] PHP Warning:  Attempt to read property "type" on null in /home/u6583521/public_html/zlinks.id/themes/altum/views/partials/footer.php on line 100
[10-Apr-2025 13:12:20 UTC] PHP Warning:  Attempt to read property "plan_settings" on null in /home/u6583521/public_html/zlinks.id/themes/altum/views/directory/index.php on line 23
[10-Apr-2025 13:12:20 UTC] PHP Warning:  Attempt to read property "export" on null in /home/u6583521/public_html/zlinks.id/themes/altum/views/directory/index.php on line 23
[10-Apr-2025 13:12:20 UTC] PHP Warning:  Attempt to read property "csv" on null in /home/u6583521/public_html/zlinks.id/themes/altum/views/directory/index.php on line 23
[10-Apr-2025 13:12:20 UTC] PHP Warning:  Attempt to read property "plan_settings" on null in /home/u6583521/public_html/zlinks.id/themes/altum/views/directory/index.php on line 26
[10-Apr-2025 13:12:20 UTC] PHP Warning:  Attempt to read property "export" on null in /home/u6583521/public_html/zlinks.id/themes/altum/views/directory/index.php on line 26
[10-Apr-2025 13:12:20 UTC] PHP Warning:  Attempt to read property "json" on null in /home/u6583521/public_html/zlinks.id/themes/altum/views/directory/index.php on line 26
[10-Apr-2025 13:12:20 UTC] PHP Warning:  Attempt to read property "plan_settings" on null in /home/u6583521/public_html/zlinks.id/themes/altum/views/directory/index.php on line 29
[10-Apr-2025 13:12:20 UTC] PHP Warning:  Attempt to read property "export" on null in /home/u6583521/public_html/zlinks.id/themes/altum/views/directory/index.php on line 29
[10-Apr-2025 13:12:20 UTC] PHP Warning:  Attempt to read property "pdf" on null in /home/u6583521/public_html/zlinks.id/themes/altum/views/directory/index.php on line 29
[10-Apr-2025 13:12:20 UTC] PHP Warning:  Attempt to read property "type" on null in /home/u6583521/public_html/zlinks.id/themes/altum/views/partials/footer.php on line 100
[10-Apr-2025 13:12:26 UTC] PHP Warning:  Undefined array key "is_newsletter_subscribed" in /home/u6583521/public_html/zlinks.id/app/controllers/Register.php on line 61
[10-Apr-2025 13:12:35 UTC] PHP Warning:  Attempt to read property "type" on null in /home/u6583521/public_html/zlinks.id/themes/altum/views/partials/footer.php on line 100
[10-Apr-2025 13:12:37 UTC] PHP Warning:  Attempt to read property "type" on null in /home/u6583521/public_html/zlinks.id/themes/altum/views/partials/footer.php on line 100
[10-Apr-2025 13:14:33 UTC] PHP Warning:  Undefined property: stdClass::$last_submissions_is_enabled in /home/u6583521/public_html/zlinks.id/themes/altum/views/tools/tool_widget_frankfurt.php on line 26
[10-Apr-2025 13:14:33 UTC] PHP Warning:  Attempt to read property "type" on null in /home/u6583521/public_html/zlinks.id/themes/altum/views/partials/footer.php on line 100
[10-Apr-2025 13:26:53 UTC] PHP Warning:  Attempt to read property "type" on null in /home/u6583521/public_html/zlinks.id/themes/altum/views/partials/footer.php on line 100
[10-Apr-2025 13:32:33 UTC] PHP Warning:  Attempt to read property "type" on null in /home/u6583521/public_html/zlinks.id/themes/altum/views/partials/footer.php on line 100
[10-Apr-2025 13:51:01 UTC] PHP Warning:  Undefined property: stdClass::$last_submissions_is_enabled in /home/u6583521/public_html/zlinks.id/themes/altum/views/tools/tool_widget_frankfurt.php on line 26
[10-Apr-2025 13:51:01 UTC] PHP Warning:  Attempt to read property "type" on null in /home/u6583521/public_html/zlinks.id/themes/altum/views/partials/footer.php on line 100
[10-Apr-2025 14:09:58 UTC] PHP Warning:  Undefined property: stdClass::$background_color in /home/u6583521/public_html/zlinks.id/themes/altum/views/l/biolink_blocks/socials.php on line 29
[10-Apr-2025 14:09:58 UTC] PHP Warning:  Undefined property: stdClass::$pwa_is_enabled in /home/u6583521/public_html/zlinks.id/themes/altum/views/l/biolink_wrapper.php on line 11
[10-Apr-2025 14:12:29 UTC] PHP Warning:  Attempt to read property "type" on null in /home/u6583521/public_html/zlinks.id/themes/altum/views/partials/footer.php on line 100
[10-Apr-2025 14:13:48 UTC] PHP Warning:  Attempt to read property "type" on null in /home/u6583521/public_html/zlinks.id/themes/altum/views/partials/footer.php on line 100
[10-Apr-2025 14:27:45 UTC] PHP Warning:  Undefined property: stdClass::$pwa_is_enabled in /home/u6583521/public_html/zlinks.id/themes/altum/views/l/biolink_wrapper.php on line 11
[10-Apr-2025 14:28:21 UTC] PHP Warning:  Attempt to read property "type" on null in /home/u6583521/public_html/zlinks.id/themes/altum/views/partials/footer.php on line 100
[10-Apr-2025 14:28:24 UTC] PHP Warning:  Undefined array key "is_newsletter_subscribed" in /home/u6583521/public_html/zlinks.id/app/controllers/Register.php on line 61
[10-Apr-2025 14:46:39 UTC] PHP Warning:  Undefined property: stdClass::$last_submissions_is_enabled in /home/u6583521/public_html/zlinks.id/themes/altum/views/tools/tool_widget_frankfurt.php on line 26
[10-Apr-2025 14:46:39 UTC] PHP Warning:  Attempt to read property "type" on null in /home/u6583521/public_html/zlinks.id/themes/altum/views/partials/footer.php on line 100
[10-Apr-2025 15:11:29 UTC] PHP Warning:  Undefined property: stdClass::$last_submissions_is_enabled in /home/u6583521/public_html/zlinks.id/themes/altum/views/tools/tool_widget_frankfurt.php on line 26
[10-Apr-2025 15:11:29 UTC] PHP Warning:  Attempt to read property "type" on null in /home/u6583521/public_html/zlinks.id/themes/altum/views/partials/footer.php on line 100
[10-Apr-2025 15:14:03 UTC] PHP Warning:  Undefined array key "is_newsletter_subscribed" in /home/u6583521/public_html/zlinks.id/app/controllers/Register.php on line 61
[10-Apr-2025 15:27:47 UTC] PHP Warning:  Attempt to read property "type" on null in /home/u6583521/public_html/zlinks.id/themes/altum/views/partials/footer.php on line 100
[10-Apr-2025 15:27:48 UTC] PHP Warning:  Attempt to read property "type" on null in /home/u6583521/public_html/zlinks.id/themes/altum/views/partials/footer.php on line 100
[10-Apr-2025 15:32:36 UTC] PHP Warning:  Undefined property: stdClass::$last_submissions_is_enabled in /home/u6583521/public_html/zlinks.id/themes/altum/views/tools/tool_widget_frankfurt.php on line 26
[10-Apr-2025 15:32:36 UTC] PHP Warning:  Attempt to read property "type" on null in /home/u6583521/public_html/zlinks.id/themes/altum/views/partials/footer.php on line 100
[10-Apr-2025 15:57:51 UTC] PHP Warning:  Attempt to read property "type" on null in /home/u6583521/public_html/zlinks.id/themes/altum/views/partials/footer.php on line 100
[10-Apr-2025 16:08:54 UTC] PHP Warning:  Attempt to read property "type" on null in /home/u6583521/public_html/zlinks.id/themes/altum/views/partials/footer.php on line 100
[10-Apr-2025 16:19:11 UTC] PHP Warning:  Undefined property: stdClass::$background_color in /home/u6583521/public_html/zlinks.id/themes/altum/views/l/biolink_blocks/socials.php on line 29
[10-Apr-2025 16:19:11 UTC] PHP Warning:  Undefined property: stdClass::$pwa_is_enabled in /home/u6583521/public_html/zlinks.id/themes/altum/views/l/biolink_wrapper.php on line 11
[10-Apr-2025 16:27:28 UTC] PHP Warning:  Attempt to read property "type" on null in /home/u6583521/public_html/zlinks.id/themes/altum/views/partials/footer.php on line 100
[10-Apr-2025 16:39:38 UTC] PHP Warning:  Undefined property: stdClass::$last_submissions_is_enabled in /home/u6583521/public_html/zlinks.id/themes/altum/views/tools/tool_widget_frankfurt.php on line 26
[10-Apr-2025 16:39:38 UTC] PHP Warning:  Attempt to read property "type" on null in /home/u6583521/public_html/zlinks.id/themes/altum/views/partials/footer.php on line 100
[10-Apr-2025 16:49:30 UTC] PHP Warning:  Undefined property: stdClass::$last_submissions_is_enabled in /home/u6583521/public_html/zlinks.id/themes/altum/views/tools/tool_widget_frankfurt.php on line 26
[10-Apr-2025 16:49:30 UTC] PHP Warning:  Attempt to read property "type" on null in /home/u6583521/public_html/zlinks.id/themes/altum/views/partials/footer.php on line 100
[10-Apr-2025 16:49:33 UTC] PHP Warning:  Attempt to read property "type" on null in /home/u6583521/public_html/zlinks.id/themes/altum/views/partials/footer.php on line 100
[10-Apr-2025 16:56:36 UTC] PHP Warning:  Attempt to read property "type" on null in /home/u6583521/public_html/zlinks.id/themes/altum/views/partials/footer.php on line 100
[10-Apr-2025 17:27:56 UTC] PHP Warning:  Attempt to read property "type" on null in /home/u6583521/public_html/zlinks.id/themes/altum/views/partials/footer.php on line 100
[10-Apr-2025 17:37:24 UTC] PHP Warning:  Undefined property: stdClass::$last_submissions_is_enabled in /home/u6583521/public_html/zlinks.id/themes/altum/views/tools/tool_widget_frankfurt.php on line 26
[10-Apr-2025 17:37:24 UTC] PHP Warning:  Attempt to read property "type" on null in /home/u6583521/public_html/zlinks.id/themes/altum/views/partials/footer.php on line 100
[10-Apr-2025 17:38:52 UTC] PHP Warning:  Attempt to read property "type" on null in /home/u6583521/public_html/zlinks.id/themes/altum/views/partials/footer.php on line 100
[10-Apr-2025 17:49:49 UTC] PHP Warning:  Attempt to read property "type" on null in /home/u6583521/public_html/zlinks.id/themes/altum/views/partials/footer.php on line 100
[10-Apr-2025 17:59:06 UTC] PHP Warning:  Undefined array key "Indonesia" in /home/u6583521/public_html/zlinks.id/app/controllers/Sitemap.php on line 98
[10-Apr-2025 18:05:08 UTC] PHP Warning:  Attempt to read property "type" on null in /home/u6583521/public_html/zlinks.id/themes/altum/views/partials/footer.php on line 100
[10-Apr-2025 18:12:38 UTC] PHP Warning:  Attempt to read property "type" on null in /home/u6583521/public_html/zlinks.id/themes/altum/views/partials/footer.php on line 100
[10-Apr-2025 18:42:42 UTC] PHP Warning:  Undefined property: stdClass::$last_submissions_is_enabled in /home/u6583521/public_html/zlinks.id/themes/altum/views/tools/tool_widget_frankfurt.php on line 26
[10-Apr-2025 18:42:42 UTC] PHP Warning:  Attempt to read property "type" on null in /home/u6583521/public_html/zlinks.id/themes/altum/views/partials/footer.php on line 100
[10-Apr-2025 19:15:30 UTC] PHP Warning:  Attempt to read property "type" on null in /home/u6583521/public_html/zlinks.id/themes/altum/views/partials/footer.php on line 100
[10-Apr-2025 19:15:30 UTC] PHP Warning:  Attempt to read property "type" on null in /home/u6583521/public_html/zlinks.id/themes/altum/views/partials/footer.php on line 100
[10-Apr-2025 19:36:36 UTC] PHP Warning:  Undefined property: stdClass::$last_submissions_is_enabled in /home/u6583521/public_html/zlinks.id/themes/altum/views/tools/tool_widget_frankfurt.php on line 26
[10-Apr-2025 19:36:36 UTC] PHP Warning:  Attempt to read property "type" on null in /home/u6583521/public_html/zlinks.id/themes/altum/views/partials/footer.php on line 100
[10-Apr-2025 19:37:46 UTC] PHP Warning:  Undefined property: stdClass::$last_submissions_is_enabled in /home/u6583521/public_html/zlinks.id/themes/altum/views/tools/tool_widget_frankfurt.php on line 26
[10-Apr-2025 19:37:46 UTC] PHP Warning:  Attempt to read property "type" on null in /home/u6583521/public_html/zlinks.id/themes/altum/views/partials/footer.php on line 100
[10-Apr-2025 19:40:21 UTC] PHP Warning:  Undefined property: stdClass::$last_submissions_is_enabled in /home/u6583521/public_html/zlinks.id/themes/altum/views/tools/tool_widget_frankfurt.php on line 26
[10-Apr-2025 19:40:21 UTC] PHP Warning:  Attempt to read property "type" on null in /home/u6583521/public_html/zlinks.id/themes/altum/views/partials/footer.php on line 100
[10-Apr-2025 19:41:29 UTC] PHP Warning:  Attempt to read property "type" on null in /home/u6583521/public_html/zlinks.id/themes/altum/views/partials/footer.php on line 100
[10-Apr-2025 19:42:13 UTC] PHP Warning:  Undefined property: stdClass::$last_submissions_is_enabled in /home/u6583521/public_html/zlinks.id/themes/altum/views/tools/tool_widget_frankfurt.php on line 26
[10-Apr-2025 19:42:13 UTC] PHP Warning:  Attempt to read property "type" on null in /home/u6583521/public_html/zlinks.id/themes/altum/views/partials/footer.php on line 100
[10-Apr-2025 20:17:07 UTC] PHP Warning:  Attempt to read property "type" on null in /home/u6583521/public_html/zlinks.id/themes/altum/views/partials/footer.php on line 100
[10-Apr-2025 20:21:19 UTC] PHP Warning:  Attempt to read property "type" on null in /home/u6583521/public_html/zlinks.id/themes/altum/views/partials/footer.php on line 100
[10-Apr-2025 20:21:25 UTC] PHP Warning:  Undefined array key "is_newsletter_subscribed" in /home/u6583521/public_html/zlinks.id/app/controllers/Register.php on line 61
[10-Apr-2025 20:45:38 UTC] PHP Warning:  Undefined property: stdClass::$last_submissions_is_enabled in /home/u6583521/public_html/zlinks.id/themes/altum/views/tools/tool_widget_frankfurt.php on line 26
[10-Apr-2025 20:45:38 UTC] PHP Warning:  Attempt to read property "type" on null in /home/u6583521/public_html/zlinks.id/themes/altum/views/partials/footer.php on line 100
[10-Apr-2025 20:47:02 UTC] PHP Warning:  Attempt to read property "type" on null in /home/u6583521/public_html/zlinks.id/themes/altum/views/partials/footer.php on line 100
[10-Apr-2025 20:58:08 UTC] PHP Warning:  Attempt to read property "type" on null in /home/u6583521/public_html/zlinks.id/themes/altum/views/partials/footer.php on line 100
[10-Apr-2025 21:04:14 UTC] PHP Warning:  Undefined array key "is_newsletter_subscribed" in /home/u6583521/public_html/zlinks.id/app/controllers/Register.php on line 61
[10-Apr-2025 21:07:09 UTC] PHP Warning:  Attempt to read property "type" on null in /home/u6583521/public_html/zlinks.id/themes/altum/views/partials/footer.php on line 100
[10-Apr-2025 21:07:13 UTC] PHP Warning:  Undefined array key "is_newsletter_subscribed" in /home/u6583521/public_html/zlinks.id/app/controllers/Register.php on line 61
[10-Apr-2025 21:12:51 UTC] PHP Warning:  Attempt to read property "type" on null in /home/u6583521/public_html/zlinks.id/themes/altum/views/partials/footer.php on line 100
[10-Apr-2025 21:13:57 UTC] PHP Warning:  Undefined property: stdClass::$last_submissions_is_enabled in /home/u6583521/public_html/zlinks.id/themes/altum/views/tools/tool_widget_frankfurt.php on line 26
[10-Apr-2025 21:13:57 UTC] PHP Warning:  Attempt to read property "type" on null in /home/u6583521/public_html/zlinks.id/themes/altum/views/partials/footer.php on line 100
[10-Apr-2025 21:17:47 UTC] PHP Warning:  Undefined property: stdClass::$last_submissions_is_enabled in /home/u6583521/public_html/zlinks.id/themes/altum/views/tools/tool_widget_frankfurt.php on line 26
[10-Apr-2025 21:17:47 UTC] PHP Warning:  Attempt to read property "type" on null in /home/u6583521/public_html/zlinks.id/themes/altum/views/partials/footer.php on line 100
[10-Apr-2025 21:42:24 UTC] PHP Warning:  Attempt to read property "type" on null in /home/u6583521/public_html/zlinks.id/themes/altum/views/partials/footer.php on line 100
[10-Apr-2025 21:44:03 UTC] PHP Warning:  Undefined array key "is_newsletter_subscribed" in /home/u6583521/public_html/zlinks.id/app/controllers/Register.php on line 61
[10-Apr-2025 21:48:18 UTC] PHP Warning:  Attempt to read property "type" on null in /home/u6583521/public_html/zlinks.id/themes/altum/views/partials/footer.php on line 100
[10-Apr-2025 21:49:38 UTC] PHP Warning:  Undefined property: stdClass::$last_submissions_is_enabled in /home/u6583521/public_html/zlinks.id/themes/altum/views/tools/tool_widget_frankfurt.php on line 26
[10-Apr-2025 21:49:38 UTC] PHP Warning:  Attempt to read property "type" on null in /home/u6583521/public_html/zlinks.id/themes/altum/views/partials/footer.php on line 100
[10-Apr-2025 22:16:57 UTC] PHP Warning:  Attempt to read property "type" on null in /home/u6583521/public_html/zlinks.id/themes/altum/views/partials/footer.php on line 100
[10-Apr-2025 22:17:09 UTC] PHP Warning:  Attempt to read property "type" on null in /home/u6583521/public_html/zlinks.id/themes/altum/views/partials/footer.php on line 100
[10-Apr-2025 22:20:29 UTC] PHP Warning:  Undefined property: stdClass::$last_submissions_is_enabled in /home/u6583521/public_html/zlinks.id/themes/altum/views/tools/tool_widget_frankfurt.php on line 26
[10-Apr-2025 22:20:29 UTC] PHP Warning:  Attempt to read property "type" on null in /home/u6583521/public_html/zlinks.id/themes/altum/views/partials/footer.php on line 100
[10-Apr-2025 22:49:14 UTC] PHP Warning:  Attempt to read property "type" on null in /home/u6583521/public_html/zlinks.id/themes/altum/views/partials/footer.php on line 100
[10-Apr-2025 23:19:19 UTC] PHP Warning:  Attempt to read property "type" on null in /home/u6583521/public_html/zlinks.id/themes/altum/views/partials/footer.php on line 100
[10-Apr-2025 23:30:00 UTC] PHP Warning:  Attempt to read property "type" on null in /home/u6583521/public_html/zlinks.id/themes/altum/views/partials/footer.php on line 100
[10-Apr-2025 23:42:43 UTC] PHP Warning:  Undefined property: stdClass::$last_submissions_is_enabled in /home/u6583521/public_html/zlinks.id/themes/altum/views/tools/tool_widget_frankfurt.php on line 26
[10-Apr-2025 23:42:43 UTC] PHP Warning:  Attempt to read property "type" on null in /home/u6583521/public_html/zlinks.id/themes/altum/views/partials/footer.php on line 100
[10-Apr-2025 23:58:34 UTC] PHP Warning:  Attempt to read property "type" on null in /home/u6583521/public_html/zlinks.id/themes/altum/views/partials/footer.php on line 100
