[03-Jan-2025 02:03:49 UTC] PHP Warning:  Undefined property: stdClass::$is_enabled in /home/u6583521/public_html/zlinks.id/themes/altum/views/wrapper.php on line 10
[03-Jan-2025 03:03:59 UTC] PHP Warning:  Undefined property: stdClass::$is_enabled in /home/u6583521/public_html/zlinks.id/themes/altum/views/l/biolink_wrapper.php on line 10
[03-Jan-2025 03:04:06 UTC] PHP Warning:  Undefined property: stdClass::$splash_page_id in /home/u6583521/public_html/zlinks.id/app/controllers/l/Link.php on line 114
[03-Jan-2025 03:04:06 UTC] PHP Warning:  Undefined property: stdClass::$password in /home/u6583521/public_html/zlinks.id/app/controllers/l/Link.php on line 179
[03-Jan-2025 03:04:06 UTC] PHP Warning:  Undefined property: stdClass::$sensitive_content in /home/u6583521/public_html/zlinks.id/app/controllers/l/Link.php on line 208
[03-Jan-2025 04:11:39 UTC] PHP Warning:  Undefined property: stdClass::$is_enabled in /home/u6583521/public_html/zlinks.id/themes/altum/views/l/biolink_wrapper.php on line 10
[03-Jan-2025 06:37:07 UTC] PHP Warning:  Undefined property: stdClass::$is_enabled in /home/u6583521/public_html/zlinks.id/themes/altum/views/partials/internal_notifications_js.php on line 7
[03-Jan-2025 06:37:09 UTC] PHP Warning:  Undefined property: stdClass::$is_enabled in /home/u6583521/public_html/zlinks.id/themes/altum/views/partials/internal_notifications_js.php on line 7
[03-Jan-2025 06:37:10 UTC] PHP Warning:  Undefined property: stdClass::$is_enabled in /home/u6583521/public_html/zlinks.id/themes/altum/views/partials/internal_notifications_js.php on line 7
[03-Jan-2025 06:37:13 UTC] PHP Warning:  Undefined property: stdClass::$is_enabled in /home/u6583521/public_html/zlinks.id/themes/altum/views/l/biolink_wrapper.php on line 10
[03-Jan-2025 06:37:15 UTC] PHP Warning:  Undefined property: stdClass::$splash_page_id in /home/u6583521/public_html/zlinks.id/app/controllers/l/Link.php on line 114
[03-Jan-2025 06:37:15 UTC] PHP Warning:  Undefined property: stdClass::$password in /home/u6583521/public_html/zlinks.id/app/controllers/l/Link.php on line 179
[03-Jan-2025 06:37:15 UTC] PHP Warning:  Undefined property: stdClass::$sensitive_content in /home/u6583521/public_html/zlinks.id/app/controllers/l/Link.php on line 208
[03-Jan-2025 06:38:03 UTC] PHP Warning:  Undefined property: stdClass::$is_enabled in /home/u6583521/public_html/zlinks.id/themes/altum/views/partials/internal_notifications_js.php on line 7
[03-Jan-2025 06:38:05 UTC] PHP Warning:  Undefined property: stdClass::$is_enabled in /home/u6583521/public_html/zlinks.id/themes/altum/views/partials/internal_notifications_js.php on line 7
[03-Jan-2025 06:38:06 UTC] PHP Warning:  Undefined property: stdClass::$is_enabled in /home/u6583521/public_html/zlinks.id/themes/altum/views/partials/internal_notifications_js.php on line 7
[03-Jan-2025 06:39:38 UTC] PHP Warning:  Undefined property: stdClass::$is_enabled in /home/u6583521/public_html/zlinks.id/themes/altum/views/wrapper.php on line 10
[03-Jan-2025 06:39:41 UTC] PHP Warning:  Undefined property: stdClass::$is_enabled in /home/u6583521/public_html/zlinks.id/themes/altum/views/wrapper.php on line 10
[03-Jan-2025 06:39:41 UTC] PHP Warning:  Undefined property: stdClass::$is_enabled in /home/u6583521/public_html/zlinks.id/themes/altum/views/wrapper.php on line 10
[03-Jan-2025 06:41:04 UTC] PHP Warning:  Undefined property: stdClass::$is_enabled in /home/u6583521/public_html/zlinks.id/themes/altum/views/basic_wrapper.php on line 10
[03-Jan-2025 06:41:18 UTC] PHP Warning:  Undefined property: stdClass::$domains in /home/u6583521/public_html/zlinks.id/themes/altum/views/links/links_content.php on line 167
[03-Jan-2025 06:41:18 UTC] PHP Warning:  foreach() argument must be of type array|object, null given in /home/u6583521/public_html/zlinks.id/themes/altum/views/links/links_content.php on line 167
[03-Jan-2025 06:41:18 UTC] PHP Warning:  Undefined property: stdClass::$is_enabled in /home/u6583521/public_html/zlinks.id/themes/altum/views/partials/internal_notifications_js.php on line 7
[03-Jan-2025 06:41:21 UTC] PHP Warning:  Undefined property: stdClass::$is_enabled in /home/u6583521/public_html/zlinks.id/themes/altum/views/partials/internal_notifications_js.php on line 7
[03-Jan-2025 06:41:43 UTC] PHP Warning:  Undefined property: stdClass::$is_enabled in /home/u6583521/public_html/zlinks.id/themes/altum/views/partials/internal_notifications_js.php on line 7
[03-Jan-2025 06:41:45 UTC] PHP Warning:  Undefined property: stdClass::$is_enabled in /home/u6583521/public_html/zlinks.id/themes/altum/views/partials/internal_notifications_js.php on line 7
[03-Jan-2025 06:41:49 UTC] PHP Warning:  Undefined property: stdClass::$is_enabled in /home/u6583521/public_html/zlinks.id/themes/altum/views/partials/internal_notifications_js.php on line 7
[03-Jan-2025 06:41:52 UTC] PHP Warning:  Undefined property: stdClass::$is_enabled in /home/u6583521/public_html/zlinks.id/themes/altum/views/l/biolink_wrapper.php on line 10
[03-Jan-2025 06:42:01 UTC] PHP Warning:  Undefined property: stdClass::$is_enabled in /home/u6583521/public_html/zlinks.id/themes/altum/views/partials/internal_notifications_js.php on line 7
[03-Jan-2025 06:44:28 UTC] PHP Warning:  Undefined property: stdClass::$is_enabled in /home/u6583521/public_html/zlinks.id/themes/altum/views/l/biolink_wrapper.php on line 10
[03-Jan-2025 06:44:51 UTC] PHP Warning:  Undefined property: stdClass::$is_enabled in /home/u6583521/public_html/zlinks.id/themes/altum/views/l/biolink_wrapper.php on line 10
[03-Jan-2025 06:44:57 UTC] PHP Warning:  Undefined property: stdClass::$is_enabled in /home/u6583521/public_html/zlinks.id/themes/altum/views/l/biolink_wrapper.php on line 10
[03-Jan-2025 06:45:00 UTC] PHP Warning:  Undefined property: stdClass::$splash_page_id in /home/u6583521/public_html/zlinks.id/app/controllers/l/Link.php on line 114
[03-Jan-2025 06:45:00 UTC] PHP Warning:  Undefined property: stdClass::$password in /home/u6583521/public_html/zlinks.id/app/controllers/l/Link.php on line 179
[03-Jan-2025 06:45:00 UTC] PHP Warning:  Undefined property: stdClass::$sensitive_content in /home/u6583521/public_html/zlinks.id/app/controllers/l/Link.php on line 208
[03-Jan-2025 06:45:03 UTC] PHP Warning:  Undefined property: stdClass::$is_enabled in /home/u6583521/public_html/zlinks.id/themes/altum/views/l/biolink_wrapper.php on line 10
[03-Jan-2025 06:45:20 UTC] PHP Warning:  Undefined property: stdClass::$is_enabled in /home/u6583521/public_html/zlinks.id/themes/altum/views/l/biolink_wrapper.php on line 10
[03-Jan-2025 06:48:40 UTC] PHP Warning:  Undefined property: stdClass::$is_enabled in /home/u6583521/public_html/zlinks.id/themes/altum/views/l/biolink_wrapper.php on line 10
[03-Jan-2025 06:56:46 UTC] PHP Warning:  Undefined property: stdClass::$is_enabled in /home/u6583521/public_html/zlinks.id/themes/altum/views/wrapper.php on line 10
[03-Jan-2025 07:29:07 UTC] PHP Warning:  Undefined property: stdClass::$is_enabled in /home/u6583521/public_html/zlinks.id/themes/altum/views/partials/internal_notifications_js.php on line 7
[03-Jan-2025 07:29:09 UTC] PHP Warning:  Undefined property: stdClass::$is_enabled in /home/u6583521/public_html/zlinks.id/themes/altum/views/partials/internal_notifications_js.php on line 7
[03-Jan-2025 07:29:09 UTC] PHP Warning:  Undefined property: stdClass::$is_enabled in /home/u6583521/public_html/zlinks.id/themes/altum/views/partials/internal_notifications_js.php on line 7
[03-Jan-2025 07:29:15 UTC] PHP Warning:  Undefined property: stdClass::$is_enabled in /home/u6583521/public_html/zlinks.id/themes/altum/views/partials/internal_notifications_js.php on line 7
[03-Jan-2025 07:29:17 UTC] PHP Warning:  Undefined property: stdClass::$is_enabled in /home/u6583521/public_html/zlinks.id/themes/altum/views/partials/internal_notifications_js.php on line 7
[03-Jan-2025 07:29:20 UTC] PHP Warning:  Undefined property: stdClass::$is_enabled in /home/u6583521/public_html/zlinks.id/themes/altum/views/partials/internal_notifications_js.php on line 7
[03-Jan-2025 07:29:22 UTC] PHP Warning:  Undefined property: stdClass::$is_enabled in /home/u6583521/public_html/zlinks.id/themes/altum/views/partials/internal_notifications_js.php on line 7
[03-Jan-2025 07:29:25 UTC] PHP Warning:  Undefined property: stdClass::$is_enabled in /home/u6583521/public_html/zlinks.id/themes/altum/views/partials/internal_notifications_js.php on line 7
[03-Jan-2025 07:29:29 UTC] PHP Warning:  Undefined property: stdClass::$is_enabled in /home/u6583521/public_html/zlinks.id/themes/altum/views/partials/internal_notifications_js.php on line 7
[03-Jan-2025 07:29:31 UTC] PHP Warning:  Undefined property: stdClass::$is_enabled in /home/u6583521/public_html/zlinks.id/themes/altum/views/partials/internal_notifications_js.php on line 7
[03-Jan-2025 07:29:32 UTC] PHP Warning:  Undefined property: stdClass::$is_enabled in /home/u6583521/public_html/zlinks.id/themes/altum/views/partials/internal_notifications_js.php on line 7
[03-Jan-2025 07:29:36 UTC] PHP Warning:  Undefined property: stdClass::$domains in /home/u6583521/public_html/zlinks.id/themes/altum/views/links/links_content.php on line 167
[03-Jan-2025 07:29:36 UTC] PHP Warning:  foreach() argument must be of type array|object, null given in /home/u6583521/public_html/zlinks.id/themes/altum/views/links/links_content.php on line 167
[03-Jan-2025 07:29:36 UTC] PHP Warning:  Undefined property: stdClass::$is_enabled in /home/u6583521/public_html/zlinks.id/themes/altum/views/partials/internal_notifications_js.php on line 7
[03-Jan-2025 07:29:40 UTC] PHP Warning:  Undefined property: stdClass::$is_enabled in /home/u6583521/public_html/zlinks.id/themes/altum/views/partials/internal_notifications_js.php on line 7
[03-Jan-2025 07:29:44 UTC] PHP Warning:  Undefined property: stdClass::$is_enabled in /home/u6583521/public_html/zlinks.id/themes/altum/views/partials/internal_notifications_js.php on line 7
[03-Jan-2025 07:29:46 UTC] PHP Warning:  Undefined property: stdClass::$is_enabled in /home/u6583521/public_html/zlinks.id/themes/altum/views/partials/internal_notifications_js.php on line 7
[03-Jan-2025 07:29:50 UTC] PHP Warning:  Undefined property: stdClass::$is_enabled in /home/u6583521/public_html/zlinks.id/themes/altum/views/partials/internal_notifications_js.php on line 7
[03-Jan-2025 07:29:54 UTC] PHP Warning:  Undefined property: stdClass::$is_enabled in /home/u6583521/public_html/zlinks.id/themes/altum/views/partials/internal_notifications_js.php on line 7
[03-Jan-2025 07:29:56 UTC] PHP Warning:  Undefined property: stdClass::$is_enabled in /home/u6583521/public_html/zlinks.id/themes/altum/views/partials/internal_notifications_js.php on line 7
[03-Jan-2025 07:29:58 UTC] PHP Warning:  Undefined property: stdClass::$domains in /home/u6583521/public_html/zlinks.id/themes/altum/views/links/links_content.php on line 167
[03-Jan-2025 07:29:58 UTC] PHP Warning:  foreach() argument must be of type array|object, null given in /home/u6583521/public_html/zlinks.id/themes/altum/views/links/links_content.php on line 167
[03-Jan-2025 07:29:58 UTC] PHP Warning:  Undefined property: stdClass::$is_enabled in /home/u6583521/public_html/zlinks.id/themes/altum/views/partials/internal_notifications_js.php on line 7
[03-Jan-2025 07:30:01 UTC] PHP Warning:  Undefined property: stdClass::$is_enabled in /home/u6583521/public_html/zlinks.id/themes/altum/views/partials/internal_notifications_js.php on line 7
[03-Jan-2025 07:30:03 UTC] PHP Warning:  Undefined property: stdClass::$is_enabled in /home/u6583521/public_html/zlinks.id/themes/altum/views/partials/internal_notifications_js.php on line 7
[03-Jan-2025 07:30:12 UTC] PHP Warning:  Undefined property: stdClass::$is_enabled in /home/u6583521/public_html/zlinks.id/themes/altum/views/partials/internal_notifications_js.php on line 7
[03-Jan-2025 07:30:18 UTC] PHP Warning:  Undefined property: stdClass::$is_enabled in /home/u6583521/public_html/zlinks.id/themes/altum/views/partials/internal_notifications_js.php on line 7
[03-Jan-2025 07:30:23 UTC] PHP Warning:  Undefined property: stdClass::$is_enabled in /home/u6583521/public_html/zlinks.id/themes/altum/views/partials/internal_notifications_js.php on line 7
[03-Jan-2025 07:30:41 UTC] PHP Warning:  Undefined property: stdClass::$is_enabled in /home/u6583521/public_html/zlinks.id/themes/altum/views/l/biolink_wrapper.php on line 10
[03-Jan-2025 07:30:42 UTC] PHP Warning:  Undefined property: stdClass::$is_enabled in /home/u6583521/public_html/zlinks.id/themes/altum/views/partials/internal_notifications_js.php on line 7
[03-Jan-2025 07:30:59 UTC] PHP Warning:  Undefined property: stdClass::$is_enabled in /home/u6583521/public_html/zlinks.id/themes/altum/views/l/biolink_wrapper.php on line 10
[03-Jan-2025 07:31:00 UTC] PHP Warning:  Undefined property: stdClass::$is_enabled in /home/u6583521/public_html/zlinks.id/themes/altum/views/l/biolink_wrapper.php on line 10
[03-Jan-2025 07:31:06 UTC] PHP Warning:  Undefined property: stdClass::$splash_page_id in /home/u6583521/public_html/zlinks.id/app/controllers/l/Link.php on line 114
[03-Jan-2025 07:31:06 UTC] PHP Warning:  Undefined property: stdClass::$password in /home/u6583521/public_html/zlinks.id/app/controllers/l/Link.php on line 179
[03-Jan-2025 07:31:06 UTC] PHP Warning:  Undefined property: stdClass::$sensitive_content in /home/u6583521/public_html/zlinks.id/app/controllers/l/Link.php on line 208
[03-Jan-2025 07:32:06 UTC] PHP Warning:  Undefined property: stdClass::$is_enabled in /home/u6583521/public_html/zlinks.id/themes/altum/views/l/biolink_wrapper.php on line 10
[03-Jan-2025 07:32:11 UTC] PHP Warning:  Undefined property: stdClass::$splash_page_id in /home/u6583521/public_html/zlinks.id/app/controllers/l/Link.php on line 114
[03-Jan-2025 07:32:11 UTC] PHP Warning:  Undefined property: stdClass::$password in /home/u6583521/public_html/zlinks.id/app/controllers/l/Link.php on line 179
[03-Jan-2025 07:32:11 UTC] PHP Warning:  Undefined property: stdClass::$sensitive_content in /home/u6583521/public_html/zlinks.id/app/controllers/l/Link.php on line 208
[03-Jan-2025 07:46:01 UTC] PHP Warning:  Undefined property: stdClass::$is_enabled in /home/u6583521/public_html/zlinks.id/themes/altum/views/l/biolink_wrapper.php on line 10
[03-Jan-2025 07:46:09 UTC] PHP Warning:  Undefined property: stdClass::$splash_page_id in /home/u6583521/public_html/zlinks.id/app/controllers/l/Link.php on line 114
[03-Jan-2025 07:46:09 UTC] PHP Warning:  Undefined property: stdClass::$password in /home/u6583521/public_html/zlinks.id/app/controllers/l/Link.php on line 179
[03-Jan-2025 07:46:09 UTC] PHP Warning:  Undefined property: stdClass::$sensitive_content in /home/u6583521/public_html/zlinks.id/app/controllers/l/Link.php on line 208
[03-Jan-2025 07:53:13 UTC] PHP Warning:  Undefined property: stdClass::$splash_page_id in /home/u6583521/public_html/zlinks.id/app/controllers/l/Link.php on line 114
[03-Jan-2025 07:53:13 UTC] PHP Warning:  Undefined property: stdClass::$password in /home/u6583521/public_html/zlinks.id/app/controllers/l/Link.php on line 179
[03-Jan-2025 07:53:13 UTC] PHP Warning:  Undefined property: stdClass::$sensitive_content in /home/u6583521/public_html/zlinks.id/app/controllers/l/Link.php on line 208
[03-Jan-2025 07:53:14 UTC] PHP Warning:  Undefined property: stdClass::$force_download_is_enabled in /home/u6583521/public_html/zlinks.id/app/controllers/l/Link.php on line 603
[03-Jan-2025 07:56:01 UTC] PHP Warning:  Undefined property: stdClass::$splash_page_id in /home/u6583521/public_html/zlinks.id/app/controllers/l/Link.php on line 114
[03-Jan-2025 07:56:01 UTC] PHP Warning:  Undefined property: stdClass::$password in /home/u6583521/public_html/zlinks.id/app/controllers/l/Link.php on line 179
[03-Jan-2025 07:56:01 UTC] PHP Warning:  Undefined property: stdClass::$sensitive_content in /home/u6583521/public_html/zlinks.id/app/controllers/l/Link.php on line 208
[03-Jan-2025 08:13:38 UTC] PHP Warning:  Undefined property: stdClass::$is_enabled in /home/u6583521/public_html/zlinks.id/themes/altum/views/wrapper.php on line 10
[03-Jan-2025 08:14:30 UTC] PHP Warning:  Undefined property: stdClass::$splash_page_id in /home/u6583521/public_html/zlinks.id/app/controllers/l/Link.php on line 114
[03-Jan-2025 08:14:30 UTC] PHP Warning:  Undefined property: stdClass::$password in /home/u6583521/public_html/zlinks.id/app/controllers/l/Link.php on line 179
[03-Jan-2025 08:14:30 UTC] PHP Warning:  Undefined property: stdClass::$sensitive_content in /home/u6583521/public_html/zlinks.id/app/controllers/l/Link.php on line 208
[03-Jan-2025 08:14:40 UTC] PHP Warning:  Undefined property: stdClass::$is_enabled in /home/u6583521/public_html/zlinks.id/themes/altum/views/l/biolink_wrapper.php on line 10
[03-Jan-2025 08:34:57 UTC] PHP Warning:  Undefined property: stdClass::$splash_page_id in /home/u6583521/public_html/zlinks.id/app/controllers/l/Link.php on line 114
[03-Jan-2025 08:34:57 UTC] PHP Warning:  Undefined property: stdClass::$password in /home/u6583521/public_html/zlinks.id/app/controllers/l/Link.php on line 179
[03-Jan-2025 08:34:57 UTC] PHP Warning:  Undefined property: stdClass::$sensitive_content in /home/u6583521/public_html/zlinks.id/app/controllers/l/Link.php on line 208
[03-Jan-2025 08:34:57 UTC] PHP Warning:  Undefined property: stdClass::$force_download_is_enabled in /home/u6583521/public_html/zlinks.id/app/controllers/l/Link.php on line 603
[03-Jan-2025 08:36:04 UTC] PHP Warning:  Undefined property: stdClass::$is_enabled in /home/u6583521/public_html/zlinks.id/themes/altum/views/l/biolink_wrapper.php on line 10
[03-Jan-2025 08:36:12 UTC] PHP Warning:  Undefined property: stdClass::$splash_page_id in /home/u6583521/public_html/zlinks.id/app/controllers/l/Link.php on line 114
[03-Jan-2025 08:36:12 UTC] PHP Warning:  Undefined property: stdClass::$password in /home/u6583521/public_html/zlinks.id/app/controllers/l/Link.php on line 179
[03-Jan-2025 08:36:12 UTC] PHP Warning:  Undefined property: stdClass::$sensitive_content in /home/u6583521/public_html/zlinks.id/app/controllers/l/Link.php on line 208
[03-Jan-2025 08:36:12 UTC] PHP Warning:  Undefined property: stdClass::$force_download_is_enabled in /home/u6583521/public_html/zlinks.id/app/controllers/l/Link.php on line 603
[03-Jan-2025 08:36:17 UTC] PHP Warning:  Undefined property: stdClass::$is_enabled in /home/u6583521/public_html/zlinks.id/themes/altum/views/l/biolink_wrapper.php on line 10
[03-Jan-2025 08:36:20 UTC] PHP Warning:  Undefined property: stdClass::$splash_page_id in /home/u6583521/public_html/zlinks.id/app/controllers/l/Link.php on line 114
[03-Jan-2025 08:36:20 UTC] PHP Warning:  Undefined property: stdClass::$password in /home/u6583521/public_html/zlinks.id/app/controllers/l/Link.php on line 179
[03-Jan-2025 08:36:20 UTC] PHP Warning:  Undefined property: stdClass::$sensitive_content in /home/u6583521/public_html/zlinks.id/app/controllers/l/Link.php on line 208
[03-Jan-2025 08:38:50 UTC] PHP Warning:  Undefined property: stdClass::$splash_page_id in /home/u6583521/public_html/zlinks.id/app/controllers/l/Link.php on line 114
[03-Jan-2025 08:38:50 UTC] PHP Warning:  Undefined property: stdClass::$password in /home/u6583521/public_html/zlinks.id/app/controllers/l/Link.php on line 179
[03-Jan-2025 08:38:50 UTC] PHP Warning:  Undefined property: stdClass::$sensitive_content in /home/u6583521/public_html/zlinks.id/app/controllers/l/Link.php on line 208
[03-Jan-2025 08:38:50 UTC] PHP Warning:  Undefined property: stdClass::$force_download_is_enabled in /home/u6583521/public_html/zlinks.id/app/controllers/l/Link.php on line 603
[03-Jan-2025 08:39:12 UTC] PHP Warning:  Undefined property: stdClass::$is_enabled in /home/u6583521/public_html/zlinks.id/themes/altum/views/l/biolink_wrapper.php on line 10
[03-Jan-2025 08:39:21 UTC] PHP Warning:  Undefined property: stdClass::$is_enabled in /home/u6583521/public_html/zlinks.id/themes/altum/views/l/biolink_wrapper.php on line 10
[03-Jan-2025 08:39:26 UTC] PHP Warning:  Undefined property: stdClass::$splash_page_id in /home/u6583521/public_html/zlinks.id/app/controllers/l/Link.php on line 114
[03-Jan-2025 08:39:26 UTC] PHP Warning:  Undefined property: stdClass::$password in /home/u6583521/public_html/zlinks.id/app/controllers/l/Link.php on line 179
[03-Jan-2025 08:39:26 UTC] PHP Warning:  Undefined property: stdClass::$sensitive_content in /home/u6583521/public_html/zlinks.id/app/controllers/l/Link.php on line 208
[03-Jan-2025 08:39:26 UTC] PHP Warning:  Undefined property: stdClass::$force_download_is_enabled in /home/u6583521/public_html/zlinks.id/app/controllers/l/Link.php on line 603
[03-Jan-2025 08:39:30 UTC] PHP Warning:  Undefined property: stdClass::$is_enabled in /home/u6583521/public_html/zlinks.id/themes/altum/views/l/biolink_wrapper.php on line 10
[03-Jan-2025 08:39:59 UTC] PHP Warning:  Undefined property: stdClass::$splash_page_id in /home/u6583521/public_html/zlinks.id/app/controllers/l/Link.php on line 114
[03-Jan-2025 08:39:59 UTC] PHP Warning:  Undefined property: stdClass::$password in /home/u6583521/public_html/zlinks.id/app/controllers/l/Link.php on line 179
[03-Jan-2025 08:39:59 UTC] PHP Warning:  Undefined property: stdClass::$sensitive_content in /home/u6583521/public_html/zlinks.id/app/controllers/l/Link.php on line 208
[03-Jan-2025 08:39:59 UTC] PHP Warning:  Undefined property: stdClass::$force_download_is_enabled in /home/u6583521/public_html/zlinks.id/app/controllers/l/Link.php on line 603
[03-Jan-2025 08:40:51 UTC] PHP Warning:  Undefined property: stdClass::$is_enabled in /home/u6583521/public_html/zlinks.id/themes/altum/views/l/biolink_wrapper.php on line 10
[03-Jan-2025 08:41:01 UTC] PHP Warning:  Undefined property: stdClass::$is_enabled in /home/u6583521/public_html/zlinks.id/themes/altum/views/l/biolink_wrapper.php on line 10
[03-Jan-2025 08:41:04 UTC] PHP Warning:  Undefined property: stdClass::$splash_page_id in /home/u6583521/public_html/zlinks.id/app/controllers/l/Link.php on line 114
[03-Jan-2025 08:41:04 UTC] PHP Warning:  Undefined property: stdClass::$password in /home/u6583521/public_html/zlinks.id/app/controllers/l/Link.php on line 179
[03-Jan-2025 08:41:04 UTC] PHP Warning:  Undefined property: stdClass::$sensitive_content in /home/u6583521/public_html/zlinks.id/app/controllers/l/Link.php on line 208
[03-Jan-2025 08:41:04 UTC] PHP Warning:  Undefined property: stdClass::$force_download_is_enabled in /home/u6583521/public_html/zlinks.id/app/controllers/l/Link.php on line 603
[03-Jan-2025 08:41:52 UTC] PHP Warning:  Undefined property: stdClass::$is_enabled in /home/u6583521/public_html/zlinks.id/themes/altum/views/l/biolink_wrapper.php on line 10
[03-Jan-2025 08:42:10 UTC] PHP Warning:  Undefined property: stdClass::$is_enabled in /home/u6583521/public_html/zlinks.id/themes/altum/views/l/biolink_wrapper.php on line 10
[03-Jan-2025 08:42:23 UTC] PHP Warning:  Undefined property: stdClass::$is_enabled in /home/u6583521/public_html/zlinks.id/themes/altum/views/l/biolink_wrapper.php on line 10
[03-Jan-2025 08:42:31 UTC] PHP Warning:  Undefined property: stdClass::$domains in /home/u6583521/public_html/zlinks.id/themes/altum/views/links/links_content.php on line 167
[03-Jan-2025 08:42:31 UTC] PHP Warning:  foreach() argument must be of type array|object, null given in /home/u6583521/public_html/zlinks.id/themes/altum/views/links/links_content.php on line 167
[03-Jan-2025 08:42:31 UTC] PHP Warning:  Undefined property: stdClass::$is_enabled in /home/u6583521/public_html/zlinks.id/themes/altum/views/partials/internal_notifications_js.php on line 7
[03-Jan-2025 08:42:33 UTC] PHP Warning:  Undefined property: stdClass::$is_enabled in /home/u6583521/public_html/zlinks.id/themes/altum/views/partials/internal_notifications_js.php on line 7
[03-Jan-2025 08:42:39 UTC] PHP Warning:  Undefined property: stdClass::$is_enabled in /home/u6583521/public_html/zlinks.id/themes/altum/views/partials/internal_notifications_js.php on line 7
[03-Jan-2025 08:42:40 UTC] PHP Warning:  Undefined property: stdClass::$is_enabled in /home/u6583521/public_html/zlinks.id/themes/altum/views/partials/internal_notifications_js.php on line 7
[03-Jan-2025 08:43:04 UTC] PHP Warning:  Undefined property: stdClass::$is_enabled in /home/u6583521/public_html/zlinks.id/themes/altum/views/partials/internal_notifications_js.php on line 7
[03-Jan-2025 08:43:06 UTC] PHP Warning:  Undefined property: stdClass::$is_enabled in /home/u6583521/public_html/zlinks.id/themes/altum/views/partials/internal_notifications_js.php on line 7
[03-Jan-2025 08:43:06 UTC] PHP Warning:  Undefined property: stdClass::$is_enabled in /home/u6583521/public_html/zlinks.id/themes/altum/views/partials/internal_notifications_js.php on line 7
[03-Jan-2025 08:43:08 UTC] PHP Warning:  Undefined property: stdClass::$is_enabled in /home/u6583521/public_html/zlinks.id/themes/altum/views/partials/internal_notifications_js.php on line 7
[03-Jan-2025 08:43:34 UTC] PHP Warning:  Undefined property: stdClass::$is_enabled in /home/u6583521/public_html/zlinks.id/themes/altum/views/l/biolink_wrapper.php on line 10
[03-Jan-2025 08:43:35 UTC] PHP Warning:  Undefined property: stdClass::$domains in /home/u6583521/public_html/zlinks.id/themes/altum/views/links/links_content.php on line 167
[03-Jan-2025 08:43:35 UTC] PHP Warning:  foreach() argument must be of type array|object, null given in /home/u6583521/public_html/zlinks.id/themes/altum/views/links/links_content.php on line 167
[03-Jan-2025 08:43:35 UTC] PHP Warning:  Undefined property: stdClass::$is_enabled in /home/u6583521/public_html/zlinks.id/themes/altum/views/partials/internal_notifications_js.php on line 7
[03-Jan-2025 08:43:36 UTC] PHP Warning:  Undefined property: stdClass::$is_enabled in /home/u6583521/public_html/zlinks.id/themes/altum/views/partials/internal_notifications_js.php on line 7
[03-Jan-2025 10:26:12 UTC] PHP Warning:  Undefined property: stdClass::$is_enabled in /home/u6583521/public_html/zlinks.id/themes/altum/views/l/biolink_wrapper.php on line 10
[03-Jan-2025 13:03:11 UTC] PHP Warning:  Undefined property: stdClass::$is_enabled in /home/u6583521/public_html/zlinks.id/themes/altum/views/l/biolink_wrapper.php on line 10
[03-Jan-2025 13:03:32 UTC] PHP Warning:  Undefined property: stdClass::$splash_page_id in /home/u6583521/public_html/zlinks.id/app/controllers/l/Link.php on line 114
[03-Jan-2025 13:03:32 UTC] PHP Warning:  Undefined property: stdClass::$password in /home/u6583521/public_html/zlinks.id/app/controllers/l/Link.php on line 179
[03-Jan-2025 13:03:32 UTC] PHP Warning:  Undefined property: stdClass::$sensitive_content in /home/u6583521/public_html/zlinks.id/app/controllers/l/Link.php on line 208
[03-Jan-2025 20:13:33 UTC] PHP Warning:  Undefined property: stdClass::$is_enabled in /home/u6583521/public_html/zlinks.id/themes/altum/views/wrapper.php on line 10
[03-Jan-2025 23:12:40 UTC] PHP Warning:  Undefined property: stdClass::$is_enabled in /home/u6583521/public_html/zlinks.id/themes/altum/views/wrapper.php on line 10
[03-Jan-2025 23:12:50 UTC] PHP Warning:  Undefined property: stdClass::$is_enabled in /home/u6583521/public_html/zlinks.id/themes/altum/views/wrapper.php on line 10
[03-Jan-2025 23:13:14 UTC] PHP Warning:  Undefined property: stdClass::$is_enabled in /home/u6583521/public_html/zlinks.id/themes/altum/views/wrapper.php on line 10
[03-Jan-2025 23:13:14 UTC] PHP Warning:  Undefined property: stdClass::$is_enabled in /home/u6583521/public_html/zlinks.id/themes/altum/views/wrapper.php on line 10
[03-Jan-2025 23:13:14 UTC] PHP Warning:  Undefined property: stdClass::$is_enabled in /home/u6583521/public_html/zlinks.id/themes/altum/views/wrapper.php on line 10
[03-Jan-2025 23:13:14 UTC] PHP Warning:  Undefined property: stdClass::$is_enabled in /home/u6583521/public_html/zlinks.id/themes/altum/views/wrapper.php on line 10
[03-Jan-2025 23:13:14 UTC] PHP Warning:  Undefined property: stdClass::$is_enabled in /home/u6583521/public_html/zlinks.id/themes/altum/views/wrapper.php on line 10
[03-Jan-2025 23:13:14 UTC] PHP Warning:  Undefined property: stdClass::$is_enabled in /home/u6583521/public_html/zlinks.id/themes/altum/views/wrapper.php on line 10
[03-Jan-2025 23:13:15 UTC] PHP Warning:  Undefined property: stdClass::$is_enabled in /home/u6583521/public_html/zlinks.id/themes/altum/views/wrapper.php on line 10
[03-Jan-2025 23:13:15 UTC] PHP Warning:  Undefined property: stdClass::$is_enabled in /home/u6583521/public_html/zlinks.id/themes/altum/views/wrapper.php on line 10
[03-Jan-2025 23:13:15 UTC] PHP Warning:  Undefined property: stdClass::$is_enabled in /home/u6583521/public_html/zlinks.id/themes/altum/views/wrapper.php on line 10
[03-Jan-2025 23:13:15 UTC] PHP Warning:  Undefined property: stdClass::$is_enabled in /home/u6583521/public_html/zlinks.id/themes/altum/views/wrapper.php on line 10
[03-Jan-2025 23:13:15 UTC] PHP Warning:  Undefined property: stdClass::$is_enabled in /home/u6583521/public_html/zlinks.id/themes/altum/views/wrapper.php on line 10
[03-Jan-2025 23:13:53 UTC] PHP Warning:  Undefined property: stdClass::$is_enabled in /home/u6583521/public_html/zlinks.id/themes/altum/views/wrapper.php on line 10
[03-Jan-2025 23:13:53 UTC] PHP Warning:  Undefined property: stdClass::$is_enabled in /home/u6583521/public_html/zlinks.id/themes/altum/views/wrapper.php on line 10
[03-Jan-2025 23:13:53 UTC] PHP Warning:  Undefined property: stdClass::$is_enabled in /home/u6583521/public_html/zlinks.id/themes/altum/views/wrapper.php on line 10
[03-Jan-2025 23:13:53 UTC] PHP Warning:  Undefined property: stdClass::$is_enabled in /home/u6583521/public_html/zlinks.id/themes/altum/views/wrapper.php on line 10
[03-Jan-2025 23:13:53 UTC] PHP Warning:  Undefined property: stdClass::$is_enabled in /home/u6583521/public_html/zlinks.id/themes/altum/views/wrapper.php on line 10
[03-Jan-2025 23:13:53 UTC] PHP Warning:  Undefined property: stdClass::$is_enabled in /home/u6583521/public_html/zlinks.id/themes/altum/views/wrapper.php on line 10
[03-Jan-2025 23:13:53 UTC] PHP Warning:  Undefined property: stdClass::$is_enabled in /home/u6583521/public_html/zlinks.id/themes/altum/views/wrapper.php on line 10
[03-Jan-2025 23:13:53 UTC] PHP Warning:  Undefined property: stdClass::$is_enabled in /home/u6583521/public_html/zlinks.id/themes/altum/views/wrapper.php on line 10
[03-Jan-2025 23:13:54 UTC] PHP Warning:  Undefined property: stdClass::$is_enabled in /home/u6583521/public_html/zlinks.id/themes/altum/views/wrapper.php on line 10
[03-Jan-2025 23:13:54 UTC] PHP Warning:  Undefined property: stdClass::$is_enabled in /home/u6583521/public_html/zlinks.id/themes/altum/views/wrapper.php on line 10
[03-Jan-2025 23:13:54 UTC] PHP Warning:  Undefined property: stdClass::$is_enabled in /home/u6583521/public_html/zlinks.id/themes/altum/views/wrapper.php on line 10
[03-Jan-2025 23:14:30 UTC] PHP Warning:  Undefined property: stdClass::$is_enabled in /home/u6583521/public_html/zlinks.id/themes/altum/views/wrapper.php on line 10
[03-Jan-2025 23:14:30 UTC] PHP Warning:  Undefined property: stdClass::$is_enabled in /home/u6583521/public_html/zlinks.id/themes/altum/views/wrapper.php on line 10
[03-Jan-2025 23:14:30 UTC] PHP Warning:  Undefined property: stdClass::$is_enabled in /home/u6583521/public_html/zlinks.id/themes/altum/views/wrapper.php on line 10
[03-Jan-2025 23:14:30 UTC] PHP Warning:  Undefined property: stdClass::$is_enabled in /home/u6583521/public_html/zlinks.id/themes/altum/views/wrapper.php on line 10
[03-Jan-2025 23:14:30 UTC] PHP Warning:  Undefined property: stdClass::$is_enabled in /home/u6583521/public_html/zlinks.id/themes/altum/views/wrapper.php on line 10
[03-Jan-2025 23:14:30 UTC] PHP Warning:  Undefined property: stdClass::$is_enabled in /home/u6583521/public_html/zlinks.id/themes/altum/views/wrapper.php on line 10
[03-Jan-2025 23:14:30 UTC] PHP Warning:  Undefined property: stdClass::$is_enabled in /home/u6583521/public_html/zlinks.id/themes/altum/views/wrapper.php on line 10
[03-Jan-2025 23:14:30 UTC] PHP Warning:  Undefined property: stdClass::$is_enabled in /home/u6583521/public_html/zlinks.id/themes/altum/views/wrapper.php on line 10
[03-Jan-2025 23:14:30 UTC] PHP Warning:  Undefined property: stdClass::$is_enabled in /home/u6583521/public_html/zlinks.id/themes/altum/views/wrapper.php on line 10
[03-Jan-2025 23:14:30 UTC] PHP Warning:  Undefined property: stdClass::$is_enabled in /home/u6583521/public_html/zlinks.id/themes/altum/views/wrapper.php on line 10
[03-Jan-2025 23:14:30 UTC] PHP Warning:  Undefined property: stdClass::$is_enabled in /home/u6583521/public_html/zlinks.id/themes/altum/views/wrapper.php on line 10
[03-Jan-2025 23:14:56 UTC] PHP Warning:  Undefined property: stdClass::$is_enabled in /home/u6583521/public_html/zlinks.id/themes/altum/views/wrapper.php on line 10
[03-Jan-2025 23:14:56 UTC] PHP Warning:  Undefined property: stdClass::$is_enabled in /home/u6583521/public_html/zlinks.id/themes/altum/views/wrapper.php on line 10
[03-Jan-2025 23:14:56 UTC] PHP Warning:  Undefined property: stdClass::$is_enabled in /home/u6583521/public_html/zlinks.id/themes/altum/views/wrapper.php on line 10
[03-Jan-2025 23:14:57 UTC] PHP Warning:  Undefined property: stdClass::$is_enabled in /home/u6583521/public_html/zlinks.id/themes/altum/views/wrapper.php on line 10
[03-Jan-2025 23:14:57 UTC] PHP Warning:  Undefined property: stdClass::$is_enabled in /home/u6583521/public_html/zlinks.id/themes/altum/views/wrapper.php on line 10
[03-Jan-2025 23:14:57 UTC] PHP Warning:  Undefined property: stdClass::$is_enabled in /home/u6583521/public_html/zlinks.id/themes/altum/views/wrapper.php on line 10
[03-Jan-2025 23:14:57 UTC] PHP Warning:  Undefined property: stdClass::$is_enabled in /home/u6583521/public_html/zlinks.id/themes/altum/views/wrapper.php on line 10
[03-Jan-2025 23:14:57 UTC] PHP Warning:  Undefined property: stdClass::$is_enabled in /home/u6583521/public_html/zlinks.id/themes/altum/views/wrapper.php on line 10
[03-Jan-2025 23:14:57 UTC] PHP Warning:  Undefined property: stdClass::$is_enabled in /home/u6583521/public_html/zlinks.id/themes/altum/views/wrapper.php on line 10
[03-Jan-2025 23:14:57 UTC] PHP Warning:  Undefined property: stdClass::$is_enabled in /home/u6583521/public_html/zlinks.id/themes/altum/views/wrapper.php on line 10
[03-Jan-2025 23:14:57 UTC] PHP Warning:  Undefined property: stdClass::$is_enabled in /home/u6583521/public_html/zlinks.id/themes/altum/views/wrapper.php on line 10
[03-Jan-2025 23:15:07 UTC] PHP Warning:  Undefined property: stdClass::$is_enabled in /home/u6583521/public_html/zlinks.id/themes/altum/views/wrapper.php on line 10
[03-Jan-2025 23:15:13 UTC] PHP Warning:  Undefined property: stdClass::$is_enabled in /home/u6583521/public_html/zlinks.id/themes/altum/views/wrapper.php on line 10
[03-Jan-2025 23:15:30 UTC] PHP Warning:  Undefined property: stdClass::$is_enabled in /home/u6583521/public_html/zlinks.id/themes/altum/views/wrapper.php on line 10
[03-Jan-2025 23:15:30 UTC] PHP Warning:  Undefined property: stdClass::$is_enabled in /home/u6583521/public_html/zlinks.id/themes/altum/views/wrapper.php on line 10
[03-Jan-2025 23:15:30 UTC] PHP Warning:  Undefined property: stdClass::$is_enabled in /home/u6583521/public_html/zlinks.id/themes/altum/views/wrapper.php on line 10
[03-Jan-2025 23:15:30 UTC] PHP Warning:  Undefined property: stdClass::$is_enabled in /home/u6583521/public_html/zlinks.id/themes/altum/views/wrapper.php on line 10
[03-Jan-2025 23:15:30 UTC] PHP Warning:  Undefined property: stdClass::$is_enabled in /home/u6583521/public_html/zlinks.id/themes/altum/views/wrapper.php on line 10
[03-Jan-2025 23:15:30 UTC] PHP Warning:  Undefined property: stdClass::$is_enabled in /home/u6583521/public_html/zlinks.id/themes/altum/views/wrapper.php on line 10
[03-Jan-2025 23:15:30 UTC] PHP Warning:  Undefined property: stdClass::$is_enabled in /home/u6583521/public_html/zlinks.id/themes/altum/views/wrapper.php on line 10
[03-Jan-2025 23:15:30 UTC] PHP Warning:  Undefined property: stdClass::$is_enabled in /home/u6583521/public_html/zlinks.id/themes/altum/views/wrapper.php on line 10
[03-Jan-2025 23:15:30 UTC] PHP Warning:  Undefined property: stdClass::$is_enabled in /home/u6583521/public_html/zlinks.id/themes/altum/views/wrapper.php on line 10
[03-Jan-2025 23:15:32 UTC] PHP Warning:  Undefined property: stdClass::$is_enabled in /home/u6583521/public_html/zlinks.id/themes/altum/views/wrapper.php on line 10
[03-Jan-2025 23:15:34 UTC] PHP Warning:  Undefined property: stdClass::$is_enabled in /home/u6583521/public_html/zlinks.id/themes/altum/views/wrapper.php on line 10
[03-Jan-2025 23:15:57 UTC] PHP Warning:  Undefined property: stdClass::$is_enabled in /home/u6583521/public_html/zlinks.id/themes/altum/views/wrapper.php on line 10
[03-Jan-2025 23:15:57 UTC] PHP Warning:  Undefined property: stdClass::$is_enabled in /home/u6583521/public_html/zlinks.id/themes/altum/views/wrapper.php on line 10
[03-Jan-2025 23:15:57 UTC] PHP Warning:  Undefined property: stdClass::$is_enabled in /home/u6583521/public_html/zlinks.id/themes/altum/views/wrapper.php on line 10
[03-Jan-2025 23:15:57 UTC] PHP Warning:  Undefined property: stdClass::$is_enabled in /home/u6583521/public_html/zlinks.id/themes/altum/views/wrapper.php on line 10
[03-Jan-2025 23:15:57 UTC] PHP Warning:  Undefined property: stdClass::$is_enabled in /home/u6583521/public_html/zlinks.id/themes/altum/views/wrapper.php on line 10
[03-Jan-2025 23:15:57 UTC] PHP Warning:  Undefined property: stdClass::$is_enabled in /home/u6583521/public_html/zlinks.id/themes/altum/views/wrapper.php on line 10
[03-Jan-2025 23:15:57 UTC] PHP Warning:  Undefined property: stdClass::$is_enabled in /home/u6583521/public_html/zlinks.id/themes/altum/views/wrapper.php on line 10
[03-Jan-2025 23:15:57 UTC] PHP Warning:  Undefined property: stdClass::$is_enabled in /home/u6583521/public_html/zlinks.id/themes/altum/views/wrapper.php on line 10
[03-Jan-2025 23:15:57 UTC] PHP Warning:  Undefined property: stdClass::$is_enabled in /home/u6583521/public_html/zlinks.id/themes/altum/views/wrapper.php on line 10
[03-Jan-2025 23:15:57 UTC] PHP Warning:  Undefined property: stdClass::$is_enabled in /home/u6583521/public_html/zlinks.id/themes/altum/views/wrapper.php on line 10
[03-Jan-2025 23:15:59 UTC] PHP Warning:  Undefined property: stdClass::$is_enabled in /home/u6583521/public_html/zlinks.id/themes/altum/views/wrapper.php on line 10
