[12-Jan-2025 00:08:03 UTC] PHP Warning:  Undefined property: stdClass::$is_enabled in /home/u6583521/public_html/zlinks.id/themes/altum/views/wrapper.php on line 10
[12-Jan-2025 00:23:22 UTC] PHP Warning:  Undefined property: stdClass::$is_enabled in /home/u6583521/public_html/zlinks.id/themes/altum/views/wrapper.php on line 10
[12-Jan-2025 00:39:40 UTC] PHP Warning:  Undefined property: stdClass::$is_enabled in /home/u6583521/public_html/zlinks.id/themes/altum/views/wrapper.php on line 10
[12-Jan-2025 00:48:40 UTC] PHP Warning:  Undefined property: stdClass::$is_enabled in /home/u6583521/public_html/zlinks.id/themes/altum/views/wrapper.php on line 10
[12-Jan-2025 00:53:21 UTC] PHP Warning:  Undefined property: stdClass::$is_enabled in /home/u6583521/public_html/zlinks.id/themes/altum/views/wrapper.php on line 10
[12-Jan-2025 01:20:57 UTC] PHP Warning:  Undefined property: stdClass::$is_enabled in /home/u6583521/public_html/zlinks.id/themes/altum/views/wrapper.php on line 10
[12-Jan-2025 01:27:18 UTC] PHP Warning:  Undefined property: stdClass::$is_enabled in /home/u6583521/public_html/zlinks.id/themes/altum/views/wrapper.php on line 10
[12-Jan-2025 01:29:22 UTC] PHP Warning:  Undefined property: stdClass::$is_enabled in /home/u6583521/public_html/zlinks.id/themes/altum/views/wrapper.php on line 10
[12-Jan-2025 01:29:23 UTC] PHP Warning:  Undefined property: stdClass::$is_enabled in /home/u6583521/public_html/zlinks.id/themes/altum/views/wrapper.php on line 10
[12-Jan-2025 01:29:25 UTC] PHP Warning:  Undefined property: stdClass::$is_enabled in /home/u6583521/public_html/zlinks.id/themes/altum/views/wrapper.php on line 10
[12-Jan-2025 01:29:26 UTC] PHP Warning:  Undefined property: stdClass::$is_enabled in /home/u6583521/public_html/zlinks.id/themes/altum/views/wrapper.php on line 10
[12-Jan-2025 01:29:28 UTC] PHP Warning:  Undefined property: stdClass::$is_enabled in /home/u6583521/public_html/zlinks.id/themes/altum/views/wrapper.php on line 10
[12-Jan-2025 01:29:29 UTC] PHP Warning:  Undefined property: stdClass::$is_enabled in /home/u6583521/public_html/zlinks.id/themes/altum/views/wrapper.php on line 10
[12-Jan-2025 01:29:33 UTC] PHP Warning:  Undefined property: stdClass::$is_enabled in /home/u6583521/public_html/zlinks.id/themes/altum/views/wrapper.php on line 10
[12-Jan-2025 01:29:33 UTC] PHP Warning:  Undefined property: stdClass::$is_enabled in /home/u6583521/public_html/zlinks.id/themes/altum/views/wrapper.php on line 10
[12-Jan-2025 01:29:35 UTC] PHP Warning:  Undefined property: stdClass::$is_enabled in /home/u6583521/public_html/zlinks.id/themes/altum/views/wrapper.php on line 10
[12-Jan-2025 01:29:38 UTC] PHP Warning:  Undefined property: stdClass::$is_enabled in /home/u6583521/public_html/zlinks.id/themes/altum/views/wrapper.php on line 10
[12-Jan-2025 01:29:39 UTC] PHP Warning:  Undefined property: stdClass::$is_enabled in /home/u6583521/public_html/zlinks.id/themes/altum/views/wrapper.php on line 10
[12-Jan-2025 01:29:40 UTC] PHP Warning:  Undefined property: stdClass::$is_enabled in /home/u6583521/public_html/zlinks.id/themes/altum/views/wrapper.php on line 10
[12-Jan-2025 01:29:41 UTC] PHP Warning:  Undefined property: stdClass::$is_enabled in /home/u6583521/public_html/zlinks.id/themes/altum/views/wrapper.php on line 10
[12-Jan-2025 01:29:43 UTC] PHP Warning:  Undefined property: stdClass::$is_enabled in /home/u6583521/public_html/zlinks.id/themes/altum/views/wrapper.php on line 10
[12-Jan-2025 01:29:45 UTC] PHP Warning:  Undefined property: stdClass::$is_enabled in /home/u6583521/public_html/zlinks.id/themes/altum/views/wrapper.php on line 10
[12-Jan-2025 01:29:46 UTC] PHP Warning:  Undefined property: stdClass::$is_enabled in /home/u6583521/public_html/zlinks.id/themes/altum/views/wrapper.php on line 10
[12-Jan-2025 01:29:48 UTC] PHP Warning:  Undefined property: stdClass::$is_enabled in /home/u6583521/public_html/zlinks.id/themes/altum/views/wrapper.php on line 10
[12-Jan-2025 01:35:54 UTC] PHP Warning:  Undefined property: stdClass::$is_enabled in /home/u6583521/public_html/zlinks.id/themes/altum/views/wrapper.php on line 10
[12-Jan-2025 01:51:32 UTC] PHP Warning:  Undefined property: stdClass::$is_enabled in /home/u6583521/public_html/zlinks.id/themes/altum/views/wrapper.php on line 10
[12-Jan-2025 01:51:40 UTC] PHP Warning:  Undefined property: stdClass::$is_enabled in /home/u6583521/public_html/zlinks.id/themes/altum/views/wrapper.php on line 10
[12-Jan-2025 01:57:49 UTC] PHP Warning:  Undefined property: stdClass::$is_enabled in /home/u6583521/public_html/zlinks.id/themes/altum/views/basic_wrapper.php on line 10
[12-Jan-2025 02:03:49 UTC] PHP Warning:  Undefined property: stdClass::$is_enabled in /home/u6583521/public_html/zlinks.id/themes/altum/views/wrapper.php on line 10
[12-Jan-2025 02:15:14 UTC] PHP Warning:  Undefined property: stdClass::$is_enabled in /home/u6583521/public_html/zlinks.id/themes/altum/views/wrapper.php on line 10
[12-Jan-2025 02:15:17 UTC] PHP Warning:  Undefined property: stdClass::$is_enabled in /home/u6583521/public_html/zlinks.id/themes/altum/views/wrapper.php on line 10
[12-Jan-2025 02:15:19 UTC] PHP Warning:  Undefined property: stdClass::$is_enabled in /home/u6583521/public_html/zlinks.id/themes/altum/views/basic_wrapper.php on line 10
[12-Jan-2025 02:15:42 UTC] PHP Warning:  Undefined property: stdClass::$domains in /home/u6583521/public_html/zlinks.id/themes/altum/views/links/links_content.php on line 167
[12-Jan-2025 02:15:42 UTC] PHP Warning:  foreach() argument must be of type array|object, null given in /home/u6583521/public_html/zlinks.id/themes/altum/views/links/links_content.php on line 167
[12-Jan-2025 02:15:42 UTC] PHP Warning:  Undefined property: stdClass::$is_enabled in /home/u6583521/public_html/zlinks.id/themes/altum/views/partials/internal_notifications_js.php on line 7
[12-Jan-2025 02:15:42 UTC] PHP Warning:  Undefined property: stdClass::$is_enabled in /home/u6583521/public_html/zlinks.id/themes/altum/views/app_wrapper.php on line 10
[12-Jan-2025 02:15:43 UTC] PHP Warning:  Undefined property: stdClass::$is_enabled in /home/u6583521/public_html/zlinks.id/themes/altum/views/partials/internal_notifications_js.php on line 7
[12-Jan-2025 02:15:43 UTC] PHP Warning:  Undefined property: stdClass::$is_enabled in /home/u6583521/public_html/zlinks.id/themes/altum/views/wrapper.php on line 10
[12-Jan-2025 02:15:51 UTC] PHP Warning:  Undefined property: stdClass::$is_enabled in /home/u6583521/public_html/zlinks.id/themes/altum/views/partials/internal_notifications_js.php on line 7
[12-Jan-2025 02:15:51 UTC] PHP Warning:  Undefined property: stdClass::$is_enabled in /home/u6583521/public_html/zlinks.id/themes/altum/views/app_wrapper.php on line 10
[12-Jan-2025 02:15:53 UTC] PHP Warning:  Undefined property: stdClass::$is_enabled in /home/u6583521/public_html/zlinks.id/themes/altum/views/partials/internal_notifications_js.php on line 7
[12-Jan-2025 02:15:53 UTC] PHP Warning:  Undefined property: stdClass::$is_enabled in /home/u6583521/public_html/zlinks.id/themes/altum/views/wrapper.php on line 10
[12-Jan-2025 02:15:58 UTC] PHP Warning:  Undefined property: stdClass::$is_enabled in /home/u6583521/public_html/zlinks.id/themes/altum/views/partials/internal_notifications_js.php on line 7
[12-Jan-2025 02:15:58 UTC] PHP Warning:  Undefined property: stdClass::$is_enabled in /home/u6583521/public_html/zlinks.id/themes/altum/views/app_wrapper.php on line 10
[12-Jan-2025 02:15:58 UTC] PHP Warning:  Undefined property: stdClass::$is_enabled in /home/u6583521/public_html/zlinks.id/themes/altum/views/l/biolink_wrapper.php on line 10
[12-Jan-2025 02:16:05 UTC] PHP Warning:  Undefined property: stdClass::$is_enabled in /home/u6583521/public_html/zlinks.id/themes/altum/views/partials/internal_notifications_js.php on line 7
[12-Jan-2025 02:16:05 UTC] PHP Warning:  Undefined property: stdClass::$is_enabled in /home/u6583521/public_html/zlinks.id/themes/altum/views/wrapper.php on line 10
[12-Jan-2025 02:17:39 UTC] PHP Warning:  Undefined property: stdClass::$is_enabled in /home/u6583521/public_html/zlinks.id/themes/altum/views/wrapper.php on line 10
[12-Jan-2025 02:23:40 UTC] PHP Warning:  Undefined property: stdClass::$is_enabled in /home/u6583521/public_html/zlinks.id/themes/altum/views/wrapper.php on line 10
[12-Jan-2025 02:27:41 UTC] PHP Warning:  Undefined property: stdClass::$is_enabled in /home/u6583521/public_html/zlinks.id/themes/altum/views/wrapper.php on line 10
[12-Jan-2025 02:28:07 UTC] PHP Warning:  Undefined property: stdClass::$is_enabled in /home/u6583521/public_html/zlinks.id/themes/altum/views/wrapper.php on line 10
[12-Jan-2025 02:35:43 UTC] PHP Warning:  Undefined property: stdClass::$is_enabled in /home/u6583521/public_html/zlinks.id/themes/altum/views/wrapper.php on line 10
[12-Jan-2025 02:35:44 UTC] PHP Warning:  Undefined property: stdClass::$is_enabled in /home/u6583521/public_html/zlinks.id/themes/altum/views/wrapper.php on line 10
[12-Jan-2025 02:43:28 UTC] PHP Warning:  Undefined property: stdClass::$is_enabled in /home/u6583521/public_html/zlinks.id/themes/altum/views/wrapper.php on line 10
[12-Jan-2025 02:49:08 UTC] PHP Warning:  Undefined property: stdClass::$is_enabled in /home/u6583521/public_html/zlinks.id/themes/altum/views/wrapper.php on line 10
[12-Jan-2025 02:50:50 UTC] PHP Warning:  Undefined property: stdClass::$is_enabled in /home/u6583521/public_html/zlinks.id/themes/altum/views/wrapper.php on line 10
[12-Jan-2025 02:52:04 UTC] PHP Warning:  Undefined property: stdClass::$is_enabled in /home/u6583521/public_html/zlinks.id/themes/altum/views/wrapper.php on line 10
[12-Jan-2025 03:04:41 UTC] PHP Warning:  Undefined property: stdClass::$is_enabled in /home/u6583521/public_html/zlinks.id/themes/altum/views/wrapper.php on line 10
[12-Jan-2025 03:07:06 UTC] PHP Warning:  Undefined property: stdClass::$is_enabled in /home/u6583521/public_html/zlinks.id/themes/altum/views/wrapper.php on line 10
[12-Jan-2025 03:13:41 UTC] PHP Warning:  Undefined property: stdClass::$is_enabled in /home/u6583521/public_html/zlinks.id/themes/altum/views/wrapper.php on line 10
[12-Jan-2025 03:29:08 UTC] PHP Warning:  Undefined property: stdClass::$is_enabled in /home/u6583521/public_html/zlinks.id/themes/altum/views/wrapper.php on line 10
[12-Jan-2025 03:33:50 UTC] PHP Warning:  Undefined property: stdClass::$is_enabled in /home/u6583521/public_html/zlinks.id/themes/altum/views/basic_wrapper.php on line 10
[12-Jan-2025 03:38:46 UTC] PHP Warning:  Undefined property: stdClass::$is_enabled in /home/u6583521/public_html/zlinks.id/themes/altum/views/basic_wrapper.php on line 10
[12-Jan-2025 03:44:03 UTC] PHP Warning:  Undefined property: stdClass::$is_enabled in /home/u6583521/public_html/zlinks.id/themes/altum/views/wrapper.php on line 10
[12-Jan-2025 03:49:27 UTC] PHP Warning:  Undefined property: stdClass::$is_enabled in /home/u6583521/public_html/zlinks.id/themes/altum/views/wrapper.php on line 10
[12-Jan-2025 03:59:12 UTC] PHP Warning:  Undefined property: stdClass::$is_enabled in /home/u6583521/public_html/zlinks.id/themes/altum/views/basic_wrapper.php on line 10
[12-Jan-2025 04:04:02 UTC] PHP Warning:  Undefined property: stdClass::$is_enabled in /home/u6583521/public_html/zlinks.id/themes/altum/views/basic_wrapper.php on line 10
[12-Jan-2025 04:26:54 UTC] PHP Warning:  Undefined property: stdClass::$is_enabled in /home/u6583521/public_html/zlinks.id/themes/altum/views/wrapper.php on line 10
[12-Jan-2025 04:26:59 UTC] PHP Warning:  Undefined property: stdClass::$is_enabled in /home/u6583521/public_html/zlinks.id/themes/altum/views/wrapper.php on line 10
[12-Jan-2025 04:57:07 UTC] PHP Warning:  Undefined property: stdClass::$is_enabled in /home/u6583521/public_html/zlinks.id/themes/altum/views/wrapper.php on line 10
[12-Jan-2025 05:00:23 UTC] PHP Warning:  Undefined property: stdClass::$is_enabled in /home/u6583521/public_html/zlinks.id/themes/altum/views/wrapper.php on line 10
[12-Jan-2025 05:02:21 UTC] PHP Warning:  Undefined property: stdClass::$is_enabled in /home/u6583521/public_html/zlinks.id/themes/altum/views/l/biolink_wrapper.php on line 10
[12-Jan-2025 06:16:56 UTC] PHP Warning:  Undefined property: stdClass::$is_enabled in /home/u6583521/public_html/zlinks.id/themes/altum/views/wrapper.php on line 10
[12-Jan-2025 06:17:04 UTC] PHP Warning:  Undefined property: stdClass::$is_enabled in /home/u6583521/public_html/zlinks.id/themes/altum/views/wrapper.php on line 10
[12-Jan-2025 06:17:08 UTC] PHP Warning:  Undefined property: stdClass::$is_enabled in /home/u6583521/public_html/zlinks.id/themes/altum/views/wrapper.php on line 10
[12-Jan-2025 06:17:11 UTC] PHP Warning:  Undefined property: stdClass::$is_enabled in /home/u6583521/public_html/zlinks.id/themes/altum/views/wrapper.php on line 10
[12-Jan-2025 06:17:15 UTC] PHP Warning:  Undefined property: stdClass::$is_enabled in /home/u6583521/public_html/zlinks.id/themes/altum/views/wrapper.php on line 10
[12-Jan-2025 06:17:21 UTC] PHP Warning:  Undefined property: stdClass::$is_enabled in /home/u6583521/public_html/zlinks.id/themes/altum/views/wrapper.php on line 10
[12-Jan-2025 06:17:26 UTC] PHP Warning:  Undefined property: stdClass::$is_enabled in /home/u6583521/public_html/zlinks.id/themes/altum/views/wrapper.php on line 10
[12-Jan-2025 06:17:39 UTC] PHP Warning:  Undefined property: stdClass::$is_enabled in /home/u6583521/public_html/zlinks.id/themes/altum/views/wrapper.php on line 10
[12-Jan-2025 06:25:05 UTC] PHP Warning:  Undefined property: stdClass::$is_enabled in /home/u6583521/public_html/zlinks.id/themes/altum/views/wrapper.php on line 10
[12-Jan-2025 06:25:09 UTC] PHP Warning:  Undefined property: stdClass::$is_enabled in /home/u6583521/public_html/zlinks.id/themes/altum/views/wrapper.php on line 10
[12-Jan-2025 06:25:10 UTC] PHP Warning:  Undefined property: stdClass::$is_enabled in /home/u6583521/public_html/zlinks.id/themes/altum/views/wrapper.php on line 10
[12-Jan-2025 06:25:11 UTC] PHP Warning:  Undefined property: stdClass::$is_enabled in /home/u6583521/public_html/zlinks.id/themes/altum/views/wrapper.php on line 10
[12-Jan-2025 06:25:11 UTC] PHP Warning:  Undefined property: stdClass::$is_enabled in /home/u6583521/public_html/zlinks.id/themes/altum/views/wrapper.php on line 10
[12-Jan-2025 06:25:12 UTC] PHP Warning:  Undefined property: stdClass::$is_enabled in /home/u6583521/public_html/zlinks.id/themes/altum/views/wrapper.php on line 10
[12-Jan-2025 06:25:13 UTC] PHP Warning:  Undefined property: stdClass::$is_enabled in /home/u6583521/public_html/zlinks.id/themes/altum/views/wrapper.php on line 10
[12-Jan-2025 06:25:13 UTC] PHP Warning:  Undefined property: stdClass::$is_enabled in /home/u6583521/public_html/zlinks.id/themes/altum/views/wrapper.php on line 10
[12-Jan-2025 06:25:14 UTC] PHP Warning:  Undefined property: stdClass::$is_enabled in /home/u6583521/public_html/zlinks.id/themes/altum/views/wrapper.php on line 10
[12-Jan-2025 06:25:15 UTC] PHP Warning:  Undefined property: stdClass::$is_enabled in /home/u6583521/public_html/zlinks.id/themes/altum/views/wrapper.php on line 10
[12-Jan-2025 06:25:15 UTC] PHP Warning:  Undefined property: stdClass::$is_enabled in /home/u6583521/public_html/zlinks.id/themes/altum/views/wrapper.php on line 10
[12-Jan-2025 06:25:16 UTC] PHP Warning:  Undefined property: stdClass::$is_enabled in /home/u6583521/public_html/zlinks.id/themes/altum/views/wrapper.php on line 10
[12-Jan-2025 06:25:17 UTC] PHP Warning:  Undefined property: stdClass::$is_enabled in /home/u6583521/public_html/zlinks.id/themes/altum/views/wrapper.php on line 10
[12-Jan-2025 06:25:17 UTC] PHP Warning:  Undefined property: stdClass::$is_enabled in /home/u6583521/public_html/zlinks.id/themes/altum/views/wrapper.php on line 10
[12-Jan-2025 06:25:18 UTC] PHP Warning:  Undefined property: stdClass::$is_enabled in /home/u6583521/public_html/zlinks.id/themes/altum/views/wrapper.php on line 10
[12-Jan-2025 06:25:19 UTC] PHP Warning:  Undefined property: stdClass::$is_enabled in /home/u6583521/public_html/zlinks.id/themes/altum/views/wrapper.php on line 10
[12-Jan-2025 06:25:19 UTC] PHP Warning:  Undefined property: stdClass::$is_enabled in /home/u6583521/public_html/zlinks.id/themes/altum/views/wrapper.php on line 10
[12-Jan-2025 06:25:20 UTC] PHP Warning:  Undefined property: stdClass::$is_enabled in /home/u6583521/public_html/zlinks.id/themes/altum/views/wrapper.php on line 10
[12-Jan-2025 06:25:20 UTC] PHP Warning:  Undefined property: stdClass::$is_enabled in /home/u6583521/public_html/zlinks.id/themes/altum/views/wrapper.php on line 10
[12-Jan-2025 06:25:21 UTC] PHP Warning:  Undefined property: stdClass::$is_enabled in /home/u6583521/public_html/zlinks.id/themes/altum/views/wrapper.php on line 10
[12-Jan-2025 06:53:30 UTC] PHP Warning:  Undefined property: stdClass::$is_enabled in /home/u6583521/public_html/zlinks.id/themes/altum/views/wrapper.php on line 10
[12-Jan-2025 07:41:23 UTC] PHP Warning:  Undefined property: stdClass::$is_enabled in /home/u6583521/public_html/zlinks.id/themes/altum/views/wrapper.php on line 10
[12-Jan-2025 07:41:34 UTC] PHP Warning:  Undefined property: stdClass::$is_enabled in /home/u6583521/public_html/zlinks.id/themes/altum/views/wrapper.php on line 10
[12-Jan-2025 07:41:37 UTC] PHP Warning:  Undefined property: stdClass::$is_enabled in /home/u6583521/public_html/zlinks.id/themes/altum/views/wrapper.php on line 10
[12-Jan-2025 07:41:41 UTC] PHP Warning:  Undefined property: stdClass::$is_enabled in /home/u6583521/public_html/zlinks.id/themes/altum/views/wrapper.php on line 10
[12-Jan-2025 07:41:44 UTC] PHP Warning:  Undefined property: stdClass::$is_enabled in /home/u6583521/public_html/zlinks.id/themes/altum/views/wrapper.php on line 10
[12-Jan-2025 07:41:47 UTC] PHP Warning:  Undefined property: stdClass::$is_enabled in /home/u6583521/public_html/zlinks.id/themes/altum/views/wrapper.php on line 10
[12-Jan-2025 07:41:50 UTC] PHP Warning:  Undefined property: stdClass::$is_enabled in /home/u6583521/public_html/zlinks.id/themes/altum/views/wrapper.php on line 10
[12-Jan-2025 07:41:54 UTC] PHP Warning:  Undefined property: stdClass::$is_enabled in /home/u6583521/public_html/zlinks.id/themes/altum/views/wrapper.php on line 10
[12-Jan-2025 07:47:56 UTC] PHP Warning:  Undefined property: stdClass::$is_enabled in /home/u6583521/public_html/zlinks.id/themes/altum/views/wrapper.php on line 10
[12-Jan-2025 07:47:59 UTC] PHP Warning:  Undefined property: stdClass::$is_enabled in /home/u6583521/public_html/zlinks.id/themes/altum/views/wrapper.php on line 10
[12-Jan-2025 07:48:02 UTC] PHP Warning:  Undefined property: stdClass::$is_enabled in /home/u6583521/public_html/zlinks.id/themes/altum/views/wrapper.php on line 10
[12-Jan-2025 07:48:10 UTC] PHP Warning:  Undefined property: stdClass::$is_enabled in /home/u6583521/public_html/zlinks.id/themes/altum/views/wrapper.php on line 10
[12-Jan-2025 07:48:15 UTC] PHP Warning:  Undefined property: stdClass::$is_enabled in /home/u6583521/public_html/zlinks.id/themes/altum/views/wrapper.php on line 10
[12-Jan-2025 07:48:20 UTC] PHP Warning:  Undefined property: stdClass::$is_enabled in /home/u6583521/public_html/zlinks.id/themes/altum/views/wrapper.php on line 10
[12-Jan-2025 07:48:22 UTC] PHP Warning:  Undefined property: stdClass::$is_enabled in /home/u6583521/public_html/zlinks.id/themes/altum/views/wrapper.php on line 10
[12-Jan-2025 07:48:29 UTC] PHP Warning:  Undefined property: stdClass::$is_enabled in /home/u6583521/public_html/zlinks.id/themes/altum/views/wrapper.php on line 10
[12-Jan-2025 09:41:56 UTC] PHP Warning:  Undefined property: stdClass::$is_enabled in /home/u6583521/public_html/zlinks.id/themes/altum/views/wrapper.php on line 10
[12-Jan-2025 09:42:17 UTC] PHP Warning:  Undefined property: stdClass::$is_enabled in /home/u6583521/public_html/zlinks.id/themes/altum/views/basic_wrapper.php on line 10
[12-Jan-2025 09:42:19 UTC] PHP Warning:  Undefined property: stdClass::$is_enabled in /home/u6583521/public_html/zlinks.id/themes/altum/views/wrapper.php on line 10
[12-Jan-2025 09:42:25 UTC] PHP Warning:  Undefined property: stdClass::$is_enabled in /home/u6583521/public_html/zlinks.id/themes/altum/views/wrapper.php on line 10
[12-Jan-2025 09:42:49 UTC] PHP Warning:  Undefined property: stdClass::$is_enabled in /home/u6583521/public_html/zlinks.id/themes/altum/views/basic_wrapper.php on line 10
[12-Jan-2025 09:43:05 UTC] PHP Warning:  Undefined property: stdClass::$domains in /home/u6583521/public_html/zlinks.id/themes/altum/views/links/links_content.php on line 167
[12-Jan-2025 09:43:05 UTC] PHP Warning:  foreach() argument must be of type array|object, null given in /home/u6583521/public_html/zlinks.id/themes/altum/views/links/links_content.php on line 167
[12-Jan-2025 09:43:05 UTC] PHP Warning:  Undefined property: stdClass::$is_enabled in /home/u6583521/public_html/zlinks.id/themes/altum/views/partials/internal_notifications_js.php on line 7
[12-Jan-2025 09:43:05 UTC] PHP Warning:  Undefined property: stdClass::$is_enabled in /home/u6583521/public_html/zlinks.id/themes/altum/views/app_wrapper.php on line 10
[12-Jan-2025 09:43:05 UTC] PHP Warning:  Undefined property: stdClass::$is_enabled in /home/u6583521/public_html/zlinks.id/themes/altum/views/partials/internal_notifications_js.php on line 7
[12-Jan-2025 09:43:05 UTC] PHP Warning:  Undefined property: stdClass::$is_enabled in /home/u6583521/public_html/zlinks.id/themes/altum/views/wrapper.php on line 10
[12-Jan-2025 09:43:12 UTC] PHP Warning:  Undefined property: stdClass::$is_enabled in /home/u6583521/public_html/zlinks.id/themes/altum/views/admin/wrapper.php on line 10
[12-Jan-2025 09:43:24 UTC] PHP Warning:  Undefined property: stdClass::$is_enabled in /home/u6583521/public_html/zlinks.id/themes/altum/views/admin/wrapper.php on line 10
[12-Jan-2025 09:44:34 UTC] PHP Warning:  Undefined property: stdClass::$is_enabled in /home/u6583521/public_html/zlinks.id/themes/altum/views/admin/wrapper.php on line 10
[12-Jan-2025 09:44:42 UTC] PHP Warning:  Undefined property: stdClass::$is_enabled in /home/u6583521/public_html/zlinks.id/themes/altum/views/admin/wrapper.php on line 10
[12-Jan-2025 09:47:44 UTC] PHP Warning:  Undefined property: stdClass::$is_enabled in /home/u6583521/public_html/zlinks.id/themes/altum/views/wrapper.php on line 10
[12-Jan-2025 09:47:47 UTC] PHP Warning:  Undefined property: stdClass::$is_enabled in /home/u6583521/public_html/zlinks.id/themes/altum/views/admin/wrapper.php on line 10
[12-Jan-2025 09:48:19 UTC] PHP Warning:  Undefined property: stdClass::$is_enabled in /home/u6583521/public_html/zlinks.id/themes/altum/views/admin/wrapper.php on line 10
[12-Jan-2025 09:49:33 UTC] PHP Warning:  Undefined property: stdClass::$is_enabled in /home/u6583521/public_html/zlinks.id/themes/altum/views/admin/wrapper.php on line 10
[12-Jan-2025 09:51:26 UTC] PHP Warning:  Undefined property: stdClass::$is_enabled in /home/u6583521/public_html/zlinks.id/themes/altum/views/admin/wrapper.php on line 10
[12-Jan-2025 10:22:23 UTC] PHP Warning:  Undefined property: stdClass::$is_enabled in /home/u6583521/public_html/zlinks.id/themes/altum/views/wrapper.php on line 10
[12-Jan-2025 10:35:02 UTC] PHP Warning:  Undefined property: stdClass::$is_enabled in /home/u6583521/public_html/zlinks.id/themes/altum/views/wrapper.php on line 10
[12-Jan-2025 10:38:24 UTC] PHP Warning:  Undefined property: stdClass::$is_enabled in /home/u6583521/public_html/zlinks.id/themes/altum/views/wrapper.php on line 10
[12-Jan-2025 11:07:41 UTC] PHP Warning:  Undefined property: stdClass::$is_enabled in /home/u6583521/public_html/zlinks.id/themes/altum/views/admin/wrapper.php on line 10
[12-Jan-2025 12:07:57 UTC] PHP Warning:  Undefined property: stdClass::$is_enabled in /home/u6583521/public_html/zlinks.id/themes/altum/views/wrapper.php on line 10
[12-Jan-2025 12:19:43 UTC] PHP Warning:  Undefined property: stdClass::$is_enabled in /home/u6583521/public_html/zlinks.id/themes/altum/views/wrapper.php on line 10
[12-Jan-2025 12:49:58 UTC] PHP Warning:  Undefined property: stdClass::$is_enabled in /home/u6583521/public_html/zlinks.id/themes/altum/views/wrapper.php on line 10
[12-Jan-2025 13:18:28 UTC] PHP Warning:  Undefined property: stdClass::$is_enabled in /home/u6583521/public_html/zlinks.id/themes/altum/views/wrapper.php on line 10
[12-Jan-2025 13:26:11 UTC] PHP Warning:  Undefined property: stdClass::$is_enabled in /home/u6583521/public_html/zlinks.id/themes/altum/views/wrapper.php on line 10
[12-Jan-2025 13:26:22 UTC] PHP Warning:  Undefined property: stdClass::$is_enabled in /home/u6583521/public_html/zlinks.id/themes/altum/views/wrapper.php on line 10
[12-Jan-2025 13:46:05 UTC] PHP Warning:  Undefined property: stdClass::$is_enabled in /home/u6583521/public_html/zlinks.id/themes/altum/views/wrapper.php on line 10
[12-Jan-2025 14:34:04 UTC] PHP Warning:  Undefined property: stdClass::$is_enabled in /home/u6583521/public_html/zlinks.id/themes/altum/views/wrapper.php on line 10
[12-Jan-2025 15:09:11 UTC] PHP Warning:  Undefined property: stdClass::$is_enabled in /home/u6583521/public_html/zlinks.id/themes/altum/views/wrapper.php on line 10
[12-Jan-2025 15:49:32 UTC] PHP Warning:  Undefined property: stdClass::$is_enabled in /home/u6583521/public_html/zlinks.id/themes/altum/views/wrapper.php on line 10
[12-Jan-2025 15:49:41 UTC] PHP Warning:  Undefined property: stdClass::$is_enabled in /home/u6583521/public_html/zlinks.id/themes/altum/views/wrapper.php on line 10
[12-Jan-2025 15:49:50 UTC] PHP Warning:  Undefined property: stdClass::$is_enabled in /home/u6583521/public_html/zlinks.id/themes/altum/views/wrapper.php on line 10
[12-Jan-2025 16:17:00 UTC] PHP Warning:  Undefined property: stdClass::$is_enabled in /home/u6583521/public_html/zlinks.id/themes/altum/views/wrapper.php on line 10
[12-Jan-2025 16:21:36 UTC] PHP Warning:  Undefined property: stdClass::$is_enabled in /home/u6583521/public_html/zlinks.id/themes/altum/views/partials/internal_notifications_js.php on line 7
[12-Jan-2025 16:21:36 UTC] PHP Warning:  Undefined property: stdClass::$is_enabled in /home/u6583521/public_html/zlinks.id/themes/altum/views/wrapper.php on line 10
[12-Jan-2025 16:21:36 UTC] PHP Warning:  Undefined property: stdClass::$is_enabled in /home/u6583521/public_html/zlinks.id/themes/altum/views/partials/internal_notifications_js.php on line 7
[12-Jan-2025 16:21:36 UTC] PHP Warning:  Undefined property: stdClass::$is_enabled in /home/u6583521/public_html/zlinks.id/themes/altum/views/wrapper.php on line 10
[12-Jan-2025 16:21:41 UTC] PHP Warning:  Undefined property: stdClass::$is_enabled in /home/u6583521/public_html/zlinks.id/themes/altum/views/partials/internal_notifications_js.php on line 7
[12-Jan-2025 16:21:41 UTC] PHP Warning:  Undefined property: stdClass::$is_enabled in /home/u6583521/public_html/zlinks.id/themes/altum/views/wrapper.php on line 10
[12-Jan-2025 16:21:42 UTC] PHP Warning:  Undefined property: stdClass::$is_enabled in /home/u6583521/public_html/zlinks.id/themes/altum/views/partials/internal_notifications_js.php on line 7
[12-Jan-2025 16:21:42 UTC] PHP Warning:  Undefined property: stdClass::$is_enabled in /home/u6583521/public_html/zlinks.id/themes/altum/views/wrapper.php on line 10
[12-Jan-2025 16:22:03 UTC] PHP Warning:  Undefined property: stdClass::$is_enabled in /home/u6583521/public_html/zlinks.id/themes/altum/views/admin/wrapper.php on line 10
[12-Jan-2025 16:22:28 UTC] PHP Warning:  Undefined property: stdClass::$is_enabled in /home/u6583521/public_html/zlinks.id/themes/altum/views/admin/wrapper.php on line 10
[12-Jan-2025 16:23:25 UTC] PHP Warning:  Undefined property: stdClass::$is_enabled in /home/u6583521/public_html/zlinks.id/themes/altum/views/admin/wrapper.php on line 10
[12-Jan-2025 16:23:30 UTC] PHP Warning:  Undefined property: stdClass::$is_enabled in /home/u6583521/public_html/zlinks.id/themes/altum/views/admin/wrapper.php on line 10
[12-Jan-2025 16:23:59 UTC] PHP Warning:  Undefined property: stdClass::$is_enabled in /home/u6583521/public_html/zlinks.id/themes/altum/views/admin/wrapper.php on line 10
[12-Jan-2025 16:24:46 UTC] PHP Warning:  Undefined property: stdClass::$is_enabled in /home/u6583521/public_html/zlinks.id/themes/altum/views/admin/wrapper.php on line 10
[12-Jan-2025 16:24:57 UTC] PHP Warning:  Undefined property: stdClass::$is_enabled in /home/u6583521/public_html/zlinks.id/themes/altum/views/admin/wrapper.php on line 10
[12-Jan-2025 16:25:05 UTC] PHP Warning:  Attempt to read property "uploads_url" on string in /home/u6583521/public_html/zlinks.id/themes/altum/views/admin/settings/partials/offload.php on line 14
[12-Jan-2025 16:25:05 UTC] PHP Warning:  Attempt to read property "assets_url" on string in /home/u6583521/public_html/zlinks.id/themes/altum/views/admin/settings/partials/offload.php on line 20
[12-Jan-2025 16:25:05 UTC] PHP Warning:  Attempt to read property "provider" on string in /home/u6583521/public_html/zlinks.id/themes/altum/views/admin/settings/partials/offload.php on line 27
[12-Jan-2025 16:25:05 UTC] PHP Warning:  Attempt to read property "endpoint_url" on string in /home/u6583521/public_html/zlinks.id/themes/altum/views/admin/settings/partials/offload.php on line 37
[12-Jan-2025 16:25:05 UTC] PHP Warning:  Attempt to read property "access_key" on string in /home/u6583521/public_html/zlinks.id/themes/altum/views/admin/settings/partials/offload.php on line 42
[12-Jan-2025 16:25:05 UTC] PHP Warning:  Attempt to read property "secret_access_key" on string in /home/u6583521/public_html/zlinks.id/themes/altum/views/admin/settings/partials/offload.php on line 47
[12-Jan-2025 16:25:05 UTC] PHP Warning:  Attempt to read property "storage_name" on string in /home/u6583521/public_html/zlinks.id/themes/altum/views/admin/settings/partials/offload.php on line 52
[12-Jan-2025 16:25:05 UTC] PHP Warning:  Attempt to read property "region" on string in /home/u6583521/public_html/zlinks.id/themes/altum/views/admin/settings/partials/offload.php on line 57
[12-Jan-2025 16:25:05 UTC] PHP Warning:  Attempt to read property "cdn_uploads_url" on string in /home/u6583521/public_html/zlinks.id/themes/altum/views/admin/settings/partials/offload.php on line 68
[12-Jan-2025 16:25:05 UTC] PHP Warning:  Attempt to read property "cdn_assets_url" on string in /home/u6583521/public_html/zlinks.id/themes/altum/views/admin/settings/partials/offload.php on line 74
[12-Jan-2025 16:25:05 UTC] PHP Warning:  Attempt to read property "uploads_url" on string in /home/u6583521/public_html/zlinks.id/themes/altum/views/admin/settings/partials/offload.php on line 81
[12-Jan-2025 16:25:05 UTC] PHP Warning:  Undefined property: stdClass::$is_enabled in /home/u6583521/public_html/zlinks.id/themes/altum/views/admin/wrapper.php on line 10
[12-Jan-2025 16:26:14 UTC] PHP Warning:  Undefined property: stdClass::$is_enabled in /home/u6583521/public_html/zlinks.id/themes/altum/views/admin/wrapper.php on line 10
[12-Jan-2025 16:26:24 UTC] PHP Warning:  Undefined property: stdClass::$is_enabled in /home/u6583521/public_html/zlinks.id/themes/altum/views/admin/wrapper.php on line 10
[12-Jan-2025 16:26:52 UTC] PHP Warning:  Undefined property: stdClass::$is_enabled in /home/u6583521/public_html/zlinks.id/themes/altum/views/admin/wrapper.php on line 10
[12-Jan-2025 16:27:05 UTC] PHP Warning:  Undefined property: stdClass::$exclusive_personal_api_keys in /home/u6583521/public_html/zlinks.id/themes/altum/views/account-preferences/index.php on line 29
[12-Jan-2025 16:27:05 UTC] PHP Warning:  Undefined property: stdClass::$is_enabled in /home/u6583521/public_html/zlinks.id/themes/altum/views/partials/internal_notifications_js.php on line 7
[12-Jan-2025 16:27:05 UTC] PHP Warning:  Undefined property: stdClass::$is_enabled in /home/u6583521/public_html/zlinks.id/themes/altum/views/app_wrapper.php on line 10
[12-Jan-2025 16:27:05 UTC] PHP Warning:  Undefined property: stdClass::$is_enabled in /home/u6583521/public_html/zlinks.id/themes/altum/views/partials/internal_notifications_js.php on line 7
[12-Jan-2025 16:27:05 UTC] PHP Warning:  Undefined property: stdClass::$is_enabled in /home/u6583521/public_html/zlinks.id/themes/altum/views/wrapper.php on line 10
[12-Jan-2025 16:27:26 UTC] PHP Warning:  Undefined property: stdClass::$user_update in /home/u6583521/public_html/zlinks.id/app/controllers/AccountPreferences.php on line 64
[12-Jan-2025 16:27:27 UTC] PHP Warning:  Undefined property: stdClass::$exclusive_personal_api_keys in /home/u6583521/public_html/zlinks.id/themes/altum/views/account-preferences/index.php on line 29
[12-Jan-2025 16:27:27 UTC] PHP Warning:  Undefined property: stdClass::$is_enabled in /home/u6583521/public_html/zlinks.id/themes/altum/views/partials/internal_notifications_js.php on line 7
[12-Jan-2025 16:27:27 UTC] PHP Warning:  Undefined property: stdClass::$is_enabled in /home/u6583521/public_html/zlinks.id/themes/altum/views/app_wrapper.php on line 10
[12-Jan-2025 16:27:27 UTC] PHP Warning:  Undefined property: stdClass::$is_enabled in /home/u6583521/public_html/zlinks.id/themes/altum/views/partials/internal_notifications_js.php on line 7
[12-Jan-2025 16:27:27 UTC] PHP Warning:  Undefined property: stdClass::$is_enabled in /home/u6583521/public_html/zlinks.id/themes/altum/views/wrapper.php on line 10
[12-Jan-2025 16:27:33 UTC] PHP Warning:  Undefined property: stdClass::$user_update in /home/u6583521/public_html/zlinks.id/app/controllers/AccountPreferences.php on line 64
[12-Jan-2025 16:27:33 UTC] PHP Warning:  Undefined property: stdClass::$exclusive_personal_api_keys in /home/u6583521/public_html/zlinks.id/themes/altum/views/account-preferences/index.php on line 29
[12-Jan-2025 16:27:33 UTC] PHP Warning:  Undefined property: stdClass::$is_enabled in /home/u6583521/public_html/zlinks.id/themes/altum/views/partials/internal_notifications_js.php on line 7
[12-Jan-2025 16:27:33 UTC] PHP Warning:  Undefined property: stdClass::$is_enabled in /home/u6583521/public_html/zlinks.id/themes/altum/views/app_wrapper.php on line 10
[12-Jan-2025 16:27:34 UTC] PHP Warning:  Undefined property: stdClass::$is_enabled in /home/u6583521/public_html/zlinks.id/themes/altum/views/partials/internal_notifications_js.php on line 7
[12-Jan-2025 16:27:34 UTC] PHP Warning:  Undefined property: stdClass::$is_enabled in /home/u6583521/public_html/zlinks.id/themes/altum/views/wrapper.php on line 10
[12-Jan-2025 16:27:43 UTC] PHP Warning:  Undefined property: stdClass::$is_enabled in /home/u6583521/public_html/zlinks.id/themes/altum/views/partials/internal_notifications_js.php on line 7
[12-Jan-2025 16:27:43 UTC] PHP Warning:  Undefined property: stdClass::$is_enabled in /home/u6583521/public_html/zlinks.id/themes/altum/views/app_wrapper.php on line 10
[12-Jan-2025 16:27:43 UTC] PHP Warning:  Undefined property: stdClass::$is_enabled in /home/u6583521/public_html/zlinks.id/themes/altum/views/partials/internal_notifications_js.php on line 7
[12-Jan-2025 16:27:43 UTC] PHP Warning:  Undefined property: stdClass::$is_enabled in /home/u6583521/public_html/zlinks.id/themes/altum/views/wrapper.php on line 10
[12-Jan-2025 16:28:04 UTC] PHP Warning:  Undefined property: stdClass::$is_enabled in /home/u6583521/public_html/zlinks.id/themes/altum/views/admin/wrapper.php on line 10
[12-Jan-2025 16:28:08 UTC] PHP Warning:  Undefined property: stdClass::$is_enabled in /home/u6583521/public_html/zlinks.id/themes/altum/views/admin/wrapper.php on line 10
[12-Jan-2025 16:28:41 UTC] PHP Warning:  Undefined property: stdClass::$is_enabled in /home/u6583521/public_html/zlinks.id/themes/altum/views/admin/wrapper.php on line 10
[12-Jan-2025 16:28:52 UTC] PHP Warning:  Undefined property: stdClass::$is_enabled in /home/u6583521/public_html/zlinks.id/themes/altum/views/admin/wrapper.php on line 10
[12-Jan-2025 16:30:51 UTC] PHP Warning:  Undefined property: stdClass::$is_enabled in /home/u6583521/public_html/zlinks.id/themes/altum/views/admin/wrapper.php on line 10
[12-Jan-2025 16:31:17 UTC] PHP Warning:  Undefined property: stdClass::$is_enabled in /home/u6583521/public_html/zlinks.id/themes/altum/views/admin/wrapper.php on line 10
[12-Jan-2025 16:31:30 UTC] PHP Warning:  Undefined property: stdClass::$is_enabled in /home/u6583521/public_html/zlinks.id/themes/altum/views/admin/wrapper.php on line 10
[12-Jan-2025 16:31:43 UTC] PHP Warning:  Undefined property: stdClass::$qr_codes_bulk_limit in /home/u6583521/public_html/zlinks.id/themes/altum/views/partials/plan_features.php on line 107
[12-Jan-2025 16:31:43 UTC] PHP Warning:  Undefined property: stdClass::$is_enabled in /home/u6583521/public_html/zlinks.id/themes/altum/views/partials/internal_notifications_js.php on line 7
[12-Jan-2025 16:31:43 UTC] PHP Warning:  Undefined property: stdClass::$is_enabled in /home/u6583521/public_html/zlinks.id/themes/altum/views/app_wrapper.php on line 10
[12-Jan-2025 16:31:43 UTC] PHP Warning:  Undefined property: stdClass::$is_enabled in /home/u6583521/public_html/zlinks.id/themes/altum/views/partials/internal_notifications_js.php on line 7
[12-Jan-2025 16:31:43 UTC] PHP Warning:  Undefined property: stdClass::$is_enabled in /home/u6583521/public_html/zlinks.id/themes/altum/views/wrapper.php on line 10
[12-Jan-2025 16:31:47 UTC] PHP Warning:  Undefined property: stdClass::$domains in /home/u6583521/public_html/zlinks.id/themes/altum/views/links/links_content.php on line 167
[12-Jan-2025 16:31:47 UTC] PHP Warning:  foreach() argument must be of type array|object, null given in /home/u6583521/public_html/zlinks.id/themes/altum/views/links/links_content.php on line 167
[12-Jan-2025 16:31:47 UTC] PHP Warning:  Undefined property: stdClass::$is_enabled in /home/u6583521/public_html/zlinks.id/themes/altum/views/partials/internal_notifications_js.php on line 7
[12-Jan-2025 16:31:47 UTC] PHP Warning:  Undefined property: stdClass::$is_enabled in /home/u6583521/public_html/zlinks.id/themes/altum/views/app_wrapper.php on line 10
[12-Jan-2025 16:31:47 UTC] PHP Warning:  Undefined property: stdClass::$is_enabled in /home/u6583521/public_html/zlinks.id/themes/altum/views/partials/internal_notifications_js.php on line 7
[12-Jan-2025 16:31:47 UTC] PHP Warning:  Undefined property: stdClass::$is_enabled in /home/u6583521/public_html/zlinks.id/themes/altum/views/wrapper.php on line 10
[12-Jan-2025 16:32:30 UTC] PHP Warning:  Undefined property: stdClass::$is_enabled in /home/u6583521/public_html/zlinks.id/themes/altum/views/admin/wrapper.php on line 10
[12-Jan-2025 16:33:04 UTC] PHP Warning:  Undefined property: stdClass::$is_enabled in /home/u6583521/public_html/zlinks.id/themes/altum/views/admin/wrapper.php on line 10
[12-Jan-2025 16:33:15 UTC] PHP Warning:  Undefined property: stdClass::$is_enabled in /home/u6583521/public_html/zlinks.id/themes/altum/views/admin/wrapper.php on line 10
[12-Jan-2025 16:33:50 UTC] PHP Warning:  Undefined property: stdClass::$is_enabled in /home/u6583521/public_html/zlinks.id/themes/altum/views/admin/wrapper.php on line 10
[12-Jan-2025 16:34:08 UTC] PHP Warning:  Undefined property: stdClass::$is_enabled in /home/u6583521/public_html/zlinks.id/themes/altum/views/admin/wrapper.php on line 10
[12-Jan-2025 16:34:16 UTC] PHP Warning:  Undefined property: stdClass::$is_enabled in /home/u6583521/public_html/zlinks.id/themes/altum/views/admin/wrapper.php on line 10
[12-Jan-2025 16:34:23 UTC] PHP Warning:  Undefined property: stdClass::$is_enabled in /home/u6583521/public_html/zlinks.id/themes/altum/views/admin/wrapper.php on line 10
[12-Jan-2025 16:34:32 UTC] PHP Warning:  Undefined property: stdClass::$is_enabled in /home/u6583521/public_html/zlinks.id/themes/altum/views/admin/wrapper.php on line 10
[12-Jan-2025 16:34:38 UTC] PHP Warning:  Undefined property: stdClass::$is_enabled in /home/u6583521/public_html/zlinks.id/themes/altum/views/admin/wrapper.php on line 10
[12-Jan-2025 16:34:49 UTC] PHP Warning:  Undefined property: stdClass::$qr_codes_bulk_limit in /home/u6583521/public_html/zlinks.id/themes/altum/views/partials/plan_features.php on line 107
[12-Jan-2025 16:34:49 UTC] PHP Warning:  Undefined property: stdClass::$is_enabled in /home/u6583521/public_html/zlinks.id/themes/altum/views/partials/internal_notifications_js.php on line 7
[12-Jan-2025 16:34:49 UTC] PHP Warning:  Undefined property: stdClass::$is_enabled in /home/u6583521/public_html/zlinks.id/themes/altum/views/app_wrapper.php on line 10
[12-Jan-2025 16:34:49 UTC] PHP Warning:  Undefined property: stdClass::$is_enabled in /home/u6583521/public_html/zlinks.id/themes/altum/views/partials/internal_notifications_js.php on line 7
[12-Jan-2025 16:34:49 UTC] PHP Warning:  Undefined property: stdClass::$is_enabled in /home/u6583521/public_html/zlinks.id/themes/altum/views/wrapper.php on line 10
[12-Jan-2025 16:34:55 UTC] PHP Warning:  Undefined property: stdClass::$is_enabled in /home/u6583521/public_html/zlinks.id/themes/altum/views/partials/internal_notifications_js.php on line 7
[12-Jan-2025 16:34:55 UTC] PHP Warning:  Undefined property: stdClass::$is_enabled in /home/u6583521/public_html/zlinks.id/themes/altum/views/app_wrapper.php on line 10
[12-Jan-2025 16:34:56 UTC] PHP Warning:  Undefined property: stdClass::$is_enabled in /home/u6583521/public_html/zlinks.id/themes/altum/views/partials/internal_notifications_js.php on line 7
[12-Jan-2025 16:34:56 UTC] PHP Warning:  Undefined property: stdClass::$is_enabled in /home/u6583521/public_html/zlinks.id/themes/altum/views/wrapper.php on line 10
[12-Jan-2025 16:36:30 UTC] PHP Warning:  Undefined property: stdClass::$is_enabled in /home/u6583521/public_html/zlinks.id/themes/altum/views/partials/internal_notifications_js.php on line 7
[12-Jan-2025 16:36:30 UTC] PHP Warning:  Undefined property: stdClass::$is_enabled in /home/u6583521/public_html/zlinks.id/themes/altum/views/app_wrapper.php on line 10
[12-Jan-2025 16:36:30 UTC] PHP Warning:  Undefined property: stdClass::$is_enabled in /home/u6583521/public_html/zlinks.id/themes/altum/views/partials/internal_notifications_js.php on line 7
[12-Jan-2025 16:36:30 UTC] PHP Warning:  Undefined property: stdClass::$is_enabled in /home/u6583521/public_html/zlinks.id/themes/altum/views/wrapper.php on line 10
[12-Jan-2025 18:28:21 UTC] PHP Warning:  Undefined property: stdClass::$is_enabled in /home/u6583521/public_html/zlinks.id/themes/altum/views/wrapper.php on line 10
[12-Jan-2025 19:02:56 UTC] PHP Warning:  Undefined property: stdClass::$is_enabled in /home/u6583521/public_html/zlinks.id/themes/altum/views/wrapper.php on line 10
[12-Jan-2025 19:03:11 UTC] PHP Warning:  Undefined property: stdClass::$is_enabled in /home/u6583521/public_html/zlinks.id/themes/altum/views/wrapper.php on line 10
[12-Jan-2025 19:24:39 UTC] PHP Warning:  Undefined property: stdClass::$is_enabled in /home/u6583521/public_html/zlinks.id/themes/altum/views/wrapper.php on line 10
[12-Jan-2025 19:24:59 UTC] PHP Warning:  Undefined property: stdClass::$is_enabled in /home/u6583521/public_html/zlinks.id/themes/altum/views/wrapper.php on line 10
[12-Jan-2025 19:42:13 UTC] PHP Warning:  Undefined property: stdClass::$is_enabled in /home/u6583521/public_html/zlinks.id/themes/altum/views/wrapper.php on line 10
[12-Jan-2025 20:41:15 UTC] PHP Warning:  Undefined property: stdClass::$is_enabled in /home/u6583521/public_html/zlinks.id/themes/altum/views/wrapper.php on line 10
[12-Jan-2025 20:58:42 UTC] PHP Warning:  Undefined property: stdClass::$is_enabled in /home/u6583521/public_html/zlinks.id/themes/altum/views/wrapper.php on line 10
[12-Jan-2025 20:58:46 UTC] PHP Warning:  Undefined property: stdClass::$is_enabled in /home/u6583521/public_html/zlinks.id/themes/altum/views/wrapper.php on line 10
[12-Jan-2025 20:58:48 UTC] PHP Warning:  Undefined property: stdClass::$is_enabled in /home/u6583521/public_html/zlinks.id/themes/altum/views/wrapper.php on line 10
[12-Jan-2025 21:44:16 UTC] PHP Warning:  Undefined property: stdClass::$is_enabled in /home/u6583521/public_html/zlinks.id/themes/altum/views/wrapper.php on line 10
[12-Jan-2025 22:58:11 UTC] PHP Warning:  Undefined property: stdClass::$is_enabled in /home/u6583521/public_html/zlinks.id/themes/altum/views/wrapper.php on line 10
