[01-May-2025 00:01:16 UTC] PHP Warning:  Attempt to read property "type" on null in /home/u6583521/public_html/zlinks.id/themes/altum/views/partials/footer.php on line 100
[01-May-2025 00:01:18 UTC] PHP Warning:  Attempt to read property "type" on null in /home/u6583521/public_html/zlinks.id/themes/altum/views/partials/footer.php on line 100
[01-May-2025 00:01:24 UTC] PHP Warning:  Undefined array key "is_newsletter_subscribed" in /home/u6583521/public_html/zlinks.id/app/controllers/Register.php on line 61
[01-May-2025 00:03:48 UTC] PHP Warning:  Attempt to read property "type" on null in /home/u6583521/public_html/zlinks.id/themes/altum/views/partials/footer.php on line 100
[01-May-2025 00:16:57 UTC] PHP Warning:  Undefined property: stdClass::$last_submissions_is_enabled in /home/u6583521/public_html/zlinks.id/themes/altum/views/tools/tool_widget_frankfurt.php on line 26
[01-May-2025 00:16:57 UTC] PHP Warning:  Attempt to read property "type" on null in /home/u6583521/public_html/zlinks.id/themes/altum/views/partials/footer.php on line 100
[01-May-2025 00:17:04 UTC] PHP Warning:  Attempt to read property "type" on null in /home/u6583521/public_html/zlinks.id/themes/altum/views/partials/footer.php on line 100
[01-May-2025 00:21:03 UTC] PHP Warning:  Undefined property: stdClass::$last_submissions_is_enabled in /home/u6583521/public_html/zlinks.id/themes/altum/views/tools/tool_widget_frankfurt.php on line 26
[01-May-2025 00:21:03 UTC] PHP Warning:  Attempt to read property "type" on null in /home/u6583521/public_html/zlinks.id/themes/altum/views/partials/footer.php on line 100
[01-May-2025 00:28:46 UTC] PHP Warning:  Attempt to read property "type" on null in /home/u6583521/public_html/zlinks.id/themes/altum/views/partials/footer.php on line 100
[01-May-2025 00:28:52 UTC] PHP Warning:  Undefined array key "is_newsletter_subscribed" in /home/u6583521/public_html/zlinks.id/app/controllers/Register.php on line 61
[01-May-2025 00:30:48 UTC] PHP Warning:  Attempt to read property "type" on null in /home/u6583521/public_html/zlinks.id/themes/altum/views/partials/footer.php on line 100
[01-May-2025 00:30:49 UTC] PHP Warning:  Attempt to read property "type" on null in /home/u6583521/public_html/zlinks.id/themes/altum/views/partials/footer.php on line 100
[01-May-2025 00:31:15 UTC] PHP Warning:  Attempt to read property "type" on null in /home/u6583521/public_html/zlinks.id/themes/altum/views/partials/footer.php on line 100
[01-May-2025 00:34:09 UTC] PHP Warning:  Attempt to read property "type" on null in /home/u6583521/public_html/zlinks.id/themes/altum/views/partials/footer.php on line 100
[01-May-2025 00:40:58 UTC] PHP Warning:  Undefined property: stdClass::$last_submissions_is_enabled in /home/u6583521/public_html/zlinks.id/themes/altum/views/tools/tool_widget_frankfurt.php on line 26
[01-May-2025 00:40:58 UTC] PHP Warning:  Attempt to read property "type" on null in /home/u6583521/public_html/zlinks.id/themes/altum/views/partials/footer.php on line 100
[01-May-2025 00:41:40 UTC] PHP Warning:  Undefined property: stdClass::$last_submissions_is_enabled in /home/u6583521/public_html/zlinks.id/themes/altum/views/tools/tool_widget_frankfurt.php on line 26
[01-May-2025 00:41:40 UTC] PHP Warning:  Attempt to read property "type" on null in /home/u6583521/public_html/zlinks.id/themes/altum/views/partials/footer.php on line 100
[01-May-2025 00:42:44 UTC] PHP Warning:  Undefined property: stdClass::$background_color in /home/u6583521/public_html/zlinks.id/themes/altum/views/l/biolink_blocks/socials.php on line 29
[01-May-2025 00:42:44 UTC] PHP Warning:  Undefined property: stdClass::$pwa_is_enabled in /home/u6583521/public_html/zlinks.id/themes/altum/views/l/biolink_wrapper.php on line 11
[01-May-2025 00:57:29 UTC] PHP Warning:  Attempt to read property "type" on null in /home/u6583521/public_html/zlinks.id/themes/altum/views/partials/footer.php on line 100
[01-May-2025 00:57:34 UTC] PHP Warning:  Undefined array key "is_newsletter_subscribed" in /home/u6583521/public_html/zlinks.id/app/controllers/Register.php on line 61
[01-May-2025 00:59:13 UTC] PHP Warning:  Undefined property: stdClass::$last_submissions_is_enabled in /home/u6583521/public_html/zlinks.id/themes/altum/views/tools/tool_widget_frankfurt.php on line 26
[01-May-2025 00:59:13 UTC] PHP Warning:  Attempt to read property "type" on null in /home/u6583521/public_html/zlinks.id/themes/altum/views/partials/footer.php on line 100
[01-May-2025 01:09:09 UTC] PHP Warning:  Undefined property: stdClass::$background_color in /home/u6583521/public_html/zlinks.id/themes/altum/views/l/biolink_blocks/socials.php on line 29
[01-May-2025 01:18:01 UTC] PHP Warning:  Attempt to read property "type" on null in /home/u6583521/public_html/zlinks.id/themes/altum/views/partials/footer.php on line 100
[01-May-2025 01:18:03 UTC] PHP Warning:  Attempt to read property "type" on null in /home/u6583521/public_html/zlinks.id/themes/altum/views/partials/footer.php on line 100
[01-May-2025 01:36:04 UTC] PHP Warning:  Attempt to read property "type" on null in /home/u6583521/public_html/zlinks.id/themes/altum/views/partials/footer.php on line 100
[01-May-2025 01:36:28 UTC] PHP Warning:  Undefined property: stdClass::$last_submissions_is_enabled in /home/u6583521/public_html/zlinks.id/themes/altum/views/tools/tool_widget_frankfurt.php on line 26
[01-May-2025 01:36:28 UTC] PHP Warning:  Attempt to read property "type" on null in /home/u6583521/public_html/zlinks.id/themes/altum/views/partials/footer.php on line 100
[01-May-2025 01:50:30 UTC] PHP Warning:  Attempt to read property "type" on null in /home/u6583521/public_html/zlinks.id/themes/altum/views/partials/footer.php on line 100
[01-May-2025 02:14:23 UTC] PHP Warning:  Attempt to read property "type" on null in /home/u6583521/public_html/zlinks.id/themes/altum/views/partials/footer.php on line 100
[01-May-2025 02:14:25 UTC] PHP Warning:  Attempt to read property "type" on null in /home/u6583521/public_html/zlinks.id/themes/altum/views/partials/footer.php on line 100
[01-May-2025 02:14:32 UTC] PHP Warning:  Undefined array key "is_newsletter_subscribed" in /home/u6583521/public_html/zlinks.id/app/controllers/Register.php on line 61
[01-May-2025 02:15:00 UTC] PHP Warning:  Attempt to read property "type" on null in /home/u6583521/public_html/zlinks.id/themes/altum/views/partials/footer.php on line 100
[01-May-2025 02:19:57 UTC] PHP Warning:  Undefined property: stdClass::$background_color in /home/u6583521/public_html/zlinks.id/themes/altum/views/l/biolink_blocks/socials.php on line 29
[01-May-2025 02:26:23 UTC] PHP Warning:  Attempt to read property "type" on null in /home/u6583521/public_html/zlinks.id/themes/altum/views/partials/footer.php on line 100
[01-May-2025 02:26:27 UTC] PHP Warning:  Undefined array key "is_newsletter_subscribed" in /home/u6583521/public_html/zlinks.id/app/controllers/Register.php on line 61
[01-May-2025 02:52:53 UTC] PHP Warning:  Undefined property: stdClass::$background_color in /home/u6583521/public_html/zlinks.id/themes/altum/views/l/biolink_blocks/socials.php on line 29
[01-May-2025 02:56:10 UTC] PHP Warning:  Undefined property: stdClass::$last_submissions_is_enabled in /home/u6583521/public_html/zlinks.id/themes/altum/views/tools/tool_widget_frankfurt.php on line 26
[01-May-2025 02:56:10 UTC] PHP Warning:  Attempt to read property "type" on null in /home/u6583521/public_html/zlinks.id/themes/altum/views/partials/footer.php on line 100
[01-May-2025 02:57:48 UTC] PHP Warning:  Undefined property: stdClass::$last_submissions_is_enabled in /home/u6583521/public_html/zlinks.id/themes/altum/views/tools/tool_widget_frankfurt.php on line 26
[01-May-2025 02:57:48 UTC] PHP Warning:  Attempt to read property "type" on null in /home/u6583521/public_html/zlinks.id/themes/altum/views/partials/footer.php on line 100
[01-May-2025 02:59:15 UTC] PHP Warning:  Undefined property: stdClass::$last_submissions_is_enabled in /home/u6583521/public_html/zlinks.id/themes/altum/views/tools/tool_widget_frankfurt.php on line 26
[01-May-2025 02:59:15 UTC] PHP Warning:  Attempt to read property "type" on null in /home/u6583521/public_html/zlinks.id/themes/altum/views/partials/footer.php on line 100
[01-May-2025 03:13:29 UTC] PHP Warning:  Attempt to read property "type" on null in /home/u6583521/public_html/zlinks.id/themes/altum/views/partials/footer.php on line 100
[01-May-2025 03:13:34 UTC] PHP Warning:  Undefined array key "is_newsletter_subscribed" in /home/u6583521/public_html/zlinks.id/app/controllers/Register.php on line 61
[01-May-2025 03:24:44 UTC] PHP Warning:  Undefined property: stdClass::$background_color in /home/u6583521/public_html/zlinks.id/themes/altum/views/l/biolink_blocks/socials.php on line 29
[01-May-2025 03:24:45 UTC] PHP Warning:  Undefined property: stdClass::$background_color in /home/u6583521/public_html/zlinks.id/themes/altum/views/l/biolink_blocks/socials.php on line 29
[01-May-2025 03:24:45 UTC] PHP Warning:  Undefined property: stdClass::$background_color in /home/u6583521/public_html/zlinks.id/themes/altum/views/l/biolink_blocks/socials.php on line 29
[01-May-2025 03:35:13 UTC] PHP Warning:  Undefined array key "is_newsletter_subscribed" in /home/u6583521/public_html/zlinks.id/app/controllers/Register.php on line 61
[01-May-2025 03:43:33 UTC] PHP Warning:  Undefined property: stdClass::$background_color in /home/u6583521/public_html/zlinks.id/themes/altum/views/l/biolink_blocks/socials.php on line 29
[01-May-2025 03:43:38 UTC] PHP Warning:  Undefined property: stdClass::$splash_page_id in /home/u6583521/public_html/zlinks.id/app/controllers/l/Link.php on line 129
[01-May-2025 03:43:38 UTC] PHP Warning:  Undefined property: stdClass::$password in /home/u6583521/public_html/zlinks.id/app/controllers/l/Link.php on line 194
[01-May-2025 03:43:38 UTC] PHP Warning:  Undefined property: stdClass::$sensitive_content in /home/u6583521/public_html/zlinks.id/app/controllers/l/Link.php on line 223
[01-May-2025 03:51:16 UTC] PHP Warning:  Attempt to read property "type" on null in /home/u6583521/public_html/zlinks.id/themes/altum/views/partials/footer.php on line 100
[01-May-2025 03:52:35 UTC] PHP Warning:  Attempt to read property "type" on null in /home/u6583521/public_html/zlinks.id/themes/altum/views/partials/footer.php on line 100
[01-May-2025 04:01:00 UTC] PHP Warning:  Attempt to read property "type" on null in /home/u6583521/public_html/zlinks.id/themes/altum/views/partials/footer.php on line 100
[01-May-2025 04:01:01 UTC] PHP Warning:  Attempt to read property "type" on null in /home/u6583521/public_html/zlinks.id/themes/altum/views/partials/footer.php on line 100
[01-May-2025 04:05:40 UTC] PHP Warning:  Attempt to read property "type" on null in /home/u6583521/public_html/zlinks.id/themes/altum/views/partials/footer.php on line 100
[01-May-2025 04:05:42 UTC] PHP Warning:  Attempt to read property "type" on null in /home/u6583521/public_html/zlinks.id/themes/altum/views/partials/footer.php on line 100
[01-May-2025 04:05:49 UTC] PHP Warning:  Undefined array key "is_newsletter_subscribed" in /home/u6583521/public_html/zlinks.id/app/controllers/Register.php on line 61
[01-May-2025 04:09:22 UTC] PHP Warning:  Undefined property: stdClass::$last_submissions_is_enabled in /home/u6583521/public_html/zlinks.id/themes/altum/views/tools/tool_widget_frankfurt.php on line 26
[01-May-2025 04:09:22 UTC] PHP Warning:  Attempt to read property "type" on null in /home/u6583521/public_html/zlinks.id/themes/altum/views/partials/footer.php on line 100
[01-May-2025 04:12:27 UTC] PHP Warning:  Attempt to read property "type" on null in /home/u6583521/public_html/zlinks.id/themes/altum/views/partials/footer.php on line 100
[01-May-2025 04:12:58 UTC] PHP Warning:  Undefined property: stdClass::$last_submissions_is_enabled in /home/u6583521/public_html/zlinks.id/themes/altum/views/tools/tool_widget_frankfurt.php on line 26
[01-May-2025 04:12:58 UTC] PHP Warning:  Attempt to read property "type" on null in /home/u6583521/public_html/zlinks.id/themes/altum/views/partials/footer.php on line 100
[01-May-2025 04:17:32 UTC] PHP Warning:  Undefined property: stdClass::$last_submissions_is_enabled in /home/u6583521/public_html/zlinks.id/themes/altum/views/tools/tool_widget_frankfurt.php on line 26
[01-May-2025 04:17:32 UTC] PHP Warning:  Attempt to read property "type" on null in /home/u6583521/public_html/zlinks.id/themes/altum/views/partials/footer.php on line 100
[01-May-2025 04:17:44 UTC] PHP Warning:  Attempt to read property "type" on null in /home/u6583521/public_html/zlinks.id/themes/altum/views/partials/footer.php on line 100
[01-May-2025 04:18:00 UTC] PHP Warning:  Undefined property: stdClass::$last_submissions_is_enabled in /home/u6583521/public_html/zlinks.id/themes/altum/views/tools/tool_widget_frankfurt.php on line 26
[01-May-2025 04:18:00 UTC] PHP Warning:  Attempt to read property "type" on null in /home/u6583521/public_html/zlinks.id/themes/altum/views/partials/footer.php on line 100
[01-May-2025 04:22:24 UTC] PHP Warning:  Undefined property: stdClass::$last_submissions_is_enabled in /home/u6583521/public_html/zlinks.id/themes/altum/views/tools/tool_widget_frankfurt.php on line 26
[01-May-2025 04:22:24 UTC] PHP Warning:  Attempt to read property "type" on null in /home/u6583521/public_html/zlinks.id/themes/altum/views/partials/footer.php on line 100
[01-May-2025 04:23:15 UTC] PHP Warning:  Undefined property: stdClass::$last_submissions_is_enabled in /home/u6583521/public_html/zlinks.id/themes/altum/views/tools/tool_widget_frankfurt.php on line 26
[01-May-2025 04:23:15 UTC] PHP Warning:  Attempt to read property "type" on null in /home/u6583521/public_html/zlinks.id/themes/altum/views/partials/footer.php on line 100
[01-May-2025 04:33:18 UTC] PHP Warning:  Undefined property: stdClass::$last_submissions_is_enabled in /home/u6583521/public_html/zlinks.id/themes/altum/views/tools/tool_widget_frankfurt.php on line 26
[01-May-2025 04:33:18 UTC] PHP Warning:  Attempt to read property "type" on null in /home/u6583521/public_html/zlinks.id/themes/altum/views/partials/footer.php on line 100
[01-May-2025 04:34:11 UTC] PHP Warning:  Undefined property: stdClass::$last_submissions_is_enabled in /home/u6583521/public_html/zlinks.id/themes/altum/views/tools/tool_widget_frankfurt.php on line 26
[01-May-2025 04:34:11 UTC] PHP Warning:  Attempt to read property "type" on null in /home/u6583521/public_html/zlinks.id/themes/altum/views/partials/footer.php on line 100
[01-May-2025 04:36:27 UTC] PHP Warning:  Undefined property: stdClass::$last_submissions_is_enabled in /home/u6583521/public_html/zlinks.id/themes/altum/views/tools/tool_widget_frankfurt.php on line 26
[01-May-2025 04:36:27 UTC] PHP Warning:  Attempt to read property "type" on null in /home/u6583521/public_html/zlinks.id/themes/altum/views/partials/footer.php on line 100
[01-May-2025 04:37:29 UTC] PHP Warning:  Attempt to read property "type" on null in /home/u6583521/public_html/zlinks.id/themes/altum/views/partials/footer.php on line 100
[01-May-2025 04:38:01 UTC] PHP Warning:  Undefined property: stdClass::$last_submissions_is_enabled in /home/u6583521/public_html/zlinks.id/themes/altum/views/tools/tool_widget_frankfurt.php on line 26
[01-May-2025 04:38:01 UTC] PHP Warning:  Attempt to read property "type" on null in /home/u6583521/public_html/zlinks.id/themes/altum/views/partials/footer.php on line 100
[01-May-2025 04:38:17 UTC] PHP Warning:  Undefined property: stdClass::$last_submissions_is_enabled in /home/u6583521/public_html/zlinks.id/themes/altum/views/tools/tool_widget_frankfurt.php on line 26
[01-May-2025 04:38:17 UTC] PHP Warning:  Attempt to read property "type" on null in /home/u6583521/public_html/zlinks.id/themes/altum/views/partials/footer.php on line 100
[01-May-2025 04:41:25 UTC] PHP Warning:  Undefined property: stdClass::$last_submissions_is_enabled in /home/u6583521/public_html/zlinks.id/themes/altum/views/tools/tool_widget_frankfurt.php on line 26
[01-May-2025 04:41:25 UTC] PHP Warning:  Attempt to read property "type" on null in /home/u6583521/public_html/zlinks.id/themes/altum/views/partials/footer.php on line 100
[01-May-2025 04:42:06 UTC] PHP Warning:  Undefined property: stdClass::$last_submissions_is_enabled in /home/u6583521/public_html/zlinks.id/themes/altum/views/tools/tool_widget_frankfurt.php on line 26
[01-May-2025 04:42:06 UTC] PHP Warning:  Attempt to read property "type" on null in /home/u6583521/public_html/zlinks.id/themes/altum/views/partials/footer.php on line 100
[01-May-2025 04:43:23 UTC] PHP Warning:  Undefined property: stdClass::$last_submissions_is_enabled in /home/u6583521/public_html/zlinks.id/themes/altum/views/tools/tool_widget_frankfurt.php on line 26
[01-May-2025 04:43:23 UTC] PHP Warning:  Attempt to read property "type" on null in /home/u6583521/public_html/zlinks.id/themes/altum/views/partials/footer.php on line 100
[01-May-2025 04:46:06 UTC] PHP Warning:  Undefined property: stdClass::$last_submissions_is_enabled in /home/u6583521/public_html/zlinks.id/themes/altum/views/tools/tool_widget_frankfurt.php on line 26
[01-May-2025 04:46:06 UTC] PHP Warning:  Attempt to read property "type" on null in /home/u6583521/public_html/zlinks.id/themes/altum/views/partials/footer.php on line 100
[01-May-2025 04:47:17 UTC] PHP Warning:  Attempt to read property "type" on null in /home/u6583521/public_html/zlinks.id/themes/altum/views/partials/footer.php on line 100
[01-May-2025 04:48:06 UTC] PHP Warning:  Attempt to read property "type" on null in /home/u6583521/public_html/zlinks.id/themes/altum/views/partials/footer.php on line 100
[01-May-2025 04:48:28 UTC] PHP Warning:  Attempt to read property "type" on null in /home/u6583521/public_html/zlinks.id/themes/altum/views/partials/footer.php on line 100
[01-May-2025 04:48:29 UTC] PHP Warning:  Attempt to read property "type" on null in /home/u6583521/public_html/zlinks.id/themes/altum/views/partials/footer.php on line 100
[01-May-2025 04:49:01 UTC] PHP Warning:  Attempt to read property "type" on null in /home/u6583521/public_html/zlinks.id/themes/altum/views/partials/footer.php on line 100
[01-May-2025 04:49:27 UTC] PHP Warning:  Attempt to read property "type" on null in /home/u6583521/public_html/zlinks.id/themes/altum/views/partials/footer.php on line 100
[01-May-2025 04:50:01 UTC] PHP Warning:  Attempt to read property "type" on null in /home/u6583521/public_html/zlinks.id/themes/altum/views/partials/footer.php on line 100
[01-May-2025 04:52:00 UTC] PHP Warning:  Attempt to read property "type" on null in /home/u6583521/public_html/zlinks.id/themes/altum/views/partials/footer.php on line 100
[01-May-2025 04:52:34 UTC] PHP Warning:  Undefined property: stdClass::$last_submissions_is_enabled in /home/u6583521/public_html/zlinks.id/themes/altum/views/tools/tool_widget_frankfurt.php on line 26
[01-May-2025 04:52:34 UTC] PHP Warning:  Attempt to read property "type" on null in /home/u6583521/public_html/zlinks.id/themes/altum/views/partials/footer.php on line 100
[01-May-2025 04:52:39 UTC] PHP Warning:  Undefined array key "is_newsletter_subscribed" in /home/u6583521/public_html/zlinks.id/app/controllers/Register.php on line 61
[01-May-2025 04:53:02 UTC] PHP Warning:  Attempt to read property "type" on null in /home/u6583521/public_html/zlinks.id/themes/altum/views/partials/footer.php on line 100
[01-May-2025 04:54:28 UTC] PHP Warning:  Undefined property: stdClass::$pwa_is_enabled in /home/u6583521/public_html/zlinks.id/themes/altum/views/l/biolink_wrapper.php on line 11
[01-May-2025 05:00:48 UTC] PHP Warning:  Attempt to read property "type" on null in /home/u6583521/public_html/zlinks.id/themes/altum/views/partials/footer.php on line 100
[01-May-2025 05:00:53 UTC] PHP Warning:  Undefined array key "is_newsletter_subscribed" in /home/u6583521/public_html/zlinks.id/app/controllers/Register.php on line 61
[01-May-2025 05:01:15 UTC] PHP Warning:  Attempt to read property "type" on null in /home/u6583521/public_html/zlinks.id/themes/altum/views/partials/footer.php on line 100
[01-May-2025 05:02:28 UTC] PHP Warning:  Attempt to read property "type" on null in /home/u6583521/public_html/zlinks.id/themes/altum/views/partials/footer.php on line 100
[01-May-2025 05:04:06 UTC] PHP Warning:  Attempt to read property "type" on null in /home/u6583521/public_html/zlinks.id/themes/altum/views/partials/footer.php on line 100
[01-May-2025 05:04:12 UTC] PHP Warning:  Undefined array key "is_newsletter_subscribed" in /home/u6583521/public_html/zlinks.id/app/controllers/Register.php on line 61
[01-May-2025 05:06:01 UTC] PHP Warning:  Attempt to read property "type" on null in /home/u6583521/public_html/zlinks.id/themes/altum/views/partials/footer.php on line 100
[01-May-2025 05:07:49 UTC] PHP Warning:  Attempt to read property "type" on null in /home/u6583521/public_html/zlinks.id/themes/altum/views/partials/footer.php on line 100
[01-May-2025 05:08:10 UTC] PHP Warning:  Attempt to read property "type" on null in /home/u6583521/public_html/zlinks.id/themes/altum/views/partials/footer.php on line 100
[01-May-2025 05:08:22 UTC] PHP Warning:  Attempt to read property "type" on null in /home/u6583521/public_html/zlinks.id/themes/altum/views/partials/footer.php on line 100
[01-May-2025 05:09:15 UTC] PHP Warning:  Attempt to read property "type" on null in /home/u6583521/public_html/zlinks.id/themes/altum/views/partials/footer.php on line 100
[01-May-2025 05:10:01 UTC] PHP Warning:  Attempt to read property "type" on null in /home/u6583521/public_html/zlinks.id/themes/altum/views/partials/footer.php on line 100
[01-May-2025 05:14:22 UTC] PHP Warning:  Attempt to read property "type" on null in /home/u6583521/public_html/zlinks.id/themes/altum/views/partials/footer.php on line 100
[01-May-2025 05:14:25 UTC] PHP Warning:  Attempt to read property "type" on null in /home/u6583521/public_html/zlinks.id/themes/altum/views/partials/footer.php on line 100
[01-May-2025 05:25:18 UTC] PHP Warning:  Attempt to read property "type" on null in /home/u6583521/public_html/zlinks.id/themes/altum/views/partials/footer.php on line 100
[01-May-2025 05:25:58 UTC] PHP Warning:  Undefined property: stdClass::$last_submissions_is_enabled in /home/u6583521/public_html/zlinks.id/themes/altum/views/tools/tool_widget_frankfurt.php on line 26
[01-May-2025 05:25:58 UTC] PHP Warning:  Attempt to read property "type" on null in /home/u6583521/public_html/zlinks.id/themes/altum/views/partials/footer.php on line 100
[01-May-2025 05:26:01 UTC] PHP Warning:  Undefined property: stdClass::$background_color in /home/u6583521/public_html/zlinks.id/themes/altum/views/l/biolink_blocks/socials.php on line 29
[01-May-2025 05:26:14 UTC] PHP Warning:  Undefined property: stdClass::$background_color in /home/u6583521/public_html/zlinks.id/themes/altum/views/l/biolink_blocks/socials.php on line 29
[01-May-2025 05:26:22 UTC] PHP Warning:  Undefined property: stdClass::$splash_page_id in /home/u6583521/public_html/zlinks.id/app/controllers/l/Link.php on line 129
[01-May-2025 05:26:22 UTC] PHP Warning:  Undefined property: stdClass::$password in /home/u6583521/public_html/zlinks.id/app/controllers/l/Link.php on line 194
[01-May-2025 05:26:22 UTC] PHP Warning:  Undefined property: stdClass::$sensitive_content in /home/u6583521/public_html/zlinks.id/app/controllers/l/Link.php on line 223
[01-May-2025 05:27:22 UTC] PHP Warning:  Attempt to read property "type" on null in /home/u6583521/public_html/zlinks.id/themes/altum/views/partials/footer.php on line 100
[01-May-2025 05:28:57 UTC] PHP Warning:  Attempt to read property "type" on null in /home/u6583521/public_html/zlinks.id/themes/altum/views/partials/footer.php on line 100
[01-May-2025 05:29:10 UTC] PHP Warning:  Attempt to read property "type" on null in /home/u6583521/public_html/zlinks.id/themes/altum/views/partials/footer.php on line 100
[01-May-2025 05:29:18 UTC] PHP Warning:  Attempt to read property "type" on null in /home/u6583521/public_html/zlinks.id/themes/altum/views/partials/footer.php on line 100
[01-May-2025 05:29:23 UTC] PHP Warning:  Attempt to read property "type" on null in /home/u6583521/public_html/zlinks.id/themes/altum/views/partials/footer.php on line 100
[01-May-2025 05:29:58 UTC] PHP Warning:  Attempt to read property "type" on null in /home/u6583521/public_html/zlinks.id/themes/altum/views/partials/footer.php on line 100
[01-May-2025 05:36:01 UTC] PHP Warning:  Attempt to read property "type" on null in /home/u6583521/public_html/zlinks.id/themes/altum/views/partials/footer.php on line 100
[01-May-2025 05:37:11 UTC] PHP Warning:  Attempt to read property "type" on null in /home/u6583521/public_html/zlinks.id/themes/altum/views/partials/footer.php on line 100
[01-May-2025 05:37:59 UTC] PHP Warning:  Attempt to read property "type" on null in /home/u6583521/public_html/zlinks.id/themes/altum/views/partials/footer.php on line 100
[01-May-2025 05:42:02 UTC] PHP Warning:  Attempt to read property "type" on null in /home/u6583521/public_html/zlinks.id/themes/altum/views/partials/footer.php on line 100
[01-May-2025 05:48:01 UTC] PHP Warning:  Attempt to read property "type" on null in /home/u6583521/public_html/zlinks.id/themes/altum/views/partials/footer.php on line 100
[01-May-2025 05:58:01 UTC] PHP Warning:  Attempt to read property "type" on null in /home/u6583521/public_html/zlinks.id/themes/altum/views/partials/footer.php on line 100
[01-May-2025 05:59:18 UTC] PHP Warning:  Attempt to read property "type" on null in /home/u6583521/public_html/zlinks.id/themes/altum/views/partials/footer.php on line 100
[01-May-2025 06:04:27 UTC] PHP Warning:  Attempt to read property "type" on null in /home/u6583521/public_html/zlinks.id/themes/altum/views/partials/footer.php on line 100
[01-May-2025 06:08:16 UTC] PHP Warning:  Attempt to read property "type" on null in /home/u6583521/public_html/zlinks.id/themes/altum/views/partials/footer.php on line 100
[01-May-2025 06:08:25 UTC] PHP Warning:  Attempt to read property "type" on null in /home/u6583521/public_html/zlinks.id/themes/altum/views/partials/footer.php on line 100
[01-May-2025 06:09:10 UTC] PHP Warning:  Attempt to read property "type" on null in /home/u6583521/public_html/zlinks.id/themes/altum/views/partials/footer.php on line 100
[01-May-2025 06:09:25 UTC] PHP Warning:  Attempt to read property "type" on null in /home/u6583521/public_html/zlinks.id/themes/altum/views/partials/footer.php on line 100
[01-May-2025 06:14:01 UTC] PHP Warning:  Attempt to read property "type" on null in /home/u6583521/public_html/zlinks.id/themes/altum/views/partials/footer.php on line 100
[01-May-2025 06:16:47 UTC] PHP Warning:  Attempt to read property "type" on null in /home/u6583521/public_html/zlinks.id/themes/altum/views/partials/footer.php on line 100
[01-May-2025 06:18:01 UTC] PHP Warning:  Attempt to read property "type" on null in /home/u6583521/public_html/zlinks.id/themes/altum/views/partials/footer.php on line 100
[01-May-2025 06:18:28 UTC] PHP Warning:  Attempt to read property "type" on null in /home/u6583521/public_html/zlinks.id/themes/altum/views/partials/footer.php on line 100
[01-May-2025 06:19:49 UTC] PHP Warning:  Attempt to read property "type" on null in /home/u6583521/public_html/zlinks.id/themes/altum/views/partials/footer.php on line 100
[01-May-2025 06:22:27 UTC] PHP Warning:  Attempt to read property "type" on null in /home/u6583521/public_html/zlinks.id/themes/altum/views/partials/footer.php on line 100
[01-May-2025 06:23:15 UTC] PHP Warning:  Attempt to read property "type" on null in /home/u6583521/public_html/zlinks.id/themes/altum/views/partials/footer.php on line 100
[01-May-2025 06:23:58 UTC] PHP Warning:  Attempt to read property "type" on null in /home/u6583521/public_html/zlinks.id/themes/altum/views/partials/footer.php on line 100
[01-May-2025 06:24:14 UTC] PHP Warning:  Attempt to read property "type" on null in /home/u6583521/public_html/zlinks.id/themes/altum/views/partials/footer.php on line 100
[01-May-2025 06:29:02 UTC] PHP Warning:  Attempt to read property "type" on null in /home/u6583521/public_html/zlinks.id/themes/altum/views/partials/footer.php on line 100
[01-May-2025 06:30:00 UTC] PHP Warning:  Attempt to read property "type" on null in /home/u6583521/public_html/zlinks.id/themes/altum/views/partials/footer.php on line 100
[01-May-2025 06:32:22 UTC] PHP Warning:  Attempt to read property "type" on null in /home/u6583521/public_html/zlinks.id/themes/altum/views/partials/footer.php on line 100
[01-May-2025 06:33:09 UTC] PHP Warning:  Attempt to read property "type" on null in /home/u6583521/public_html/zlinks.id/themes/altum/views/partials/footer.php on line 100
[01-May-2025 06:33:11 UTC] PHP Warning:  Attempt to read property "type" on null in /home/u6583521/public_html/zlinks.id/themes/altum/views/partials/footer.php on line 100
[01-May-2025 06:33:16 UTC] PHP Warning:  Undefined array key "is_newsletter_subscribed" in /home/u6583521/public_html/zlinks.id/app/controllers/Register.php on line 61
[01-May-2025 06:35:11 UTC] PHP Warning:  Attempt to read property "type" on null in /home/u6583521/public_html/zlinks.id/themes/altum/views/partials/footer.php on line 100
[01-May-2025 06:37:10 UTC] PHP Warning:  Attempt to read property "type" on null in /home/u6583521/public_html/zlinks.id/themes/altum/views/partials/footer.php on line 100
[01-May-2025 06:39:02 UTC] PHP Warning:  Attempt to read property "type" on null in /home/u6583521/public_html/zlinks.id/themes/altum/views/partials/footer.php on line 100
[01-May-2025 06:45:21 UTC] PHP Warning:  Attempt to read property "type" on null in /home/u6583521/public_html/zlinks.id/themes/altum/views/partials/footer.php on line 100
[01-May-2025 06:48:19 UTC] PHP Warning:  Attempt to read property "type" on null in /home/u6583521/public_html/zlinks.id/themes/altum/views/partials/footer.php on line 100
[01-May-2025 06:49:12 UTC] PHP Warning:  Attempt to read property "type" on null in /home/u6583521/public_html/zlinks.id/themes/altum/views/partials/footer.php on line 100
[01-May-2025 06:49:47 UTC] PHP Warning:  Undefined property: stdClass::$background_color in /home/u6583521/public_html/zlinks.id/themes/altum/views/l/biolink_blocks/socials.php on line 29
[01-May-2025 06:49:53 UTC] PHP Warning:  Undefined property: stdClass::$splash_page_id in /home/u6583521/public_html/zlinks.id/app/controllers/l/Link.php on line 129
[01-May-2025 06:49:53 UTC] PHP Warning:  Undefined property: stdClass::$password in /home/u6583521/public_html/zlinks.id/app/controllers/l/Link.php on line 194
[01-May-2025 06:49:53 UTC] PHP Warning:  Undefined property: stdClass::$sensitive_content in /home/u6583521/public_html/zlinks.id/app/controllers/l/Link.php on line 223
[01-May-2025 06:50:24 UTC] PHP Warning:  Attempt to read property "type" on null in /home/u6583521/public_html/zlinks.id/themes/altum/views/partials/footer.php on line 100
[01-May-2025 06:53:11 UTC] PHP Warning:  Attempt to read property "type" on null in /home/u6583521/public_html/zlinks.id/themes/altum/views/partials/footer.php on line 100
[01-May-2025 06:56:54 UTC] PHP Warning:  Undefined property: stdClass::$background_color in /home/u6583521/public_html/zlinks.id/themes/altum/views/l/biolink_blocks/socials.php on line 29
[01-May-2025 06:57:05 UTC] PHP Warning:  Undefined property: stdClass::$splash_page_id in /home/u6583521/public_html/zlinks.id/app/controllers/l/Link.php on line 129
[01-May-2025 06:57:05 UTC] PHP Warning:  Undefined property: stdClass::$password in /home/u6583521/public_html/zlinks.id/app/controllers/l/Link.php on line 194
[01-May-2025 06:57:05 UTC] PHP Warning:  Undefined property: stdClass::$sensitive_content in /home/u6583521/public_html/zlinks.id/app/controllers/l/Link.php on line 223
[01-May-2025 06:57:16 UTC] PHP Warning:  Attempt to read property "type" on null in /home/u6583521/public_html/zlinks.id/themes/altum/views/partials/footer.php on line 100
[01-May-2025 06:57:29 UTC] PHP Warning:  Attempt to read property "type" on null in /home/u6583521/public_html/zlinks.id/themes/altum/views/partials/footer.php on line 100
[01-May-2025 07:03:10 UTC] PHP Warning:  Attempt to read property "type" on null in /home/u6583521/public_html/zlinks.id/themes/altum/views/partials/footer.php on line 100
[01-May-2025 07:13:26 UTC] PHP Warning:  Attempt to read property "type" on null in /home/u6583521/public_html/zlinks.id/themes/altum/views/partials/footer.php on line 100
[01-May-2025 07:14:15 UTC] PHP Warning:  Attempt to read property "type" on null in /home/u6583521/public_html/zlinks.id/themes/altum/views/partials/footer.php on line 100
[01-May-2025 07:15:16 UTC] PHP Warning:  Attempt to read property "type" on null in /home/u6583521/public_html/zlinks.id/themes/altum/views/partials/footer.php on line 100
[01-May-2025 07:23:01 UTC] PHP Warning:  Attempt to read property "type" on null in /home/u6583521/public_html/zlinks.id/themes/altum/views/partials/footer.php on line 100
[01-May-2025 07:23:12 UTC] PHP Warning:  Attempt to read property "type" on null in /home/u6583521/public_html/zlinks.id/themes/altum/views/partials/footer.php on line 100
[01-May-2025 07:25:01 UTC] PHP Warning:  Attempt to read property "type" on null in /home/u6583521/public_html/zlinks.id/themes/altum/views/partials/footer.php on line 100
[01-May-2025 07:28:11 UTC] PHP Warning:  Attempt to read property "type" on null in /home/u6583521/public_html/zlinks.id/themes/altum/views/partials/footer.php on line 100
[01-May-2025 07:29:00 UTC] PHP Warning:  Attempt to read property "type" on null in /home/u6583521/public_html/zlinks.id/themes/altum/views/partials/footer.php on line 100
[01-May-2025 07:34:01 UTC] PHP Warning:  Attempt to read property "type" on null in /home/u6583521/public_html/zlinks.id/themes/altum/views/partials/footer.php on line 100
[01-May-2025 07:35:57 UTC] PHP Warning:  Attempt to read property "type" on null in /home/u6583521/public_html/zlinks.id/themes/altum/views/partials/footer.php on line 100
[01-May-2025 07:38:22 UTC] PHP Warning:  Attempt to read property "type" on null in /home/u6583521/public_html/zlinks.id/themes/altum/views/partials/footer.php on line 100
[01-May-2025 07:44:17 UTC] PHP Warning:  Undefined array key "Indonesia" in /home/u6583521/public_html/zlinks.id/app/controllers/Sitemap.php on line 98
[01-May-2025 07:53:19 UTC] PHP Warning:  Undefined property: stdClass::$background_color in /home/u6583521/public_html/zlinks.id/themes/altum/views/l/biolink_blocks/socials.php on line 29
[01-May-2025 07:53:27 UTC] PHP Warning:  Undefined property: stdClass::$splash_page_id in /home/u6583521/public_html/zlinks.id/app/controllers/l/Link.php on line 129
[01-May-2025 07:53:27 UTC] PHP Warning:  Undefined property: stdClass::$password in /home/u6583521/public_html/zlinks.id/app/controllers/l/Link.php on line 194
[01-May-2025 07:53:27 UTC] PHP Warning:  Undefined property: stdClass::$sensitive_content in /home/u6583521/public_html/zlinks.id/app/controllers/l/Link.php on line 223
[01-May-2025 07:54:45 UTC] PHP Warning:  Undefined property: stdClass::$splash_page_id in /home/u6583521/public_html/zlinks.id/app/controllers/l/Link.php on line 129
[01-May-2025 07:54:45 UTC] PHP Warning:  Undefined property: stdClass::$password in /home/u6583521/public_html/zlinks.id/app/controllers/l/Link.php on line 194
[01-May-2025 07:54:45 UTC] PHP Warning:  Undefined property: stdClass::$sensitive_content in /home/u6583521/public_html/zlinks.id/app/controllers/l/Link.php on line 223
[01-May-2025 08:01:04 UTC] PHP Warning:  Attempt to read property "type" on null in /home/u6583521/public_html/zlinks.id/themes/altum/views/partials/footer.php on line 100
[01-May-2025 08:01:05 UTC] PHP Warning:  Attempt to read property "type" on null in /home/u6583521/public_html/zlinks.id/themes/altum/views/partials/footer.php on line 100
[01-May-2025 08:01:12 UTC] PHP Warning:  Undefined array key "is_newsletter_subscribed" in /home/u6583521/public_html/zlinks.id/app/controllers/Register.php on line 61
[01-May-2025 08:02:26 UTC] PHP Warning:  Undefined property: stdClass::$background_color in /home/u6583521/public_html/zlinks.id/themes/altum/views/l/biolink_blocks/socials.php on line 29
[01-May-2025 08:02:26 UTC] PHP Warning:  Undefined property: stdClass::$pwa_is_enabled in /home/u6583521/public_html/zlinks.id/themes/altum/views/l/biolink_wrapper.php on line 11
[01-May-2025 08:09:09 UTC] PHP Warning:  Attempt to read property "type" on null in /home/u6583521/public_html/zlinks.id/themes/altum/views/partials/footer.php on line 100
[01-May-2025 08:11:27 UTC] PHP Warning:  Attempt to read property "type" on null in /home/u6583521/public_html/zlinks.id/themes/altum/views/partials/footer.php on line 100
[01-May-2025 08:11:29 UTC] PHP Warning:  Attempt to read property "type" on null in /home/u6583521/public_html/zlinks.id/themes/altum/views/partials/footer.php on line 100
[01-May-2025 08:13:06 UTC] PHP Warning:  Attempt to read property "type" on null in /home/u6583521/public_html/zlinks.id/themes/altum/views/partials/footer.php on line 100
[01-May-2025 08:14:16 UTC] PHP Warning:  Attempt to read property "type" on null in /home/u6583521/public_html/zlinks.id/themes/altum/views/partials/footer.php on line 100
[01-May-2025 08:17:06 UTC] PHP Warning:  Attempt to read property "type" on null in /home/u6583521/public_html/zlinks.id/themes/altum/views/partials/footer.php on line 100
[01-May-2025 08:17:08 UTC] PHP Warning:  Attempt to read property "type" on null in /home/u6583521/public_html/zlinks.id/themes/altum/views/partials/footer.php on line 100
[01-May-2025 08:17:13 UTC] PHP Warning:  Undefined array key "is_newsletter_subscribed" in /home/u6583521/public_html/zlinks.id/app/controllers/Register.php on line 61
[01-May-2025 08:18:11 UTC] PHP Warning:  Attempt to read property "type" on null in /home/u6583521/public_html/zlinks.id/themes/altum/views/partials/footer.php on line 100
[01-May-2025 08:18:41 UTC] PHP Warning:  Attempt to read property "type" on null in /home/u6583521/public_html/zlinks.id/themes/altum/views/partials/footer.php on line 100
[01-May-2025 08:18:41 UTC] PHP Warning:  Attempt to read property "type" on null in /home/u6583521/public_html/zlinks.id/themes/altum/views/partials/footer.php on line 100
[01-May-2025 08:18:58 UTC] PHP Warning:  Attempt to read property "type" on null in /home/u6583521/public_html/zlinks.id/themes/altum/views/partials/footer.php on line 100
[01-May-2025 08:21:09 UTC] PHP Warning:  Attempt to read property "type" on null in /home/u6583521/public_html/zlinks.id/themes/altum/views/partials/footer.php on line 100
[01-May-2025 08:21:11 UTC] PHP Warning:  Attempt to read property "type" on null in /home/u6583521/public_html/zlinks.id/themes/altum/views/partials/footer.php on line 100
[01-May-2025 08:21:24 UTC] PHP Warning:  Attempt to read property "type" on null in /home/u6583521/public_html/zlinks.id/themes/altum/views/partials/footer.php on line 100
[01-May-2025 08:24:06 UTC] PHP Warning:  Attempt to read property "type" on null in /home/u6583521/public_html/zlinks.id/themes/altum/views/partials/footer.php on line 100
[01-May-2025 08:24:53 UTC] PHP Warning:  Attempt to read property "type" on null in /home/u6583521/public_html/zlinks.id/themes/altum/views/partials/footer.php on line 100
[01-May-2025 08:25:18 UTC] PHP Warning:  Attempt to read property "type" on null in /home/u6583521/public_html/zlinks.id/themes/altum/views/partials/footer.php on line 100
[01-May-2025 08:25:24 UTC] PHP Warning:  Attempt to read property "type" on null in /home/u6583521/public_html/zlinks.id/themes/altum/views/partials/footer.php on line 100
[01-May-2025 08:26:14 UTC] PHP Warning:  Undefined property: stdClass::$last_submissions_is_enabled in /home/u6583521/public_html/zlinks.id/themes/altum/views/tools/tool_widget_frankfurt.php on line 26
[01-May-2025 08:26:14 UTC] PHP Warning:  Attempt to read property "type" on null in /home/u6583521/public_html/zlinks.id/themes/altum/views/partials/footer.php on line 100
[01-May-2025 08:29:21 UTC] PHP Warning:  Attempt to read property "type" on null in /home/u6583521/public_html/zlinks.id/themes/altum/views/partials/footer.php on line 100
[01-May-2025 08:32:10 UTC] PHP Warning:  Attempt to read property "type" on null in /home/u6583521/public_html/zlinks.id/themes/altum/views/partials/footer.php on line 100
[01-May-2025 08:33:58 UTC] PHP Warning:  Attempt to read property "type" on null in /home/u6583521/public_html/zlinks.id/themes/altum/views/partials/footer.php on line 100
[01-May-2025 08:34:32 UTC] PHP Warning:  Attempt to read property "type" on null in /home/u6583521/public_html/zlinks.id/themes/altum/views/partials/footer.php on line 100
[01-May-2025 08:34:40 UTC] PHP Warning:  Undefined array key "is_newsletter_subscribed" in /home/u6583521/public_html/zlinks.id/app/controllers/Register.php on line 61
[01-May-2025 08:39:16 UTC] PHP Warning:  Attempt to read property "type" on null in /home/u6583521/public_html/zlinks.id/themes/altum/views/partials/footer.php on line 100
[01-May-2025 08:39:53 UTC] PHP Warning:  Attempt to read property "type" on null in /home/u6583521/public_html/zlinks.id/themes/altum/views/partials/footer.php on line 100
[01-May-2025 08:44:02 UTC] PHP Warning:  Attempt to read property "type" on null in /home/u6583521/public_html/zlinks.id/themes/altum/views/partials/footer.php on line 100
[01-May-2025 08:45:59 UTC] PHP Warning:  Attempt to read property "type" on null in /home/u6583521/public_html/zlinks.id/themes/altum/views/partials/footer.php on line 100
[01-May-2025 08:47:28 UTC] PHP Warning:  Attempt to read property "type" on null in /home/u6583521/public_html/zlinks.id/themes/altum/views/partials/footer.php on line 100
[01-May-2025 08:51:33 UTC] PHP Warning:  Attempt to read property "type" on null in /home/u6583521/public_html/zlinks.id/themes/altum/views/partials/footer.php on line 100
[01-May-2025 08:52:06 UTC] PHP Warning:  Attempt to read property "type" on null in /home/u6583521/public_html/zlinks.id/themes/altum/views/partials/footer.php on line 100
[01-May-2025 08:55:02 UTC] PHP Warning:  Attempt to read property "type" on null in /home/u6583521/public_html/zlinks.id/themes/altum/views/partials/footer.php on line 100
[01-May-2025 08:56:18 UTC] PHP Warning:  Attempt to read property "type" on null in /home/u6583521/public_html/zlinks.id/themes/altum/views/partials/footer.php on line 100
[01-May-2025 08:56:22 UTC] PHP Warning:  Attempt to read property "type" on null in /home/u6583521/public_html/zlinks.id/themes/altum/views/partials/footer.php on line 100
[01-May-2025 08:57:48 UTC] PHP Warning:  Attempt to read property "type" on null in /home/u6583521/public_html/zlinks.id/themes/altum/views/partials/footer.php on line 100
[01-May-2025 08:57:52 UTC] PHP Warning:  Undefined array key "is_newsletter_subscribed" in /home/u6583521/public_html/zlinks.id/app/controllers/Register.php on line 61
[01-May-2025 08:58:34 UTC] PHP Warning:  Attempt to read property "type" on null in /home/u6583521/public_html/zlinks.id/themes/altum/views/partials/footer.php on line 100
[01-May-2025 08:59:28 UTC] PHP Warning:  Attempt to read property "type" on null in /home/u6583521/public_html/zlinks.id/themes/altum/views/partials/footer.php on line 100
[01-May-2025 08:59:34 UTC] PHP Warning:  Attempt to read property "type" on null in /home/u6583521/public_html/zlinks.id/themes/altum/views/partials/footer.php on line 100
[01-May-2025 09:00:00 UTC] PHP Warning:  Attempt to read property "type" on null in /home/u6583521/public_html/zlinks.id/themes/altum/views/partials/footer.php on line 100
[01-May-2025 09:03:16 UTC] PHP Warning:  Attempt to read property "type" on null in /home/u6583521/public_html/zlinks.id/themes/altum/views/partials/footer.php on line 100
[01-May-2025 09:03:28 UTC] PHP Warning:  Attempt to read property "type" on null in /home/u6583521/public_html/zlinks.id/themes/altum/views/partials/footer.php on line 100
[01-May-2025 09:04:48 UTC] PHP Warning:  Attempt to read property "type" on null in /home/u6583521/public_html/zlinks.id/themes/altum/views/partials/footer.php on line 100
[01-May-2025 09:04:49 UTC] PHP Warning:  Attempt to read property "type" on null in /home/u6583521/public_html/zlinks.id/themes/altum/views/partials/footer.php on line 100
[01-May-2025 09:04:59 UTC] PHP Warning:  Attempt to read property "type" on null in /home/u6583521/public_html/zlinks.id/themes/altum/views/partials/footer.php on line 100
[01-May-2025 09:07:06 UTC] PHP Warning:  Attempt to read property "type" on null in /home/u6583521/public_html/zlinks.id/themes/altum/views/partials/footer.php on line 100
[01-May-2025 09:10:05 UTC] PHP Warning:  Attempt to read property "type" on null in /home/u6583521/public_html/zlinks.id/themes/altum/views/partials/footer.php on line 100
[01-May-2025 09:10:14 UTC] PHP Warning:  Undefined array key "is_newsletter_subscribed" in /home/u6583521/public_html/zlinks.id/app/controllers/Register.php on line 61
[01-May-2025 09:12:42 UTC] PHP Warning:  Undefined property: stdClass::$last_submissions_is_enabled in /home/u6583521/public_html/zlinks.id/themes/altum/views/tools/tool_widget_frankfurt.php on line 26
[01-May-2025 09:12:42 UTC] PHP Warning:  Attempt to read property "type" on null in /home/u6583521/public_html/zlinks.id/themes/altum/views/partials/footer.php on line 100
[01-May-2025 09:14:10 UTC] PHP Warning:  Attempt to read property "type" on null in /home/u6583521/public_html/zlinks.id/themes/altum/views/partials/footer.php on line 100
[01-May-2025 09:15:27 UTC] PHP Warning:  Attempt to read property "type" on null in /home/u6583521/public_html/zlinks.id/themes/altum/views/partials/footer.php on line 100
[01-May-2025 09:21:58 UTC] PHP Warning:  Attempt to read property "type" on null in /home/u6583521/public_html/zlinks.id/themes/altum/views/partials/footer.php on line 100
[01-May-2025 09:22:15 UTC] PHP Warning:  Attempt to read property "type" on null in /home/u6583521/public_html/zlinks.id/themes/altum/views/partials/footer.php on line 100
[01-May-2025 09:24:39 UTC] PHP Warning:  Attempt to read property "type" on null in /home/u6583521/public_html/zlinks.id/themes/altum/views/partials/footer.php on line 100
[01-May-2025 09:24:40 UTC] PHP Warning:  Attempt to read property "type" on null in /home/u6583521/public_html/zlinks.id/themes/altum/views/partials/footer.php on line 100
[01-May-2025 09:26:58 UTC] PHP Warning:  Attempt to read property "type" on null in /home/u6583521/public_html/zlinks.id/themes/altum/views/partials/footer.php on line 100
[01-May-2025 09:27:15 UTC] PHP Warning:  Attempt to read property "type" on null in /home/u6583521/public_html/zlinks.id/themes/altum/views/partials/footer.php on line 100
[01-May-2025 09:27:18 UTC] PHP Warning:  Attempt to read property "type" on null in /home/u6583521/public_html/zlinks.id/themes/altum/views/partials/footer.php on line 100
[01-May-2025 09:31:28 UTC] PHP Warning:  Attempt to read property "type" on null in /home/u6583521/public_html/zlinks.id/themes/altum/views/partials/footer.php on line 100
[01-May-2025 09:33:29 UTC] PHP Warning:  Attempt to read property "type" on null in /home/u6583521/public_html/zlinks.id/themes/altum/views/partials/footer.php on line 100
[01-May-2025 09:36:02 UTC] PHP Warning:  Attempt to read property "type" on null in /home/u6583521/public_html/zlinks.id/themes/altum/views/partials/footer.php on line 100
[01-May-2025 09:36:15 UTC] PHP Warning:  Attempt to read property "type" on null in /home/u6583521/public_html/zlinks.id/themes/altum/views/partials/footer.php on line 100
[01-May-2025 09:36:58 UTC] PHP Warning:  Attempt to read property "type" on null in /home/u6583521/public_html/zlinks.id/themes/altum/views/partials/footer.php on line 100
[01-May-2025 09:37:18 UTC] PHP Warning:  Attempt to read property "type" on null in /home/u6583521/public_html/zlinks.id/themes/altum/views/partials/footer.php on line 100
[01-May-2025 09:37:25 UTC] PHP Warning:  Undefined property: stdClass::$last_submissions_is_enabled in /home/u6583521/public_html/zlinks.id/themes/altum/views/tools/tool_widget_frankfurt.php on line 26
[01-May-2025 09:37:25 UTC] PHP Warning:  Attempt to read property "type" on null in /home/u6583521/public_html/zlinks.id/themes/altum/views/partials/footer.php on line 100
[01-May-2025 09:41:11 UTC] PHP Warning:  Attempt to read property "type" on null in /home/u6583521/public_html/zlinks.id/themes/altum/views/partials/footer.php on line 100
[01-May-2025 09:42:18 UTC] PHP Warning:  Undefined property: stdClass::$background_color in /home/u6583521/public_html/zlinks.id/themes/altum/views/l/biolink_blocks/socials.php on line 29
[01-May-2025 09:42:23 UTC] PHP Warning:  Undefined property: stdClass::$splash_page_id in /home/u6583521/public_html/zlinks.id/app/controllers/l/Link.php on line 129
[01-May-2025 09:42:23 UTC] PHP Warning:  Undefined property: stdClass::$password in /home/u6583521/public_html/zlinks.id/app/controllers/l/Link.php on line 194
[01-May-2025 09:42:23 UTC] PHP Warning:  Undefined property: stdClass::$sensitive_content in /home/u6583521/public_html/zlinks.id/app/controllers/l/Link.php on line 223
[01-May-2025 09:43:14 UTC] PHP Warning:  Attempt to read property "type" on null in /home/u6583521/public_html/zlinks.id/themes/altum/views/partials/footer.php on line 100
[01-May-2025 09:48:19 UTC] PHP Warning:  Undefined property: stdClass::$last_submissions_is_enabled in /home/u6583521/public_html/zlinks.id/themes/altum/views/tools/tool_widget_frankfurt.php on line 26
[01-May-2025 09:48:19 UTC] PHP Warning:  Attempt to read property "type" on null in /home/u6583521/public_html/zlinks.id/themes/altum/views/partials/footer.php on line 100
[01-May-2025 09:49:16 UTC] PHP Warning:  Undefined property: stdClass::$background_color in /home/u6583521/public_html/zlinks.id/themes/altum/views/l/biolink_blocks/socials.php on line 29
[01-May-2025 09:49:16 UTC] PHP Warning:  Undefined property: stdClass::$pwa_is_enabled in /home/u6583521/public_html/zlinks.id/themes/altum/views/l/biolink_wrapper.php on line 11
[01-May-2025 09:50:22 UTC] PHP Warning:  Undefined property: stdClass::$last_submissions_is_enabled in /home/u6583521/public_html/zlinks.id/themes/altum/views/tools/tool_widget_frankfurt.php on line 26
[01-May-2025 09:50:22 UTC] PHP Warning:  Attempt to read property "type" on null in /home/u6583521/public_html/zlinks.id/themes/altum/views/partials/footer.php on line 100
[01-May-2025 09:53:12 UTC] PHP Warning:  Undefined property: stdClass::$last_submissions_is_enabled in /home/u6583521/public_html/zlinks.id/themes/altum/views/tools/tool_widget_frankfurt.php on line 26
[01-May-2025 09:53:12 UTC] PHP Warning:  Attempt to read property "type" on null in /home/u6583521/public_html/zlinks.id/themes/altum/views/partials/footer.php on line 100
[01-May-2025 09:57:30 UTC] PHP Warning:  Undefined property: stdClass::$last_submissions_is_enabled in /home/u6583521/public_html/zlinks.id/themes/altum/views/tools/tool_widget_frankfurt.php on line 26
[01-May-2025 09:57:30 UTC] PHP Warning:  Attempt to read property "type" on null in /home/u6583521/public_html/zlinks.id/themes/altum/views/partials/footer.php on line 100
[01-May-2025 09:58:19 UTC] PHP Warning:  Undefined property: stdClass::$last_submissions_is_enabled in /home/u6583521/public_html/zlinks.id/themes/altum/views/tools/tool_widget_frankfurt.php on line 26
[01-May-2025 09:58:19 UTC] PHP Warning:  Attempt to read property "type" on null in /home/u6583521/public_html/zlinks.id/themes/altum/views/partials/footer.php on line 100
[01-May-2025 10:02:10 UTC] PHP Warning:  Undefined property: stdClass::$last_submissions_is_enabled in /home/u6583521/public_html/zlinks.id/themes/altum/views/tools/tool_widget_frankfurt.php on line 26
[01-May-2025 10:02:10 UTC] PHP Warning:  Attempt to read property "type" on null in /home/u6583521/public_html/zlinks.id/themes/altum/views/partials/footer.php on line 100
[01-May-2025 10:20:34 UTC] PHP Warning:  Attempt to read property "type" on null in /home/u6583521/public_html/zlinks.id/themes/altum/views/partials/footer.php on line 100
[01-May-2025 10:21:46 UTC] PHP Warning:  Undefined property: stdClass::$background_color in /home/u6583521/public_html/zlinks.id/themes/altum/views/l/biolink_blocks/socials.php on line 29
[01-May-2025 10:21:58 UTC] PHP Warning:  Undefined property: stdClass::$splash_page_id in /home/u6583521/public_html/zlinks.id/app/controllers/l/Link.php on line 129
[01-May-2025 10:21:58 UTC] PHP Warning:  Undefined property: stdClass::$password in /home/u6583521/public_html/zlinks.id/app/controllers/l/Link.php on line 194
[01-May-2025 10:21:58 UTC] PHP Warning:  Undefined property: stdClass::$sensitive_content in /home/u6583521/public_html/zlinks.id/app/controllers/l/Link.php on line 223
[01-May-2025 10:25:06 UTC] PHP Warning:  Attempt to read property "type" on null in /home/u6583521/public_html/zlinks.id/themes/altum/views/partials/footer.php on line 100
[01-May-2025 10:25:16 UTC] PHP Warning:  Undefined property: stdClass::$splash_page_id in /home/u6583521/public_html/zlinks.id/app/controllers/l/Link.php on line 129
[01-May-2025 10:25:16 UTC] PHP Warning:  Undefined property: stdClass::$password in /home/u6583521/public_html/zlinks.id/app/controllers/l/Link.php on line 194
[01-May-2025 10:25:16 UTC] PHP Warning:  Undefined property: stdClass::$sensitive_content in /home/u6583521/public_html/zlinks.id/app/controllers/l/Link.php on line 223
[01-May-2025 10:26:35 UTC] PHP Warning:  Undefined property: stdClass::$background_color in /home/u6583521/public_html/zlinks.id/themes/altum/views/l/biolink_blocks/socials.php on line 29
[01-May-2025 10:26:35 UTC] PHP Warning:  Undefined property: stdClass::$splash_page_id in /home/u6583521/public_html/zlinks.id/app/controllers/l/Link.php on line 129
[01-May-2025 10:26:35 UTC] PHP Warning:  Undefined property: stdClass::$password in /home/u6583521/public_html/zlinks.id/app/controllers/l/Link.php on line 194
[01-May-2025 10:26:35 UTC] PHP Warning:  Undefined property: stdClass::$sensitive_content in /home/u6583521/public_html/zlinks.id/app/controllers/l/Link.php on line 223
[01-May-2025 10:54:39 UTC] PHP Warning:  Attempt to read property "type" on null in /home/u6583521/public_html/zlinks.id/themes/altum/views/partials/footer.php on line 100
[01-May-2025 11:00:44 UTC] PHP Warning:  Undefined property: stdClass::$background_color in /home/u6583521/public_html/zlinks.id/themes/altum/views/l/biolink_blocks/socials.php on line 29
[01-May-2025 11:05:59 UTC] PHP Warning:  Attempt to read property "type" on null in /home/u6583521/public_html/zlinks.id/themes/altum/views/partials/footer.php on line 100
[01-May-2025 11:08:10 UTC] PHP Warning:  Attempt to read property "type" on null in /home/u6583521/public_html/zlinks.id/themes/altum/views/partials/footer.php on line 100
[01-May-2025 11:15:12 UTC] PHP Warning:  Attempt to read property "type" on null in /home/u6583521/public_html/zlinks.id/themes/altum/views/partials/footer.php on line 100
[01-May-2025 11:19:47 UTC] PHP Warning:  Undefined property: stdClass::$last_submissions_is_enabled in /home/u6583521/public_html/zlinks.id/themes/altum/views/tools/tool_widget_frankfurt.php on line 26
[01-May-2025 11:19:47 UTC] PHP Warning:  Attempt to read property "type" on null in /home/u6583521/public_html/zlinks.id/themes/altum/views/partials/footer.php on line 100
[01-May-2025 11:21:00 UTC] PHP Warning:  Attempt to read property "type" on null in /home/u6583521/public_html/zlinks.id/themes/altum/views/partials/footer.php on line 100
[01-May-2025 11:32:26 UTC] PHP Warning:  Attempt to read property "type" on null in /home/u6583521/public_html/zlinks.id/themes/altum/views/partials/footer.php on line 100
[01-May-2025 11:32:27 UTC] PHP Warning:  Attempt to read property "type" on null in /home/u6583521/public_html/zlinks.id/themes/altum/views/partials/footer.php on line 100
[01-May-2025 11:32:31 UTC] PHP Warning:  Undefined array key "is_newsletter_subscribed" in /home/u6583521/public_html/zlinks.id/app/controllers/Register.php on line 61
[01-May-2025 11:46:38 UTC] PHP Warning:  Undefined property: stdClass::$last_submissions_is_enabled in /home/u6583521/public_html/zlinks.id/themes/altum/views/tools/tool_widget_frankfurt.php on line 26
[01-May-2025 11:46:38 UTC] PHP Warning:  Attempt to read property "type" on null in /home/u6583521/public_html/zlinks.id/themes/altum/views/partials/footer.php on line 100
[01-May-2025 12:04:13 UTC] PHP Warning:  Attempt to read property "type" on null in /home/u6583521/public_html/zlinks.id/themes/altum/views/partials/footer.php on line 100
[01-May-2025 12:04:15 UTC] PHP Warning:  Attempt to read property "type" on null in /home/u6583521/public_html/zlinks.id/themes/altum/views/partials/footer.php on line 100
[01-May-2025 12:04:20 UTC] PHP Warning:  Undefined array key "is_newsletter_subscribed" in /home/u6583521/public_html/zlinks.id/app/controllers/Register.php on line 61
[01-May-2025 12:30:20 UTC] PHP Warning:  Undefined property: stdClass::$last_submissions_is_enabled in /home/u6583521/public_html/zlinks.id/themes/altum/views/tools/tool_widget_frankfurt.php on line 26
[01-May-2025 12:30:20 UTC] PHP Warning:  Attempt to read property "type" on null in /home/u6583521/public_html/zlinks.id/themes/altum/views/partials/footer.php on line 100
[01-May-2025 12:40:48 UTC] PHP Warning:  Attempt to read property "type" on null in /home/u6583521/public_html/zlinks.id/themes/altum/views/partials/footer.php on line 100
[01-May-2025 12:40:52 UTC] PHP Warning:  Undefined array key "is_newsletter_subscribed" in /home/u6583521/public_html/zlinks.id/app/controllers/Register.php on line 61
[01-May-2025 12:41:56 UTC] PHP Warning:  Undefined property: stdClass::$background_color in /home/u6583521/public_html/zlinks.id/themes/altum/views/l/biolink_blocks/socials.php on line 29
[01-May-2025 12:42:20 UTC] PHP Warning:  Undefined property: stdClass::$splash_page_id in /home/u6583521/public_html/zlinks.id/app/controllers/l/Link.php on line 129
[01-May-2025 12:42:20 UTC] PHP Warning:  Undefined property: stdClass::$password in /home/u6583521/public_html/zlinks.id/app/controllers/l/Link.php on line 194
[01-May-2025 12:42:20 UTC] PHP Warning:  Undefined property: stdClass::$sensitive_content in /home/u6583521/public_html/zlinks.id/app/controllers/l/Link.php on line 223
[01-May-2025 13:07:23 UTC] PHP Warning:  Attempt to read property "type" on null in /home/u6583521/public_html/zlinks.id/themes/altum/views/partials/footer.php on line 100
[01-May-2025 13:15:58 UTC] PHP Warning:  Attempt to read property "type" on null in /home/u6583521/public_html/zlinks.id/themes/altum/views/partials/footer.php on line 100
[01-May-2025 13:15:58 UTC] PHP Warning:  Attempt to read property "type" on null in /home/u6583521/public_html/zlinks.id/themes/altum/views/partials/footer.php on line 100
[01-May-2025 13:16:29 UTC] PHP Warning:  Attempt to read property "type" on null in /home/u6583521/public_html/zlinks.id/themes/altum/views/partials/footer.php on line 100
[01-May-2025 13:23:06 UTC] PHP Warning:  Undefined property: stdClass::$last_submissions_is_enabled in /home/u6583521/public_html/zlinks.id/themes/altum/views/tools/tool_widget_frankfurt.php on line 26
[01-May-2025 13:23:06 UTC] PHP Warning:  Attempt to read property "type" on null in /home/u6583521/public_html/zlinks.id/themes/altum/views/partials/footer.php on line 100
[01-May-2025 13:23:19 UTC] PHP Warning:  Attempt to read property "type" on null in /home/u6583521/public_html/zlinks.id/themes/altum/views/partials/footer.php on line 100
[01-May-2025 13:24:32 UTC] PHP Warning:  Undefined property: stdClass::$last_submissions_is_enabled in /home/u6583521/public_html/zlinks.id/themes/altum/views/tools/tool_widget_frankfurt.php on line 26
[01-May-2025 13:24:32 UTC] PHP Warning:  Attempt to read property "type" on null in /home/u6583521/public_html/zlinks.id/themes/altum/views/partials/footer.php on line 100
[01-May-2025 14:15:43 UTC] PHP Warning:  Attempt to read property "type" on null in /home/u6583521/public_html/zlinks.id/themes/altum/views/partials/footer.php on line 100
[01-May-2025 14:15:44 UTC] PHP Warning:  Attempt to read property "type" on null in /home/u6583521/public_html/zlinks.id/themes/altum/views/partials/footer.php on line 100
[01-May-2025 14:15:53 UTC] PHP Warning:  Undefined array key "is_newsletter_subscribed" in /home/u6583521/public_html/zlinks.id/app/controllers/Register.php on line 61
[01-May-2025 14:18:49 UTC] PHP Warning:  Attempt to read property "type" on null in /home/u6583521/public_html/zlinks.id/themes/altum/views/partials/footer.php on line 100
[01-May-2025 14:22:27 UTC] PHP Warning:  Undefined property: stdClass::$last_submissions_is_enabled in /home/u6583521/public_html/zlinks.id/themes/altum/views/tools/tool_widget_frankfurt.php on line 26
[01-May-2025 14:22:27 UTC] PHP Warning:  Attempt to read property "type" on null in /home/u6583521/public_html/zlinks.id/themes/altum/views/partials/footer.php on line 100
[01-May-2025 14:29:21 UTC] PHP Warning:  Attempt to read property "type" on null in /home/u6583521/public_html/zlinks.id/themes/altum/views/partials/footer.php on line 100
[01-May-2025 14:29:22 UTC] PHP Warning:  Attempt to read property "type" on null in /home/u6583521/public_html/zlinks.id/themes/altum/views/partials/footer.php on line 100
[01-May-2025 14:29:27 UTC] PHP Warning:  Undefined array key "is_newsletter_subscribed" in /home/u6583521/public_html/zlinks.id/app/controllers/Register.php on line 61
[01-May-2025 14:31:09 UTC] PHP Warning:  Attempt to read property "type" on null in /home/u6583521/public_html/zlinks.id/themes/altum/views/partials/footer.php on line 100
[01-May-2025 14:31:17 UTC] PHP Warning:  Undefined property: stdClass::$splash_page_id in /home/u6583521/public_html/zlinks.id/app/controllers/l/Link.php on line 129
[01-May-2025 14:31:17 UTC] PHP Warning:  Undefined property: stdClass::$password in /home/u6583521/public_html/zlinks.id/app/controllers/l/Link.php on line 194
[01-May-2025 14:31:17 UTC] PHP Warning:  Undefined property: stdClass::$sensitive_content in /home/u6583521/public_html/zlinks.id/app/controllers/l/Link.php on line 223
[01-May-2025 14:33:28 UTC] PHP Warning:  Undefined property: stdClass::$splash_page_id in /home/u6583521/public_html/zlinks.id/app/controllers/l/Link.php on line 129
[01-May-2025 14:33:28 UTC] PHP Warning:  Undefined property: stdClass::$password in /home/u6583521/public_html/zlinks.id/app/controllers/l/Link.php on line 194
[01-May-2025 14:33:28 UTC] PHP Warning:  Undefined property: stdClass::$sensitive_content in /home/u6583521/public_html/zlinks.id/app/controllers/l/Link.php on line 223
[01-May-2025 14:33:28 UTC] PHP Warning:  Undefined property: stdClass::$background_color in /home/u6583521/public_html/zlinks.id/themes/altum/views/l/biolink_blocks/socials.php on line 29
[01-May-2025 14:33:58 UTC] PHP Warning:  Undefined property: stdClass::$background_color in /home/u6583521/public_html/zlinks.id/themes/altum/views/l/biolink_blocks/socials.php on line 29
[01-May-2025 14:34:10 UTC] PHP Warning:  Undefined property: stdClass::$force_splash_page_on_big_link in /home/u6583521/public_html/zlinks.id/app/controllers/l/Link.php on line 128
[01-May-2025 14:34:10 UTC] PHP Warning:  Undefined property: stdClass::$splash_page_id in /home/u6583521/public_html/zlinks.id/app/controllers/l/Link.php on line 129
[01-May-2025 14:34:10 UTC] PHP Warning:  Undefined property: stdClass::$password in /home/u6583521/public_html/zlinks.id/app/controllers/l/Link.php on line 194
[01-May-2025 14:34:10 UTC] PHP Warning:  Undefined property: stdClass::$sensitive_content in /home/u6583521/public_html/zlinks.id/app/controllers/l/Link.php on line 223
[01-May-2025 14:34:21 UTC] PHP Warning:  Undefined property: stdClass::$splash_page_id in /home/u6583521/public_html/zlinks.id/app/controllers/l/Link.php on line 129
[01-May-2025 14:34:21 UTC] PHP Warning:  Undefined property: stdClass::$password in /home/u6583521/public_html/zlinks.id/app/controllers/l/Link.php on line 194
[01-May-2025 14:34:21 UTC] PHP Warning:  Undefined property: stdClass::$sensitive_content in /home/u6583521/public_html/zlinks.id/app/controllers/l/Link.php on line 223
[01-May-2025 14:35:11 UTC] PHP Warning:  Undefined property: stdClass::$splash_page_id in /home/u6583521/public_html/zlinks.id/app/controllers/l/Link.php on line 129
[01-May-2025 14:35:11 UTC] PHP Warning:  Undefined property: stdClass::$password in /home/u6583521/public_html/zlinks.id/app/controllers/l/Link.php on line 194
[01-May-2025 14:35:11 UTC] PHP Warning:  Undefined property: stdClass::$sensitive_content in /home/u6583521/public_html/zlinks.id/app/controllers/l/Link.php on line 223
[01-May-2025 14:37:16 UTC] PHP Warning:  Undefined property: stdClass::$force_splash_page_on_big_link in /home/u6583521/public_html/zlinks.id/app/controllers/l/Link.php on line 128
[01-May-2025 14:37:16 UTC] PHP Warning:  Undefined property: stdClass::$splash_page_id in /home/u6583521/public_html/zlinks.id/app/controllers/l/Link.php on line 129
[01-May-2025 14:37:16 UTC] PHP Warning:  Undefined property: stdClass::$password in /home/u6583521/public_html/zlinks.id/app/controllers/l/Link.php on line 194
[01-May-2025 14:37:16 UTC] PHP Warning:  Undefined property: stdClass::$sensitive_content in /home/u6583521/public_html/zlinks.id/app/controllers/l/Link.php on line 223
[01-May-2025 14:37:24 UTC] PHP Warning:  Undefined property: stdClass::$force_splash_page_on_big_link in /home/u6583521/public_html/zlinks.id/app/controllers/l/Link.php on line 128
[01-May-2025 14:37:24 UTC] PHP Warning:  Undefined property: stdClass::$splash_page_id in /home/u6583521/public_html/zlinks.id/app/controllers/l/Link.php on line 129
[01-May-2025 14:37:24 UTC] PHP Warning:  Undefined property: stdClass::$password in /home/u6583521/public_html/zlinks.id/app/controllers/l/Link.php on line 194
[01-May-2025 14:37:24 UTC] PHP Warning:  Undefined property: stdClass::$sensitive_content in /home/u6583521/public_html/zlinks.id/app/controllers/l/Link.php on line 223
[01-May-2025 14:48:10 UTC] PHP Warning:  Attempt to read property "type" on null in /home/u6583521/public_html/zlinks.id/themes/altum/views/partials/footer.php on line 100
[01-May-2025 14:57:51 UTC] PHP Warning:  Attempt to read property "type" on null in /home/u6583521/public_html/zlinks.id/themes/altum/views/partials/footer.php on line 100
[01-May-2025 14:57:52 UTC] PHP Warning:  Attempt to read property "type" on null in /home/u6583521/public_html/zlinks.id/themes/altum/views/partials/footer.php on line 100
[01-May-2025 14:57:58 UTC] PHP Warning:  Undefined array key "is_newsletter_subscribed" in /home/u6583521/public_html/zlinks.id/app/controllers/Register.php on line 61
[01-May-2025 15:04:39 UTC] PHP Warning:  Undefined property: stdClass::$last_submissions_is_enabled in /home/u6583521/public_html/zlinks.id/themes/altum/views/tools/tool_widget_frankfurt.php on line 26
[01-May-2025 15:04:39 UTC] PHP Warning:  Attempt to read property "type" on null in /home/u6583521/public_html/zlinks.id/themes/altum/views/partials/footer.php on line 100
[01-May-2025 15:13:54 UTC] PHP Warning:  Undefined property: stdClass::$background_color in /home/u6583521/public_html/zlinks.id/themes/altum/views/l/biolink_blocks/socials.php on line 29
[01-May-2025 15:17:34 UTC] PHP Warning:  Undefined property: stdClass::$background_color in /home/u6583521/public_html/zlinks.id/themes/altum/views/l/biolink_blocks/socials.php on line 29
[01-May-2025 15:17:35 UTC] PHP Warning:  Undefined property: stdClass::$pwa_is_enabled in /home/u6583521/public_html/zlinks.id/themes/altum/views/l/biolink_wrapper.php on line 11
[01-May-2025 15:19:44 UTC] PHP Warning:  Attempt to read property "type" on null in /home/u6583521/public_html/zlinks.id/themes/altum/views/partials/footer.php on line 100
[01-May-2025 15:43:27 UTC] PHP Warning:  Attempt to read property "type" on null in /home/u6583521/public_html/zlinks.id/themes/altum/views/partials/footer.php on line 100
[01-May-2025 15:52:49 UTC] PHP Warning:  Undefined array key "is_newsletter_subscribed" in /home/u6583521/public_html/zlinks.id/app/controllers/Register.php on line 61
[01-May-2025 16:08:25 UTC] PHP Warning:  Attempt to read property "type" on null in /home/u6583521/public_html/zlinks.id/themes/altum/views/partials/footer.php on line 100
[01-May-2025 16:30:34 UTC] PHP Warning:  Attempt to read property "type" on null in /home/u6583521/public_html/zlinks.id/themes/altum/views/partials/footer.php on line 100
[01-May-2025 16:41:16 UTC] PHP Warning:  Undefined array key "is_newsletter_subscribed" in /home/u6583521/public_html/zlinks.id/app/controllers/Register.php on line 61
[01-May-2025 17:05:55 UTC] PHP Warning:  Undefined property: stdClass::$last_submissions_is_enabled in /home/u6583521/public_html/zlinks.id/themes/altum/views/tools/tool_widget_frankfurt.php on line 26
[01-May-2025 17:05:55 UTC] PHP Warning:  Attempt to read property "type" on null in /home/u6583521/public_html/zlinks.id/themes/altum/views/partials/footer.php on line 100
[01-May-2025 17:05:58 UTC] PHP Warning:  Attempt to read property "type" on null in /home/u6583521/public_html/zlinks.id/themes/altum/views/partials/footer.php on line 100
[01-May-2025 17:06:43 UTC] PHP Warning:  Attempt to read property "type" on null in /home/u6583521/public_html/zlinks.id/themes/altum/views/partials/footer.php on line 100
[01-May-2025 17:14:15 UTC] PHP Warning:  Attempt to read property "type" on null in /home/u6583521/public_html/zlinks.id/themes/altum/views/partials/footer.php on line 100
[01-May-2025 17:22:05 UTC] PHP Warning:  Attempt to read property "type" on null in /home/u6583521/public_html/zlinks.id/themes/altum/views/partials/footer.php on line 100
[01-May-2025 17:40:25 UTC] PHP Warning:  Undefined property: stdClass::$last_submissions_is_enabled in /home/u6583521/public_html/zlinks.id/themes/altum/views/tools/tool_widget_frankfurt.php on line 26
[01-May-2025 17:40:25 UTC] PHP Warning:  Attempt to read property "type" on null in /home/u6583521/public_html/zlinks.id/themes/altum/views/partials/footer.php on line 100
[01-May-2025 17:51:10 UTC] PHP Warning:  Attempt to read property "type" on null in /home/u6583521/public_html/zlinks.id/themes/altum/views/partials/footer.php on line 100
[01-May-2025 17:55:28 UTC] PHP Warning:  Attempt to read property "type" on null in /home/u6583521/public_html/zlinks.id/themes/altum/views/partials/footer.php on line 100
[01-May-2025 17:59:25 UTC] PHP Warning:  Attempt to read property "plan_settings" on null in /home/u6583521/public_html/zlinks.id/themes/altum/views/directory/index.php on line 23
[01-May-2025 17:59:25 UTC] PHP Warning:  Attempt to read property "export" on null in /home/u6583521/public_html/zlinks.id/themes/altum/views/directory/index.php on line 23
[01-May-2025 17:59:25 UTC] PHP Warning:  Attempt to read property "csv" on null in /home/u6583521/public_html/zlinks.id/themes/altum/views/directory/index.php on line 23
[01-May-2025 17:59:25 UTC] PHP Warning:  Attempt to read property "plan_settings" on null in /home/u6583521/public_html/zlinks.id/themes/altum/views/directory/index.php on line 26
[01-May-2025 17:59:25 UTC] PHP Warning:  Attempt to read property "export" on null in /home/u6583521/public_html/zlinks.id/themes/altum/views/directory/index.php on line 26
[01-May-2025 17:59:25 UTC] PHP Warning:  Attempt to read property "json" on null in /home/u6583521/public_html/zlinks.id/themes/altum/views/directory/index.php on line 26
[01-May-2025 17:59:25 UTC] PHP Warning:  Attempt to read property "plan_settings" on null in /home/u6583521/public_html/zlinks.id/themes/altum/views/directory/index.php on line 29
[01-May-2025 17:59:25 UTC] PHP Warning:  Attempt to read property "export" on null in /home/u6583521/public_html/zlinks.id/themes/altum/views/directory/index.php on line 29
[01-May-2025 17:59:25 UTC] PHP Warning:  Attempt to read property "pdf" on null in /home/u6583521/public_html/zlinks.id/themes/altum/views/directory/index.php on line 29
[01-May-2025 17:59:25 UTC] PHP Warning:  Attempt to read property "type" on null in /home/u6583521/public_html/zlinks.id/themes/altum/views/partials/footer.php on line 100
[01-May-2025 17:59:41 UTC] PHP Warning:  Undefined array key "is_newsletter_subscribed" in /home/u6583521/public_html/zlinks.id/app/controllers/Register.php on line 61
[01-May-2025 18:07:45 UTC] PHP Warning:  Undefined property: stdClass::$pwa_is_enabled in /home/u6583521/public_html/zlinks.id/themes/altum/views/l/biolink_wrapper.php on line 11
[01-May-2025 18:09:35 UTC] PHP Warning:  Attempt to read property "type" on null in /home/u6583521/public_html/zlinks.id/themes/altum/views/partials/footer.php on line 100
[01-May-2025 18:09:36 UTC] PHP Warning:  Attempt to read property "type" on null in /home/u6583521/public_html/zlinks.id/themes/altum/views/partials/footer.php on line 100
[01-May-2025 18:09:42 UTC] PHP Warning:  Undefined array key "is_newsletter_subscribed" in /home/u6583521/public_html/zlinks.id/app/controllers/Register.php on line 61
[01-May-2025 18:17:09 UTC] PHP Warning:  Attempt to read property "type" on null in /home/u6583521/public_html/zlinks.id/themes/altum/views/partials/footer.php on line 100
[01-May-2025 18:35:10 UTC] PHP Warning:  Attempt to read property "type" on null in /home/u6583521/public_html/zlinks.id/themes/altum/views/partials/footer.php on line 100
[01-May-2025 18:35:56 UTC] PHP Warning:  Undefined property: stdClass::$last_submissions_is_enabled in /home/u6583521/public_html/zlinks.id/themes/altum/views/tools/tool_widget_frankfurt.php on line 26
[01-May-2025 18:35:56 UTC] PHP Warning:  Attempt to read property "type" on null in /home/u6583521/public_html/zlinks.id/themes/altum/views/partials/footer.php on line 100
[01-May-2025 18:55:49 UTC] PHP Warning:  Attempt to read property "type" on null in /home/u6583521/public_html/zlinks.id/themes/altum/views/partials/footer.php on line 100
[01-May-2025 18:55:55 UTC] PHP Warning:  Undefined array key "is_newsletter_subscribed" in /home/u6583521/public_html/zlinks.id/app/controllers/Register.php on line 61
[01-May-2025 19:09:41 UTC] PHP Warning:  Attempt to read property "plan_settings" on null in /home/u6583521/public_html/zlinks.id/themes/altum/views/directory/index.php on line 23
[01-May-2025 19:09:41 UTC] PHP Warning:  Attempt to read property "export" on null in /home/u6583521/public_html/zlinks.id/themes/altum/views/directory/index.php on line 23
[01-May-2025 19:09:41 UTC] PHP Warning:  Attempt to read property "csv" on null in /home/u6583521/public_html/zlinks.id/themes/altum/views/directory/index.php on line 23
[01-May-2025 19:09:41 UTC] PHP Warning:  Attempt to read property "plan_settings" on null in /home/u6583521/public_html/zlinks.id/themes/altum/views/directory/index.php on line 26
[01-May-2025 19:09:41 UTC] PHP Warning:  Attempt to read property "export" on null in /home/u6583521/public_html/zlinks.id/themes/altum/views/directory/index.php on line 26
[01-May-2025 19:09:41 UTC] PHP Warning:  Attempt to read property "json" on null in /home/u6583521/public_html/zlinks.id/themes/altum/views/directory/index.php on line 26
[01-May-2025 19:09:41 UTC] PHP Warning:  Attempt to read property "plan_settings" on null in /home/u6583521/public_html/zlinks.id/themes/altum/views/directory/index.php on line 29
[01-May-2025 19:09:41 UTC] PHP Warning:  Attempt to read property "export" on null in /home/u6583521/public_html/zlinks.id/themes/altum/views/directory/index.php on line 29
[01-May-2025 19:09:41 UTC] PHP Warning:  Attempt to read property "pdf" on null in /home/u6583521/public_html/zlinks.id/themes/altum/views/directory/index.php on line 29
[01-May-2025 19:09:41 UTC] PHP Warning:  Attempt to read property "type" on null in /home/u6583521/public_html/zlinks.id/themes/altum/views/partials/footer.php on line 100
[01-May-2025 19:09:56 UTC] PHP Warning:  Undefined array key "Indonesia" in /home/u6583521/public_html/zlinks.id/app/controllers/Sitemap.php on line 98
[01-May-2025 19:19:36 UTC] PHP Warning:  Attempt to read property "type" on null in /home/u6583521/public_html/zlinks.id/themes/altum/views/partials/footer.php on line 100
[01-May-2025 19:39:47 UTC] PHP Warning:  Attempt to read property "type" on null in /home/u6583521/public_html/zlinks.id/themes/altum/views/partials/footer.php on line 100
[01-May-2025 19:40:40 UTC] PHP Warning:  Attempt to read property "type" on null in /home/u6583521/public_html/zlinks.id/themes/altum/views/partials/footer.php on line 100
[01-May-2025 19:52:53 UTC] PHP Warning:  Undefined property: stdClass::$last_submissions_is_enabled in /home/u6583521/public_html/zlinks.id/themes/altum/views/tools/tool_widget_frankfurt.php on line 26
[01-May-2025 19:52:53 UTC] PHP Warning:  Attempt to read property "type" on null in /home/u6583521/public_html/zlinks.id/themes/altum/views/partials/footer.php on line 100
[01-May-2025 20:07:58 UTC] PHP Warning:  Attempt to read property "type" on null in /home/u6583521/public_html/zlinks.id/themes/altum/views/partials/footer.php on line 100
[01-May-2025 20:08:11 UTC] PHP Warning:  Attempt to read property "type" on null in /home/u6583521/public_html/zlinks.id/themes/altum/views/partials/footer.php on line 100
[01-May-2025 20:09:24 UTC] PHP Warning:  Attempt to read property "type" on null in /home/u6583521/public_html/zlinks.id/themes/altum/views/partials/footer.php on line 100
[01-May-2025 20:12:33 UTC] PHP Warning:  Undefined property: stdClass::$last_submissions_is_enabled in /home/u6583521/public_html/zlinks.id/themes/altum/views/tools/tool_widget_frankfurt.php on line 26
[01-May-2025 20:12:33 UTC] PHP Warning:  Attempt to read property "type" on null in /home/u6583521/public_html/zlinks.id/themes/altum/views/partials/footer.php on line 100
[01-May-2025 20:15:51 UTC] PHP Warning:  Attempt to read property "type" on null in /home/u6583521/public_html/zlinks.id/themes/altum/views/partials/footer.php on line 100
[01-May-2025 20:34:00 UTC] PHP Warning:  Attempt to read property "type" on null in /home/u6583521/public_html/zlinks.id/themes/altum/views/partials/footer.php on line 100
[01-May-2025 20:43:55 UTC] PHP Warning:  Undefined property: stdClass::$last_submissions_is_enabled in /home/u6583521/public_html/zlinks.id/themes/altum/views/tools/tool_widget_frankfurt.php on line 26
[01-May-2025 20:43:55 UTC] PHP Warning:  Attempt to read property "type" on null in /home/u6583521/public_html/zlinks.id/themes/altum/views/partials/footer.php on line 100
[01-May-2025 20:51:11 UTC] PHP Warning:  Attempt to read property "type" on null in /home/u6583521/public_html/zlinks.id/themes/altum/views/partials/footer.php on line 100
[01-May-2025 20:51:23 UTC] PHP Warning:  Attempt to read property "type" on null in /home/u6583521/public_html/zlinks.id/themes/altum/views/partials/footer.php on line 100
[01-May-2025 20:51:37 UTC] PHP Warning:  Attempt to read property "type" on null in /home/u6583521/public_html/zlinks.id/themes/altum/views/partials/footer.php on line 100
[01-May-2025 21:00:04 UTC] PHP Warning:  Attempt to read property "type" on null in /home/u6583521/public_html/zlinks.id/themes/altum/views/partials/footer.php on line 100
[01-May-2025 21:05:26 UTC] PHP Warning:  Attempt to read property "type" on null in /home/u6583521/public_html/zlinks.id/themes/altum/views/partials/footer.php on line 100
[01-May-2025 21:07:45 UTC] PHP Warning:  Attempt to read property "type" on null in /home/u6583521/public_html/zlinks.id/themes/altum/views/partials/footer.php on line 100
[01-May-2025 21:37:19 UTC] PHP Warning:  Attempt to read property "type" on null in /home/u6583521/public_html/zlinks.id/themes/altum/views/partials/footer.php on line 100
[01-May-2025 21:37:21 UTC] PHP Warning:  Attempt to read property "type" on null in /home/u6583521/public_html/zlinks.id/themes/altum/views/partials/footer.php on line 100
[01-May-2025 21:37:27 UTC] PHP Warning:  Undefined array key "is_newsletter_subscribed" in /home/u6583521/public_html/zlinks.id/app/controllers/Register.php on line 61
[01-May-2025 21:58:12 UTC] PHP Warning:  Attempt to read property "type" on null in /home/u6583521/public_html/zlinks.id/themes/altum/views/partials/footer.php on line 100
[01-May-2025 22:14:56 UTC] PHP Warning:  Attempt to read property "type" on null in /home/u6583521/public_html/zlinks.id/themes/altum/views/partials/footer.php on line 100
[01-May-2025 22:18:18 UTC] PHP Warning:  Undefined array key "is_newsletter_subscribed" in /home/u6583521/public_html/zlinks.id/app/controllers/Register.php on line 61
[01-May-2025 22:22:34 UTC] PHP Warning:  Attempt to read property "type" on null in /home/u6583521/public_html/zlinks.id/themes/altum/views/partials/footer.php on line 100
[01-May-2025 22:29:13 UTC] PHP Warning:  Attempt to read property "type" on null in /home/u6583521/public_html/zlinks.id/themes/altum/views/partials/footer.php on line 100
[01-May-2025 22:29:16 UTC] PHP Warning:  Undefined array key "is_newsletter_subscribed" in /home/u6583521/public_html/zlinks.id/app/controllers/Register.php on line 61
[01-May-2025 22:35:04 UTC] PHP Warning:  Attempt to read property "type" on null in /home/u6583521/public_html/zlinks.id/themes/altum/views/partials/footer.php on line 100
[01-May-2025 22:35:09 UTC] PHP Warning:  Undefined array key "is_newsletter_subscribed" in /home/u6583521/public_html/zlinks.id/app/controllers/Register.php on line 61
[01-May-2025 22:37:24 UTC] PHP Warning:  Attempt to read property "type" on null in /home/u6583521/public_html/zlinks.id/themes/altum/views/partials/footer.php on line 100
[01-May-2025 22:38:32 UTC] PHP Warning:  Undefined property: stdClass::$last_submissions_is_enabled in /home/u6583521/public_html/zlinks.id/themes/altum/views/tools/tool_widget_frankfurt.php on line 26
[01-May-2025 22:38:32 UTC] PHP Warning:  Attempt to read property "type" on null in /home/u6583521/public_html/zlinks.id/themes/altum/views/partials/footer.php on line 100
[01-May-2025 22:52:56 UTC] PHP Warning:  Undefined property: stdClass::$background_color in /home/u6583521/public_html/zlinks.id/themes/altum/views/l/biolink_blocks/socials.php on line 29
[01-May-2025 22:56:39 UTC] PHP Warning:  Attempt to read property "type" on null in /home/u6583521/public_html/zlinks.id/themes/altum/views/partials/footer.php on line 100
[01-May-2025 23:02:11 UTC] PHP Warning:  Undefined property: stdClass::$last_submissions_is_enabled in /home/u6583521/public_html/zlinks.id/themes/altum/views/tools/tool_widget_frankfurt.php on line 26
[01-May-2025 23:02:11 UTC] PHP Warning:  Attempt to read property "type" on null in /home/u6583521/public_html/zlinks.id/themes/altum/views/partials/footer.php on line 100
[01-May-2025 23:08:16 UTC] PHP Warning:  Undefined property: stdClass::$background_color in /home/u6583521/public_html/zlinks.id/themes/altum/views/l/biolink_blocks/socials.php on line 29
[01-May-2025 23:08:20 UTC] PHP Warning:  Undefined property: stdClass::$splash_page_id in /home/u6583521/public_html/zlinks.id/app/controllers/l/Link.php on line 129
[01-May-2025 23:08:20 UTC] PHP Warning:  Undefined property: stdClass::$password in /home/u6583521/public_html/zlinks.id/app/controllers/l/Link.php on line 194
[01-May-2025 23:08:20 UTC] PHP Warning:  Undefined property: stdClass::$sensitive_content in /home/u6583521/public_html/zlinks.id/app/controllers/l/Link.php on line 223
[01-May-2025 23:10:44 UTC] PHP Warning:  Undefined property: stdClass::$last_submissions_is_enabled in /home/u6583521/public_html/zlinks.id/themes/altum/views/tools/tool_widget_frankfurt.php on line 26
[01-May-2025 23:10:44 UTC] PHP Warning:  Attempt to read property "type" on null in /home/u6583521/public_html/zlinks.id/themes/altum/views/partials/footer.php on line 100
[01-May-2025 23:11:52 UTC] PHP Warning:  Attempt to read property "type" on null in /home/u6583521/public_html/zlinks.id/themes/altum/views/partials/footer.php on line 100
[01-May-2025 23:11:58 UTC] PHP Warning:  Attempt to read property "type" on null in /home/u6583521/public_html/zlinks.id/themes/altum/views/partials/footer.php on line 100
[01-May-2025 23:12:00 UTC] PHP Warning:  Attempt to read property "type" on null in /home/u6583521/public_html/zlinks.id/themes/altum/views/partials/footer.php on line 100
[01-May-2025 23:12:04 UTC] PHP Warning:  Attempt to read property "type" on null in /home/u6583521/public_html/zlinks.id/themes/altum/views/partials/footer.php on line 100
[01-May-2025 23:14:27 UTC] PHP Warning:  Undefined property: stdClass::$background_color in /home/u6583521/public_html/zlinks.id/themes/altum/views/l/biolink_blocks/socials.php on line 29
[01-May-2025 23:16:06 UTC] PHP Warning:  Attempt to read property "type" on null in /home/u6583521/public_html/zlinks.id/themes/altum/views/partials/footer.php on line 100
[01-May-2025 23:17:14 UTC] PHP Warning:  Attempt to read property "type" on null in /home/u6583521/public_html/zlinks.id/themes/altum/views/partials/footer.php on line 100
[01-May-2025 23:17:23 UTC] PHP Warning:  Undefined array key "is_newsletter_subscribed" in /home/u6583521/public_html/zlinks.id/app/controllers/Register.php on line 61
[01-May-2025 23:43:52 UTC] PHP Warning:  Attempt to read property "type" on null in /home/u6583521/public_html/zlinks.id/themes/altum/views/partials/footer.php on line 100
[01-May-2025 23:47:41 UTC] PHP Warning:  Undefined property: stdClass::$background_color in /home/u6583521/public_html/zlinks.id/themes/altum/views/l/biolink_blocks/socials.php on line 29
[01-May-2025 23:47:41 UTC] PHP Warning:  Undefined property: stdClass::$pwa_is_enabled in /home/u6583521/public_html/zlinks.id/themes/altum/views/l/biolink_wrapper.php on line 11
[01-May-2025 23:49:16 UTC] PHP Warning:  Attempt to read property "type" on null in /home/u6583521/public_html/zlinks.id/themes/altum/views/partials/footer.php on line 100
[01-May-2025 23:50:53 UTC] PHP Warning:  Attempt to read property "type" on null in /home/u6583521/public_html/zlinks.id/themes/altum/views/partials/footer.php on line 100
