[02-Mar-2025 00:00:37 UTC] PHP Warning:  Undefined property: stdClass::$is_enabled in /home/u6583521/public_html/zlinks.id/themes/altum/views/basic_wrapper.php on line 10
[02-Mar-2025 00:08:42 UTC] PHP Warning:  Undefined property: stdClass::$is_enabled in /home/u6583521/public_html/zlinks.id/themes/altum/views/wrapper.php on line 10
[02-Mar-2025 00:14:56 UTC] PHP Warning:  Undefined property: stdClass::$is_enabled in /home/u6583521/public_html/zlinks.id/themes/altum/views/wrapper.php on line 10
[02-Mar-2025 00:27:54 UTC] PHP Warning:  Undefined property: stdClass::$is_enabled in /home/u6583521/public_html/zlinks.id/themes/altum/views/wrapper.php on line 10
[02-Mar-2025 00:30:37 UTC] PHP Warning:  Undefined property: stdClass::$is_enabled in /home/u6583521/public_html/zlinks.id/themes/altum/views/wrapper.php on line 10
[02-Mar-2025 00:34:07 UTC] PHP Warning:  Undefined property: stdClass::$is_enabled in /home/u6583521/public_html/zlinks.id/themes/altum/views/wrapper.php on line 10
[02-Mar-2025 00:47:09 UTC] PHP Warning:  Undefined property: stdClass::$is_enabled in /home/u6583521/public_html/zlinks.id/themes/altum/views/wrapper.php on line 10
[02-Mar-2025 01:06:25 UTC] PHP Warning:  Undefined property: stdClass::$is_enabled in /home/u6583521/public_html/zlinks.id/themes/altum/views/wrapper.php on line 10
[02-Mar-2025 01:34:36 UTC] PHP Warning:  Undefined property: stdClass::$is_enabled in /home/u6583521/public_html/zlinks.id/themes/altum/views/wrapper.php on line 10
[02-Mar-2025 01:38:39 UTC] PHP Warning:  Undefined property: stdClass::$is_enabled in /home/u6583521/public_html/zlinks.id/themes/altum/views/wrapper.php on line 10
[02-Mar-2025 01:53:19 UTC] PHP Warning:  Undefined property: stdClass::$is_enabled in /home/u6583521/public_html/zlinks.id/themes/altum/views/partials/internal_notifications_js.php on line 7
[02-Mar-2025 01:53:24 UTC] PHP Warning:  Undefined property: stdClass::$is_enabled in /home/u6583521/public_html/zlinks.id/themes/altum/views/partials/internal_notifications_js.php on line 7
[02-Mar-2025 02:14:03 UTC] PHP Warning:  Attempt to read property "settings" on null in /home/u6583521/public_html/zlinks.id/app/controllers/l/Link.php on line 136
[02-Mar-2025 02:14:03 UTC] PHP Warning:  Attempt to read property "opengraph" on null in /home/u6583521/public_html/zlinks.id/app/controllers/l/Link.php on line 136
[02-Mar-2025 02:14:03 UTC] PHP Warning:  Attempt to read property "settings" on null in /home/u6583521/public_html/zlinks.id/themes/altum/views/l/partials/splash.php on line 9
[02-Mar-2025 02:14:03 UTC] PHP Warning:  Attempt to read property "logo" on null in /home/u6583521/public_html/zlinks.id/themes/altum/views/l/partials/splash.php on line 9
[02-Mar-2025 02:14:03 UTC] PHP Warning:  Attempt to read property "settings" on null in /home/u6583521/public_html/zlinks.id/themes/altum/views/l/partials/splash.php on line 24
[02-Mar-2025 02:14:03 UTC] PHP Warning:  Attempt to read property "secondary_button_name" on null in /home/u6583521/public_html/zlinks.id/themes/altum/views/l/partials/splash.php on line 24
[02-Mar-2025 02:14:03 UTC] PHP Warning:  Attempt to read property "settings" on null in /home/u6583521/public_html/zlinks.id/themes/altum/views/l/partials/ads_header_splash.php on line 5
[02-Mar-2025 02:14:03 UTC] PHP Warning:  Attempt to read property "ads_header" on null in /home/u6583521/public_html/zlinks.id/themes/altum/views/l/partials/ads_header_splash.php on line 5
[02-Mar-2025 02:14:03 UTC] PHP Warning:  Attempt to read property "settings" on null in /home/u6583521/public_html/zlinks.id/themes/altum/views/l/partials/ads_footer_splash.php on line 5
[02-Mar-2025 02:14:03 UTC] PHP Warning:  Attempt to read property "ads_footer" on null in /home/u6583521/public_html/zlinks.id/themes/altum/views/l/partials/ads_footer_splash.php on line 5
[02-Mar-2025 02:19:38 UTC] PHP Warning:  Undefined property: stdClass::$is_enabled in /home/u6583521/public_html/zlinks.id/themes/altum/views/wrapper.php on line 10
[02-Mar-2025 02:19:41 UTC] PHP Warning:  Undefined property: stdClass::$is_enabled in /home/u6583521/public_html/zlinks.id/themes/altum/views/wrapper.php on line 10
[02-Mar-2025 02:34:54 UTC] PHP Warning:  Undefined property: stdClass::$is_enabled in /home/u6583521/public_html/zlinks.id/themes/altum/views/wrapper.php on line 10
[02-Mar-2025 03:02:59 UTC] PHP Warning:  Undefined property: stdClass::$is_enabled in /home/u6583521/public_html/zlinks.id/themes/altum/views/wrapper.php on line 10
[02-Mar-2025 03:18:35 UTC] PHP Warning:  Undefined property: stdClass::$is_enabled in /home/u6583521/public_html/zlinks.id/themes/altum/views/wrapper.php on line 10
[02-Mar-2025 03:18:56 UTC] PHP Warning:  Undefined property: stdClass::$is_enabled in /home/u6583521/public_html/zlinks.id/themes/altum/views/wrapper.php on line 10
[02-Mar-2025 03:35:08 UTC] PHP Warning:  Attempt to read property "settings" on null in /home/u6583521/public_html/zlinks.id/app/controllers/l/Link.php on line 136
[02-Mar-2025 03:35:08 UTC] PHP Warning:  Attempt to read property "opengraph" on null in /home/u6583521/public_html/zlinks.id/app/controllers/l/Link.php on line 136
[02-Mar-2025 03:35:08 UTC] PHP Warning:  Attempt to read property "settings" on null in /home/u6583521/public_html/zlinks.id/themes/altum/views/l/partials/splash.php on line 9
[02-Mar-2025 03:35:08 UTC] PHP Warning:  Attempt to read property "logo" on null in /home/u6583521/public_html/zlinks.id/themes/altum/views/l/partials/splash.php on line 9
[02-Mar-2025 03:35:08 UTC] PHP Warning:  Attempt to read property "settings" on null in /home/u6583521/public_html/zlinks.id/themes/altum/views/l/partials/splash.php on line 24
[02-Mar-2025 03:35:08 UTC] PHP Warning:  Attempt to read property "secondary_button_name" on null in /home/u6583521/public_html/zlinks.id/themes/altum/views/l/partials/splash.php on line 24
[02-Mar-2025 03:35:08 UTC] PHP Warning:  Attempt to read property "settings" on null in /home/u6583521/public_html/zlinks.id/themes/altum/views/l/partials/ads_header_splash.php on line 5
[02-Mar-2025 03:35:08 UTC] PHP Warning:  Attempt to read property "ads_header" on null in /home/u6583521/public_html/zlinks.id/themes/altum/views/l/partials/ads_header_splash.php on line 5
[02-Mar-2025 03:35:08 UTC] PHP Warning:  Attempt to read property "settings" on null in /home/u6583521/public_html/zlinks.id/themes/altum/views/l/partials/ads_footer_splash.php on line 5
[02-Mar-2025 03:35:08 UTC] PHP Warning:  Attempt to read property "ads_footer" on null in /home/u6583521/public_html/zlinks.id/themes/altum/views/l/partials/ads_footer_splash.php on line 5
[02-Mar-2025 03:35:10 UTC] PHP Warning:  Attempt to read property "settings" on null in /home/u6583521/public_html/zlinks.id/app/controllers/l/Link.php on line 136
[02-Mar-2025 03:35:10 UTC] PHP Warning:  Attempt to read property "opengraph" on null in /home/u6583521/public_html/zlinks.id/app/controllers/l/Link.php on line 136
[02-Mar-2025 03:35:10 UTC] PHP Warning:  Attempt to read property "settings" on null in /home/u6583521/public_html/zlinks.id/themes/altum/views/l/partials/splash.php on line 9
[02-Mar-2025 03:35:10 UTC] PHP Warning:  Attempt to read property "logo" on null in /home/u6583521/public_html/zlinks.id/themes/altum/views/l/partials/splash.php on line 9
[02-Mar-2025 03:35:10 UTC] PHP Warning:  Attempt to read property "settings" on null in /home/u6583521/public_html/zlinks.id/themes/altum/views/l/partials/splash.php on line 24
[02-Mar-2025 03:35:10 UTC] PHP Warning:  Attempt to read property "secondary_button_name" on null in /home/u6583521/public_html/zlinks.id/themes/altum/views/l/partials/splash.php on line 24
[02-Mar-2025 03:35:10 UTC] PHP Warning:  Attempt to read property "settings" on null in /home/u6583521/public_html/zlinks.id/themes/altum/views/l/partials/ads_header_splash.php on line 5
[02-Mar-2025 03:35:10 UTC] PHP Warning:  Attempt to read property "ads_header" on null in /home/u6583521/public_html/zlinks.id/themes/altum/views/l/partials/ads_header_splash.php on line 5
[02-Mar-2025 03:35:10 UTC] PHP Warning:  Attempt to read property "settings" on null in /home/u6583521/public_html/zlinks.id/themes/altum/views/l/partials/ads_footer_splash.php on line 5
[02-Mar-2025 03:35:10 UTC] PHP Warning:  Attempt to read property "ads_footer" on null in /home/u6583521/public_html/zlinks.id/themes/altum/views/l/partials/ads_footer_splash.php on line 5
[02-Mar-2025 03:36:23 UTC] PHP Warning:  Undefined property: stdClass::$is_enabled in /home/u6583521/public_html/zlinks.id/themes/altum/views/wrapper.php on line 10
[02-Mar-2025 03:36:23 UTC] PHP Warning:  Undefined property: stdClass::$is_enabled in /home/u6583521/public_html/zlinks.id/themes/altum/views/wrapper.php on line 10
[02-Mar-2025 03:52:30 UTC] PHP Warning:  Undefined property: stdClass::$is_enabled in /home/u6583521/public_html/zlinks.id/themes/altum/views/wrapper.php on line 10
[02-Mar-2025 04:04:19 UTC] PHP Warning:  Undefined property: stdClass::$is_enabled in /home/u6583521/public_html/zlinks.id/themes/altum/views/wrapper.php on line 10
[02-Mar-2025 04:04:22 UTC] PHP Warning:  Undefined property: stdClass::$is_enabled in /home/u6583521/public_html/zlinks.id/themes/altum/views/basic_wrapper.php on line 10
[02-Mar-2025 04:04:24 UTC] PHP Warning:  Undefined array key "is_newsletter_subscribed" in /home/u6583521/public_html/zlinks.id/app/controllers/Register.php on line 50
[02-Mar-2025 04:04:24 UTC] PHP Warning:  Undefined property: stdClass::$is_enabled in /home/u6583521/public_html/zlinks.id/themes/altum/views/basic_wrapper.php on line 10
[02-Mar-2025 04:24:44 UTC] PHP Warning:  Undefined property: stdClass::$is_enabled in /home/u6583521/public_html/zlinks.id/themes/altum/views/wrapper.php on line 10
[02-Mar-2025 04:24:59 UTC] PHP Warning:  Undefined property: stdClass::$is_enabled in /home/u6583521/public_html/zlinks.id/themes/altum/views/wrapper.php on line 10
[02-Mar-2025 04:25:04 UTC] PHP Warning:  Undefined property: stdClass::$is_enabled in /home/u6583521/public_html/zlinks.id/themes/altum/views/wrapper.php on line 10
[02-Mar-2025 04:47:31 UTC] PHP Warning:  Undefined property: stdClass::$is_enabled in /home/u6583521/public_html/zlinks.id/themes/altum/views/wrapper.php on line 10
[02-Mar-2025 04:47:52 UTC] PHP Warning:  Undefined property: stdClass::$is_enabled in /home/u6583521/public_html/zlinks.id/themes/altum/views/wrapper.php on line 10
[02-Mar-2025 04:48:13 UTC] PHP Warning:  Undefined property: stdClass::$is_enabled in /home/u6583521/public_html/zlinks.id/themes/altum/views/wrapper.php on line 10
[02-Mar-2025 04:48:27 UTC] PHP Warning:  Undefined property: stdClass::$is_enabled in /home/u6583521/public_html/zlinks.id/themes/altum/views/wrapper.php on line 10
[02-Mar-2025 04:49:50 UTC] PHP Warning:  Undefined property: stdClass::$is_enabled in /home/u6583521/public_html/zlinks.id/themes/altum/views/wrapper.php on line 10
[02-Mar-2025 04:49:55 UTC] PHP Warning:  Undefined property: stdClass::$is_enabled in /home/u6583521/public_html/zlinks.id/themes/altum/views/basic_wrapper.php on line 10
[02-Mar-2025 04:49:59 UTC] PHP Warning:  Undefined array key "is_newsletter_subscribed" in /home/u6583521/public_html/zlinks.id/app/controllers/Register.php on line 50
[02-Mar-2025 04:49:59 UTC] PHP Warning:  Undefined property: stdClass::$is_enabled in /home/u6583521/public_html/zlinks.id/themes/altum/views/basic_wrapper.php on line 10
[02-Mar-2025 05:22:02 UTC] PHP Warning:  Undefined property: stdClass::$is_enabled in /home/u6583521/public_html/zlinks.id/themes/altum/views/wrapper.php on line 10
[02-Mar-2025 06:37:11 UTC] PHP Warning:  Undefined property: stdClass::$is_enabled in /home/u6583521/public_html/zlinks.id/themes/altum/views/basic_wrapper.php on line 10
[02-Mar-2025 06:37:13 UTC] PHP Warning:  Undefined property: stdClass::$is_enabled in /home/u6583521/public_html/zlinks.id/themes/altum/views/basic_wrapper.php on line 10
[02-Mar-2025 06:37:16 UTC] PHP Warning:  Undefined array key "is_newsletter_subscribed" in /home/u6583521/public_html/zlinks.id/app/controllers/Register.php on line 50
[02-Mar-2025 06:37:16 UTC] PHP Warning:  Undefined property: stdClass::$is_enabled in /home/u6583521/public_html/zlinks.id/themes/altum/views/basic_wrapper.php on line 10
[02-Mar-2025 06:45:35 UTC] PHP Warning:  Attempt to read property "settings" on null in /home/u6583521/public_html/zlinks.id/app/controllers/l/Link.php on line 136
[02-Mar-2025 06:45:35 UTC] PHP Warning:  Attempt to read property "opengraph" on null in /home/u6583521/public_html/zlinks.id/app/controllers/l/Link.php on line 136
[02-Mar-2025 06:45:35 UTC] PHP Warning:  Attempt to read property "settings" on null in /home/u6583521/public_html/zlinks.id/themes/altum/views/l/partials/splash.php on line 9
[02-Mar-2025 06:45:35 UTC] PHP Warning:  Attempt to read property "logo" on null in /home/u6583521/public_html/zlinks.id/themes/altum/views/l/partials/splash.php on line 9
[02-Mar-2025 06:45:35 UTC] PHP Warning:  Attempt to read property "settings" on null in /home/u6583521/public_html/zlinks.id/themes/altum/views/l/partials/splash.php on line 24
[02-Mar-2025 06:45:35 UTC] PHP Warning:  Attempt to read property "secondary_button_name" on null in /home/u6583521/public_html/zlinks.id/themes/altum/views/l/partials/splash.php on line 24
[02-Mar-2025 06:45:35 UTC] PHP Warning:  Attempt to read property "settings" on null in /home/u6583521/public_html/zlinks.id/themes/altum/views/l/partials/ads_header_splash.php on line 5
[02-Mar-2025 06:45:35 UTC] PHP Warning:  Attempt to read property "ads_header" on null in /home/u6583521/public_html/zlinks.id/themes/altum/views/l/partials/ads_header_splash.php on line 5
[02-Mar-2025 06:45:35 UTC] PHP Warning:  Attempt to read property "settings" on null in /home/u6583521/public_html/zlinks.id/themes/altum/views/l/partials/ads_footer_splash.php on line 5
[02-Mar-2025 06:45:35 UTC] PHP Warning:  Attempt to read property "ads_footer" on null in /home/u6583521/public_html/zlinks.id/themes/altum/views/l/partials/ads_footer_splash.php on line 5
[02-Mar-2025 06:45:41 UTC] PHP Warning:  Attempt to read property "settings" on null in /home/u6583521/public_html/zlinks.id/app/controllers/l/Link.php on line 136
[02-Mar-2025 06:45:41 UTC] PHP Warning:  Attempt to read property "opengraph" on null in /home/u6583521/public_html/zlinks.id/app/controllers/l/Link.php on line 136
[02-Mar-2025 06:45:41 UTC] PHP Warning:  Attempt to read property "settings" on null in /home/u6583521/public_html/zlinks.id/themes/altum/views/l/partials/splash.php on line 9
[02-Mar-2025 06:45:41 UTC] PHP Warning:  Attempt to read property "logo" on null in /home/u6583521/public_html/zlinks.id/themes/altum/views/l/partials/splash.php on line 9
[02-Mar-2025 06:45:41 UTC] PHP Warning:  Attempt to read property "settings" on null in /home/u6583521/public_html/zlinks.id/themes/altum/views/l/partials/splash.php on line 24
[02-Mar-2025 06:45:41 UTC] PHP Warning:  Attempt to read property "secondary_button_name" on null in /home/u6583521/public_html/zlinks.id/themes/altum/views/l/partials/splash.php on line 24
[02-Mar-2025 06:45:41 UTC] PHP Warning:  Attempt to read property "settings" on null in /home/u6583521/public_html/zlinks.id/themes/altum/views/l/partials/ads_header_splash.php on line 5
[02-Mar-2025 06:45:41 UTC] PHP Warning:  Attempt to read property "ads_header" on null in /home/u6583521/public_html/zlinks.id/themes/altum/views/l/partials/ads_header_splash.php on line 5
[02-Mar-2025 06:45:41 UTC] PHP Warning:  Attempt to read property "settings" on null in /home/u6583521/public_html/zlinks.id/themes/altum/views/l/partials/ads_footer_splash.php on line 5
[02-Mar-2025 06:45:41 UTC] PHP Warning:  Attempt to read property "ads_footer" on null in /home/u6583521/public_html/zlinks.id/themes/altum/views/l/partials/ads_footer_splash.php on line 5
[02-Mar-2025 06:45:42 UTC] PHP Warning:  Attempt to read property "settings" on null in /home/u6583521/public_html/zlinks.id/app/controllers/l/Link.php on line 136
[02-Mar-2025 06:45:42 UTC] PHP Warning:  Attempt to read property "opengraph" on null in /home/u6583521/public_html/zlinks.id/app/controllers/l/Link.php on line 136
[02-Mar-2025 06:45:42 UTC] PHP Warning:  Attempt to read property "settings" on null in /home/u6583521/public_html/zlinks.id/themes/altum/views/l/partials/splash.php on line 9
[02-Mar-2025 06:45:42 UTC] PHP Warning:  Attempt to read property "logo" on null in /home/u6583521/public_html/zlinks.id/themes/altum/views/l/partials/splash.php on line 9
[02-Mar-2025 06:45:42 UTC] PHP Warning:  Attempt to read property "settings" on null in /home/u6583521/public_html/zlinks.id/themes/altum/views/l/partials/splash.php on line 24
[02-Mar-2025 06:45:42 UTC] PHP Warning:  Attempt to read property "secondary_button_name" on null in /home/u6583521/public_html/zlinks.id/themes/altum/views/l/partials/splash.php on line 24
[02-Mar-2025 06:45:42 UTC] PHP Warning:  Attempt to read property "settings" on null in /home/u6583521/public_html/zlinks.id/themes/altum/views/l/partials/ads_header_splash.php on line 5
[02-Mar-2025 06:45:42 UTC] PHP Warning:  Attempt to read property "ads_header" on null in /home/u6583521/public_html/zlinks.id/themes/altum/views/l/partials/ads_header_splash.php on line 5
[02-Mar-2025 06:45:42 UTC] PHP Warning:  Attempt to read property "settings" on null in /home/u6583521/public_html/zlinks.id/themes/altum/views/l/partials/ads_footer_splash.php on line 5
[02-Mar-2025 06:45:42 UTC] PHP Warning:  Attempt to read property "ads_footer" on null in /home/u6583521/public_html/zlinks.id/themes/altum/views/l/partials/ads_footer_splash.php on line 5
[02-Mar-2025 06:45:42 UTC] PHP Warning:  Attempt to read property "settings" on null in /home/u6583521/public_html/zlinks.id/app/controllers/l/Link.php on line 136
[02-Mar-2025 06:45:42 UTC] PHP Warning:  Attempt to read property "opengraph" on null in /home/u6583521/public_html/zlinks.id/app/controllers/l/Link.php on line 136
[02-Mar-2025 06:45:42 UTC] PHP Warning:  Attempt to read property "settings" on null in /home/u6583521/public_html/zlinks.id/themes/altum/views/l/partials/splash.php on line 9
[02-Mar-2025 06:45:42 UTC] PHP Warning:  Attempt to read property "logo" on null in /home/u6583521/public_html/zlinks.id/themes/altum/views/l/partials/splash.php on line 9
[02-Mar-2025 06:45:42 UTC] PHP Warning:  Attempt to read property "settings" on null in /home/u6583521/public_html/zlinks.id/themes/altum/views/l/partials/splash.php on line 24
[02-Mar-2025 06:45:42 UTC] PHP Warning:  Attempt to read property "secondary_button_name" on null in /home/u6583521/public_html/zlinks.id/themes/altum/views/l/partials/splash.php on line 24
[02-Mar-2025 06:45:42 UTC] PHP Warning:  Attempt to read property "settings" on null in /home/u6583521/public_html/zlinks.id/themes/altum/views/l/partials/ads_header_splash.php on line 5
[02-Mar-2025 06:45:42 UTC] PHP Warning:  Attempt to read property "ads_header" on null in /home/u6583521/public_html/zlinks.id/themes/altum/views/l/partials/ads_header_splash.php on line 5
[02-Mar-2025 06:45:42 UTC] PHP Warning:  Attempt to read property "settings" on null in /home/u6583521/public_html/zlinks.id/themes/altum/views/l/partials/ads_footer_splash.php on line 5
[02-Mar-2025 06:45:42 UTC] PHP Warning:  Attempt to read property "ads_footer" on null in /home/u6583521/public_html/zlinks.id/themes/altum/views/l/partials/ads_footer_splash.php on line 5
[02-Mar-2025 06:45:43 UTC] PHP Warning:  Attempt to read property "settings" on null in /home/u6583521/public_html/zlinks.id/app/controllers/l/Link.php on line 136
[02-Mar-2025 06:45:43 UTC] PHP Warning:  Attempt to read property "opengraph" on null in /home/u6583521/public_html/zlinks.id/app/controllers/l/Link.php on line 136
[02-Mar-2025 06:45:43 UTC] PHP Warning:  Attempt to read property "settings" on null in /home/u6583521/public_html/zlinks.id/themes/altum/views/l/partials/splash.php on line 9
[02-Mar-2025 06:45:43 UTC] PHP Warning:  Attempt to read property "logo" on null in /home/u6583521/public_html/zlinks.id/themes/altum/views/l/partials/splash.php on line 9
[02-Mar-2025 06:45:43 UTC] PHP Warning:  Attempt to read property "settings" on null in /home/u6583521/public_html/zlinks.id/themes/altum/views/l/partials/splash.php on line 24
[02-Mar-2025 06:45:43 UTC] PHP Warning:  Attempt to read property "secondary_button_name" on null in /home/u6583521/public_html/zlinks.id/themes/altum/views/l/partials/splash.php on line 24
[02-Mar-2025 06:45:43 UTC] PHP Warning:  Attempt to read property "settings" on null in /home/u6583521/public_html/zlinks.id/themes/altum/views/l/partials/ads_header_splash.php on line 5
[02-Mar-2025 06:45:43 UTC] PHP Warning:  Attempt to read property "ads_header" on null in /home/u6583521/public_html/zlinks.id/themes/altum/views/l/partials/ads_header_splash.php on line 5
[02-Mar-2025 06:45:43 UTC] PHP Warning:  Attempt to read property "settings" on null in /home/u6583521/public_html/zlinks.id/themes/altum/views/l/partials/ads_footer_splash.php on line 5
[02-Mar-2025 06:45:43 UTC] PHP Warning:  Attempt to read property "ads_footer" on null in /home/u6583521/public_html/zlinks.id/themes/altum/views/l/partials/ads_footer_splash.php on line 5
[02-Mar-2025 06:45:45 UTC] PHP Warning:  Undefined property: stdClass::$is_enabled in /home/u6583521/public_html/zlinks.id/themes/altum/views/l/biolink_wrapper.php on line 10
[02-Mar-2025 06:45:48 UTC] PHP Warning:  Attempt to read property "settings" on null in /home/u6583521/public_html/zlinks.id/app/controllers/l/Link.php on line 136
[02-Mar-2025 06:45:48 UTC] PHP Warning:  Attempt to read property "opengraph" on null in /home/u6583521/public_html/zlinks.id/app/controllers/l/Link.php on line 136
[02-Mar-2025 06:45:48 UTC] PHP Warning:  Attempt to read property "settings" on null in /home/u6583521/public_html/zlinks.id/themes/altum/views/l/partials/splash.php on line 9
[02-Mar-2025 06:45:48 UTC] PHP Warning:  Attempt to read property "logo" on null in /home/u6583521/public_html/zlinks.id/themes/altum/views/l/partials/splash.php on line 9
[02-Mar-2025 06:45:48 UTC] PHP Warning:  Attempt to read property "settings" on null in /home/u6583521/public_html/zlinks.id/themes/altum/views/l/partials/splash.php on line 24
[02-Mar-2025 06:45:48 UTC] PHP Warning:  Attempt to read property "secondary_button_name" on null in /home/u6583521/public_html/zlinks.id/themes/altum/views/l/partials/splash.php on line 24
[02-Mar-2025 06:45:48 UTC] PHP Warning:  Attempt to read property "settings" on null in /home/u6583521/public_html/zlinks.id/themes/altum/views/l/partials/ads_header_splash.php on line 5
[02-Mar-2025 06:45:48 UTC] PHP Warning:  Attempt to read property "ads_header" on null in /home/u6583521/public_html/zlinks.id/themes/altum/views/l/partials/ads_header_splash.php on line 5
[02-Mar-2025 06:45:48 UTC] PHP Warning:  Attempt to read property "settings" on null in /home/u6583521/public_html/zlinks.id/themes/altum/views/l/partials/ads_footer_splash.php on line 5
[02-Mar-2025 06:45:48 UTC] PHP Warning:  Attempt to read property "ads_footer" on null in /home/u6583521/public_html/zlinks.id/themes/altum/views/l/partials/ads_footer_splash.php on line 5
[02-Mar-2025 06:45:48 UTC] PHP Warning:  Attempt to read property "settings" on null in /home/u6583521/public_html/zlinks.id/app/controllers/l/Link.php on line 136
[02-Mar-2025 06:45:48 UTC] PHP Warning:  Attempt to read property "opengraph" on null in /home/u6583521/public_html/zlinks.id/app/controllers/l/Link.php on line 136
[02-Mar-2025 06:45:48 UTC] PHP Warning:  Attempt to read property "settings" on null in /home/u6583521/public_html/zlinks.id/themes/altum/views/l/partials/splash.php on line 9
[02-Mar-2025 06:45:48 UTC] PHP Warning:  Attempt to read property "logo" on null in /home/u6583521/public_html/zlinks.id/themes/altum/views/l/partials/splash.php on line 9
[02-Mar-2025 06:45:48 UTC] PHP Warning:  Attempt to read property "settings" on null in /home/u6583521/public_html/zlinks.id/themes/altum/views/l/partials/splash.php on line 24
[02-Mar-2025 06:45:48 UTC] PHP Warning:  Attempt to read property "secondary_button_name" on null in /home/u6583521/public_html/zlinks.id/themes/altum/views/l/partials/splash.php on line 24
[02-Mar-2025 06:45:48 UTC] PHP Warning:  Attempt to read property "settings" on null in /home/u6583521/public_html/zlinks.id/themes/altum/views/l/partials/ads_header_splash.php on line 5
[02-Mar-2025 06:45:48 UTC] PHP Warning:  Attempt to read property "ads_header" on null in /home/u6583521/public_html/zlinks.id/themes/altum/views/l/partials/ads_header_splash.php on line 5
[02-Mar-2025 06:45:48 UTC] PHP Warning:  Attempt to read property "settings" on null in /home/u6583521/public_html/zlinks.id/themes/altum/views/l/partials/ads_footer_splash.php on line 5
[02-Mar-2025 06:45:48 UTC] PHP Warning:  Attempt to read property "ads_footer" on null in /home/u6583521/public_html/zlinks.id/themes/altum/views/l/partials/ads_footer_splash.php on line 5
[02-Mar-2025 06:45:50 UTC] PHP Warning:  Undefined property: stdClass::$is_enabled in /home/u6583521/public_html/zlinks.id/themes/altum/views/l/biolink_wrapper.php on line 10
[02-Mar-2025 06:46:10 UTC] PHP Warning:  Undefined property: stdClass::$password in /home/u6583521/public_html/zlinks.id/app/controllers/l/Link.php on line 179
[02-Mar-2025 06:46:10 UTC] PHP Warning:  Undefined property: stdClass::$sensitive_content in /home/u6583521/public_html/zlinks.id/app/controllers/l/Link.php on line 208
[02-Mar-2025 06:53:08 UTC] PHP Warning:  Undefined property: stdClass::$is_enabled in /home/u6583521/public_html/zlinks.id/themes/altum/views/wrapper.php on line 10
[02-Mar-2025 06:59:14 UTC] PHP Warning:  Undefined property: stdClass::$is_enabled in /home/u6583521/public_html/zlinks.id/themes/altum/views/basic_wrapper.php on line 10
[02-Mar-2025 06:59:15 UTC] PHP Warning:  Undefined property: stdClass::$is_enabled in /home/u6583521/public_html/zlinks.id/themes/altum/views/basic_wrapper.php on line 10
[02-Mar-2025 06:59:17 UTC] PHP Warning:  Undefined array key "is_newsletter_subscribed" in /home/u6583521/public_html/zlinks.id/app/controllers/Register.php on line 50
[02-Mar-2025 06:59:23 UTC] PHP Warning:  Undefined property: stdClass::$is_enabled in /home/u6583521/public_html/zlinks.id/themes/altum/views/basic_wrapper.php on line 10
[02-Mar-2025 07:09:32 UTC] PHP Warning:  Undefined property: stdClass::$is_enabled in /home/u6583521/public_html/zlinks.id/themes/altum/views/wrapper.php on line 10
[02-Mar-2025 07:10:30 UTC] PHP Warning:  Undefined property: stdClass::$is_enabled in /home/u6583521/public_html/zlinks.id/themes/altum/views/wrapper.php on line 10
[02-Mar-2025 07:12:55 UTC] PHP Warning:  Undefined property: stdClass::$is_enabled in /home/u6583521/public_html/zlinks.id/themes/altum/views/wrapper.php on line 10
[02-Mar-2025 07:21:37 UTC] PHP Warning:  Undefined property: stdClass::$is_enabled in /home/u6583521/public_html/zlinks.id/themes/altum/views/wrapper.php on line 10
[02-Mar-2025 07:47:35 UTC] PHP Warning:  Undefined property: stdClass::$is_enabled in /home/u6583521/public_html/zlinks.id/themes/altum/views/partials/internal_notifications_js.php on line 7
[02-Mar-2025 07:47:43 UTC] PHP Warning:  Undefined property: stdClass::$is_enabled in /home/u6583521/public_html/zlinks.id/themes/altum/views/partials/internal_notifications_js.php on line 7
[02-Mar-2025 07:55:03 UTC] PHP Warning:  Undefined property: stdClass::$is_enabled in /home/u6583521/public_html/zlinks.id/themes/altum/views/wrapper.php on line 10
[02-Mar-2025 07:57:13 UTC] PHP Warning:  Attempt to read property "settings" on null in /home/u6583521/public_html/zlinks.id/app/controllers/l/Link.php on line 136
[02-Mar-2025 07:57:13 UTC] PHP Warning:  Attempt to read property "opengraph" on null in /home/u6583521/public_html/zlinks.id/app/controllers/l/Link.php on line 136
[02-Mar-2025 07:57:13 UTC] PHP Warning:  Attempt to read property "settings" on null in /home/u6583521/public_html/zlinks.id/themes/altum/views/l/partials/splash.php on line 9
[02-Mar-2025 07:57:13 UTC] PHP Warning:  Attempt to read property "logo" on null in /home/u6583521/public_html/zlinks.id/themes/altum/views/l/partials/splash.php on line 9
[02-Mar-2025 07:57:13 UTC] PHP Warning:  Attempt to read property "settings" on null in /home/u6583521/public_html/zlinks.id/themes/altum/views/l/partials/splash.php on line 24
[02-Mar-2025 07:57:13 UTC] PHP Warning:  Attempt to read property "secondary_button_name" on null in /home/u6583521/public_html/zlinks.id/themes/altum/views/l/partials/splash.php on line 24
[02-Mar-2025 07:57:13 UTC] PHP Warning:  Attempt to read property "settings" on null in /home/u6583521/public_html/zlinks.id/themes/altum/views/l/partials/ads_header_splash.php on line 5
[02-Mar-2025 07:57:13 UTC] PHP Warning:  Attempt to read property "ads_header" on null in /home/u6583521/public_html/zlinks.id/themes/altum/views/l/partials/ads_header_splash.php on line 5
[02-Mar-2025 07:57:13 UTC] PHP Warning:  Attempt to read property "settings" on null in /home/u6583521/public_html/zlinks.id/themes/altum/views/l/partials/ads_footer_splash.php on line 5
[02-Mar-2025 07:57:13 UTC] PHP Warning:  Attempt to read property "ads_footer" on null in /home/u6583521/public_html/zlinks.id/themes/altum/views/l/partials/ads_footer_splash.php on line 5
[02-Mar-2025 07:57:14 UTC] PHP Warning:  Undefined property: stdClass::$is_enabled in /home/u6583521/public_html/zlinks.id/themes/altum/views/wrapper.php on line 10
[02-Mar-2025 07:57:28 UTC] PHP Warning:  Attempt to read property "settings" on null in /home/u6583521/public_html/zlinks.id/app/controllers/l/Link.php on line 136
[02-Mar-2025 07:57:28 UTC] PHP Warning:  Attempt to read property "opengraph" on null in /home/u6583521/public_html/zlinks.id/app/controllers/l/Link.php on line 136
[02-Mar-2025 07:57:28 UTC] PHP Warning:  Attempt to read property "settings" on null in /home/u6583521/public_html/zlinks.id/themes/altum/views/l/partials/splash.php on line 9
[02-Mar-2025 07:57:28 UTC] PHP Warning:  Attempt to read property "logo" on null in /home/u6583521/public_html/zlinks.id/themes/altum/views/l/partials/splash.php on line 9
[02-Mar-2025 07:57:28 UTC] PHP Warning:  Attempt to read property "settings" on null in /home/u6583521/public_html/zlinks.id/themes/altum/views/l/partials/splash.php on line 24
[02-Mar-2025 07:57:28 UTC] PHP Warning:  Attempt to read property "secondary_button_name" on null in /home/u6583521/public_html/zlinks.id/themes/altum/views/l/partials/splash.php on line 24
[02-Mar-2025 07:57:28 UTC] PHP Warning:  Attempt to read property "settings" on null in /home/u6583521/public_html/zlinks.id/themes/altum/views/l/partials/ads_header_splash.php on line 5
[02-Mar-2025 07:57:28 UTC] PHP Warning:  Attempt to read property "ads_header" on null in /home/u6583521/public_html/zlinks.id/themes/altum/views/l/partials/ads_header_splash.php on line 5
[02-Mar-2025 07:57:28 UTC] PHP Warning:  Attempt to read property "settings" on null in /home/u6583521/public_html/zlinks.id/themes/altum/views/l/partials/ads_footer_splash.php on line 5
[02-Mar-2025 07:57:28 UTC] PHP Warning:  Attempt to read property "ads_footer" on null in /home/u6583521/public_html/zlinks.id/themes/altum/views/l/partials/ads_footer_splash.php on line 5
[02-Mar-2025 07:57:33 UTC] PHP Warning:  Undefined property: stdClass::$is_enabled in /home/u6583521/public_html/zlinks.id/themes/altum/views/l/biolink_wrapper.php on line 10
[02-Mar-2025 08:08:42 UTC] PHP Warning:  Undefined property: stdClass::$is_enabled in /home/u6583521/public_html/zlinks.id/themes/altum/views/wrapper.php on line 10
[02-Mar-2025 08:42:48 UTC] PHP Warning:  Undefined property: stdClass::$is_enabled in /home/u6583521/public_html/zlinks.id/themes/altum/views/basic_wrapper.php on line 10
[02-Mar-2025 08:42:51 UTC] PHP Warning:  Undefined property: stdClass::$is_enabled in /home/u6583521/public_html/zlinks.id/themes/altum/views/basic_wrapper.php on line 10
[02-Mar-2025 08:42:54 UTC] PHP Warning:  Undefined array key "is_newsletter_subscribed" in /home/u6583521/public_html/zlinks.id/app/controllers/Register.php on line 50
[02-Mar-2025 08:42:54 UTC] PHP Warning:  Undefined property: stdClass::$is_enabled in /home/u6583521/public_html/zlinks.id/themes/altum/views/basic_wrapper.php on line 10
[02-Mar-2025 09:00:41 UTC] PHP Warning:  Undefined property: stdClass::$is_enabled in /home/u6583521/public_html/zlinks.id/themes/altum/views/basic_wrapper.php on line 10
[02-Mar-2025 09:19:00 UTC] PHP Warning:  Attempt to read property "settings" on null in /home/u6583521/public_html/zlinks.id/app/controllers/l/Link.php on line 136
[02-Mar-2025 09:19:00 UTC] PHP Warning:  Attempt to read property "opengraph" on null in /home/u6583521/public_html/zlinks.id/app/controllers/l/Link.php on line 136
[02-Mar-2025 09:19:00 UTC] PHP Warning:  Attempt to read property "settings" on null in /home/u6583521/public_html/zlinks.id/themes/altum/views/l/partials/splash.php on line 9
[02-Mar-2025 09:19:00 UTC] PHP Warning:  Attempt to read property "logo" on null in /home/u6583521/public_html/zlinks.id/themes/altum/views/l/partials/splash.php on line 9
[02-Mar-2025 09:19:00 UTC] PHP Warning:  Attempt to read property "settings" on null in /home/u6583521/public_html/zlinks.id/themes/altum/views/l/partials/splash.php on line 24
[02-Mar-2025 09:19:00 UTC] PHP Warning:  Attempt to read property "secondary_button_name" on null in /home/u6583521/public_html/zlinks.id/themes/altum/views/l/partials/splash.php on line 24
[02-Mar-2025 09:19:00 UTC] PHP Warning:  Attempt to read property "settings" on null in /home/u6583521/public_html/zlinks.id/themes/altum/views/l/partials/ads_header_splash.php on line 5
[02-Mar-2025 09:19:00 UTC] PHP Warning:  Attempt to read property "ads_header" on null in /home/u6583521/public_html/zlinks.id/themes/altum/views/l/partials/ads_header_splash.php on line 5
[02-Mar-2025 09:19:00 UTC] PHP Warning:  Attempt to read property "settings" on null in /home/u6583521/public_html/zlinks.id/themes/altum/views/l/partials/ads_footer_splash.php on line 5
[02-Mar-2025 09:19:00 UTC] PHP Warning:  Attempt to read property "ads_footer" on null in /home/u6583521/public_html/zlinks.id/themes/altum/views/l/partials/ads_footer_splash.php on line 5
[02-Mar-2025 09:26:45 UTC] PHP Warning:  Undefined property: stdClass::$is_enabled in /home/u6583521/public_html/zlinks.id/themes/altum/views/wrapper.php on line 10
[02-Mar-2025 09:32:21 UTC] PHP Warning:  Undefined property: stdClass::$is_enabled in /home/u6583521/public_html/zlinks.id/themes/altum/views/wrapper.php on line 10
[02-Mar-2025 09:36:37 UTC] PHP Warning:  Undefined property: stdClass::$is_enabled in /home/u6583521/public_html/zlinks.id/themes/altum/views/basic_wrapper.php on line 10
[02-Mar-2025 09:36:38 UTC] PHP Warning:  Undefined property: stdClass::$is_enabled in /home/u6583521/public_html/zlinks.id/themes/altum/views/basic_wrapper.php on line 10
[02-Mar-2025 09:36:40 UTC] PHP Warning:  Undefined array key "is_newsletter_subscribed" in /home/u6583521/public_html/zlinks.id/app/controllers/Register.php on line 50
[02-Mar-2025 09:36:40 UTC] PHP Warning:  Undefined property: stdClass::$is_enabled in /home/u6583521/public_html/zlinks.id/themes/altum/views/basic_wrapper.php on line 10
[02-Mar-2025 09:43:00 UTC] PHP Warning:  Undefined property: stdClass::$is_enabled in /home/u6583521/public_html/zlinks.id/themes/altum/views/wrapper.php on line 10
[02-Mar-2025 09:51:11 UTC] PHP Warning:  Undefined property: stdClass::$is_enabled in /home/u6583521/public_html/zlinks.id/themes/altum/views/wrapper.php on line 10
[02-Mar-2025 09:55:28 UTC] PHP Warning:  Attempt to read property "settings" on null in /home/u6583521/public_html/zlinks.id/app/controllers/l/Link.php on line 136
[02-Mar-2025 09:55:28 UTC] PHP Warning:  Attempt to read property "opengraph" on null in /home/u6583521/public_html/zlinks.id/app/controllers/l/Link.php on line 136
[02-Mar-2025 09:55:28 UTC] PHP Warning:  Attempt to read property "settings" on null in /home/u6583521/public_html/zlinks.id/themes/altum/views/l/partials/splash.php on line 9
[02-Mar-2025 09:55:28 UTC] PHP Warning:  Attempt to read property "logo" on null in /home/u6583521/public_html/zlinks.id/themes/altum/views/l/partials/splash.php on line 9
[02-Mar-2025 09:55:28 UTC] PHP Warning:  Attempt to read property "settings" on null in /home/u6583521/public_html/zlinks.id/themes/altum/views/l/partials/splash.php on line 24
[02-Mar-2025 09:55:28 UTC] PHP Warning:  Attempt to read property "secondary_button_name" on null in /home/u6583521/public_html/zlinks.id/themes/altum/views/l/partials/splash.php on line 24
[02-Mar-2025 09:55:28 UTC] PHP Warning:  Attempt to read property "settings" on null in /home/u6583521/public_html/zlinks.id/themes/altum/views/l/partials/ads_header_splash.php on line 5
[02-Mar-2025 09:55:28 UTC] PHP Warning:  Attempt to read property "ads_header" on null in /home/u6583521/public_html/zlinks.id/themes/altum/views/l/partials/ads_header_splash.php on line 5
[02-Mar-2025 09:55:28 UTC] PHP Warning:  Attempt to read property "settings" on null in /home/u6583521/public_html/zlinks.id/themes/altum/views/l/partials/ads_footer_splash.php on line 5
[02-Mar-2025 09:55:28 UTC] PHP Warning:  Attempt to read property "ads_footer" on null in /home/u6583521/public_html/zlinks.id/themes/altum/views/l/partials/ads_footer_splash.php on line 5
[02-Mar-2025 09:58:54 UTC] PHP Warning:  Undefined property: stdClass::$is_enabled in /home/u6583521/public_html/zlinks.id/themes/altum/views/wrapper.php on line 10
[02-Mar-2025 10:03:23 UTC] PHP Warning:  Undefined property: stdClass::$is_enabled in /home/u6583521/public_html/zlinks.id/themes/altum/views/wrapper.php on line 10
[02-Mar-2025 10:14:54 UTC] PHP Warning:  Undefined property: stdClass::$is_enabled in /home/u6583521/public_html/zlinks.id/themes/altum/views/wrapper.php on line 10
[02-Mar-2025 10:14:58 UTC] PHP Warning:  Undefined property: stdClass::$is_enabled in /home/u6583521/public_html/zlinks.id/themes/altum/views/basic_wrapper.php on line 10
[02-Mar-2025 10:15:01 UTC] PHP Warning:  Undefined array key "is_newsletter_subscribed" in /home/u6583521/public_html/zlinks.id/app/controllers/Register.php on line 50
[02-Mar-2025 10:15:01 UTC] PHP Warning:  Undefined property: stdClass::$is_enabled in /home/u6583521/public_html/zlinks.id/themes/altum/views/basic_wrapper.php on line 10
[02-Mar-2025 10:15:31 UTC] PHP Warning:  Undefined property: stdClass::$is_enabled in /home/u6583521/public_html/zlinks.id/themes/altum/views/wrapper.php on line 10
[02-Mar-2025 10:15:33 UTC] PHP Warning:  Undefined property: stdClass::$is_enabled in /home/u6583521/public_html/zlinks.id/themes/altum/views/basic_wrapper.php on line 10
[02-Mar-2025 10:15:38 UTC] PHP Warning:  Undefined array key "is_newsletter_subscribed" in /home/u6583521/public_html/zlinks.id/app/controllers/Register.php on line 50
[02-Mar-2025 10:15:38 UTC] PHP Warning:  Undefined property: stdClass::$is_enabled in /home/u6583521/public_html/zlinks.id/themes/altum/views/basic_wrapper.php on line 10
[02-Mar-2025 10:54:04 UTC] PHP Warning:  Attempt to read property "settings" on null in /home/u6583521/public_html/zlinks.id/app/controllers/l/Link.php on line 136
[02-Mar-2025 10:54:04 UTC] PHP Warning:  Attempt to read property "opengraph" on null in /home/u6583521/public_html/zlinks.id/app/controllers/l/Link.php on line 136
[02-Mar-2025 10:54:04 UTC] PHP Warning:  Attempt to read property "settings" on null in /home/u6583521/public_html/zlinks.id/themes/altum/views/l/partials/splash.php on line 9
[02-Mar-2025 10:54:04 UTC] PHP Warning:  Attempt to read property "logo" on null in /home/u6583521/public_html/zlinks.id/themes/altum/views/l/partials/splash.php on line 9
[02-Mar-2025 10:54:04 UTC] PHP Warning:  Attempt to read property "settings" on null in /home/u6583521/public_html/zlinks.id/themes/altum/views/l/partials/splash.php on line 24
[02-Mar-2025 10:54:04 UTC] PHP Warning:  Attempt to read property "secondary_button_name" on null in /home/u6583521/public_html/zlinks.id/themes/altum/views/l/partials/splash.php on line 24
[02-Mar-2025 10:54:04 UTC] PHP Warning:  Attempt to read property "settings" on null in /home/u6583521/public_html/zlinks.id/themes/altum/views/l/partials/ads_header_splash.php on line 5
[02-Mar-2025 10:54:04 UTC] PHP Warning:  Attempt to read property "ads_header" on null in /home/u6583521/public_html/zlinks.id/themes/altum/views/l/partials/ads_header_splash.php on line 5
[02-Mar-2025 10:54:04 UTC] PHP Warning:  Attempt to read property "settings" on null in /home/u6583521/public_html/zlinks.id/themes/altum/views/l/partials/ads_footer_splash.php on line 5
[02-Mar-2025 10:54:04 UTC] PHP Warning:  Attempt to read property "ads_footer" on null in /home/u6583521/public_html/zlinks.id/themes/altum/views/l/partials/ads_footer_splash.php on line 5
[02-Mar-2025 11:01:11 UTC] PHP Warning:  Undefined property: stdClass::$is_enabled in /home/u6583521/public_html/zlinks.id/themes/altum/views/wrapper.php on line 10
[02-Mar-2025 11:03:43 UTC] PHP Warning:  Undefined property: stdClass::$is_enabled in /home/u6583521/public_html/zlinks.id/themes/altum/views/basic_wrapper.php on line 10
[02-Mar-2025 11:07:44 UTC] PHP Warning:  Undefined property: stdClass::$is_enabled in /home/u6583521/public_html/zlinks.id/themes/altum/views/basic_wrapper.php on line 10
[02-Mar-2025 11:10:29 UTC] PHP Warning:  Undefined property: stdClass::$is_enabled in /home/u6583521/public_html/zlinks.id/themes/altum/views/wrapper.php on line 10
[02-Mar-2025 11:20:10 UTC] PHP Warning:  Undefined property: stdClass::$is_enabled in /home/u6583521/public_html/zlinks.id/themes/altum/views/wrapper.php on line 10
[02-Mar-2025 11:48:36 UTC] PHP Warning:  Undefined property: stdClass::$is_enabled in /home/u6583521/public_html/zlinks.id/themes/altum/views/wrapper.php on line 10
[02-Mar-2025 11:48:38 UTC] PHP Warning:  Undefined property: stdClass::$is_enabled in /home/u6583521/public_html/zlinks.id/themes/altum/views/basic_wrapper.php on line 10
[02-Mar-2025 11:48:50 UTC] PHP Warning:  Undefined array key "is_newsletter_subscribed" in /home/u6583521/public_html/zlinks.id/app/controllers/Register.php on line 50
[02-Mar-2025 11:48:50 UTC] PHP Warning:  Undefined property: stdClass::$is_enabled in /home/u6583521/public_html/zlinks.id/themes/altum/views/basic_wrapper.php on line 10
[02-Mar-2025 11:59:07 UTC] PHP Warning:  Undefined property: stdClass::$is_enabled in /home/u6583521/public_html/zlinks.id/themes/altum/views/wrapper.php on line 10
[02-Mar-2025 12:12:00 UTC] PHP Warning:  Undefined property: stdClass::$is_enabled in /home/u6583521/public_html/zlinks.id/themes/altum/views/wrapper.php on line 10
[02-Mar-2025 12:12:02 UTC] PHP Warning:  Undefined property: stdClass::$is_enabled in /home/u6583521/public_html/zlinks.id/themes/altum/views/basic_wrapper.php on line 10
[02-Mar-2025 12:12:04 UTC] PHP Warning:  Undefined array key "is_newsletter_subscribed" in /home/u6583521/public_html/zlinks.id/app/controllers/Register.php on line 50
[02-Mar-2025 12:12:08 UTC] PHP Warning:  Undefined property: stdClass::$is_enabled in /home/u6583521/public_html/zlinks.id/themes/altum/views/basic_wrapper.php on line 10
[02-Mar-2025 12:14:04 UTC] PHP Warning:  Undefined property: stdClass::$is_enabled in /home/u6583521/public_html/zlinks.id/themes/altum/views/partials/internal_notifications_js.php on line 7
[02-Mar-2025 12:14:06 UTC] PHP Warning:  Undefined property: stdClass::$is_enabled in /home/u6583521/public_html/zlinks.id/themes/altum/views/partials/internal_notifications_js.php on line 7
[02-Mar-2025 12:14:10 UTC] PHP Warning:  Undefined property: stdClass::$is_enabled in /home/u6583521/public_html/zlinks.id/themes/altum/views/admin/wrapper.php on line 10
[02-Mar-2025 12:16:03 UTC] PHP Warning:  Undefined property: stdClass::$is_enabled in /home/u6583521/public_html/zlinks.id/themes/altum/views/admin/wrapper.php on line 10
[02-Mar-2025 12:16:37 UTC] PHP Warning:  Undefined property: stdClass::$is_enabled in /home/u6583521/public_html/zlinks.id/themes/altum/views/admin/wrapper.php on line 10
[02-Mar-2025 12:16:40 UTC] PHP Warning:  Undefined property: stdClass::$is_enabled in /home/u6583521/public_html/zlinks.id/themes/altum/views/admin/wrapper.php on line 10
[02-Mar-2025 12:16:51 UTC] PHP Warning:  Undefined property: stdClass::$is_enabled in /home/u6583521/public_html/zlinks.id/themes/altum/views/admin/wrapper.php on line 10
[02-Mar-2025 12:17:16 UTC] PHP Warning:  Undefined property: stdClass::$is_enabled in /home/u6583521/public_html/zlinks.id/themes/altum/views/admin/wrapper.php on line 10
[02-Mar-2025 12:36:46 UTC] PHP Warning:  Undefined property: stdClass::$is_enabled in /home/u6583521/public_html/zlinks.id/themes/altum/views/basic_wrapper.php on line 10
[02-Mar-2025 12:56:13 UTC] PHP Warning:  Undefined property: stdClass::$is_enabled in /home/u6583521/public_html/zlinks.id/themes/altum/views/wrapper.php on line 10
[02-Mar-2025 13:19:19 UTC] PHP Warning:  Undefined property: stdClass::$is_enabled in /home/u6583521/public_html/zlinks.id/themes/altum/views/wrapper.php on line 10
[02-Mar-2025 13:23:05 UTC] PHP Warning:  Attempt to read property "settings" on null in /home/u6583521/public_html/zlinks.id/app/controllers/l/Link.php on line 136
[02-Mar-2025 13:23:05 UTC] PHP Warning:  Attempt to read property "opengraph" on null in /home/u6583521/public_html/zlinks.id/app/controllers/l/Link.php on line 136
[02-Mar-2025 13:23:05 UTC] PHP Warning:  Attempt to read property "settings" on null in /home/u6583521/public_html/zlinks.id/themes/altum/views/l/partials/splash.php on line 9
[02-Mar-2025 13:23:05 UTC] PHP Warning:  Attempt to read property "logo" on null in /home/u6583521/public_html/zlinks.id/themes/altum/views/l/partials/splash.php on line 9
[02-Mar-2025 13:23:05 UTC] PHP Warning:  Attempt to read property "settings" on null in /home/u6583521/public_html/zlinks.id/themes/altum/views/l/partials/splash.php on line 24
[02-Mar-2025 13:23:05 UTC] PHP Warning:  Attempt to read property "secondary_button_name" on null in /home/u6583521/public_html/zlinks.id/themes/altum/views/l/partials/splash.php on line 24
[02-Mar-2025 13:23:05 UTC] PHP Warning:  Attempt to read property "settings" on null in /home/u6583521/public_html/zlinks.id/themes/altum/views/l/partials/ads_header_splash.php on line 5
[02-Mar-2025 13:23:05 UTC] PHP Warning:  Attempt to read property "ads_header" on null in /home/u6583521/public_html/zlinks.id/themes/altum/views/l/partials/ads_header_splash.php on line 5
[02-Mar-2025 13:23:05 UTC] PHP Warning:  Attempt to read property "settings" on null in /home/u6583521/public_html/zlinks.id/themes/altum/views/l/partials/ads_footer_splash.php on line 5
[02-Mar-2025 13:23:05 UTC] PHP Warning:  Attempt to read property "ads_footer" on null in /home/u6583521/public_html/zlinks.id/themes/altum/views/l/partials/ads_footer_splash.php on line 5
[02-Mar-2025 13:23:10 UTC] PHP Warning:  Attempt to read property "settings" on null in /home/u6583521/public_html/zlinks.id/app/controllers/l/Link.php on line 136
[02-Mar-2025 13:23:10 UTC] PHP Warning:  Attempt to read property "opengraph" on null in /home/u6583521/public_html/zlinks.id/app/controllers/l/Link.php on line 136
[02-Mar-2025 13:23:10 UTC] PHP Warning:  Attempt to read property "settings" on null in /home/u6583521/public_html/zlinks.id/themes/altum/views/l/partials/splash.php on line 9
[02-Mar-2025 13:23:10 UTC] PHP Warning:  Attempt to read property "logo" on null in /home/u6583521/public_html/zlinks.id/themes/altum/views/l/partials/splash.php on line 9
[02-Mar-2025 13:23:10 UTC] PHP Warning:  Attempt to read property "settings" on null in /home/u6583521/public_html/zlinks.id/themes/altum/views/l/partials/splash.php on line 24
[02-Mar-2025 13:23:10 UTC] PHP Warning:  Attempt to read property "secondary_button_name" on null in /home/u6583521/public_html/zlinks.id/themes/altum/views/l/partials/splash.php on line 24
[02-Mar-2025 13:23:10 UTC] PHP Warning:  Attempt to read property "settings" on null in /home/u6583521/public_html/zlinks.id/themes/altum/views/l/partials/ads_header_splash.php on line 5
[02-Mar-2025 13:23:10 UTC] PHP Warning:  Attempt to read property "ads_header" on null in /home/u6583521/public_html/zlinks.id/themes/altum/views/l/partials/ads_header_splash.php on line 5
[02-Mar-2025 13:23:10 UTC] PHP Warning:  Attempt to read property "settings" on null in /home/u6583521/public_html/zlinks.id/themes/altum/views/l/partials/ads_footer_splash.php on line 5
[02-Mar-2025 13:23:10 UTC] PHP Warning:  Attempt to read property "ads_footer" on null in /home/u6583521/public_html/zlinks.id/themes/altum/views/l/partials/ads_footer_splash.php on line 5
[02-Mar-2025 13:23:15 UTC] PHP Warning:  Undefined property: stdClass::$is_enabled in /home/u6583521/public_html/zlinks.id/themes/altum/views/l/biolink_wrapper.php on line 10
[02-Mar-2025 13:23:21 UTC] PHP Warning:  Undefined property: stdClass::$password in /home/u6583521/public_html/zlinks.id/app/controllers/l/Link.php on line 179
[02-Mar-2025 13:23:21 UTC] PHP Warning:  Undefined property: stdClass::$sensitive_content in /home/u6583521/public_html/zlinks.id/app/controllers/l/Link.php on line 208
[02-Mar-2025 13:23:30 UTC] PHP Warning:  Undefined property: stdClass::$is_enabled in /home/u6583521/public_html/zlinks.id/themes/altum/views/wrapper.php on line 10
[02-Mar-2025 13:35:55 UTC] PHP Warning:  Undefined property: stdClass::$is_enabled in /home/u6583521/public_html/zlinks.id/themes/altum/views/wrapper.php on line 10
[02-Mar-2025 13:43:48 UTC] PHP Warning:  Undefined property: stdClass::$is_enabled in /home/u6583521/public_html/zlinks.id/themes/altum/views/wrapper.php on line 10
[02-Mar-2025 13:45:12 UTC] PHP Warning:  Undefined property: stdClass::$is_enabled in /home/u6583521/public_html/zlinks.id/themes/altum/views/wrapper.php on line 10
[02-Mar-2025 13:55:30 UTC] PHP Warning:  Undefined property: stdClass::$is_enabled in /home/u6583521/public_html/zlinks.id/themes/altum/views/wrapper.php on line 10
[02-Mar-2025 13:55:52 UTC] PHP Warning:  Undefined property: stdClass::$is_enabled in /home/u6583521/public_html/zlinks.id/themes/altum/views/wrapper.php on line 10
[02-Mar-2025 13:57:57 UTC] PHP Warning:  Undefined property: stdClass::$is_enabled in /home/u6583521/public_html/zlinks.id/themes/altum/views/wrapper.php on line 10
[02-Mar-2025 14:35:45 UTC] PHP Warning:  Undefined property: stdClass::$is_enabled in /home/u6583521/public_html/zlinks.id/themes/altum/views/wrapper.php on line 10
[02-Mar-2025 15:20:31 UTC] PHP Warning:  Undefined property: stdClass::$is_enabled in /home/u6583521/public_html/zlinks.id/themes/altum/views/wrapper.php on line 10
[02-Mar-2025 16:00:07 UTC] PHP Warning:  Attempt to read property "settings" on null in /home/u6583521/public_html/zlinks.id/app/controllers/l/Link.php on line 136
[02-Mar-2025 16:00:07 UTC] PHP Warning:  Attempt to read property "opengraph" on null in /home/u6583521/public_html/zlinks.id/app/controllers/l/Link.php on line 136
[02-Mar-2025 16:00:07 UTC] PHP Warning:  Attempt to read property "settings" on null in /home/u6583521/public_html/zlinks.id/themes/altum/views/l/partials/splash.php on line 9
[02-Mar-2025 16:00:07 UTC] PHP Warning:  Attempt to read property "logo" on null in /home/u6583521/public_html/zlinks.id/themes/altum/views/l/partials/splash.php on line 9
[02-Mar-2025 16:00:07 UTC] PHP Warning:  Attempt to read property "settings" on null in /home/u6583521/public_html/zlinks.id/themes/altum/views/l/partials/splash.php on line 24
[02-Mar-2025 16:00:07 UTC] PHP Warning:  Attempt to read property "secondary_button_name" on null in /home/u6583521/public_html/zlinks.id/themes/altum/views/l/partials/splash.php on line 24
[02-Mar-2025 16:00:07 UTC] PHP Warning:  Attempt to read property "settings" on null in /home/u6583521/public_html/zlinks.id/themes/altum/views/l/partials/ads_header_splash.php on line 5
[02-Mar-2025 16:00:07 UTC] PHP Warning:  Attempt to read property "ads_header" on null in /home/u6583521/public_html/zlinks.id/themes/altum/views/l/partials/ads_header_splash.php on line 5
[02-Mar-2025 16:00:07 UTC] PHP Warning:  Attempt to read property "settings" on null in /home/u6583521/public_html/zlinks.id/themes/altum/views/l/partials/ads_footer_splash.php on line 5
[02-Mar-2025 16:00:07 UTC] PHP Warning:  Attempt to read property "ads_footer" on null in /home/u6583521/public_html/zlinks.id/themes/altum/views/l/partials/ads_footer_splash.php on line 5
[02-Mar-2025 16:00:12 UTC] PHP Warning:  Undefined property: stdClass::$is_enabled in /home/u6583521/public_html/zlinks.id/themes/altum/views/l/biolink_wrapper.php on line 10
[02-Mar-2025 16:00:15 UTC] PHP Warning:  Undefined property: stdClass::$password in /home/u6583521/public_html/zlinks.id/app/controllers/l/Link.php on line 179
[02-Mar-2025 16:00:15 UTC] PHP Warning:  Undefined property: stdClass::$sensitive_content in /home/u6583521/public_html/zlinks.id/app/controllers/l/Link.php on line 208
[02-Mar-2025 16:05:04 UTC] PHP Warning:  Undefined property: stdClass::$is_enabled in /home/u6583521/public_html/zlinks.id/themes/altum/views/wrapper.php on line 10
[02-Mar-2025 16:35:39 UTC] PHP Warning:  Undefined property: stdClass::$is_enabled in /home/u6583521/public_html/zlinks.id/themes/altum/views/wrapper.php on line 10
[02-Mar-2025 16:44:31 UTC] PHP Warning:  Undefined property: stdClass::$is_enabled in /home/u6583521/public_html/zlinks.id/themes/altum/views/wrapper.php on line 10
[02-Mar-2025 17:00:58 UTC] PHP Warning:  Undefined property: stdClass::$is_enabled in /home/u6583521/public_html/zlinks.id/themes/altum/views/wrapper.php on line 10
[02-Mar-2025 17:02:49 UTC] PHP Warning:  Undefined property: stdClass::$is_enabled in /home/u6583521/public_html/zlinks.id/themes/altum/views/wrapper.php on line 10
[02-Mar-2025 17:52:26 UTC] PHP Warning:  Undefined property: stdClass::$is_enabled in /home/u6583521/public_html/zlinks.id/themes/altum/views/wrapper.php on line 10
[02-Mar-2025 18:23:26 UTC] PHP Warning:  Undefined property: stdClass::$is_enabled in /home/u6583521/public_html/zlinks.id/themes/altum/views/wrapper.php on line 10
[02-Mar-2025 18:35:53 UTC] PHP Warning:  Undefined property: stdClass::$is_enabled in /home/u6583521/public_html/zlinks.id/themes/altum/views/wrapper.php on line 10
[02-Mar-2025 18:36:03 UTC] PHP Warning:  Undefined property: stdClass::$is_enabled in /home/u6583521/public_html/zlinks.id/themes/altum/views/basic_wrapper.php on line 10
[02-Mar-2025 18:36:05 UTC] PHP Warning:  Undefined array key "is_newsletter_subscribed" in /home/u6583521/public_html/zlinks.id/app/controllers/Register.php on line 50
[02-Mar-2025 18:36:05 UTC] PHP Warning:  Undefined property: stdClass::$is_enabled in /home/u6583521/public_html/zlinks.id/themes/altum/views/basic_wrapper.php on line 10
[02-Mar-2025 18:45:50 UTC] PHP Warning:  Undefined property: stdClass::$is_enabled in /home/u6583521/public_html/zlinks.id/themes/altum/views/basic_wrapper.php on line 10
[02-Mar-2025 18:45:51 UTC] PHP Warning:  Undefined property: stdClass::$is_enabled in /home/u6583521/public_html/zlinks.id/themes/altum/views/basic_wrapper.php on line 10
[02-Mar-2025 18:45:53 UTC] PHP Warning:  Undefined array key "is_newsletter_subscribed" in /home/u6583521/public_html/zlinks.id/app/controllers/Register.php on line 50
[02-Mar-2025 18:45:53 UTC] PHP Warning:  Undefined property: stdClass::$is_enabled in /home/u6583521/public_html/zlinks.id/themes/altum/views/basic_wrapper.php on line 10
[02-Mar-2025 18:55:06 UTC] PHP Warning:  Undefined property: stdClass::$is_enabled in /home/u6583521/public_html/zlinks.id/themes/altum/views/wrapper.php on line 10
[02-Mar-2025 19:27:31 UTC] PHP Warning:  Undefined property: stdClass::$is_enabled in /home/u6583521/public_html/zlinks.id/themes/altum/views/wrapper.php on line 10
[02-Mar-2025 19:32:58 UTC] PHP Warning:  Undefined property: stdClass::$is_enabled in /home/u6583521/public_html/zlinks.id/themes/altum/views/wrapper.php on line 10
[02-Mar-2025 20:02:14 UTC] PHP Warning:  Undefined property: stdClass::$is_enabled in /home/u6583521/public_html/zlinks.id/themes/altum/views/wrapper.php on line 10
[02-Mar-2025 20:19:11 UTC] PHP Warning:  Undefined property: stdClass::$is_enabled in /home/u6583521/public_html/zlinks.id/themes/altum/views/wrapper.php on line 10
[02-Mar-2025 20:19:11 UTC] PHP Warning:  Undefined property: stdClass::$is_enabled in /home/u6583521/public_html/zlinks.id/themes/altum/views/wrapper.php on line 10
[02-Mar-2025 20:19:11 UTC] PHP Warning:  Undefined property: stdClass::$is_enabled in /home/u6583521/public_html/zlinks.id/themes/altum/views/wrapper.php on line 10
[02-Mar-2025 20:19:11 UTC] PHP Warning:  Undefined property: stdClass::$is_enabled in /home/u6583521/public_html/zlinks.id/themes/altum/views/wrapper.php on line 10
[02-Mar-2025 20:19:11 UTC] PHP Warning:  Undefined property: stdClass::$is_enabled in /home/u6583521/public_html/zlinks.id/themes/altum/views/wrapper.php on line 10
[02-Mar-2025 20:19:11 UTC] PHP Warning:  Undefined property: stdClass::$is_enabled in /home/u6583521/public_html/zlinks.id/themes/altum/views/wrapper.php on line 10
[02-Mar-2025 20:19:12 UTC] PHP Warning:  Undefined property: stdClass::$is_enabled in /home/u6583521/public_html/zlinks.id/themes/altum/views/wrapper.php on line 10
[02-Mar-2025 20:19:12 UTC] PHP Warning:  Undefined property: stdClass::$is_enabled in /home/u6583521/public_html/zlinks.id/themes/altum/views/wrapper.php on line 10
[02-Mar-2025 20:22:54 UTC] PHP Warning:  Undefined property: stdClass::$is_enabled in /home/u6583521/public_html/zlinks.id/themes/altum/views/wrapper.php on line 10
[02-Mar-2025 20:22:59 UTC] PHP Warning:  Undefined property: stdClass::$is_enabled in /home/u6583521/public_html/zlinks.id/themes/altum/views/basic_wrapper.php on line 10
[02-Mar-2025 20:23:01 UTC] PHP Warning:  Undefined array key "is_newsletter_subscribed" in /home/u6583521/public_html/zlinks.id/app/controllers/Register.php on line 50
[02-Mar-2025 20:23:01 UTC] PHP Warning:  Undefined property: stdClass::$is_enabled in /home/u6583521/public_html/zlinks.id/themes/altum/views/basic_wrapper.php on line 10
[02-Mar-2025 20:25:27 UTC] PHP Warning:  Undefined property: stdClass::$is_enabled in /home/u6583521/public_html/zlinks.id/themes/altum/views/wrapper.php on line 10
[02-Mar-2025 20:33:52 UTC] PHP Warning:  Attempt to read property "settings" on null in /home/u6583521/public_html/zlinks.id/app/controllers/l/Link.php on line 136
[02-Mar-2025 20:33:52 UTC] PHP Warning:  Attempt to read property "opengraph" on null in /home/u6583521/public_html/zlinks.id/app/controllers/l/Link.php on line 136
[02-Mar-2025 20:33:52 UTC] PHP Warning:  Attempt to read property "settings" on null in /home/u6583521/public_html/zlinks.id/themes/altum/views/l/partials/splash.php on line 9
[02-Mar-2025 20:33:52 UTC] PHP Warning:  Attempt to read property "logo" on null in /home/u6583521/public_html/zlinks.id/themes/altum/views/l/partials/splash.php on line 9
[02-Mar-2025 20:33:52 UTC] PHP Warning:  Attempt to read property "settings" on null in /home/u6583521/public_html/zlinks.id/themes/altum/views/l/partials/splash.php on line 24
[02-Mar-2025 20:33:52 UTC] PHP Warning:  Attempt to read property "secondary_button_name" on null in /home/u6583521/public_html/zlinks.id/themes/altum/views/l/partials/splash.php on line 24
[02-Mar-2025 20:33:52 UTC] PHP Warning:  Attempt to read property "settings" on null in /home/u6583521/public_html/zlinks.id/themes/altum/views/l/partials/ads_header_splash.php on line 5
[02-Mar-2025 20:33:52 UTC] PHP Warning:  Attempt to read property "ads_header" on null in /home/u6583521/public_html/zlinks.id/themes/altum/views/l/partials/ads_header_splash.php on line 5
[02-Mar-2025 20:33:52 UTC] PHP Warning:  Attempt to read property "settings" on null in /home/u6583521/public_html/zlinks.id/themes/altum/views/l/partials/ads_footer_splash.php on line 5
[02-Mar-2025 20:33:52 UTC] PHP Warning:  Attempt to read property "ads_footer" on null in /home/u6583521/public_html/zlinks.id/themes/altum/views/l/partials/ads_footer_splash.php on line 5
[02-Mar-2025 20:46:11 UTC] PHP Warning:  Undefined property: stdClass::$is_enabled in /home/u6583521/public_html/zlinks.id/themes/altum/views/wrapper.php on line 10
[02-Mar-2025 21:03:53 UTC] PHP Warning:  Undefined property: stdClass::$is_enabled in /home/u6583521/public_html/zlinks.id/themes/altum/views/wrapper.php on line 10
[02-Mar-2025 21:07:19 UTC] PHP Warning:  Undefined property: stdClass::$is_enabled in /home/u6583521/public_html/zlinks.id/themes/altum/views/wrapper.php on line 10
[02-Mar-2025 21:17:29 UTC] PHP Warning:  Undefined property: stdClass::$is_enabled in /home/u6583521/public_html/zlinks.id/themes/altum/views/wrapper.php on line 10
[02-Mar-2025 21:21:22 UTC] PHP Warning:  Undefined property: stdClass::$is_enabled in /home/u6583521/public_html/zlinks.id/themes/altum/views/basic_wrapper.php on line 10
[02-Mar-2025 21:21:23 UTC] PHP Warning:  Undefined property: stdClass::$is_enabled in /home/u6583521/public_html/zlinks.id/themes/altum/views/basic_wrapper.php on line 10
[02-Mar-2025 21:21:26 UTC] PHP Warning:  Undefined array key "is_newsletter_subscribed" in /home/u6583521/public_html/zlinks.id/app/controllers/Register.php on line 50
[02-Mar-2025 21:21:26 UTC] PHP Warning:  Undefined property: stdClass::$is_enabled in /home/u6583521/public_html/zlinks.id/themes/altum/views/basic_wrapper.php on line 10
[02-Mar-2025 21:28:17 UTC] PHP Warning:  Undefined property: stdClass::$is_enabled in /home/u6583521/public_html/zlinks.id/themes/altum/views/wrapper.php on line 10
[02-Mar-2025 21:49:08 UTC] PHP Warning:  Undefined property: stdClass::$is_enabled in /home/u6583521/public_html/zlinks.id/themes/altum/views/wrapper.php on line 10
[02-Mar-2025 21:51:19 UTC] PHP Warning:  Undefined property: stdClass::$is_enabled in /home/u6583521/public_html/zlinks.id/themes/altum/views/wrapper.php on line 10
[02-Mar-2025 21:56:24 UTC] PHP Warning:  Undefined property: stdClass::$is_enabled in /home/u6583521/public_html/zlinks.id/themes/altum/views/wrapper.php on line 10
[02-Mar-2025 22:04:59 UTC] PHP Warning:  Undefined property: stdClass::$is_enabled in /home/u6583521/public_html/zlinks.id/themes/altum/views/wrapper.php on line 10
[02-Mar-2025 22:15:57 UTC] PHP Warning:  Attempt to read property "settings" on null in /home/u6583521/public_html/zlinks.id/app/controllers/l/Link.php on line 136
[02-Mar-2025 22:15:57 UTC] PHP Warning:  Attempt to read property "opengraph" on null in /home/u6583521/public_html/zlinks.id/app/controllers/l/Link.php on line 136
[02-Mar-2025 22:15:57 UTC] PHP Warning:  Attempt to read property "settings" on null in /home/u6583521/public_html/zlinks.id/themes/altum/views/l/partials/splash.php on line 9
[02-Mar-2025 22:15:57 UTC] PHP Warning:  Attempt to read property "logo" on null in /home/u6583521/public_html/zlinks.id/themes/altum/views/l/partials/splash.php on line 9
[02-Mar-2025 22:15:57 UTC] PHP Warning:  Attempt to read property "settings" on null in /home/u6583521/public_html/zlinks.id/themes/altum/views/l/partials/splash.php on line 24
[02-Mar-2025 22:15:57 UTC] PHP Warning:  Attempt to read property "secondary_button_name" on null in /home/u6583521/public_html/zlinks.id/themes/altum/views/l/partials/splash.php on line 24
[02-Mar-2025 22:15:57 UTC] PHP Warning:  Attempt to read property "settings" on null in /home/u6583521/public_html/zlinks.id/themes/altum/views/l/partials/ads_header_splash.php on line 5
[02-Mar-2025 22:15:57 UTC] PHP Warning:  Attempt to read property "ads_header" on null in /home/u6583521/public_html/zlinks.id/themes/altum/views/l/partials/ads_header_splash.php on line 5
[02-Mar-2025 22:15:57 UTC] PHP Warning:  Attempt to read property "settings" on null in /home/u6583521/public_html/zlinks.id/themes/altum/views/l/partials/ads_footer_splash.php on line 5
[02-Mar-2025 22:15:57 UTC] PHP Warning:  Attempt to read property "ads_footer" on null in /home/u6583521/public_html/zlinks.id/themes/altum/views/l/partials/ads_footer_splash.php on line 5
[02-Mar-2025 22:20:56 UTC] PHP Warning:  Undefined property: stdClass::$is_enabled in /home/u6583521/public_html/zlinks.id/themes/altum/views/wrapper.php on line 10
[02-Mar-2025 22:37:18 UTC] PHP Warning:  Undefined property: stdClass::$is_enabled in /home/u6583521/public_html/zlinks.id/themes/altum/views/wrapper.php on line 10
[02-Mar-2025 22:46:14 UTC] PHP Warning:  Undefined property: stdClass::$is_enabled in /home/u6583521/public_html/zlinks.id/themes/altum/views/wrapper.php on line 10
[02-Mar-2025 22:51:29 UTC] PHP Warning:  Undefined property: stdClass::$is_enabled in /home/u6583521/public_html/zlinks.id/themes/altum/views/wrapper.php on line 10
[02-Mar-2025 22:53:07 UTC] PHP Warning:  Undefined property: stdClass::$is_enabled in /home/u6583521/public_html/zlinks.id/themes/altum/views/wrapper.php on line 10
[02-Mar-2025 23:09:02 UTC] PHP Warning:  Undefined property: stdClass::$is_enabled in /home/u6583521/public_html/zlinks.id/themes/altum/views/wrapper.php on line 10
[02-Mar-2025 23:15:33 UTC] PHP Warning:  Undefined property: stdClass::$is_enabled in /home/u6583521/public_html/zlinks.id/themes/altum/views/wrapper.php on line 10
[02-Mar-2025 23:15:44 UTC] PHP Warning:  Undefined property: stdClass::$is_enabled in /home/u6583521/public_html/zlinks.id/themes/altum/views/wrapper.php on line 10
[02-Mar-2025 23:15:44 UTC] PHP Warning:  Undefined property: stdClass::$is_enabled in /home/u6583521/public_html/zlinks.id/themes/altum/views/wrapper.php on line 10
[02-Mar-2025 23:20:17 UTC] PHP Warning:  Attempt to read property "settings" on null in /home/u6583521/public_html/zlinks.id/app/controllers/l/Link.php on line 136
[02-Mar-2025 23:20:17 UTC] PHP Warning:  Attempt to read property "opengraph" on null in /home/u6583521/public_html/zlinks.id/app/controllers/l/Link.php on line 136
[02-Mar-2025 23:20:17 UTC] PHP Warning:  Attempt to read property "settings" on null in /home/u6583521/public_html/zlinks.id/themes/altum/views/l/partials/splash.php on line 9
[02-Mar-2025 23:20:17 UTC] PHP Warning:  Attempt to read property "logo" on null in /home/u6583521/public_html/zlinks.id/themes/altum/views/l/partials/splash.php on line 9
[02-Mar-2025 23:20:17 UTC] PHP Warning:  Attempt to read property "settings" on null in /home/u6583521/public_html/zlinks.id/themes/altum/views/l/partials/splash.php on line 24
[02-Mar-2025 23:20:17 UTC] PHP Warning:  Attempt to read property "secondary_button_name" on null in /home/u6583521/public_html/zlinks.id/themes/altum/views/l/partials/splash.php on line 24
[02-Mar-2025 23:20:17 UTC] PHP Warning:  Attempt to read property "settings" on null in /home/u6583521/public_html/zlinks.id/themes/altum/views/l/partials/ads_header_splash.php on line 5
[02-Mar-2025 23:20:17 UTC] PHP Warning:  Attempt to read property "ads_header" on null in /home/u6583521/public_html/zlinks.id/themes/altum/views/l/partials/ads_header_splash.php on line 5
[02-Mar-2025 23:20:17 UTC] PHP Warning:  Attempt to read property "settings" on null in /home/u6583521/public_html/zlinks.id/themes/altum/views/l/partials/ads_footer_splash.php on line 5
[02-Mar-2025 23:20:17 UTC] PHP Warning:  Attempt to read property "ads_footer" on null in /home/u6583521/public_html/zlinks.id/themes/altum/views/l/partials/ads_footer_splash.php on line 5
[02-Mar-2025 23:20:20 UTC] PHP Warning:  Undefined property: stdClass::$is_enabled in /home/u6583521/public_html/zlinks.id/themes/altum/views/wrapper.php on line 10
[02-Mar-2025 23:20:22 UTC] PHP Warning:  Attempt to read property "settings" on null in /home/u6583521/public_html/zlinks.id/app/controllers/l/Link.php on line 136
[02-Mar-2025 23:20:22 UTC] PHP Warning:  Attempt to read property "opengraph" on null in /home/u6583521/public_html/zlinks.id/app/controllers/l/Link.php on line 136
[02-Mar-2025 23:20:22 UTC] PHP Warning:  Attempt to read property "settings" on null in /home/u6583521/public_html/zlinks.id/themes/altum/views/l/partials/splash.php on line 9
[02-Mar-2025 23:20:22 UTC] PHP Warning:  Attempt to read property "logo" on null in /home/u6583521/public_html/zlinks.id/themes/altum/views/l/partials/splash.php on line 9
[02-Mar-2025 23:20:22 UTC] PHP Warning:  Attempt to read property "settings" on null in /home/u6583521/public_html/zlinks.id/themes/altum/views/l/partials/splash.php on line 24
[02-Mar-2025 23:20:22 UTC] PHP Warning:  Attempt to read property "secondary_button_name" on null in /home/u6583521/public_html/zlinks.id/themes/altum/views/l/partials/splash.php on line 24
[02-Mar-2025 23:20:22 UTC] PHP Warning:  Attempt to read property "settings" on null in /home/u6583521/public_html/zlinks.id/themes/altum/views/l/partials/ads_header_splash.php on line 5
[02-Mar-2025 23:20:22 UTC] PHP Warning:  Attempt to read property "ads_header" on null in /home/u6583521/public_html/zlinks.id/themes/altum/views/l/partials/ads_header_splash.php on line 5
[02-Mar-2025 23:20:22 UTC] PHP Warning:  Attempt to read property "settings" on null in /home/u6583521/public_html/zlinks.id/themes/altum/views/l/partials/ads_footer_splash.php on line 5
[02-Mar-2025 23:20:22 UTC] PHP Warning:  Attempt to read property "ads_footer" on null in /home/u6583521/public_html/zlinks.id/themes/altum/views/l/partials/ads_footer_splash.php on line 5
[02-Mar-2025 23:20:27 UTC] PHP Warning:  Undefined property: stdClass::$is_enabled in /home/u6583521/public_html/zlinks.id/themes/altum/views/l/biolink_wrapper.php on line 10
[02-Mar-2025 23:20:41 UTC] PHP Warning:  Undefined property: stdClass::$force_splash_page_on_image in /home/u6583521/public_html/zlinks.id/app/controllers/l/Link.php on line 113
[02-Mar-2025 23:20:41 UTC] PHP Warning:  Undefined property: stdClass::$splash_page_id in /home/u6583521/public_html/zlinks.id/app/controllers/l/Link.php on line 114
[02-Mar-2025 23:20:41 UTC] PHP Warning:  Undefined property: stdClass::$password in /home/u6583521/public_html/zlinks.id/app/controllers/l/Link.php on line 179
[02-Mar-2025 23:20:41 UTC] PHP Warning:  Undefined property: stdClass::$sensitive_content in /home/u6583521/public_html/zlinks.id/app/controllers/l/Link.php on line 208
[02-Mar-2025 23:25:33 UTC] PHP Warning:  Undefined property: stdClass::$is_enabled in /home/u6583521/public_html/zlinks.id/themes/altum/views/wrapper.php on line 10
[02-Mar-2025 23:34:26 UTC] PHP Warning:  Undefined property: stdClass::$is_enabled in /home/u6583521/public_html/zlinks.id/themes/altum/views/wrapper.php on line 10
[02-Mar-2025 23:45:11 UTC] PHP Warning:  Undefined property: stdClass::$is_enabled in /home/u6583521/public_html/zlinks.id/themes/altum/views/wrapper.php on line 10
[02-Mar-2025 23:45:52 UTC] PHP Warning:  Undefined property: stdClass::$is_enabled in /home/u6583521/public_html/zlinks.id/themes/altum/views/wrapper.php on line 10
