[10-Jan-2025 00:08:10 UTC] PHP Warning:  Undefined property: stdClass::$is_enabled in /home/u6583521/public_html/zlinks.id/themes/altum/views/wrapper.php on line 10
[10-Jan-2025 00:17:21 UTC] PHP Warning:  Undefined property: stdClass::$is_enabled in /home/u6583521/public_html/zlinks.id/themes/altum/views/basic_wrapper.php on line 10
[10-Jan-2025 00:32:51 UTC] PHP Warning:  Undefined property: stdClass::$is_enabled in /home/u6583521/public_html/zlinks.id/themes/altum/views/wrapper.php on line 10
[10-Jan-2025 00:32:54 UTC] PHP Warning:  Undefined property: stdClass::$is_enabled in /home/u6583521/public_html/zlinks.id/themes/altum/views/wrapper.php on line 10
[10-Jan-2025 00:34:51 UTC] PHP Warning:  Undefined property: stdClass::$is_enabled in /home/u6583521/public_html/zlinks.id/themes/altum/views/wrapper.php on line 10
[10-Jan-2025 01:09:17 UTC] PHP Warning:  Undefined property: stdClass::$is_enabled in /home/u6583521/public_html/zlinks.id/themes/altum/views/wrapper.php on line 10
[10-Jan-2025 01:33:51 UTC] PHP Warning:  Undefined property: stdClass::$is_enabled in /home/u6583521/public_html/zlinks.id/themes/altum/views/wrapper.php on line 10
[10-Jan-2025 02:35:10 UTC] PHP Warning:  Undefined property: stdClass::$is_enabled in /home/u6583521/public_html/zlinks.id/themes/altum/views/l/biolink_wrapper.php on line 10
[10-Jan-2025 03:09:31 UTC] PHP Warning:  Undefined property: stdClass::$is_enabled in /home/u6583521/public_html/zlinks.id/themes/altum/views/wrapper.php on line 10
[10-Jan-2025 03:12:22 UTC] PHP Warning:  Undefined property: stdClass::$is_enabled in /home/u6583521/public_html/zlinks.id/themes/altum/views/wrapper.php on line 10
[10-Jan-2025 03:51:52 UTC] PHP Warning:  Undefined property: stdClass::$is_enabled in /home/u6583521/public_html/zlinks.id/themes/altum/views/l/biolink_wrapper.php on line 10
[10-Jan-2025 03:51:53 UTC] PHP Warning:  Undefined property: stdClass::$is_enabled in /home/u6583521/public_html/zlinks.id/themes/altum/views/l/biolink_wrapper.php on line 10
[10-Jan-2025 03:51:56 UTC] PHP Warning:  Undefined property: stdClass::$is_enabled in /home/u6583521/public_html/zlinks.id/themes/altum/views/l/biolink_wrapper.php on line 10
[10-Jan-2025 03:52:00 UTC] PHP Warning:  Undefined property: stdClass::$is_enabled in /home/u6583521/public_html/zlinks.id/themes/altum/views/l/biolink_wrapper.php on line 10
[10-Jan-2025 03:52:01 UTC] PHP Warning:  Undefined property: stdClass::$is_enabled in /home/u6583521/public_html/zlinks.id/themes/altum/views/l/biolink_wrapper.php on line 10
[10-Jan-2025 03:52:08 UTC] PHP Warning:  Undefined property: stdClass::$is_enabled in /home/u6583521/public_html/zlinks.id/themes/altum/views/wrapper.php on line 10
[10-Jan-2025 04:17:38 UTC] PHP Warning:  Undefined property: stdClass::$is_enabled in /home/u6583521/public_html/zlinks.id/themes/altum/views/wrapper.php on line 10
[10-Jan-2025 05:56:15 UTC] PHP Warning:  Undefined property: stdClass::$is_enabled in /home/u6583521/public_html/zlinks.id/themes/altum/views/wrapper.php on line 10
[10-Jan-2025 06:24:55 UTC] PHP Warning:  Undefined property: stdClass::$is_enabled in /home/u6583521/public_html/zlinks.id/themes/altum/views/wrapper.php on line 10
[10-Jan-2025 06:44:37 UTC] PHP Warning:  Undefined property: stdClass::$is_enabled in /home/u6583521/public_html/zlinks.id/themes/altum/views/wrapper.php on line 10
[10-Jan-2025 07:07:04 UTC] PHP Warning:  Undefined property: stdClass::$is_enabled in /home/u6583521/public_html/zlinks.id/themes/altum/views/wrapper.php on line 10
[10-Jan-2025 07:21:55 UTC] PHP Warning:  Undefined property: stdClass::$is_enabled in /home/u6583521/public_html/zlinks.id/themes/altum/views/wrapper.php on line 10
[10-Jan-2025 07:30:39 UTC] PHP Warning:  Undefined property: stdClass::$is_enabled in /home/u6583521/public_html/zlinks.id/themes/altum/views/wrapper.php on line 10
[10-Jan-2025 08:21:01 UTC] PHP Warning:  Undefined property: stdClass::$is_enabled in /home/u6583521/public_html/zlinks.id/themes/altum/views/wrapper.php on line 10
[10-Jan-2025 08:34:57 UTC] PHP Warning:  Undefined property: stdClass::$is_enabled in /home/u6583521/public_html/zlinks.id/themes/altum/views/wrapper.php on line 10
[10-Jan-2025 08:35:02 UTC] PHP Warning:  Undefined property: stdClass::$is_enabled in /home/u6583521/public_html/zlinks.id/themes/altum/views/wrapper.php on line 10
[10-Jan-2025 08:35:03 UTC] PHP Warning:  Undefined property: stdClass::$is_enabled in /home/u6583521/public_html/zlinks.id/themes/altum/views/wrapper.php on line 10
[10-Jan-2025 08:35:03 UTC] PHP Warning:  Undefined property: stdClass::$is_enabled in /home/u6583521/public_html/zlinks.id/themes/altum/views/wrapper.php on line 10
[10-Jan-2025 08:35:04 UTC] PHP Warning:  Undefined property: stdClass::$is_enabled in /home/u6583521/public_html/zlinks.id/themes/altum/views/wrapper.php on line 10
[10-Jan-2025 08:35:04 UTC] PHP Warning:  Undefined property: stdClass::$is_enabled in /home/u6583521/public_html/zlinks.id/themes/altum/views/wrapper.php on line 10
[10-Jan-2025 08:35:05 UTC] PHP Warning:  Undefined property: stdClass::$is_enabled in /home/u6583521/public_html/zlinks.id/themes/altum/views/wrapper.php on line 10
[10-Jan-2025 08:35:06 UTC] PHP Warning:  Undefined property: stdClass::$is_enabled in /home/u6583521/public_html/zlinks.id/themes/altum/views/wrapper.php on line 10
[10-Jan-2025 08:35:06 UTC] PHP Warning:  Undefined property: stdClass::$is_enabled in /home/u6583521/public_html/zlinks.id/themes/altum/views/wrapper.php on line 10
[10-Jan-2025 08:35:07 UTC] PHP Warning:  Undefined property: stdClass::$is_enabled in /home/u6583521/public_html/zlinks.id/themes/altum/views/wrapper.php on line 10
[10-Jan-2025 08:35:07 UTC] PHP Warning:  Undefined property: stdClass::$is_enabled in /home/u6583521/public_html/zlinks.id/themes/altum/views/wrapper.php on line 10
[10-Jan-2025 08:35:08 UTC] PHP Warning:  Undefined property: stdClass::$is_enabled in /home/u6583521/public_html/zlinks.id/themes/altum/views/wrapper.php on line 10
[10-Jan-2025 08:35:09 UTC] PHP Warning:  Undefined property: stdClass::$is_enabled in /home/u6583521/public_html/zlinks.id/themes/altum/views/wrapper.php on line 10
[10-Jan-2025 08:35:11 UTC] PHP Warning:  Undefined property: stdClass::$is_enabled in /home/u6583521/public_html/zlinks.id/themes/altum/views/wrapper.php on line 10
[10-Jan-2025 08:35:11 UTC] PHP Warning:  Undefined property: stdClass::$is_enabled in /home/u6583521/public_html/zlinks.id/themes/altum/views/wrapper.php on line 10
[10-Jan-2025 08:35:12 UTC] PHP Warning:  Undefined property: stdClass::$is_enabled in /home/u6583521/public_html/zlinks.id/themes/altum/views/wrapper.php on line 10
[10-Jan-2025 08:35:12 UTC] PHP Warning:  Undefined property: stdClass::$is_enabled in /home/u6583521/public_html/zlinks.id/themes/altum/views/wrapper.php on line 10
[10-Jan-2025 08:35:13 UTC] PHP Warning:  Undefined property: stdClass::$is_enabled in /home/u6583521/public_html/zlinks.id/themes/altum/views/wrapper.php on line 10
[10-Jan-2025 08:52:28 UTC] PHP Warning:  Undefined property: stdClass::$is_enabled in /home/u6583521/public_html/zlinks.id/themes/altum/views/wrapper.php on line 10
[10-Jan-2025 08:52:34 UTC] PHP Warning:  Undefined property: stdClass::$is_enabled in /home/u6583521/public_html/zlinks.id/themes/altum/views/wrapper.php on line 10
[10-Jan-2025 11:01:28 UTC] PHP Warning:  Undefined property: stdClass::$is_enabled in /home/u6583521/public_html/zlinks.id/themes/altum/views/wrapper.php on line 10
[10-Jan-2025 12:30:25 UTC] PHP Warning:  Undefined property: stdClass::$is_enabled in /home/u6583521/public_html/zlinks.id/themes/altum/views/wrapper.php on line 10
[10-Jan-2025 13:02:17 UTC] PHP Warning:  Undefined property: stdClass::$is_enabled in /home/u6583521/public_html/zlinks.id/themes/altum/views/wrapper.php on line 10
[10-Jan-2025 13:31:48 UTC] PHP Warning:  Undefined property: stdClass::$is_enabled in /home/u6583521/public_html/zlinks.id/themes/altum/views/wrapper.php on line 10
[10-Jan-2025 13:32:03 UTC] PHP Warning:  Undefined property: stdClass::$is_enabled in /home/u6583521/public_html/zlinks.id/themes/altum/views/wrapper.php on line 10
[10-Jan-2025 13:37:03 UTC] PHP Warning:  Undefined property: stdClass::$is_enabled in /home/u6583521/public_html/zlinks.id/themes/altum/views/wrapper.php on line 10
[10-Jan-2025 13:37:03 UTC] PHP Warning:  Undefined property: stdClass::$is_enabled in /home/u6583521/public_html/zlinks.id/themes/altum/views/wrapper.php on line 10
[10-Jan-2025 13:37:03 UTC] PHP Warning:  Undefined property: stdClass::$is_enabled in /home/u6583521/public_html/zlinks.id/themes/altum/views/wrapper.php on line 10
[10-Jan-2025 13:37:04 UTC] PHP Warning:  Undefined property: stdClass::$is_enabled in /home/u6583521/public_html/zlinks.id/themes/altum/views/wrapper.php on line 10
[10-Jan-2025 13:37:04 UTC] PHP Warning:  Undefined property: stdClass::$is_enabled in /home/u6583521/public_html/zlinks.id/themes/altum/views/wrapper.php on line 10
[10-Jan-2025 13:37:04 UTC] PHP Warning:  Undefined property: stdClass::$is_enabled in /home/u6583521/public_html/zlinks.id/themes/altum/views/wrapper.php on line 10
[10-Jan-2025 13:37:04 UTC] PHP Warning:  Undefined property: stdClass::$is_enabled in /home/u6583521/public_html/zlinks.id/themes/altum/views/wrapper.php on line 10
[10-Jan-2025 13:37:04 UTC] PHP Warning:  Undefined property: stdClass::$is_enabled in /home/u6583521/public_html/zlinks.id/themes/altum/views/wrapper.php on line 10
[10-Jan-2025 13:37:04 UTC] PHP Warning:  Undefined property: stdClass::$is_enabled in /home/u6583521/public_html/zlinks.id/themes/altum/views/wrapper.php on line 10
[10-Jan-2025 13:37:05 UTC] PHP Warning:  Undefined property: stdClass::$is_enabled in /home/u6583521/public_html/zlinks.id/themes/altum/views/wrapper.php on line 10
[10-Jan-2025 13:37:05 UTC] PHP Warning:  Undefined property: stdClass::$is_enabled in /home/u6583521/public_html/zlinks.id/themes/altum/views/wrapper.php on line 10
[10-Jan-2025 13:37:05 UTC] PHP Warning:  Undefined property: stdClass::$is_enabled in /home/u6583521/public_html/zlinks.id/themes/altum/views/wrapper.php on line 10
[10-Jan-2025 13:37:05 UTC] PHP Warning:  Undefined property: stdClass::$is_enabled in /home/u6583521/public_html/zlinks.id/themes/altum/views/wrapper.php on line 10
[10-Jan-2025 13:37:05 UTC] PHP Warning:  Undefined property: stdClass::$is_enabled in /home/u6583521/public_html/zlinks.id/themes/altum/views/wrapper.php on line 10
[10-Jan-2025 13:37:05 UTC] PHP Warning:  Undefined property: stdClass::$is_enabled in /home/u6583521/public_html/zlinks.id/themes/altum/views/wrapper.php on line 10
[10-Jan-2025 13:37:06 UTC] PHP Warning:  Undefined property: stdClass::$is_enabled in /home/u6583521/public_html/zlinks.id/themes/altum/views/wrapper.php on line 10
[10-Jan-2025 13:37:06 UTC] PHP Warning:  Undefined property: stdClass::$is_enabled in /home/u6583521/public_html/zlinks.id/themes/altum/views/wrapper.php on line 10
[10-Jan-2025 13:37:06 UTC] PHP Warning:  Undefined property: stdClass::$is_enabled in /home/u6583521/public_html/zlinks.id/themes/altum/views/wrapper.php on line 10
[10-Jan-2025 13:37:06 UTC] PHP Warning:  Undefined property: stdClass::$is_enabled in /home/u6583521/public_html/zlinks.id/themes/altum/views/wrapper.php on line 10
[10-Jan-2025 13:37:06 UTC] PHP Warning:  Undefined property: stdClass::$is_enabled in /home/u6583521/public_html/zlinks.id/themes/altum/views/wrapper.php on line 10
[10-Jan-2025 13:37:06 UTC] PHP Warning:  Undefined property: stdClass::$is_enabled in /home/u6583521/public_html/zlinks.id/themes/altum/views/wrapper.php on line 10
[10-Jan-2025 13:37:07 UTC] PHP Warning:  Undefined property: stdClass::$is_enabled in /home/u6583521/public_html/zlinks.id/themes/altum/views/wrapper.php on line 10
[10-Jan-2025 13:37:07 UTC] PHP Warning:  Undefined property: stdClass::$is_enabled in /home/u6583521/public_html/zlinks.id/themes/altum/views/wrapper.php on line 10
[10-Jan-2025 13:37:08 UTC] PHP Warning:  Undefined property: stdClass::$is_enabled in /home/u6583521/public_html/zlinks.id/themes/altum/views/wrapper.php on line 10
[10-Jan-2025 13:37:08 UTC] PHP Warning:  Undefined property: stdClass::$is_enabled in /home/u6583521/public_html/zlinks.id/themes/altum/views/wrapper.php on line 10
[10-Jan-2025 13:37:08 UTC] PHP Warning:  Undefined property: stdClass::$is_enabled in /home/u6583521/public_html/zlinks.id/themes/altum/views/wrapper.php on line 10
[10-Jan-2025 13:37:08 UTC] PHP Warning:  Undefined property: stdClass::$is_enabled in /home/u6583521/public_html/zlinks.id/themes/altum/views/wrapper.php on line 10
[10-Jan-2025 13:37:08 UTC] PHP Warning:  Undefined property: stdClass::$is_enabled in /home/u6583521/public_html/zlinks.id/themes/altum/views/wrapper.php on line 10
[10-Jan-2025 13:37:09 UTC] PHP Warning:  Undefined property: stdClass::$is_enabled in /home/u6583521/public_html/zlinks.id/themes/altum/views/wrapper.php on line 10
[10-Jan-2025 13:37:09 UTC] PHP Warning:  Undefined property: stdClass::$is_enabled in /home/u6583521/public_html/zlinks.id/themes/altum/views/wrapper.php on line 10
[10-Jan-2025 13:37:09 UTC] PHP Warning:  Undefined property: stdClass::$is_enabled in /home/u6583521/public_html/zlinks.id/themes/altum/views/wrapper.php on line 10
[10-Jan-2025 13:37:09 UTC] PHP Warning:  Undefined property: stdClass::$is_enabled in /home/u6583521/public_html/zlinks.id/themes/altum/views/wrapper.php on line 10
[10-Jan-2025 13:37:09 UTC] PHP Warning:  Undefined property: stdClass::$is_enabled in /home/u6583521/public_html/zlinks.id/themes/altum/views/wrapper.php on line 10
[10-Jan-2025 13:37:09 UTC] PHP Warning:  Undefined property: stdClass::$is_enabled in /home/u6583521/public_html/zlinks.id/themes/altum/views/wrapper.php on line 10
[10-Jan-2025 13:37:10 UTC] PHP Warning:  Undefined property: stdClass::$is_enabled in /home/u6583521/public_html/zlinks.id/themes/altum/views/wrapper.php on line 10
[10-Jan-2025 13:37:10 UTC] PHP Warning:  Undefined property: stdClass::$is_enabled in /home/u6583521/public_html/zlinks.id/themes/altum/views/wrapper.php on line 10
[10-Jan-2025 13:37:10 UTC] PHP Warning:  Undefined property: stdClass::$is_enabled in /home/u6583521/public_html/zlinks.id/themes/altum/views/wrapper.php on line 10
[10-Jan-2025 13:37:11 UTC] PHP Warning:  Undefined property: stdClass::$is_enabled in /home/u6583521/public_html/zlinks.id/themes/altum/views/wrapper.php on line 10
[10-Jan-2025 13:37:11 UTC] PHP Warning:  Undefined property: stdClass::$is_enabled in /home/u6583521/public_html/zlinks.id/themes/altum/views/wrapper.php on line 10
[10-Jan-2025 13:37:11 UTC] PHP Warning:  Undefined property: stdClass::$is_enabled in /home/u6583521/public_html/zlinks.id/themes/altum/views/wrapper.php on line 10
[10-Jan-2025 13:37:11 UTC] PHP Warning:  Undefined property: stdClass::$is_enabled in /home/u6583521/public_html/zlinks.id/themes/altum/views/wrapper.php on line 10
[10-Jan-2025 13:37:11 UTC] PHP Warning:  Undefined property: stdClass::$is_enabled in /home/u6583521/public_html/zlinks.id/themes/altum/views/wrapper.php on line 10
[10-Jan-2025 13:37:12 UTC] PHP Warning:  Undefined property: stdClass::$is_enabled in /home/u6583521/public_html/zlinks.id/themes/altum/views/wrapper.php on line 10
[10-Jan-2025 13:37:12 UTC] PHP Warning:  Undefined property: stdClass::$is_enabled in /home/u6583521/public_html/zlinks.id/themes/altum/views/wrapper.php on line 10
[10-Jan-2025 13:37:12 UTC] PHP Warning:  Undefined property: stdClass::$is_enabled in /home/u6583521/public_html/zlinks.id/themes/altum/views/wrapper.php on line 10
[10-Jan-2025 13:37:12 UTC] PHP Warning:  Undefined property: stdClass::$is_enabled in /home/u6583521/public_html/zlinks.id/themes/altum/views/wrapper.php on line 10
[10-Jan-2025 13:37:13 UTC] PHP Warning:  Undefined property: stdClass::$is_enabled in /home/u6583521/public_html/zlinks.id/themes/altum/views/wrapper.php on line 10
[10-Jan-2025 13:37:13 UTC] PHP Warning:  Undefined property: stdClass::$is_enabled in /home/u6583521/public_html/zlinks.id/themes/altum/views/wrapper.php on line 10
[10-Jan-2025 13:37:13 UTC] PHP Warning:  Undefined property: stdClass::$is_enabled in /home/u6583521/public_html/zlinks.id/themes/altum/views/wrapper.php on line 10
[10-Jan-2025 13:37:13 UTC] PHP Warning:  Undefined property: stdClass::$is_enabled in /home/u6583521/public_html/zlinks.id/themes/altum/views/wrapper.php on line 10
[10-Jan-2025 13:37:13 UTC] PHP Warning:  Undefined property: stdClass::$is_enabled in /home/u6583521/public_html/zlinks.id/themes/altum/views/wrapper.php on line 10
[10-Jan-2025 13:37:14 UTC] PHP Warning:  Undefined property: stdClass::$is_enabled in /home/u6583521/public_html/zlinks.id/themes/altum/views/wrapper.php on line 10
[10-Jan-2025 13:37:14 UTC] PHP Warning:  Undefined property: stdClass::$is_enabled in /home/u6583521/public_html/zlinks.id/themes/altum/views/wrapper.php on line 10
[10-Jan-2025 13:37:14 UTC] PHP Warning:  Undefined property: stdClass::$is_enabled in /home/u6583521/public_html/zlinks.id/themes/altum/views/wrapper.php on line 10
[10-Jan-2025 13:37:14 UTC] PHP Warning:  Undefined property: stdClass::$is_enabled in /home/u6583521/public_html/zlinks.id/themes/altum/views/wrapper.php on line 10
[10-Jan-2025 13:37:14 UTC] PHP Warning:  Undefined property: stdClass::$is_enabled in /home/u6583521/public_html/zlinks.id/themes/altum/views/wrapper.php on line 10
[10-Jan-2025 13:37:15 UTC] PHP Warning:  Undefined property: stdClass::$is_enabled in /home/u6583521/public_html/zlinks.id/themes/altum/views/wrapper.php on line 10
[10-Jan-2025 13:37:15 UTC] PHP Warning:  Undefined property: stdClass::$is_enabled in /home/u6583521/public_html/zlinks.id/themes/altum/views/wrapper.php on line 10
[10-Jan-2025 13:37:15 UTC] PHP Warning:  Undefined property: stdClass::$is_enabled in /home/u6583521/public_html/zlinks.id/themes/altum/views/wrapper.php on line 10
[10-Jan-2025 13:37:15 UTC] PHP Warning:  Undefined property: stdClass::$is_enabled in /home/u6583521/public_html/zlinks.id/themes/altum/views/wrapper.php on line 10
[10-Jan-2025 13:37:15 UTC] PHP Warning:  Undefined property: stdClass::$is_enabled in /home/u6583521/public_html/zlinks.id/themes/altum/views/wrapper.php on line 10
[10-Jan-2025 13:37:16 UTC] PHP Warning:  Undefined property: stdClass::$is_enabled in /home/u6583521/public_html/zlinks.id/themes/altum/views/wrapper.php on line 10
[10-Jan-2025 13:37:16 UTC] PHP Warning:  Undefined property: stdClass::$is_enabled in /home/u6583521/public_html/zlinks.id/themes/altum/views/wrapper.php on line 10
[10-Jan-2025 13:37:16 UTC] PHP Warning:  Undefined property: stdClass::$is_enabled in /home/u6583521/public_html/zlinks.id/themes/altum/views/wrapper.php on line 10
[10-Jan-2025 13:37:16 UTC] PHP Warning:  Undefined property: stdClass::$is_enabled in /home/u6583521/public_html/zlinks.id/themes/altum/views/wrapper.php on line 10
[10-Jan-2025 13:37:16 UTC] PHP Warning:  Undefined property: stdClass::$is_enabled in /home/u6583521/public_html/zlinks.id/themes/altum/views/wrapper.php on line 10
[10-Jan-2025 13:37:17 UTC] PHP Warning:  Undefined property: stdClass::$is_enabled in /home/u6583521/public_html/zlinks.id/themes/altum/views/wrapper.php on line 10
[10-Jan-2025 13:37:17 UTC] PHP Warning:  Undefined property: stdClass::$is_enabled in /home/u6583521/public_html/zlinks.id/themes/altum/views/wrapper.php on line 10
[10-Jan-2025 13:37:17 UTC] PHP Warning:  Undefined property: stdClass::$is_enabled in /home/u6583521/public_html/zlinks.id/themes/altum/views/wrapper.php on line 10
[10-Jan-2025 13:37:17 UTC] PHP Warning:  Undefined property: stdClass::$is_enabled in /home/u6583521/public_html/zlinks.id/themes/altum/views/wrapper.php on line 10
[10-Jan-2025 13:37:18 UTC] PHP Warning:  Undefined property: stdClass::$is_enabled in /home/u6583521/public_html/zlinks.id/themes/altum/views/wrapper.php on line 10
[10-Jan-2025 13:37:18 UTC] PHP Warning:  Undefined property: stdClass::$is_enabled in /home/u6583521/public_html/zlinks.id/themes/altum/views/wrapper.php on line 10
[10-Jan-2025 13:37:18 UTC] PHP Warning:  Undefined property: stdClass::$is_enabled in /home/u6583521/public_html/zlinks.id/themes/altum/views/wrapper.php on line 10
[10-Jan-2025 13:37:18 UTC] PHP Warning:  Undefined property: stdClass::$is_enabled in /home/u6583521/public_html/zlinks.id/themes/altum/views/wrapper.php on line 10
[10-Jan-2025 13:37:18 UTC] PHP Warning:  Undefined property: stdClass::$is_enabled in /home/u6583521/public_html/zlinks.id/themes/altum/views/wrapper.php on line 10
[10-Jan-2025 13:37:19 UTC] PHP Warning:  Undefined property: stdClass::$is_enabled in /home/u6583521/public_html/zlinks.id/themes/altum/views/wrapper.php on line 10
[10-Jan-2025 13:37:19 UTC] PHP Warning:  Undefined property: stdClass::$is_enabled in /home/u6583521/public_html/zlinks.id/themes/altum/views/wrapper.php on line 10
[10-Jan-2025 13:37:19 UTC] PHP Warning:  Undefined property: stdClass::$is_enabled in /home/u6583521/public_html/zlinks.id/themes/altum/views/wrapper.php on line 10
[10-Jan-2025 13:37:19 UTC] PHP Warning:  Undefined property: stdClass::$is_enabled in /home/u6583521/public_html/zlinks.id/themes/altum/views/wrapper.php on line 10
[10-Jan-2025 13:37:20 UTC] PHP Warning:  Undefined property: stdClass::$is_enabled in /home/u6583521/public_html/zlinks.id/themes/altum/views/wrapper.php on line 10
[10-Jan-2025 13:37:20 UTC] PHP Warning:  Undefined property: stdClass::$is_enabled in /home/u6583521/public_html/zlinks.id/themes/altum/views/wrapper.php on line 10
[10-Jan-2025 13:37:20 UTC] PHP Warning:  Undefined property: stdClass::$is_enabled in /home/u6583521/public_html/zlinks.id/themes/altum/views/wrapper.php on line 10
[10-Jan-2025 13:37:20 UTC] PHP Warning:  Undefined property: stdClass::$is_enabled in /home/u6583521/public_html/zlinks.id/themes/altum/views/wrapper.php on line 10
[10-Jan-2025 13:37:20 UTC] PHP Warning:  Undefined property: stdClass::$is_enabled in /home/u6583521/public_html/zlinks.id/themes/altum/views/wrapper.php on line 10
[10-Jan-2025 13:37:21 UTC] PHP Warning:  Undefined property: stdClass::$is_enabled in /home/u6583521/public_html/zlinks.id/themes/altum/views/wrapper.php on line 10
[10-Jan-2025 13:37:21 UTC] PHP Warning:  Undefined property: stdClass::$is_enabled in /home/u6583521/public_html/zlinks.id/themes/altum/views/wrapper.php on line 10
[10-Jan-2025 13:37:21 UTC] PHP Warning:  Undefined property: stdClass::$is_enabled in /home/u6583521/public_html/zlinks.id/themes/altum/views/wrapper.php on line 10
[10-Jan-2025 13:37:21 UTC] PHP Warning:  Undefined property: stdClass::$is_enabled in /home/u6583521/public_html/zlinks.id/themes/altum/views/wrapper.php on line 10
[10-Jan-2025 13:37:22 UTC] PHP Warning:  Undefined property: stdClass::$is_enabled in /home/u6583521/public_html/zlinks.id/themes/altum/views/wrapper.php on line 10
[10-Jan-2025 13:37:22 UTC] PHP Warning:  Undefined property: stdClass::$is_enabled in /home/u6583521/public_html/zlinks.id/themes/altum/views/wrapper.php on line 10
[10-Jan-2025 13:37:22 UTC] PHP Warning:  Undefined property: stdClass::$is_enabled in /home/u6583521/public_html/zlinks.id/themes/altum/views/wrapper.php on line 10
[10-Jan-2025 13:37:22 UTC] PHP Warning:  Undefined property: stdClass::$is_enabled in /home/u6583521/public_html/zlinks.id/themes/altum/views/wrapper.php on line 10
[10-Jan-2025 13:47:19 UTC] PHP Warning:  Undefined property: stdClass::$is_enabled in /home/u6583521/public_html/zlinks.id/themes/altum/views/wrapper.php on line 10
[10-Jan-2025 14:20:40 UTC] PHP Warning:  Undefined property: stdClass::$is_enabled in /home/u6583521/public_html/zlinks.id/themes/altum/views/wrapper.php on line 10
[10-Jan-2025 14:20:41 UTC] PHP Warning:  Undefined property: stdClass::$is_enabled in /home/u6583521/public_html/zlinks.id/themes/altum/views/wrapper.php on line 10
[10-Jan-2025 14:20:43 UTC] PHP Warning:  Undefined property: stdClass::$is_enabled in /home/u6583521/public_html/zlinks.id/themes/altum/views/wrapper.php on line 10
[10-Jan-2025 14:20:46 UTC] PHP Warning:  Undefined property: stdClass::$is_enabled in /home/u6583521/public_html/zlinks.id/themes/altum/views/wrapper.php on line 10
[10-Jan-2025 14:20:48 UTC] PHP Warning:  Undefined property: stdClass::$is_enabled in /home/u6583521/public_html/zlinks.id/themes/altum/views/wrapper.php on line 10
[10-Jan-2025 14:20:50 UTC] PHP Warning:  Undefined property: stdClass::$is_enabled in /home/u6583521/public_html/zlinks.id/themes/altum/views/wrapper.php on line 10
[10-Jan-2025 14:20:55 UTC] PHP Warning:  Undefined property: stdClass::$is_enabled in /home/u6583521/public_html/zlinks.id/themes/altum/views/wrapper.php on line 10
[10-Jan-2025 14:20:58 UTC] PHP Warning:  Undefined property: stdClass::$is_enabled in /home/u6583521/public_html/zlinks.id/themes/altum/views/wrapper.php on line 10
[10-Jan-2025 14:21:24 UTC] PHP Warning:  Undefined property: stdClass::$is_enabled in /home/u6583521/public_html/zlinks.id/themes/altum/views/wrapper.php on line 10
[10-Jan-2025 14:21:30 UTC] PHP Warning:  Undefined property: stdClass::$is_enabled in /home/u6583521/public_html/zlinks.id/themes/altum/views/wrapper.php on line 10
[10-Jan-2025 14:21:38 UTC] PHP Warning:  Undefined property: stdClass::$is_enabled in /home/u6583521/public_html/zlinks.id/themes/altum/views/wrapper.php on line 10
[10-Jan-2025 14:21:44 UTC] PHP Warning:  Undefined property: stdClass::$is_enabled in /home/u6583521/public_html/zlinks.id/themes/altum/views/wrapper.php on line 10
[10-Jan-2025 14:21:46 UTC] PHP Warning:  Undefined property: stdClass::$is_enabled in /home/u6583521/public_html/zlinks.id/themes/altum/views/wrapper.php on line 10
[10-Jan-2025 14:21:51 UTC] PHP Warning:  Undefined property: stdClass::$is_enabled in /home/u6583521/public_html/zlinks.id/themes/altum/views/wrapper.php on line 10
[10-Jan-2025 14:21:53 UTC] PHP Warning:  Undefined property: stdClass::$is_enabled in /home/u6583521/public_html/zlinks.id/themes/altum/views/wrapper.php on line 10
[10-Jan-2025 14:21:55 UTC] PHP Warning:  Undefined property: stdClass::$is_enabled in /home/u6583521/public_html/zlinks.id/themes/altum/views/wrapper.php on line 10
[10-Jan-2025 14:25:05 UTC] PHP Warning:  Undefined property: stdClass::$is_enabled in /home/u6583521/public_html/zlinks.id/themes/altum/views/wrapper.php on line 10
[10-Jan-2025 14:25:07 UTC] PHP Warning:  Undefined property: stdClass::$is_enabled in /home/u6583521/public_html/zlinks.id/themes/altum/views/wrapper.php on line 10
[10-Jan-2025 14:25:11 UTC] PHP Warning:  Undefined property: stdClass::$is_enabled in /home/u6583521/public_html/zlinks.id/themes/altum/views/wrapper.php on line 10
[10-Jan-2025 14:25:14 UTC] PHP Warning:  Undefined property: stdClass::$is_enabled in /home/u6583521/public_html/zlinks.id/themes/altum/views/wrapper.php on line 10
[10-Jan-2025 14:25:16 UTC] PHP Warning:  Undefined property: stdClass::$is_enabled in /home/u6583521/public_html/zlinks.id/themes/altum/views/wrapper.php on line 10
[10-Jan-2025 14:25:20 UTC] PHP Warning:  Undefined property: stdClass::$is_enabled in /home/u6583521/public_html/zlinks.id/themes/altum/views/wrapper.php on line 10
[10-Jan-2025 14:25:21 UTC] PHP Warning:  Undefined property: stdClass::$is_enabled in /home/u6583521/public_html/zlinks.id/themes/altum/views/wrapper.php on line 10
[10-Jan-2025 14:25:25 UTC] PHP Warning:  Undefined property: stdClass::$is_enabled in /home/u6583521/public_html/zlinks.id/themes/altum/views/wrapper.php on line 10
[10-Jan-2025 14:43:18 UTC] PHP Warning:  Undefined property: stdClass::$is_enabled in /home/u6583521/public_html/zlinks.id/themes/altum/views/wrapper.php on line 10
[10-Jan-2025 14:43:25 UTC] PHP Warning:  Undefined property: stdClass::$is_enabled in /home/u6583521/public_html/zlinks.id/themes/altum/views/wrapper.php on line 10
[10-Jan-2025 14:43:29 UTC] PHP Warning:  Undefined property: stdClass::$is_enabled in /home/u6583521/public_html/zlinks.id/themes/altum/views/wrapper.php on line 10
[10-Jan-2025 14:43:37 UTC] PHP Warning:  Undefined property: stdClass::$is_enabled in /home/u6583521/public_html/zlinks.id/themes/altum/views/wrapper.php on line 10
[10-Jan-2025 14:43:48 UTC] PHP Warning:  Undefined property: stdClass::$is_enabled in /home/u6583521/public_html/zlinks.id/themes/altum/views/wrapper.php on line 10
[10-Jan-2025 14:43:52 UTC] PHP Warning:  Undefined property: stdClass::$is_enabled in /home/u6583521/public_html/zlinks.id/themes/altum/views/wrapper.php on line 10
[10-Jan-2025 14:43:54 UTC] PHP Warning:  Undefined property: stdClass::$is_enabled in /home/u6583521/public_html/zlinks.id/themes/altum/views/wrapper.php on line 10
[10-Jan-2025 15:13:42 UTC] PHP Warning:  Undefined property: stdClass::$is_enabled in /home/u6583521/public_html/zlinks.id/themes/altum/views/l/biolink_wrapper.php on line 10
[10-Jan-2025 16:30:57 UTC] PHP Warning:  Undefined property: stdClass::$is_enabled in /home/u6583521/public_html/zlinks.id/themes/altum/views/wrapper.php on line 10
[10-Jan-2025 17:19:38 UTC] PHP Warning:  Undefined property: stdClass::$is_enabled in /home/u6583521/public_html/zlinks.id/themes/altum/views/wrapper.php on line 10
[10-Jan-2025 17:40:41 UTC] PHP Warning:  Undefined property: stdClass::$is_enabled in /home/u6583521/public_html/zlinks.id/themes/altum/views/partials/internal_notifications_js.php on line 7
[10-Jan-2025 17:40:41 UTC] PHP Warning:  Undefined property: stdClass::$is_enabled in /home/u6583521/public_html/zlinks.id/themes/altum/views/wrapper.php on line 10
[10-Jan-2025 17:40:42 UTC] PHP Warning:  Undefined property: stdClass::$is_enabled in /home/u6583521/public_html/zlinks.id/themes/altum/views/partials/internal_notifications_js.php on line 7
[10-Jan-2025 17:40:42 UTC] PHP Warning:  Undefined property: stdClass::$is_enabled in /home/u6583521/public_html/zlinks.id/themes/altum/views/wrapper.php on line 10
[10-Jan-2025 17:40:42 UTC] PHP Warning:  Undefined property: stdClass::$is_enabled in /home/u6583521/public_html/zlinks.id/themes/altum/views/partials/internal_notifications_js.php on line 7
[10-Jan-2025 17:40:42 UTC] PHP Warning:  Undefined property: stdClass::$is_enabled in /home/u6583521/public_html/zlinks.id/themes/altum/views/wrapper.php on line 10
[10-Jan-2025 17:40:45 UTC] PHP Warning:  Undefined property: stdClass::$is_enabled in /home/u6583521/public_html/zlinks.id/themes/altum/views/wrapper.php on line 10
[10-Jan-2025 17:40:45 UTC] PHP Warning:  Undefined property: stdClass::$is_enabled in /home/u6583521/public_html/zlinks.id/themes/altum/views/wrapper.php on line 10
[10-Jan-2025 17:40:46 UTC] PHP Warning:  Undefined property: stdClass::$is_enabled in /home/u6583521/public_html/zlinks.id/themes/altum/views/wrapper.php on line 10
[10-Jan-2025 17:40:48 UTC] PHP Warning:  Undefined property: stdClass::$is_enabled in /home/u6583521/public_html/zlinks.id/themes/altum/views/basic_wrapper.php on line 10
[10-Jan-2025 17:41:02 UTC] PHP Warning:  Undefined property: stdClass::$domains in /home/u6583521/public_html/zlinks.id/themes/altum/views/links/links_content.php on line 167
[10-Jan-2025 17:41:02 UTC] PHP Warning:  foreach() argument must be of type array|object, null given in /home/u6583521/public_html/zlinks.id/themes/altum/views/links/links_content.php on line 167
[10-Jan-2025 17:41:02 UTC] PHP Warning:  Undefined property: stdClass::$is_enabled in /home/u6583521/public_html/zlinks.id/themes/altum/views/partials/internal_notifications_js.php on line 7
[10-Jan-2025 17:41:02 UTC] PHP Warning:  Undefined property: stdClass::$is_enabled in /home/u6583521/public_html/zlinks.id/themes/altum/views/app_wrapper.php on line 10
[10-Jan-2025 17:41:03 UTC] PHP Warning:  Undefined property: stdClass::$is_enabled in /home/u6583521/public_html/zlinks.id/themes/altum/views/partials/internal_notifications_js.php on line 7
[10-Jan-2025 17:41:03 UTC] PHP Warning:  Undefined property: stdClass::$is_enabled in /home/u6583521/public_html/zlinks.id/themes/altum/views/wrapper.php on line 10
[10-Jan-2025 17:41:05 UTC] PHP Warning:  Undefined property: stdClass::$is_enabled in /home/u6583521/public_html/zlinks.id/themes/altum/views/partials/internal_notifications_js.php on line 7
[10-Jan-2025 17:41:05 UTC] PHP Warning:  Undefined property: stdClass::$is_enabled in /home/u6583521/public_html/zlinks.id/themes/altum/views/app_wrapper.php on line 10
[10-Jan-2025 17:41:06 UTC] PHP Warning:  Undefined property: stdClass::$is_enabled in /home/u6583521/public_html/zlinks.id/themes/altum/views/partials/internal_notifications_js.php on line 7
[10-Jan-2025 17:41:06 UTC] PHP Warning:  Undefined property: stdClass::$is_enabled in /home/u6583521/public_html/zlinks.id/themes/altum/views/wrapper.php on line 10
[10-Jan-2025 17:41:10 UTC] PHP Warning:  Undefined property: stdClass::$is_enabled in /home/u6583521/public_html/zlinks.id/themes/altum/views/partials/internal_notifications_js.php on line 7
[10-Jan-2025 17:41:10 UTC] PHP Warning:  Undefined property: stdClass::$is_enabled in /home/u6583521/public_html/zlinks.id/themes/altum/views/app_wrapper.php on line 10
[10-Jan-2025 17:41:11 UTC] PHP Warning:  Undefined property: stdClass::$is_enabled in /home/u6583521/public_html/zlinks.id/themes/altum/views/l/biolink_wrapper.php on line 10
[10-Jan-2025 17:41:12 UTC] PHP Warning:  Undefined property: stdClass::$is_enabled in /home/u6583521/public_html/zlinks.id/themes/altum/views/partials/internal_notifications_js.php on line 7
[10-Jan-2025 17:41:12 UTC] PHP Warning:  Undefined property: stdClass::$is_enabled in /home/u6583521/public_html/zlinks.id/themes/altum/views/wrapper.php on line 10
[10-Jan-2025 17:42:37 UTC] PHP Warning:  Undefined property: stdClass::$is_enabled in /home/u6583521/public_html/zlinks.id/themes/altum/views/l/biolink_wrapper.php on line 10
[10-Jan-2025 17:42:40 UTC] PHP Warning:  Undefined property: stdClass::$force_splash_page_on_pdf_document in /home/u6583521/public_html/zlinks.id/app/controllers/l/Link.php on line 113
[10-Jan-2025 17:42:40 UTC] PHP Warning:  Undefined property: stdClass::$splash_page_id in /home/u6583521/public_html/zlinks.id/app/controllers/l/Link.php on line 114
[10-Jan-2025 17:42:40 UTC] PHP Warning:  Undefined property: stdClass::$password in /home/u6583521/public_html/zlinks.id/app/controllers/l/Link.php on line 179
[10-Jan-2025 17:42:40 UTC] PHP Warning:  Undefined property: stdClass::$sensitive_content in /home/u6583521/public_html/zlinks.id/app/controllers/l/Link.php on line 208
[10-Jan-2025 17:42:45 UTC] PHP Warning:  Undefined property: stdClass::$force_splash_page_on_pdf_document in /home/u6583521/public_html/zlinks.id/app/controllers/l/Link.php on line 113
[10-Jan-2025 17:42:45 UTC] PHP Warning:  Undefined property: stdClass::$splash_page_id in /home/u6583521/public_html/zlinks.id/app/controllers/l/Link.php on line 114
[10-Jan-2025 17:42:45 UTC] PHP Warning:  Undefined property: stdClass::$password in /home/u6583521/public_html/zlinks.id/app/controllers/l/Link.php on line 179
[10-Jan-2025 17:42:45 UTC] PHP Warning:  Undefined property: stdClass::$sensitive_content in /home/u6583521/public_html/zlinks.id/app/controllers/l/Link.php on line 208
[10-Jan-2025 17:43:29 UTC] PHP Warning:  Undefined property: stdClass::$is_enabled in /home/u6583521/public_html/zlinks.id/themes/altum/views/wrapper.php on line 10
[10-Jan-2025 17:43:30 UTC] PHP Warning:  Undefined property: stdClass::$is_enabled in /home/u6583521/public_html/zlinks.id/themes/altum/views/wrapper.php on line 10
[10-Jan-2025 17:43:30 UTC] PHP Warning:  Undefined property: stdClass::$is_enabled in /home/u6583521/public_html/zlinks.id/themes/altum/views/wrapper.php on line 10
[10-Jan-2025 17:43:57 UTC] PHP Warning:  Undefined property: stdClass::$is_enabled in /home/u6583521/public_html/zlinks.id/themes/altum/views/basic_wrapper.php on line 10
[10-Jan-2025 17:44:10 UTC] PHP Warning:  Undefined property: stdClass::$domains in /home/u6583521/public_html/zlinks.id/themes/altum/views/links/links_content.php on line 167
[10-Jan-2025 17:44:10 UTC] PHP Warning:  foreach() argument must be of type array|object, null given in /home/u6583521/public_html/zlinks.id/themes/altum/views/links/links_content.php on line 167
[10-Jan-2025 17:44:10 UTC] PHP Warning:  Undefined property: stdClass::$is_enabled in /home/u6583521/public_html/zlinks.id/themes/altum/views/partials/internal_notifications_js.php on line 7
[10-Jan-2025 17:44:10 UTC] PHP Warning:  Undefined property: stdClass::$is_enabled in /home/u6583521/public_html/zlinks.id/themes/altum/views/app_wrapper.php on line 10
[10-Jan-2025 17:44:10 UTC] PHP Warning:  Undefined property: stdClass::$is_enabled in /home/u6583521/public_html/zlinks.id/themes/altum/views/partials/internal_notifications_js.php on line 7
[10-Jan-2025 17:44:10 UTC] PHP Warning:  Undefined property: stdClass::$is_enabled in /home/u6583521/public_html/zlinks.id/themes/altum/views/wrapper.php on line 10
[10-Jan-2025 17:44:16 UTC] PHP Warning:  Undefined property: stdClass::$is_enabled in /home/u6583521/public_html/zlinks.id/themes/altum/views/admin/wrapper.php on line 10
[10-Jan-2025 17:44:16 UTC] PHP Warning:  Undefined property: stdClass::$is_enabled in /home/u6583521/public_html/zlinks.id/themes/altum/views/partials/internal_notifications_js.php on line 7
[10-Jan-2025 17:44:16 UTC] PHP Warning:  Undefined property: stdClass::$is_enabled in /home/u6583521/public_html/zlinks.id/themes/altum/views/wrapper.php on line 10
[10-Jan-2025 17:44:24 UTC] PHP Warning:  Undefined property: stdClass::$is_enabled in /home/u6583521/public_html/zlinks.id/themes/altum/views/admin/wrapper.php on line 10
[10-Jan-2025 17:44:49 UTC] PHP Warning:  Undefined property: stdClass::$is_enabled in /home/u6583521/public_html/zlinks.id/themes/altum/views/admin/wrapper.php on line 10
[10-Jan-2025 17:44:53 UTC] PHP Warning:  Undefined property: stdClass::$is_enabled in /home/u6583521/public_html/zlinks.id/themes/altum/views/admin/wrapper.php on line 10
[10-Jan-2025 17:45:00 UTC] PHP Warning:  Undefined property: stdClass::$is_enabled in /home/u6583521/public_html/zlinks.id/themes/altum/views/admin/wrapper.php on line 10
[10-Jan-2025 17:45:29 UTC] PHP Warning:  Undefined property: stdClass::$is_enabled in /home/u6583521/public_html/zlinks.id/themes/altum/views/admin/wrapper.php on line 10
[10-Jan-2025 17:45:48 UTC] PHP Warning:  Undefined property: stdClass::$is_enabled in /home/u6583521/public_html/zlinks.id/themes/altum/views/admin/wrapper.php on line 10
[10-Jan-2025 17:45:54 UTC] PHP Warning:  Undefined property: stdClass::$is_enabled in /home/u6583521/public_html/zlinks.id/themes/altum/views/admin/wrapper.php on line 10
[10-Jan-2025 17:45:56 UTC] PHP Warning:  Undefined property: stdClass::$is_enabled in /home/u6583521/public_html/zlinks.id/themes/altum/views/admin/wrapper.php on line 10
[10-Jan-2025 17:46:52 UTC] PHP Warning:  Undefined property: stdClass::$is_enabled in /home/u6583521/public_html/zlinks.id/themes/altum/views/admin/wrapper.php on line 10
[10-Jan-2025 18:39:26 UTC] PHP Warning:  Undefined property: stdClass::$is_enabled in /home/u6583521/public_html/zlinks.id/themes/altum/views/wrapper.php on line 10
[10-Jan-2025 18:39:28 UTC] PHP Warning:  Undefined property: stdClass::$is_enabled in /home/u6583521/public_html/zlinks.id/themes/altum/views/wrapper.php on line 10
[10-Jan-2025 18:39:30 UTC] PHP Warning:  Undefined property: stdClass::$is_enabled in /home/u6583521/public_html/zlinks.id/themes/altum/views/wrapper.php on line 10
[10-Jan-2025 18:39:35 UTC] PHP Warning:  Undefined property: stdClass::$is_enabled in /home/u6583521/public_html/zlinks.id/themes/altum/views/wrapper.php on line 10
[10-Jan-2025 18:39:36 UTC] PHP Warning:  Undefined property: stdClass::$is_enabled in /home/u6583521/public_html/zlinks.id/themes/altum/views/wrapper.php on line 10
[10-Jan-2025 18:39:38 UTC] PHP Warning:  Undefined property: stdClass::$is_enabled in /home/u6583521/public_html/zlinks.id/themes/altum/views/wrapper.php on line 10
[10-Jan-2025 18:39:40 UTC] PHP Warning:  Undefined property: stdClass::$is_enabled in /home/u6583521/public_html/zlinks.id/themes/altum/views/wrapper.php on line 10
[10-Jan-2025 18:39:42 UTC] PHP Warning:  Undefined property: stdClass::$is_enabled in /home/u6583521/public_html/zlinks.id/themes/altum/views/wrapper.php on line 10
[10-Jan-2025 18:39:43 UTC] PHP Warning:  Undefined property: stdClass::$is_enabled in /home/u6583521/public_html/zlinks.id/themes/altum/views/wrapper.php on line 10
[10-Jan-2025 18:39:45 UTC] PHP Warning:  Undefined property: stdClass::$is_enabled in /home/u6583521/public_html/zlinks.id/themes/altum/views/wrapper.php on line 10
[10-Jan-2025 18:39:48 UTC] PHP Warning:  Undefined property: stdClass::$is_enabled in /home/u6583521/public_html/zlinks.id/themes/altum/views/wrapper.php on line 10
[10-Jan-2025 18:39:50 UTC] PHP Warning:  Undefined property: stdClass::$is_enabled in /home/u6583521/public_html/zlinks.id/themes/altum/views/wrapper.php on line 10
[10-Jan-2025 18:39:54 UTC] PHP Warning:  Undefined property: stdClass::$is_enabled in /home/u6583521/public_html/zlinks.id/themes/altum/views/wrapper.php on line 10
[10-Jan-2025 18:39:56 UTC] PHP Warning:  Undefined property: stdClass::$is_enabled in /home/u6583521/public_html/zlinks.id/themes/altum/views/wrapper.php on line 10
[10-Jan-2025 18:39:59 UTC] PHP Warning:  Undefined property: stdClass::$is_enabled in /home/u6583521/public_html/zlinks.id/themes/altum/views/wrapper.php on line 10
[10-Jan-2025 18:40:02 UTC] PHP Warning:  Undefined property: stdClass::$is_enabled in /home/u6583521/public_html/zlinks.id/themes/altum/views/wrapper.php on line 10
[10-Jan-2025 18:40:04 UTC] PHP Warning:  Undefined property: stdClass::$is_enabled in /home/u6583521/public_html/zlinks.id/themes/altum/views/wrapper.php on line 10
[10-Jan-2025 19:38:55 UTC] PHP Warning:  Undefined property: stdClass::$is_enabled in /home/u6583521/public_html/zlinks.id/themes/altum/views/wrapper.php on line 10
[10-Jan-2025 20:01:06 UTC] PHP Warning:  Undefined property: stdClass::$is_enabled in /home/u6583521/public_html/zlinks.id/themes/altum/views/wrapper.php on line 10
[10-Jan-2025 20:27:28 UTC] PHP Warning:  Undefined property: stdClass::$is_enabled in /home/u6583521/public_html/zlinks.id/themes/altum/views/wrapper.php on line 10
[10-Jan-2025 21:10:54 UTC] PHP Warning:  Undefined property: stdClass::$is_enabled in /home/u6583521/public_html/zlinks.id/themes/altum/views/wrapper.php on line 10
[10-Jan-2025 21:38:33 UTC] PHP Warning:  Undefined property: stdClass::$is_enabled in /home/u6583521/public_html/zlinks.id/themes/altum/views/wrapper.php on line 10
[10-Jan-2025 21:44:02 UTC] PHP Warning:  Undefined property: stdClass::$is_enabled in /home/u6583521/public_html/zlinks.id/themes/altum/views/l/biolink_wrapper.php on line 10
[10-Jan-2025 22:22:44 UTC] PHP Warning:  Undefined property: stdClass::$is_enabled in /home/u6583521/public_html/zlinks.id/themes/altum/views/wrapper.php on line 10
[10-Jan-2025 22:53:58 UTC] PHP Warning:  Undefined property: stdClass::$is_enabled in /home/u6583521/public_html/zlinks.id/themes/altum/views/wrapper.php on line 10
[10-Jan-2025 22:54:04 UTC] PHP Warning:  Undefined property: stdClass::$is_enabled in /home/u6583521/public_html/zlinks.id/themes/altum/views/wrapper.php on line 10
