[09-Jun-2025 00:03:19 UTC] PHP Warning:  Attempt to read property "type" on null in /home/u6583521/public_html/zlinks.id/themes/altum/views/partials/footer.php on line 100
[09-Jun-2025 00:03:24 UTC] PHP Warning:  Undefined array key "is_newsletter_subscribed" in /home/u6583521/public_html/zlinks.id/app/controllers/Register.php on line 61
[09-Jun-2025 00:26:22 UTC] PHP Warning:  Undefined property: stdClass::$last_submissions_is_enabled in /home/u6583521/public_html/zlinks.id/themes/altum/views/tools/tool_widget_frankfurt.php on line 26
[09-Jun-2025 00:26:22 UTC] PHP Warning:  Attempt to read property "type" on null in /home/u6583521/public_html/zlinks.id/themes/altum/views/partials/footer.php on line 100
[09-Jun-2025 00:51:31 UTC] PHP Warning:  Attempt to read property "type" on null in /home/u6583521/public_html/zlinks.id/themes/altum/views/partials/footer.php on line 100
[09-Jun-2025 00:51:31 UTC] PHP Warning:  Attempt to read property "type" on null in /home/u6583521/public_html/zlinks.id/themes/altum/views/partials/footer.php on line 100
[09-Jun-2025 00:51:31 UTC] PHP Warning:  Undefined property: stdClass::$last_submissions_is_enabled in /home/u6583521/public_html/zlinks.id/themes/altum/views/tools/tool_widget_frankfurt.php on line 26
[09-Jun-2025 00:51:31 UTC] PHP Warning:  Attempt to read property "plan_settings" on null in /home/u6583521/public_html/zlinks.id/themes/altum/views/directory/index.php on line 23
[09-Jun-2025 00:51:31 UTC] PHP Warning:  Attempt to read property "export" on null in /home/u6583521/public_html/zlinks.id/themes/altum/views/directory/index.php on line 23
[09-Jun-2025 00:51:31 UTC] PHP Warning:  Attempt to read property "csv" on null in /home/u6583521/public_html/zlinks.id/themes/altum/views/directory/index.php on line 23
[09-Jun-2025 00:51:31 UTC] PHP Warning:  Attempt to read property "plan_settings" on null in /home/u6583521/public_html/zlinks.id/themes/altum/views/directory/index.php on line 26
[09-Jun-2025 00:51:31 UTC] PHP Warning:  Attempt to read property "export" on null in /home/u6583521/public_html/zlinks.id/themes/altum/views/directory/index.php on line 26
[09-Jun-2025 00:51:31 UTC] PHP Warning:  Attempt to read property "json" on null in /home/u6583521/public_html/zlinks.id/themes/altum/views/directory/index.php on line 26
[09-Jun-2025 00:51:31 UTC] PHP Warning:  Attempt to read property "plan_settings" on null in /home/u6583521/public_html/zlinks.id/themes/altum/views/directory/index.php on line 29
[09-Jun-2025 00:51:31 UTC] PHP Warning:  Attempt to read property "export" on null in /home/u6583521/public_html/zlinks.id/themes/altum/views/directory/index.php on line 29
[09-Jun-2025 00:51:31 UTC] PHP Warning:  Attempt to read property "pdf" on null in /home/u6583521/public_html/zlinks.id/themes/altum/views/directory/index.php on line 29
[09-Jun-2025 00:51:31 UTC] PHP Warning:  Undefined property: stdClass::$last_submissions_is_enabled in /home/u6583521/public_html/zlinks.id/themes/altum/views/tools/tool_widget_frankfurt.php on line 26
[09-Jun-2025 00:51:31 UTC] PHP Warning:  Attempt to read property "type" on null in /home/u6583521/public_html/zlinks.id/themes/altum/views/partials/footer.php on line 100
[09-Jun-2025 00:51:31 UTC] PHP Warning:  Attempt to read property "type" on null in /home/u6583521/public_html/zlinks.id/themes/altum/views/partials/footer.php on line 100
[09-Jun-2025 00:51:31 UTC] PHP Warning:  Attempt to read property "type" on null in /home/u6583521/public_html/zlinks.id/themes/altum/views/partials/footer.php on line 100
[09-Jun-2025 00:51:31 UTC] PHP Warning:  Undefined property: stdClass::$background_color in /home/u6583521/public_html/zlinks.id/themes/altum/views/l/biolink_blocks/socials.php on line 29
[09-Jun-2025 00:51:31 UTC] PHP Warning:  Undefined property: stdClass::$pwa_is_enabled in /home/u6583521/public_html/zlinks.id/themes/altum/views/l/biolink_wrapper.php on line 11
[09-Jun-2025 00:51:32 UTC] PHP Warning:  Undefined property: stdClass::$last_submissions_is_enabled in /home/u6583521/public_html/zlinks.id/themes/altum/views/tools/tool_widget_frankfurt.php on line 26
[09-Jun-2025 00:51:32 UTC] PHP Warning:  Attempt to read property "type" on null in /home/u6583521/public_html/zlinks.id/themes/altum/views/partials/footer.php on line 100
[09-Jun-2025 00:55:47 UTC] PHP Warning:  Undefined property: stdClass::$background_color in /home/u6583521/public_html/zlinks.id/themes/altum/views/l/biolink_blocks/socials.php on line 29
[09-Jun-2025 00:55:58 UTC] PHP Warning:  Attempt to read property "type" on null in /home/u6583521/public_html/zlinks.id/themes/altum/views/partials/footer.php on line 100
[09-Jun-2025 01:01:16 UTC] PHP Warning:  Attempt to read property "type" on null in /home/u6583521/public_html/zlinks.id/themes/altum/views/partials/footer.php on line 100
[09-Jun-2025 01:05:03 UTC] PHP Warning:  Undefined property: stdClass::$last_submissions_is_enabled in /home/u6583521/public_html/zlinks.id/themes/altum/views/tools/tool_widget_frankfurt.php on line 26
[09-Jun-2025 01:05:03 UTC] PHP Warning:  Attempt to read property "type" on null in /home/u6583521/public_html/zlinks.id/themes/altum/views/partials/footer.php on line 100
[09-Jun-2025 01:05:10 UTC] PHP Warning:  Undefined array key "is_newsletter_subscribed" in /home/u6583521/public_html/zlinks.id/app/controllers/Register.php on line 61
[09-Jun-2025 01:16:15 UTC] PHP Warning:  Attempt to read property "type" on null in /home/u6583521/public_html/zlinks.id/themes/altum/views/partials/footer.php on line 100
[09-Jun-2025 01:18:47 UTC] PHP Warning:  Attempt to read property "type" on null in /home/u6583521/public_html/zlinks.id/themes/altum/views/partials/footer.php on line 100
[09-Jun-2025 01:31:16 UTC] PHP Warning:  Attempt to read property "type" on null in /home/u6583521/public_html/zlinks.id/themes/altum/views/partials/footer.php on line 100
[09-Jun-2025 01:46:16 UTC] PHP Warning:  Attempt to read property "type" on null in /home/u6583521/public_html/zlinks.id/themes/altum/views/partials/footer.php on line 100
[09-Jun-2025 02:01:16 UTC] PHP Warning:  Attempt to read property "type" on null in /home/u6583521/public_html/zlinks.id/themes/altum/views/partials/footer.php on line 100
[09-Jun-2025 02:08:59 UTC] PHP Warning:  Attempt to read property "type" on null in /home/u6583521/public_html/zlinks.id/themes/altum/views/partials/footer.php on line 100
[09-Jun-2025 02:09:01 UTC] PHP Warning:  Attempt to read property "type" on null in /home/u6583521/public_html/zlinks.id/themes/altum/views/partials/footer.php on line 100
[09-Jun-2025 02:09:08 UTC] PHP Warning:  Undefined array key "is_newsletter_subscribed" in /home/u6583521/public_html/zlinks.id/app/controllers/Register.php on line 61
[09-Jun-2025 02:16:16 UTC] PHP Warning:  Attempt to read property "type" on null in /home/u6583521/public_html/zlinks.id/themes/altum/views/partials/footer.php on line 100
[09-Jun-2025 02:16:30 UTC] PHP Warning:  Attempt to read property "type" on null in /home/u6583521/public_html/zlinks.id/themes/altum/views/partials/footer.php on line 100
[09-Jun-2025 02:30:26 UTC] PHP Warning:  Attempt to read property "type" on null in /home/u6583521/public_html/zlinks.id/themes/altum/views/partials/footer.php on line 100
[09-Jun-2025 02:30:28 UTC] PHP Warning:  Attempt to read property "type" on null in /home/u6583521/public_html/zlinks.id/themes/altum/views/partials/footer.php on line 100
[09-Jun-2025 02:31:16 UTC] PHP Warning:  Attempt to read property "type" on null in /home/u6583521/public_html/zlinks.id/themes/altum/views/partials/footer.php on line 100
[09-Jun-2025 02:46:17 UTC] PHP Warning:  Undefined property: stdClass::$last_submissions_is_enabled in /home/u6583521/public_html/zlinks.id/themes/altum/views/tools/tool_widget_frankfurt.php on line 26
[09-Jun-2025 02:46:17 UTC] PHP Warning:  Attempt to read property "type" on null in /home/u6583521/public_html/zlinks.id/themes/altum/views/partials/footer.php on line 100
[09-Jun-2025 02:55:01 UTC] PHP Warning:  Undefined array key "Indonesia" in /home/u6583521/public_html/zlinks.id/app/controllers/Sitemap.php on line 98
[09-Jun-2025 03:01:16 UTC] PHP Warning:  Attempt to read property "type" on null in /home/u6583521/public_html/zlinks.id/themes/altum/views/partials/footer.php on line 100
[09-Jun-2025 03:10:47 UTC] PHP Warning:  Attempt to read property "type" on null in /home/u6583521/public_html/zlinks.id/themes/altum/views/partials/footer.php on line 100
[09-Jun-2025 03:14:59 UTC] PHP Warning:  Undefined property: stdClass::$force_splash_page_on_image in /home/u6583521/public_html/zlinks.id/app/controllers/l/Link.php on line 128
[09-Jun-2025 03:14:59 UTC] PHP Warning:  Undefined property: stdClass::$splash_page_id in /home/u6583521/public_html/zlinks.id/app/controllers/l/Link.php on line 129
[09-Jun-2025 03:14:59 UTC] PHP Warning:  Undefined property: stdClass::$password in /home/u6583521/public_html/zlinks.id/app/controllers/l/Link.php on line 194
[09-Jun-2025 03:14:59 UTC] PHP Warning:  Undefined property: stdClass::$sensitive_content in /home/u6583521/public_html/zlinks.id/app/controllers/l/Link.php on line 223
[09-Jun-2025 03:20:00 UTC] PHP Warning:  Undefined property: stdClass::$background_color in /home/u6583521/public_html/zlinks.id/themes/altum/views/l/biolink_blocks/socials.php on line 29
[09-Jun-2025 03:20:00 UTC] PHP Warning:  Undefined property: stdClass::$pwa_is_enabled in /home/u6583521/public_html/zlinks.id/themes/altum/views/l/biolink_wrapper.php on line 11
[09-Jun-2025 03:20:06 UTC] PHP Warning:  Attempt to read property "type" on null in /home/u6583521/public_html/zlinks.id/themes/altum/views/partials/footer.php on line 100
[09-Jun-2025 03:20:12 UTC] PHP Warning:  Undefined property: stdClass::$splash_page_id in /home/u6583521/public_html/zlinks.id/app/controllers/l/Link.php on line 129
[09-Jun-2025 03:20:12 UTC] PHP Warning:  Undefined property: stdClass::$password in /home/u6583521/public_html/zlinks.id/app/controllers/l/Link.php on line 194
[09-Jun-2025 03:20:12 UTC] PHP Warning:  Undefined property: stdClass::$sensitive_content in /home/u6583521/public_html/zlinks.id/app/controllers/l/Link.php on line 223
[09-Jun-2025 03:34:36 UTC] PHP Warning:  Undefined property: stdClass::$background_color in /home/u6583521/public_html/zlinks.id/themes/altum/views/l/biolink_blocks/socials.php on line 29
[09-Jun-2025 03:34:36 UTC] PHP Warning:  Undefined property: stdClass::$pwa_is_enabled in /home/u6583521/public_html/zlinks.id/themes/altum/views/l/biolink_wrapper.php on line 11
[09-Jun-2025 03:35:21 UTC] PHP Warning:  Undefined property: stdClass::$background_color in /home/u6583521/public_html/zlinks.id/themes/altum/views/l/biolink_blocks/socials.php on line 29
[09-Jun-2025 03:35:21 UTC] PHP Warning:  Undefined property: stdClass::$pwa_is_enabled in /home/u6583521/public_html/zlinks.id/themes/altum/views/l/biolink_wrapper.php on line 11
[09-Jun-2025 03:35:29 UTC] PHP Warning:  Attempt to read property "type" on null in /home/u6583521/public_html/zlinks.id/themes/altum/views/partials/footer.php on line 100
[09-Jun-2025 03:35:59 UTC] PHP Warning:  Attempt to read property "type" on null in /home/u6583521/public_html/zlinks.id/themes/altum/views/partials/footer.php on line 100
[09-Jun-2025 03:36:00 UTC] PHP Warning:  Attempt to read property "type" on null in /home/u6583521/public_html/zlinks.id/themes/altum/views/partials/footer.php on line 100
[09-Jun-2025 03:36:01 UTC] PHP Warning:  Attempt to read property "type" on null in /home/u6583521/public_html/zlinks.id/themes/altum/views/partials/footer.php on line 100
[09-Jun-2025 03:36:20 UTC] PHP Warning:  Attempt to read property "type" on null in /home/u6583521/public_html/zlinks.id/themes/altum/views/partials/footer.php on line 100
[09-Jun-2025 03:42:35 UTC] PHP Warning:  Undefined property: stdClass::$splash_page_id in /home/u6583521/public_html/zlinks.id/app/controllers/l/Link.php on line 129
[09-Jun-2025 03:42:35 UTC] PHP Warning:  Undefined property: stdClass::$password in /home/u6583521/public_html/zlinks.id/app/controllers/l/Link.php on line 194
[09-Jun-2025 03:42:35 UTC] PHP Warning:  Undefined property: stdClass::$sensitive_content in /home/u6583521/public_html/zlinks.id/app/controllers/l/Link.php on line 223
[09-Jun-2025 03:44:26 UTC] PHP Warning:  Undefined array key "is_newsletter_subscribed" in /home/u6583521/public_html/zlinks.id/app/controllers/Register.php on line 61
[09-Jun-2025 03:46:15 UTC] PHP Warning:  Attempt to read property "type" on null in /home/u6583521/public_html/zlinks.id/themes/altum/views/partials/footer.php on line 100
[09-Jun-2025 03:49:09 UTC] PHP Warning:  Undefined property: stdClass::$splash_page_id in /home/u6583521/public_html/zlinks.id/app/controllers/l/Link.php on line 129
[09-Jun-2025 03:49:09 UTC] PHP Warning:  Undefined property: stdClass::$password in /home/u6583521/public_html/zlinks.id/app/controllers/l/Link.php on line 194
[09-Jun-2025 03:49:09 UTC] PHP Warning:  Undefined property: stdClass::$sensitive_content in /home/u6583521/public_html/zlinks.id/app/controllers/l/Link.php on line 223
[09-Jun-2025 03:49:45 UTC] PHP Warning:  Undefined property: stdClass::$last_submissions_is_enabled in /home/u6583521/public_html/zlinks.id/themes/altum/views/tools/tool_widget_frankfurt.php on line 26
[09-Jun-2025 03:49:45 UTC] PHP Warning:  Attempt to read property "type" on null in /home/u6583521/public_html/zlinks.id/themes/altum/views/partials/footer.php on line 100
[09-Jun-2025 03:50:45 UTC] PHP Warning:  Undefined property: stdClass::$last_submissions_is_enabled in /home/u6583521/public_html/zlinks.id/themes/altum/views/tools/tool_widget_frankfurt.php on line 26
[09-Jun-2025 03:50:45 UTC] PHP Warning:  Attempt to read property "type" on null in /home/u6583521/public_html/zlinks.id/themes/altum/views/partials/footer.php on line 100
[09-Jun-2025 03:50:53 UTC] PHP Warning:  Undefined array key "is_newsletter_subscribed" in /home/u6583521/public_html/zlinks.id/app/controllers/Register.php on line 61
[09-Jun-2025 04:04:36 UTC] PHP Warning:  Attempt to read property "type" on null in /home/u6583521/public_html/zlinks.id/themes/altum/views/partials/footer.php on line 100
[09-Jun-2025 04:04:37 UTC] PHP Warning:  Attempt to read property "type" on null in /home/u6583521/public_html/zlinks.id/themes/altum/views/partials/footer.php on line 100
[09-Jun-2025 04:04:43 UTC] PHP Warning:  Attempt to read property "type" on null in /home/u6583521/public_html/zlinks.id/themes/altum/views/partials/footer.php on line 100
[09-Jun-2025 04:04:46 UTC] PHP Warning:  Attempt to read property "type" on null in /home/u6583521/public_html/zlinks.id/themes/altum/views/partials/footer.php on line 100
[09-Jun-2025 04:04:50 UTC] PHP Warning:  Attempt to read property "type" on null in /home/u6583521/public_html/zlinks.id/themes/altum/views/partials/footer.php on line 100
[09-Jun-2025 04:04:51 UTC] PHP Warning:  Attempt to read property "type" on null in /home/u6583521/public_html/zlinks.id/themes/altum/views/partials/footer.php on line 100
[09-Jun-2025 04:04:54 UTC] PHP Warning:  Attempt to read property "type" on null in /home/u6583521/public_html/zlinks.id/themes/altum/views/partials/footer.php on line 100
[09-Jun-2025 04:14:24 UTC] PHP Warning:  Undefined property: stdClass::$splash_page_id in /home/u6583521/public_html/zlinks.id/app/controllers/l/Link.php on line 129
[09-Jun-2025 04:14:24 UTC] PHP Warning:  Undefined property: stdClass::$password in /home/u6583521/public_html/zlinks.id/app/controllers/l/Link.php on line 194
[09-Jun-2025 04:14:24 UTC] PHP Warning:  Undefined property: stdClass::$sensitive_content in /home/u6583521/public_html/zlinks.id/app/controllers/l/Link.php on line 223
[09-Jun-2025 04:14:52 UTC] PHP Warning:  Undefined property: stdClass::$background_color in /home/u6583521/public_html/zlinks.id/themes/altum/views/l/biolink_blocks/socials.php on line 29
[09-Jun-2025 04:14:52 UTC] PHP Warning:  Undefined property: stdClass::$pwa_is_enabled in /home/u6583521/public_html/zlinks.id/themes/altum/views/l/biolink_wrapper.php on line 11
[09-Jun-2025 04:29:05 UTC] PHP Warning:  Undefined property: stdClass::$background_color in /home/u6583521/public_html/zlinks.id/themes/altum/views/l/biolink_blocks/socials.php on line 29
[09-Jun-2025 04:29:05 UTC] PHP Warning:  Undefined property: stdClass::$pwa_is_enabled in /home/u6583521/public_html/zlinks.id/themes/altum/views/l/biolink_wrapper.php on line 11
[09-Jun-2025 04:31:43 UTC] PHP Warning:  Attempt to read property "type" on null in /home/u6583521/public_html/zlinks.id/themes/altum/views/partials/footer.php on line 100
[09-Jun-2025 04:31:49 UTC] PHP Warning:  Undefined array key "is_newsletter_subscribed" in /home/u6583521/public_html/zlinks.id/app/controllers/Register.php on line 61
[09-Jun-2025 04:47:03 UTC] PHP Warning:  Undefined property: stdClass::$background_color in /home/u6583521/public_html/zlinks.id/themes/altum/views/l/biolink_blocks/socials.php on line 29
[09-Jun-2025 04:47:03 UTC] PHP Warning:  Undefined property: stdClass::$pwa_is_enabled in /home/u6583521/public_html/zlinks.id/themes/altum/views/l/biolink_wrapper.php on line 11
[09-Jun-2025 04:47:05 UTC] PHP Warning:  Undefined property: stdClass::$background_color in /home/u6583521/public_html/zlinks.id/themes/altum/views/l/biolink_blocks/socials.php on line 29
[09-Jun-2025 04:47:05 UTC] PHP Warning:  Undefined property: stdClass::$pwa_is_enabled in /home/u6583521/public_html/zlinks.id/themes/altum/views/l/biolink_wrapper.php on line 11
[09-Jun-2025 05:09:53 UTC] PHP Warning:  Attempt to read property "type" on null in /home/u6583521/public_html/zlinks.id/themes/altum/views/partials/footer.php on line 100
[09-Jun-2025 05:09:59 UTC] PHP Warning:  Undefined array key "is_newsletter_subscribed" in /home/u6583521/public_html/zlinks.id/app/controllers/Register.php on line 61
[09-Jun-2025 05:18:24 UTC] PHP Warning:  Undefined property: stdClass::$background_color in /home/u6583521/public_html/zlinks.id/themes/altum/views/l/biolink_blocks/socials.php on line 29
[09-Jun-2025 05:18:24 UTC] PHP Warning:  Undefined property: stdClass::$pwa_is_enabled in /home/u6583521/public_html/zlinks.id/themes/altum/views/l/biolink_wrapper.php on line 11
[09-Jun-2025 05:35:22 UTC] PHP Warning:  Attempt to read property "type" on null in /home/u6583521/public_html/zlinks.id/themes/altum/views/partials/footer.php on line 100
[09-Jun-2025 05:39:38 UTC] PHP Warning:  Attempt to read property "type" on null in /home/u6583521/public_html/zlinks.id/themes/altum/views/partials/footer.php on line 100
[09-Jun-2025 05:39:39 UTC] PHP Warning:  Attempt to read property "type" on null in /home/u6583521/public_html/zlinks.id/themes/altum/views/partials/footer.php on line 100
[09-Jun-2025 05:39:45 UTC] PHP Warning:  Undefined array key "is_newsletter_subscribed" in /home/u6583521/public_html/zlinks.id/app/controllers/Register.php on line 61
[09-Jun-2025 05:42:05 UTC] PHP Warning:  Undefined property: stdClass::$splash_page_id in /home/u6583521/public_html/zlinks.id/app/controllers/l/Link.php on line 129
[09-Jun-2025 05:42:05 UTC] PHP Warning:  Undefined property: stdClass::$password in /home/u6583521/public_html/zlinks.id/app/controllers/l/Link.php on line 194
[09-Jun-2025 05:42:05 UTC] PHP Warning:  Undefined property: stdClass::$sensitive_content in /home/u6583521/public_html/zlinks.id/app/controllers/l/Link.php on line 223
[09-Jun-2025 05:49:13 UTC] PHP Warning:  Attempt to read property "type" on null in /home/u6583521/public_html/zlinks.id/themes/altum/views/partials/footer.php on line 100
[09-Jun-2025 05:49:18 UTC] PHP Warning:  Undefined array key "is_newsletter_subscribed" in /home/u6583521/public_html/zlinks.id/app/controllers/Register.php on line 61
[09-Jun-2025 05:54:25 UTC] PHP Warning:  Undefined property: stdClass::$pwa_is_enabled in /home/u6583521/public_html/zlinks.id/themes/altum/views/l/biolink_wrapper.php on line 11
[09-Jun-2025 06:06:44 UTC] PHP Warning:  Undefined property: stdClass::$last_submissions_is_enabled in /home/u6583521/public_html/zlinks.id/themes/altum/views/tools/tool_widget_frankfurt.php on line 26
[09-Jun-2025 06:06:44 UTC] PHP Warning:  Attempt to read property "type" on null in /home/u6583521/public_html/zlinks.id/themes/altum/views/partials/footer.php on line 100
[09-Jun-2025 06:13:06 UTC] PHP Warning:  Attempt to read property "type" on null in /home/u6583521/public_html/zlinks.id/themes/altum/views/partials/footer.php on line 100
[09-Jun-2025 06:13:12 UTC] PHP Warning:  Undefined array key "is_newsletter_subscribed" in /home/u6583521/public_html/zlinks.id/app/controllers/Register.php on line 61
[09-Jun-2025 06:13:28 UTC] PHP Warning:  Undefined property: stdClass::$last_submissions_is_enabled in /home/u6583521/public_html/zlinks.id/themes/altum/views/tools/tool_widget_frankfurt.php on line 26
[09-Jun-2025 06:13:28 UTC] PHP Warning:  Attempt to read property "type" on null in /home/u6583521/public_html/zlinks.id/themes/altum/views/partials/footer.php on line 100
[09-Jun-2025 06:18:12 UTC] PHP Warning:  Undefined property: stdClass::$background_color in /home/u6583521/public_html/zlinks.id/themes/altum/views/l/biolink_blocks/socials.php on line 29
[09-Jun-2025 06:18:12 UTC] PHP Warning:  Undefined property: stdClass::$pwa_is_enabled in /home/u6583521/public_html/zlinks.id/themes/altum/views/l/biolink_wrapper.php on line 11
[09-Jun-2025 06:46:25 UTC] PHP Warning:  Attempt to read property "type" on null in /home/u6583521/public_html/zlinks.id/themes/altum/views/partials/footer.php on line 100
[09-Jun-2025 06:51:16 UTC] PHP Warning:  Attempt to read property "type" on null in /home/u6583521/public_html/zlinks.id/themes/altum/views/partials/footer.php on line 100
[09-Jun-2025 06:51:55 UTC] PHP Warning:  Attempt to read property "type" on null in /home/u6583521/public_html/zlinks.id/themes/altum/views/partials/footer.php on line 100
[09-Jun-2025 06:51:57 UTC] PHP Warning:  Attempt to read property "type" on null in /home/u6583521/public_html/zlinks.id/themes/altum/views/partials/footer.php on line 100
[09-Jun-2025 07:05:44 UTC] PHP Warning:  Attempt to read property "plan_settings" on null in /home/u6583521/public_html/zlinks.id/themes/altum/views/directory/index.php on line 23
[09-Jun-2025 07:05:44 UTC] PHP Warning:  Attempt to read property "export" on null in /home/u6583521/public_html/zlinks.id/themes/altum/views/directory/index.php on line 23
[09-Jun-2025 07:05:44 UTC] PHP Warning:  Attempt to read property "csv" on null in /home/u6583521/public_html/zlinks.id/themes/altum/views/directory/index.php on line 23
[09-Jun-2025 07:05:44 UTC] PHP Warning:  Attempt to read property "plan_settings" on null in /home/u6583521/public_html/zlinks.id/themes/altum/views/directory/index.php on line 26
[09-Jun-2025 07:05:44 UTC] PHP Warning:  Attempt to read property "export" on null in /home/u6583521/public_html/zlinks.id/themes/altum/views/directory/index.php on line 26
[09-Jun-2025 07:05:44 UTC] PHP Warning:  Attempt to read property "json" on null in /home/u6583521/public_html/zlinks.id/themes/altum/views/directory/index.php on line 26
[09-Jun-2025 07:05:44 UTC] PHP Warning:  Attempt to read property "plan_settings" on null in /home/u6583521/public_html/zlinks.id/themes/altum/views/directory/index.php on line 29
[09-Jun-2025 07:05:44 UTC] PHP Warning:  Attempt to read property "export" on null in /home/u6583521/public_html/zlinks.id/themes/altum/views/directory/index.php on line 29
[09-Jun-2025 07:05:44 UTC] PHP Warning:  Attempt to read property "pdf" on null in /home/u6583521/public_html/zlinks.id/themes/altum/views/directory/index.php on line 29
[09-Jun-2025 07:05:44 UTC] PHP Warning:  Attempt to read property "type" on null in /home/u6583521/public_html/zlinks.id/themes/altum/views/partials/footer.php on line 100
[09-Jun-2025 07:09:08 UTC] PHP Warning:  Attempt to read property "type" on null in /home/u6583521/public_html/zlinks.id/themes/altum/views/partials/footer.php on line 100
[09-Jun-2025 07:09:10 UTC] PHP Warning:  Attempt to read property "type" on null in /home/u6583521/public_html/zlinks.id/themes/altum/views/partials/footer.php on line 100
[09-Jun-2025 07:09:15 UTC] PHP Warning:  Undefined array key "is_newsletter_subscribed" in /home/u6583521/public_html/zlinks.id/app/controllers/Register.php on line 61
[09-Jun-2025 07:17:12 UTC] PHP Warning:  Undefined property: stdClass::$last_submissions_is_enabled in /home/u6583521/public_html/zlinks.id/themes/altum/views/tools/tool_widget_frankfurt.php on line 26
[09-Jun-2025 07:17:12 UTC] PHP Warning:  Attempt to read property "type" on null in /home/u6583521/public_html/zlinks.id/themes/altum/views/partials/footer.php on line 100
[09-Jun-2025 07:27:56 UTC] PHP Warning:  Undefined property: stdClass::$background_color in /home/u6583521/public_html/zlinks.id/themes/altum/views/l/biolink_blocks/socials.php on line 29
[09-Jun-2025 07:27:56 UTC] PHP Warning:  Undefined property: stdClass::$pwa_is_enabled in /home/u6583521/public_html/zlinks.id/themes/altum/views/l/biolink_wrapper.php on line 11
[09-Jun-2025 07:27:57 UTC] PHP Warning:  Attempt to read property "type" on null in /home/u6583521/public_html/zlinks.id/themes/altum/views/partials/footer.php on line 100
[09-Jun-2025 07:27:58 UTC] PHP Warning:  Undefined property: stdClass::$splash_page_id in /home/u6583521/public_html/zlinks.id/app/controllers/l/Link.php on line 129
[09-Jun-2025 07:27:58 UTC] PHP Warning:  Undefined property: stdClass::$password in /home/u6583521/public_html/zlinks.id/app/controllers/l/Link.php on line 194
[09-Jun-2025 07:27:58 UTC] PHP Warning:  Undefined property: stdClass::$sensitive_content in /home/u6583521/public_html/zlinks.id/app/controllers/l/Link.php on line 223
[09-Jun-2025 07:28:37 UTC] PHP Warning:  Undefined property: stdClass::$splash_page_id in /home/u6583521/public_html/zlinks.id/app/controllers/l/Link.php on line 129
[09-Jun-2025 07:28:37 UTC] PHP Warning:  Undefined property: stdClass::$password in /home/u6583521/public_html/zlinks.id/app/controllers/l/Link.php on line 194
[09-Jun-2025 07:28:37 UTC] PHP Warning:  Undefined property: stdClass::$sensitive_content in /home/u6583521/public_html/zlinks.id/app/controllers/l/Link.php on line 223
[09-Jun-2025 07:31:00 UTC] PHP Warning:  Attempt to read property "type" on null in /home/u6583521/public_html/zlinks.id/themes/altum/views/partials/footer.php on line 100
[09-Jun-2025 07:38:11 UTC] PHP Warning:  Attempt to read property "type" on null in /home/u6583521/public_html/zlinks.id/themes/altum/views/partials/footer.php on line 100
[09-Jun-2025 08:10:03 UTC] PHP Warning:  Undefined property: stdClass::$last_submissions_is_enabled in /home/u6583521/public_html/zlinks.id/themes/altum/views/tools/tool_widget_frankfurt.php on line 26
[09-Jun-2025 08:10:03 UTC] PHP Warning:  Attempt to read property "type" on null in /home/u6583521/public_html/zlinks.id/themes/altum/views/partials/footer.php on line 100
[09-Jun-2025 08:10:05 UTC] PHP Warning:  Attempt to read property "type" on null in /home/u6583521/public_html/zlinks.id/themes/altum/views/partials/footer.php on line 100
[09-Jun-2025 08:10:31 UTC] PHP Warning:  Undefined property: stdClass::$splash_page_id in /home/u6583521/public_html/zlinks.id/app/controllers/l/Link.php on line 129
[09-Jun-2025 08:10:31 UTC] PHP Warning:  Undefined property: stdClass::$password in /home/u6583521/public_html/zlinks.id/app/controllers/l/Link.php on line 194
[09-Jun-2025 08:10:31 UTC] PHP Warning:  Undefined property: stdClass::$sensitive_content in /home/u6583521/public_html/zlinks.id/app/controllers/l/Link.php on line 223
[09-Jun-2025 08:12:38 UTC] PHP Warning:  Attempt to read property "plan_settings" on null in /home/u6583521/public_html/zlinks.id/themes/altum/views/directory/index.php on line 23
[09-Jun-2025 08:12:38 UTC] PHP Warning:  Attempt to read property "export" on null in /home/u6583521/public_html/zlinks.id/themes/altum/views/directory/index.php on line 23
[09-Jun-2025 08:12:38 UTC] PHP Warning:  Attempt to read property "csv" on null in /home/u6583521/public_html/zlinks.id/themes/altum/views/directory/index.php on line 23
[09-Jun-2025 08:12:38 UTC] PHP Warning:  Attempt to read property "plan_settings" on null in /home/u6583521/public_html/zlinks.id/themes/altum/views/directory/index.php on line 26
[09-Jun-2025 08:12:38 UTC] PHP Warning:  Attempt to read property "export" on null in /home/u6583521/public_html/zlinks.id/themes/altum/views/directory/index.php on line 26
[09-Jun-2025 08:12:38 UTC] PHP Warning:  Attempt to read property "json" on null in /home/u6583521/public_html/zlinks.id/themes/altum/views/directory/index.php on line 26
[09-Jun-2025 08:12:38 UTC] PHP Warning:  Attempt to read property "plan_settings" on null in /home/u6583521/public_html/zlinks.id/themes/altum/views/directory/index.php on line 29
[09-Jun-2025 08:12:38 UTC] PHP Warning:  Attempt to read property "export" on null in /home/u6583521/public_html/zlinks.id/themes/altum/views/directory/index.php on line 29
[09-Jun-2025 08:12:38 UTC] PHP Warning:  Attempt to read property "pdf" on null in /home/u6583521/public_html/zlinks.id/themes/altum/views/directory/index.php on line 29
[09-Jun-2025 08:12:38 UTC] PHP Warning:  Attempt to read property "type" on null in /home/u6583521/public_html/zlinks.id/themes/altum/views/partials/footer.php on line 100
[09-Jun-2025 08:26:35 UTC] PHP Warning:  Attempt to read property "type" on null in /home/u6583521/public_html/zlinks.id/themes/altum/views/partials/footer.php on line 100
[09-Jun-2025 08:28:29 UTC] PHP Warning:  Attempt to read property "type" on null in /home/u6583521/public_html/zlinks.id/themes/altum/views/partials/footer.php on line 100
[09-Jun-2025 08:28:35 UTC] PHP Warning:  Undefined array key "is_newsletter_subscribed" in /home/u6583521/public_html/zlinks.id/app/controllers/Register.php on line 61
[09-Jun-2025 08:29:48 UTC] PHP Warning:  Attempt to read property "type" on null in /home/u6583521/public_html/zlinks.id/themes/altum/views/partials/footer.php on line 100
[09-Jun-2025 08:35:45 UTC] PHP Warning:  Attempt to read property "type" on null in /home/u6583521/public_html/zlinks.id/themes/altum/views/partials/footer.php on line 100
[09-Jun-2025 08:59:27 UTC] PHP Warning:  Undefined property: stdClass::$last_submissions_is_enabled in /home/u6583521/public_html/zlinks.id/themes/altum/views/tools/tool_widget_frankfurt.php on line 26
[09-Jun-2025 08:59:27 UTC] PHP Warning:  Attempt to read property "type" on null in /home/u6583521/public_html/zlinks.id/themes/altum/views/partials/footer.php on line 100
[09-Jun-2025 08:59:32 UTC] PHP Warning:  Attempt to read property "type" on null in /home/u6583521/public_html/zlinks.id/themes/altum/views/partials/footer.php on line 100
[09-Jun-2025 09:05:51 UTC] PHP Warning:  Undefined property: stdClass::$background_color in /home/u6583521/public_html/zlinks.id/themes/altum/views/l/biolink_blocks/socials.php on line 29
[09-Jun-2025 09:05:51 UTC] PHP Warning:  Undefined property: stdClass::$pwa_is_enabled in /home/u6583521/public_html/zlinks.id/themes/altum/views/l/biolink_wrapper.php on line 11
[09-Jun-2025 09:17:04 UTC] PHP Warning:  Attempt to read property "type" on null in /home/u6583521/public_html/zlinks.id/themes/altum/views/partials/footer.php on line 100
[09-Jun-2025 09:40:45 UTC] PHP Warning:  Undefined property: stdClass::$background_color in /home/u6583521/public_html/zlinks.id/themes/altum/views/l/biolink_blocks/socials.php on line 29
[09-Jun-2025 09:40:45 UTC] PHP Warning:  Undefined property: stdClass::$pwa_is_enabled in /home/u6583521/public_html/zlinks.id/themes/altum/views/l/biolink_wrapper.php on line 11
[09-Jun-2025 09:46:21 UTC] PHP Warning:  Attempt to read property "type" on null in /home/u6583521/public_html/zlinks.id/themes/altum/views/partials/footer.php on line 100
[09-Jun-2025 09:54:52 UTC] PHP Warning:  Undefined property: stdClass::$background_color in /home/u6583521/public_html/zlinks.id/themes/altum/views/l/biolink_blocks/socials.php on line 29
[09-Jun-2025 09:54:52 UTC] PHP Warning:  Undefined property: stdClass::$pwa_is_enabled in /home/u6583521/public_html/zlinks.id/themes/altum/views/l/biolink_wrapper.php on line 11
[09-Jun-2025 09:54:55 UTC] PHP Warning:  Attempt to read property "type" on null in /home/u6583521/public_html/zlinks.id/themes/altum/views/partials/footer.php on line 100
[09-Jun-2025 10:05:08 UTC] PHP Warning:  Attempt to read property "type" on null in /home/u6583521/public_html/zlinks.id/themes/altum/views/partials/footer.php on line 100
[09-Jun-2025 10:05:10 UTC] PHP Warning:  Undefined property: stdClass::$force_splash_page_on_big_link in /home/u6583521/public_html/zlinks.id/app/controllers/l/Link.php on line 128
[09-Jun-2025 10:05:10 UTC] PHP Warning:  Undefined property: stdClass::$splash_page_id in /home/u6583521/public_html/zlinks.id/app/controllers/l/Link.php on line 129
[09-Jun-2025 10:05:10 UTC] PHP Warning:  Undefined property: stdClass::$password in /home/u6583521/public_html/zlinks.id/app/controllers/l/Link.php on line 194
[09-Jun-2025 10:05:10 UTC] PHP Warning:  Undefined property: stdClass::$sensitive_content in /home/u6583521/public_html/zlinks.id/app/controllers/l/Link.php on line 223
[09-Jun-2025 10:05:12 UTC] PHP Warning:  Attempt to read property "type" on null in /home/u6583521/public_html/zlinks.id/themes/altum/views/partials/footer.php on line 100
[09-Jun-2025 10:05:18 UTC] PHP Warning:  Undefined property: stdClass::$force_splash_page_on_pdf_document in /home/u6583521/public_html/zlinks.id/app/controllers/l/Link.php on line 128
[09-Jun-2025 10:05:18 UTC] PHP Warning:  Undefined property: stdClass::$splash_page_id in /home/u6583521/public_html/zlinks.id/app/controllers/l/Link.php on line 129
[09-Jun-2025 10:05:18 UTC] PHP Warning:  Undefined property: stdClass::$password in /home/u6583521/public_html/zlinks.id/app/controllers/l/Link.php on line 194
[09-Jun-2025 10:05:18 UTC] PHP Warning:  Undefined property: stdClass::$sensitive_content in /home/u6583521/public_html/zlinks.id/app/controllers/l/Link.php on line 223
[09-Jun-2025 10:05:29 UTC] PHP Warning:  Undefined property: stdClass::$force_splash_page_on_pdf_document in /home/u6583521/public_html/zlinks.id/app/controllers/l/Link.php on line 128
[09-Jun-2025 10:05:29 UTC] PHP Warning:  Undefined property: stdClass::$splash_page_id in /home/u6583521/public_html/zlinks.id/app/controllers/l/Link.php on line 129
[09-Jun-2025 10:05:29 UTC] PHP Warning:  Undefined property: stdClass::$password in /home/u6583521/public_html/zlinks.id/app/controllers/l/Link.php on line 194
[09-Jun-2025 10:05:29 UTC] PHP Warning:  Undefined property: stdClass::$sensitive_content in /home/u6583521/public_html/zlinks.id/app/controllers/l/Link.php on line 223
[09-Jun-2025 10:05:34 UTC] PHP Warning:  Undefined property: stdClass::$force_splash_page_on_pdf_document in /home/u6583521/public_html/zlinks.id/app/controllers/l/Link.php on line 128
[09-Jun-2025 10:05:34 UTC] PHP Warning:  Undefined property: stdClass::$splash_page_id in /home/u6583521/public_html/zlinks.id/app/controllers/l/Link.php on line 129
[09-Jun-2025 10:05:34 UTC] PHP Warning:  Undefined property: stdClass::$password in /home/u6583521/public_html/zlinks.id/app/controllers/l/Link.php on line 194
[09-Jun-2025 10:05:34 UTC] PHP Warning:  Undefined property: stdClass::$sensitive_content in /home/u6583521/public_html/zlinks.id/app/controllers/l/Link.php on line 223
[09-Jun-2025 10:16:21 UTC] PHP Warning:  Undefined property: stdClass::$last_submissions_is_enabled in /home/u6583521/public_html/zlinks.id/themes/altum/views/tools/tool_widget_frankfurt.php on line 26
[09-Jun-2025 10:16:21 UTC] PHP Warning:  Attempt to read property "type" on null in /home/u6583521/public_html/zlinks.id/themes/altum/views/partials/footer.php on line 100
[09-Jun-2025 10:17:59 UTC] PHP Warning:  Undefined property: stdClass::$background_color in /home/u6583521/public_html/zlinks.id/themes/altum/views/l/biolink_blocks/socials.php on line 29
[09-Jun-2025 10:17:59 UTC] PHP Warning:  Undefined property: stdClass::$pwa_is_enabled in /home/u6583521/public_html/zlinks.id/themes/altum/views/l/biolink_wrapper.php on line 11
[09-Jun-2025 10:24:31 UTC] PHP Warning:  Attempt to read property "type" on null in /home/u6583521/public_html/zlinks.id/themes/altum/views/partials/footer.php on line 100
[09-Jun-2025 10:45:02 UTC] PHP Warning:  Attempt to read property "type" on null in /home/u6583521/public_html/zlinks.id/themes/altum/views/partials/footer.php on line 100
[09-Jun-2025 10:45:08 UTC] PHP Warning:  Attempt to read property "type" on null in /home/u6583521/public_html/zlinks.id/themes/altum/views/partials/footer.php on line 100
[09-Jun-2025 10:45:48 UTC] PHP Warning:  Undefined property: stdClass::$background_color in /home/u6583521/public_html/zlinks.id/themes/altum/views/l/biolink_blocks/socials.php on line 29
[09-Jun-2025 10:45:48 UTC] PHP Warning:  Undefined property: stdClass::$pwa_is_enabled in /home/u6583521/public_html/zlinks.id/themes/altum/views/l/biolink_wrapper.php on line 11
[09-Jun-2025 10:45:58 UTC] PHP Warning:  Undefined property: stdClass::$background_color in /home/u6583521/public_html/zlinks.id/themes/altum/views/l/biolink_blocks/socials.php on line 29
[09-Jun-2025 10:45:58 UTC] PHP Warning:  Undefined property: stdClass::$pwa_is_enabled in /home/u6583521/public_html/zlinks.id/themes/altum/views/l/biolink_wrapper.php on line 11
[09-Jun-2025 10:50:16 UTC] PHP Warning:  Attempt to read property "type" on null in /home/u6583521/public_html/zlinks.id/themes/altum/views/partials/footer.php on line 100
[09-Jun-2025 11:27:44 UTC] PHP Warning:  Attempt to read property "type" on null in /home/u6583521/public_html/zlinks.id/themes/altum/views/partials/footer.php on line 100
[09-Jun-2025 11:31:55 UTC] PHP Warning:  Undefined property: stdClass::$background_color in /home/u6583521/public_html/zlinks.id/themes/altum/views/l/biolink_blocks/socials.php on line 29
[09-Jun-2025 11:31:55 UTC] PHP Warning:  Undefined property: stdClass::$pwa_is_enabled in /home/u6583521/public_html/zlinks.id/themes/altum/views/l/biolink_wrapper.php on line 11
[09-Jun-2025 11:35:54 UTC] PHP Warning:  Undefined property: stdClass::$background_color in /home/u6583521/public_html/zlinks.id/themes/altum/views/l/biolink_blocks/socials.php on line 29
[09-Jun-2025 11:35:54 UTC] PHP Warning:  Undefined property: stdClass::$pwa_is_enabled in /home/u6583521/public_html/zlinks.id/themes/altum/views/l/biolink_wrapper.php on line 11
[09-Jun-2025 11:37:03 UTC] PHP Warning:  Undefined property: stdClass::$background_color in /home/u6583521/public_html/zlinks.id/themes/altum/views/l/biolink_blocks/socials.php on line 29
[09-Jun-2025 11:37:03 UTC] PHP Warning:  Undefined property: stdClass::$pwa_is_enabled in /home/u6583521/public_html/zlinks.id/themes/altum/views/l/biolink_wrapper.php on line 11
[09-Jun-2025 11:38:44 UTC] PHP Warning:  Undefined property: stdClass::$background_color in /home/u6583521/public_html/zlinks.id/themes/altum/views/l/biolink_blocks/socials.php on line 29
[09-Jun-2025 11:38:44 UTC] PHP Warning:  Undefined property: stdClass::$pwa_is_enabled in /home/u6583521/public_html/zlinks.id/themes/altum/views/l/biolink_wrapper.php on line 11
[09-Jun-2025 11:56:00 UTC] PHP Warning:  Undefined property: stdClass::$background_color in /home/u6583521/public_html/zlinks.id/themes/altum/views/l/biolink_blocks/socials.php on line 29
[09-Jun-2025 11:56:00 UTC] PHP Warning:  Undefined property: stdClass::$pwa_is_enabled in /home/u6583521/public_html/zlinks.id/themes/altum/views/l/biolink_wrapper.php on line 11
[09-Jun-2025 12:00:51 UTC] PHP Warning:  Attempt to read property "type" on null in /home/u6583521/public_html/zlinks.id/themes/altum/views/partials/footer.php on line 100
[09-Jun-2025 12:00:52 UTC] PHP Warning:  Undefined property: stdClass::$background_color in /home/u6583521/public_html/zlinks.id/themes/altum/views/l/biolink_blocks/socials.php on line 29
[09-Jun-2025 12:00:52 UTC] PHP Warning:  Undefined property: stdClass::$pwa_is_enabled in /home/u6583521/public_html/zlinks.id/themes/altum/views/l/biolink_wrapper.php on line 11
[09-Jun-2025 12:04:11 UTC] PHP Warning:  Attempt to read property "type" on null in /home/u6583521/public_html/zlinks.id/themes/altum/views/partials/footer.php on line 100
[09-Jun-2025 12:04:11 UTC] PHP Warning:  Undefined array key "HTTP_USER_AGENT" in /home/u6583521/public_html/zlinks.id/plugins/pwa/views/partials/pwa.php on line 5
[09-Jun-2025 12:09:29 UTC] PHP Warning:  Attempt to read property "type" on null in /home/u6583521/public_html/zlinks.id/themes/altum/views/partials/footer.php on line 100
[09-Jun-2025 12:09:51 UTC] PHP Warning:  Undefined property: stdClass::$background_color in /home/u6583521/public_html/zlinks.id/themes/altum/views/l/biolink_blocks/socials.php on line 29
[09-Jun-2025 12:09:51 UTC] PHP Warning:  Undefined property: stdClass::$pwa_is_enabled in /home/u6583521/public_html/zlinks.id/themes/altum/views/l/biolink_wrapper.php on line 11
[09-Jun-2025 12:11:48 UTC] PHP Warning:  Attempt to read property "type" on null in /home/u6583521/public_html/zlinks.id/themes/altum/views/partials/footer.php on line 100
[09-Jun-2025 12:12:15 UTC] PHP Warning:  Attempt to read property "type" on null in /home/u6583521/public_html/zlinks.id/themes/altum/views/partials/footer.php on line 100
[09-Jun-2025 12:12:46 UTC] PHP Warning:  Attempt to read property "type" on null in /home/u6583521/public_html/zlinks.id/themes/altum/views/partials/footer.php on line 100
[09-Jun-2025 12:18:14 UTC] PHP Warning:  Attempt to read property "type" on null in /home/u6583521/public_html/zlinks.id/themes/altum/views/partials/footer.php on line 100
[09-Jun-2025 12:26:02 UTC] PHP Warning:  Attempt to read property "type" on null in /home/u6583521/public_html/zlinks.id/themes/altum/views/partials/footer.php on line 100
[09-Jun-2025 12:26:05 UTC] PHP Warning:  Attempt to read property "type" on null in /home/u6583521/public_html/zlinks.id/themes/altum/views/partials/footer.php on line 100
[09-Jun-2025 12:26:06 UTC] PHP Warning:  Attempt to read property "type" on null in /home/u6583521/public_html/zlinks.id/themes/altum/views/partials/footer.php on line 100
[09-Jun-2025 12:26:09 UTC] PHP Warning:  Attempt to read property "type" on null in /home/u6583521/public_html/zlinks.id/themes/altum/views/partials/footer.php on line 100
[09-Jun-2025 12:26:28 UTC] PHP Warning:  Attempt to read property "type" on null in /home/u6583521/public_html/zlinks.id/themes/altum/views/partials/footer.php on line 100
[09-Jun-2025 12:26:35 UTC] PHP Warning:  Undefined property: stdClass::$domains in /home/u6583521/public_html/zlinks.id/themes/altum/views/links/links_content.php on line 174
[09-Jun-2025 12:26:35 UTC] PHP Warning:  foreach() argument must be of type array|object, null given in /home/u6583521/public_html/zlinks.id/themes/altum/views/links/links_content.php on line 174
[09-Jun-2025 12:27:27 UTC] PHP Warning:  Undefined array key "is_newsletter_subscribed" in /home/u6583521/public_html/zlinks.id/app/controllers/Register.php on line 61
[09-Jun-2025 12:28:16 UTC] PHP Warning:  Attempt to read property "type" on null in /home/u6583521/public_html/zlinks.id/themes/altum/views/partials/footer.php on line 100
[09-Jun-2025 12:28:47 UTC] PHP Warning:  Undefined property: stdClass::$domains in /home/u6583521/public_html/zlinks.id/themes/altum/views/links/links_content.php on line 174
[09-Jun-2025 12:28:47 UTC] PHP Warning:  foreach() argument must be of type array|object, null given in /home/u6583521/public_html/zlinks.id/themes/altum/views/links/links_content.php on line 174
[09-Jun-2025 12:36:33 UTC] PHP Warning:  Undefined property: stdClass::$last_submissions_is_enabled in /home/u6583521/public_html/zlinks.id/themes/altum/views/tools/tool_widget_frankfurt.php on line 26
[09-Jun-2025 12:36:33 UTC] PHP Warning:  Attempt to read property "type" on null in /home/u6583521/public_html/zlinks.id/themes/altum/views/partials/footer.php on line 100
[09-Jun-2025 12:37:01 UTC] PHP Warning:  Attempt to read property "type" on null in /home/u6583521/public_html/zlinks.id/themes/altum/views/partials/footer.php on line 100
[09-Jun-2025 13:05:00 UTC] PHP Warning:  Attempt to read property "type" on null in /home/u6583521/public_html/zlinks.id/themes/altum/views/partials/footer.php on line 100
[09-Jun-2025 13:30:50 UTC] PHP Warning:  Attempt to read property "type" on null in /home/u6583521/public_html/zlinks.id/themes/altum/views/partials/footer.php on line 100
[09-Jun-2025 13:37:50 UTC] PHP Warning:  Undefined property: stdClass::$splash_page_id in /home/u6583521/public_html/zlinks.id/app/controllers/l/Link.php on line 129
[09-Jun-2025 13:37:50 UTC] PHP Warning:  Undefined property: stdClass::$password in /home/u6583521/public_html/zlinks.id/app/controllers/l/Link.php on line 194
[09-Jun-2025 13:37:50 UTC] PHP Warning:  Undefined property: stdClass::$sensitive_content in /home/u6583521/public_html/zlinks.id/app/controllers/l/Link.php on line 223
[09-Jun-2025 13:38:49 UTC] PHP Warning:  Attempt to read property "type" on null in /home/u6583521/public_html/zlinks.id/themes/altum/views/partials/footer.php on line 100
[09-Jun-2025 14:06:18 UTC] PHP Warning:  Undefined array key "is_newsletter_subscribed" in /home/u6583521/public_html/zlinks.id/app/controllers/Register.php on line 61
[09-Jun-2025 14:18:21 UTC] PHP Warning:  Undefined property: stdClass::$last_submissions_is_enabled in /home/u6583521/public_html/zlinks.id/themes/altum/views/tools/tool_widget_frankfurt.php on line 26
[09-Jun-2025 14:18:21 UTC] PHP Warning:  Attempt to read property "type" on null in /home/u6583521/public_html/zlinks.id/themes/altum/views/partials/footer.php on line 100
[09-Jun-2025 14:19:02 UTC] PHP Warning:  Attempt to read property "type" on null in /home/u6583521/public_html/zlinks.id/themes/altum/views/partials/footer.php on line 100
[09-Jun-2025 14:21:00 UTC] PHP Warning:  Undefined property: stdClass::$background_color in /home/u6583521/public_html/zlinks.id/themes/altum/views/l/biolink_blocks/socials.php on line 29
[09-Jun-2025 14:21:00 UTC] PHP Warning:  Undefined property: stdClass::$pwa_is_enabled in /home/u6583521/public_html/zlinks.id/themes/altum/views/l/biolink_wrapper.php on line 11
[09-Jun-2025 14:38:27 UTC] PHP Warning:  Attempt to read property "type" on null in /home/u6583521/public_html/zlinks.id/themes/altum/views/partials/footer.php on line 100
[09-Jun-2025 14:43:09 UTC] PHP Warning:  Attempt to read property "plan_settings" on null in /home/u6583521/public_html/zlinks.id/themes/altum/views/directory/index.php on line 23
[09-Jun-2025 14:43:09 UTC] PHP Warning:  Attempt to read property "export" on null in /home/u6583521/public_html/zlinks.id/themes/altum/views/directory/index.php on line 23
[09-Jun-2025 14:43:09 UTC] PHP Warning:  Attempt to read property "csv" on null in /home/u6583521/public_html/zlinks.id/themes/altum/views/directory/index.php on line 23
[09-Jun-2025 14:43:09 UTC] PHP Warning:  Attempt to read property "plan_settings" on null in /home/u6583521/public_html/zlinks.id/themes/altum/views/directory/index.php on line 26
[09-Jun-2025 14:43:09 UTC] PHP Warning:  Attempt to read property "export" on null in /home/u6583521/public_html/zlinks.id/themes/altum/views/directory/index.php on line 26
[09-Jun-2025 14:43:09 UTC] PHP Warning:  Attempt to read property "json" on null in /home/u6583521/public_html/zlinks.id/themes/altum/views/directory/index.php on line 26
[09-Jun-2025 14:43:09 UTC] PHP Warning:  Attempt to read property "plan_settings" on null in /home/u6583521/public_html/zlinks.id/themes/altum/views/directory/index.php on line 29
[09-Jun-2025 14:43:09 UTC] PHP Warning:  Attempt to read property "export" on null in /home/u6583521/public_html/zlinks.id/themes/altum/views/directory/index.php on line 29
[09-Jun-2025 14:43:09 UTC] PHP Warning:  Attempt to read property "pdf" on null in /home/u6583521/public_html/zlinks.id/themes/altum/views/directory/index.php on line 29
[09-Jun-2025 14:43:09 UTC] PHP Warning:  Attempt to read property "type" on null in /home/u6583521/public_html/zlinks.id/themes/altum/views/partials/footer.php on line 100
[09-Jun-2025 15:09:25 UTC] PHP Warning:  Undefined property: stdClass::$last_submissions_is_enabled in /home/u6583521/public_html/zlinks.id/themes/altum/views/tools/tool_widget_frankfurt.php on line 26
[09-Jun-2025 15:09:25 UTC] PHP Warning:  Attempt to read property "type" on null in /home/u6583521/public_html/zlinks.id/themes/altum/views/partials/footer.php on line 100
[09-Jun-2025 15:12:44 UTC] PHP Warning:  Undefined property: stdClass::$background_color in /home/u6583521/public_html/zlinks.id/themes/altum/views/l/biolink_blocks/socials.php on line 29
[09-Jun-2025 15:12:44 UTC] PHP Warning:  Undefined property: stdClass::$pwa_is_enabled in /home/u6583521/public_html/zlinks.id/themes/altum/views/l/biolink_wrapper.php on line 11
[09-Jun-2025 15:12:53 UTC] PHP Warning:  Attempt to read property "type" on null in /home/u6583521/public_html/zlinks.id/themes/altum/views/partials/footer.php on line 100
[09-Jun-2025 15:12:57 UTC] PHP Warning:  Undefined property: stdClass::$splash_page_id in /home/u6583521/public_html/zlinks.id/app/controllers/l/Link.php on line 129
[09-Jun-2025 15:12:57 UTC] PHP Warning:  Undefined property: stdClass::$password in /home/u6583521/public_html/zlinks.id/app/controllers/l/Link.php on line 194
[09-Jun-2025 15:12:57 UTC] PHP Warning:  Undefined property: stdClass::$sensitive_content in /home/u6583521/public_html/zlinks.id/app/controllers/l/Link.php on line 223
[09-Jun-2025 15:42:55 UTC] PHP Warning:  Undefined property: stdClass::$last_submissions_is_enabled in /home/u6583521/public_html/zlinks.id/themes/altum/views/tools/tool_widget_frankfurt.php on line 26
[09-Jun-2025 15:42:55 UTC] PHP Warning:  Attempt to read property "type" on null in /home/u6583521/public_html/zlinks.id/themes/altum/views/partials/footer.php on line 100
[09-Jun-2025 15:44:43 UTC] PHP Warning:  Undefined property: stdClass::$last_submissions_is_enabled in /home/u6583521/public_html/zlinks.id/themes/altum/views/tools/tool_widget_frankfurt.php on line 26
[09-Jun-2025 15:44:43 UTC] PHP Warning:  Attempt to read property "type" on null in /home/u6583521/public_html/zlinks.id/themes/altum/views/partials/footer.php on line 100
[09-Jun-2025 16:03:36 UTC] PHP Warning:  Undefined property: stdClass::$splash_page_id in /home/u6583521/public_html/zlinks.id/app/controllers/l/Link.php on line 129
[09-Jun-2025 16:03:36 UTC] PHP Warning:  Undefined property: stdClass::$password in /home/u6583521/public_html/zlinks.id/app/controllers/l/Link.php on line 194
[09-Jun-2025 16:03:36 UTC] PHP Warning:  Undefined property: stdClass::$sensitive_content in /home/u6583521/public_html/zlinks.id/app/controllers/l/Link.php on line 223
[09-Jun-2025 16:19:27 UTC] PHP Warning:  Attempt to read property "type" on null in /home/u6583521/public_html/zlinks.id/themes/altum/views/partials/footer.php on line 100
[09-Jun-2025 16:21:36 UTC] PHP Warning:  Attempt to read property "type" on null in /home/u6583521/public_html/zlinks.id/themes/altum/views/partials/footer.php on line 100
[09-Jun-2025 16:24:44 UTC] PHP Warning:  Undefined property: stdClass::$last_submissions_is_enabled in /home/u6583521/public_html/zlinks.id/themes/altum/views/tools/tool_widget_frankfurt.php on line 26
[09-Jun-2025 16:24:44 UTC] PHP Warning:  Attempt to read property "type" on null in /home/u6583521/public_html/zlinks.id/themes/altum/views/partials/footer.php on line 100
[09-Jun-2025 16:27:17 UTC] PHP Warning:  Attempt to read property "type" on null in /home/u6583521/public_html/zlinks.id/themes/altum/views/partials/footer.php on line 100
[09-Jun-2025 16:42:28 UTC] PHP Warning:  Undefined property: stdClass::$background_color in /home/u6583521/public_html/zlinks.id/themes/altum/views/l/biolink_blocks/socials.php on line 29
[09-Jun-2025 16:42:28 UTC] PHP Warning:  Undefined property: stdClass::$pwa_is_enabled in /home/u6583521/public_html/zlinks.id/themes/altum/views/l/biolink_wrapper.php on line 11
[09-Jun-2025 17:02:21 UTC] PHP Warning:  Attempt to read property "type" on null in /home/u6583521/public_html/zlinks.id/themes/altum/views/partials/footer.php on line 100
[09-Jun-2025 17:02:31 UTC] PHP Warning:  Attempt to read property "type" on null in /home/u6583521/public_html/zlinks.id/themes/altum/views/partials/footer.php on line 100
[09-Jun-2025 17:02:32 UTC] PHP Warning:  Attempt to read property "type" on null in /home/u6583521/public_html/zlinks.id/themes/altum/views/partials/footer.php on line 100
[09-Jun-2025 17:15:12 UTC] PHP Warning:  Attempt to read property "type" on null in /home/u6583521/public_html/zlinks.id/themes/altum/views/partials/footer.php on line 100
[09-Jun-2025 17:17:43 UTC] PHP Warning:  Attempt to read property "type" on null in /home/u6583521/public_html/zlinks.id/themes/altum/views/partials/footer.php on line 100
[09-Jun-2025 17:17:45 UTC] PHP Warning:  Attempt to read property "type" on null in /home/u6583521/public_html/zlinks.id/themes/altum/views/partials/footer.php on line 100
[09-Jun-2025 17:17:51 UTC] PHP Warning:  Undefined array key "is_newsletter_subscribed" in /home/u6583521/public_html/zlinks.id/app/controllers/Register.php on line 61
[09-Jun-2025 17:21:20 UTC] PHP Warning:  Undefined property: stdClass::$background_color in /home/u6583521/public_html/zlinks.id/themes/altum/views/l/biolink_blocks/socials.php on line 29
[09-Jun-2025 17:21:20 UTC] PHP Warning:  Undefined property: stdClass::$pwa_is_enabled in /home/u6583521/public_html/zlinks.id/themes/altum/views/l/biolink_wrapper.php on line 11
[09-Jun-2025 17:27:00 UTC] PHP Warning:  Undefined array key "Indonesia" in /home/u6583521/public_html/zlinks.id/app/controllers/Sitemap.php on line 98
[09-Jun-2025 18:04:27 UTC] PHP Warning:  Attempt to read property "type" on null in /home/u6583521/public_html/zlinks.id/themes/altum/views/partials/footer.php on line 100
[09-Jun-2025 18:05:07 UTC] PHP Warning:  Attempt to read property "type" on null in /home/u6583521/public_html/zlinks.id/themes/altum/views/partials/footer.php on line 100
[09-Jun-2025 18:05:55 UTC] PHP Warning:  Undefined property: stdClass::$last_submissions_is_enabled in /home/u6583521/public_html/zlinks.id/themes/altum/views/tools/tool_widget_frankfurt.php on line 26
[09-Jun-2025 18:05:55 UTC] PHP Warning:  Attempt to read property "type" on null in /home/u6583521/public_html/zlinks.id/themes/altum/views/partials/footer.php on line 100
[09-Jun-2025 18:41:21 UTC] PHP Warning:  Undefined property: stdClass::$last_submissions_is_enabled in /home/u6583521/public_html/zlinks.id/themes/altum/views/tools/tool_widget_frankfurt.php on line 26
[09-Jun-2025 18:41:21 UTC] PHP Warning:  Attempt to read property "type" on null in /home/u6583521/public_html/zlinks.id/themes/altum/views/partials/footer.php on line 100
[09-Jun-2025 18:50:33 UTC] PHP Warning:  Attempt to read property "type" on null in /home/u6583521/public_html/zlinks.id/themes/altum/views/partials/footer.php on line 100
[09-Jun-2025 18:58:43 UTC] PHP Warning:  Undefined property: stdClass::$background_color in /home/u6583521/public_html/zlinks.id/themes/altum/views/l/biolink_blocks/socials.php on line 29
[09-Jun-2025 18:58:43 UTC] PHP Warning:  Undefined property: stdClass::$pwa_is_enabled in /home/u6583521/public_html/zlinks.id/themes/altum/views/l/biolink_wrapper.php on line 11
[09-Jun-2025 19:09:13 UTC] PHP Warning:  Attempt to read property "type" on null in /home/u6583521/public_html/zlinks.id/themes/altum/views/partials/footer.php on line 100
[09-Jun-2025 19:09:16 UTC] PHP Warning:  Attempt to read property "type" on null in /home/u6583521/public_html/zlinks.id/themes/altum/views/partials/footer.php on line 100
[09-Jun-2025 19:09:40 UTC] PHP Warning:  Attempt to read property "type" on null in /home/u6583521/public_html/zlinks.id/themes/altum/views/partials/footer.php on line 100
[09-Jun-2025 19:09:43 UTC] PHP Warning:  Attempt to read property "type" on null in /home/u6583521/public_html/zlinks.id/themes/altum/views/partials/footer.php on line 100
[09-Jun-2025 19:09:49 UTC] PHP Warning:  Undefined array key "is_newsletter_subscribed" in /home/u6583521/public_html/zlinks.id/app/controllers/Register.php on line 61
[09-Jun-2025 19:15:10 UTC] PHP Warning:  Attempt to read property "type" on null in /home/u6583521/public_html/zlinks.id/themes/altum/views/partials/footer.php on line 100
[09-Jun-2025 19:59:27 UTC] PHP Warning:  Attempt to read property "type" on null in /home/u6583521/public_html/zlinks.id/themes/altum/views/partials/footer.php on line 100
[09-Jun-2025 20:00:10 UTC] PHP Warning:  Attempt to read property "type" on null in /home/u6583521/public_html/zlinks.id/themes/altum/views/partials/footer.php on line 100
[09-Jun-2025 20:00:41 UTC] PHP Warning:  Undefined property: stdClass::$background_color in /home/u6583521/public_html/zlinks.id/themes/altum/views/l/biolink_blocks/socials.php on line 29
[09-Jun-2025 20:00:41 UTC] PHP Warning:  Undefined property: stdClass::$pwa_is_enabled in /home/u6583521/public_html/zlinks.id/themes/altum/views/l/biolink_wrapper.php on line 11
[09-Jun-2025 20:19:54 UTC] PHP Warning:  Attempt to read property "type" on null in /home/u6583521/public_html/zlinks.id/themes/altum/views/partials/footer.php on line 100
[09-Jun-2025 20:36:09 UTC] PHP Warning:  Attempt to read property "type" on null in /home/u6583521/public_html/zlinks.id/themes/altum/views/partials/footer.php on line 100
[09-Jun-2025 20:36:11 UTC] PHP Warning:  Attempt to read property "type" on null in /home/u6583521/public_html/zlinks.id/themes/altum/views/partials/footer.php on line 100
[09-Jun-2025 20:36:17 UTC] PHP Warning:  Undefined array key "is_newsletter_subscribed" in /home/u6583521/public_html/zlinks.id/app/controllers/Register.php on line 61
[09-Jun-2025 20:45:10 UTC] PHP Warning:  Attempt to read property "type" on null in /home/u6583521/public_html/zlinks.id/themes/altum/views/partials/footer.php on line 100
[09-Jun-2025 20:56:37 UTC] PHP Warning:  Undefined property: stdClass::$last_submissions_is_enabled in /home/u6583521/public_html/zlinks.id/themes/altum/views/tools/tool_widget_frankfurt.php on line 26
[09-Jun-2025 20:56:37 UTC] PHP Warning:  Attempt to read property "type" on null in /home/u6583521/public_html/zlinks.id/themes/altum/views/partials/footer.php on line 100
[09-Jun-2025 21:02:37 UTC] PHP Warning:  Undefined property: stdClass::$last_submissions_is_enabled in /home/u6583521/public_html/zlinks.id/themes/altum/views/tools/tool_widget_frankfurt.php on line 26
[09-Jun-2025 21:02:37 UTC] PHP Warning:  Attempt to read property "type" on null in /home/u6583521/public_html/zlinks.id/themes/altum/views/partials/footer.php on line 100
[09-Jun-2025 21:51:10 UTC] PHP Warning:  Attempt to read property "type" on null in /home/u6583521/public_html/zlinks.id/themes/altum/views/partials/footer.php on line 100
[09-Jun-2025 21:51:16 UTC] PHP Warning:  Undefined array key "is_newsletter_subscribed" in /home/u6583521/public_html/zlinks.id/app/controllers/Register.php on line 61
[09-Jun-2025 22:05:37 UTC] PHP Warning:  Attempt to read property "type" on null in /home/u6583521/public_html/zlinks.id/themes/altum/views/partials/footer.php on line 100
[09-Jun-2025 22:05:39 UTC] PHP Warning:  Attempt to read property "type" on null in /home/u6583521/public_html/zlinks.id/themes/altum/views/partials/footer.php on line 100
[09-Jun-2025 22:05:47 UTC] PHP Warning:  Undefined array key "is_newsletter_subscribed" in /home/u6583521/public_html/zlinks.id/app/controllers/Register.php on line 61
[09-Jun-2025 22:10:28 UTC] PHP Warning:  Attempt to read property "type" on null in /home/u6583521/public_html/zlinks.id/themes/altum/views/partials/footer.php on line 100
[09-Jun-2025 22:10:30 UTC] PHP Warning:  Attempt to read property "type" on null in /home/u6583521/public_html/zlinks.id/themes/altum/views/partials/footer.php on line 100
[09-Jun-2025 22:10:37 UTC] PHP Warning:  Undefined array key "is_newsletter_subscribed" in /home/u6583521/public_html/zlinks.id/app/controllers/Register.php on line 61
[09-Jun-2025 22:28:51 UTC] PHP Warning:  Attempt to read property "type" on null in /home/u6583521/public_html/zlinks.id/themes/altum/views/partials/footer.php on line 100
[09-Jun-2025 22:28:59 UTC] PHP Warning:  Undefined array key "is_newsletter_subscribed" in /home/u6583521/public_html/zlinks.id/app/controllers/Register.php on line 61
[09-Jun-2025 22:33:11 UTC] PHP Warning:  Attempt to read property "type" on null in /home/u6583521/public_html/zlinks.id/themes/altum/views/partials/footer.php on line 100
[09-Jun-2025 22:42:41 UTC] PHP Warning:  Attempt to read property "type" on null in /home/u6583521/public_html/zlinks.id/themes/altum/views/partials/footer.php on line 100
[09-Jun-2025 22:58:22 UTC] PHP Warning:  Undefined property: stdClass::$pwa_is_enabled in /home/u6583521/public_html/zlinks.id/themes/altum/views/l/biolink_wrapper.php on line 11
[09-Jun-2025 23:26:47 UTC] PHP Warning:  Attempt to read property "type" on null in /home/u6583521/public_html/zlinks.id/themes/altum/views/partials/footer.php on line 100
[09-Jun-2025 23:26:50 UTC] PHP Warning:  Attempt to read property "type" on null in /home/u6583521/public_html/zlinks.id/themes/altum/views/partials/footer.php on line 100
[09-Jun-2025 23:28:59 UTC] PHP Warning:  Undefined array key "Indonesia" in /home/u6583521/public_html/zlinks.id/app/controllers/Sitemap.php on line 98
[09-Jun-2025 23:44:17 UTC] PHP Warning:  Undefined property: stdClass::$background_color in /home/u6583521/public_html/zlinks.id/themes/altum/views/l/biolink_blocks/socials.php on line 29
[09-Jun-2025 23:44:17 UTC] PHP Warning:  Undefined property: stdClass::$pwa_is_enabled in /home/u6583521/public_html/zlinks.id/themes/altum/views/l/biolink_wrapper.php on line 11
[09-Jun-2025 23:57:01 UTC] PHP Warning:  Undefined property: stdClass::$last_submissions_is_enabled in /home/u6583521/public_html/zlinks.id/themes/altum/views/tools/tool_widget_frankfurt.php on line 26
[09-Jun-2025 23:57:01 UTC] PHP Warning:  Attempt to read property "type" on null in /home/u6583521/public_html/zlinks.id/themes/altum/views/partials/footer.php on line 100
