[02-May-2025 00:04:22 UTC] PHP Warning:  Attempt to read property "type" on null in /home/u6583521/public_html/zlinks.id/themes/altum/views/partials/footer.php on line 100
[02-May-2025 00:04:23 UTC] PHP Warning:  Attempt to read property "type" on null in /home/u6583521/public_html/zlinks.id/themes/altum/views/partials/footer.php on line 100
[02-May-2025 00:04:29 UTC] PHP Warning:  Undefined array key "is_newsletter_subscribed" in /home/u6583521/public_html/zlinks.id/app/controllers/Register.php on line 61
[02-May-2025 00:08:20 UTC] PHP Warning:  Attempt to read property "type" on null in /home/u6583521/public_html/zlinks.id/themes/altum/views/partials/footer.php on line 100
[02-May-2025 00:26:19 UTC] PHP Warning:  Undefined array key "is_newsletter_subscribed" in /home/u6583521/public_html/zlinks.id/app/controllers/Register.php on line 61
[02-May-2025 00:33:42 UTC] PHP Warning:  Undefined property: stdClass::$background_color in /home/u6583521/public_html/zlinks.id/themes/altum/views/l/biolink_blocks/socials.php on line 29
[02-May-2025 00:34:29 UTC] PHP Warning:  Attempt to read property "type" on null in /home/u6583521/public_html/zlinks.id/themes/altum/views/partials/footer.php on line 100
[02-May-2025 00:34:34 UTC] PHP Warning:  Undefined array key "is_newsletter_subscribed" in /home/u6583521/public_html/zlinks.id/app/controllers/Register.php on line 61
[02-May-2025 00:40:18 UTC] PHP Warning:  Undefined property: stdClass::$force_splash_page_on_big_link in /home/u6583521/public_html/zlinks.id/app/controllers/l/Link.php on line 128
[02-May-2025 00:40:18 UTC] PHP Warning:  Undefined property: stdClass::$splash_page_id in /home/u6583521/public_html/zlinks.id/app/controllers/l/Link.php on line 129
[02-May-2025 00:40:18 UTC] PHP Warning:  Undefined property: stdClass::$password in /home/u6583521/public_html/zlinks.id/app/controllers/l/Link.php on line 194
[02-May-2025 00:40:18 UTC] PHP Warning:  Undefined property: stdClass::$sensitive_content in /home/u6583521/public_html/zlinks.id/app/controllers/l/Link.php on line 223
[02-May-2025 00:40:30 UTC] PHP Warning:  Undefined property: stdClass::$splash_page_id in /home/u6583521/public_html/zlinks.id/app/controllers/l/Link.php on line 129
[02-May-2025 00:40:30 UTC] PHP Warning:  Undefined property: stdClass::$password in /home/u6583521/public_html/zlinks.id/app/controllers/l/Link.php on line 194
[02-May-2025 00:40:30 UTC] PHP Warning:  Undefined property: stdClass::$sensitive_content in /home/u6583521/public_html/zlinks.id/app/controllers/l/Link.php on line 223
[02-May-2025 00:40:49 UTC] PHP Warning:  Undefined property: stdClass::$splash_page_id in /home/u6583521/public_html/zlinks.id/app/controllers/l/Link.php on line 129
[02-May-2025 00:40:49 UTC] PHP Warning:  Undefined property: stdClass::$password in /home/u6583521/public_html/zlinks.id/app/controllers/l/Link.php on line 194
[02-May-2025 00:40:49 UTC] PHP Warning:  Undefined property: stdClass::$sensitive_content in /home/u6583521/public_html/zlinks.id/app/controllers/l/Link.php on line 223
[02-May-2025 00:40:55 UTC] PHP Warning:  Undefined property: stdClass::$background_color in /home/u6583521/public_html/zlinks.id/themes/altum/views/l/biolink_blocks/socials.php on line 29
[02-May-2025 00:42:03 UTC] PHP Warning:  Undefined property: stdClass::$last_submissions_is_enabled in /home/u6583521/public_html/zlinks.id/themes/altum/views/tools/tool_widget_frankfurt.php on line 26
[02-May-2025 00:42:03 UTC] PHP Warning:  Attempt to read property "type" on null in /home/u6583521/public_html/zlinks.id/themes/altum/views/partials/footer.php on line 100
[02-May-2025 00:46:43 UTC] PHP Warning:  Attempt to read property "type" on null in /home/u6583521/public_html/zlinks.id/themes/altum/views/partials/footer.php on line 100
[02-May-2025 00:51:35 UTC] PHP Warning:  Attempt to read property "type" on null in /home/u6583521/public_html/zlinks.id/themes/altum/views/partials/footer.php on line 100
[02-May-2025 00:51:42 UTC] PHP Warning:  Undefined array key "is_newsletter_subscribed" in /home/u6583521/public_html/zlinks.id/app/controllers/Register.php on line 61
[02-May-2025 00:57:38 UTC] PHP Warning:  Undefined property: stdClass::$background_color in /home/u6583521/public_html/zlinks.id/themes/altum/views/l/biolink_blocks/socials.php on line 29
[02-May-2025 00:58:39 UTC] PHP Warning:  Attempt to read property "type" on null in /home/u6583521/public_html/zlinks.id/themes/altum/views/partials/footer.php on line 100
[02-May-2025 01:05:52 UTC] PHP Warning:  Undefined property: stdClass::$background_color in /home/u6583521/public_html/zlinks.id/themes/altum/views/l/biolink_blocks/socials.php on line 29
[02-May-2025 01:06:07 UTC] PHP Warning:  Undefined property: stdClass::$splash_page_id in /home/u6583521/public_html/zlinks.id/app/controllers/l/Link.php on line 129
[02-May-2025 01:06:07 UTC] PHP Warning:  Undefined property: stdClass::$password in /home/u6583521/public_html/zlinks.id/app/controllers/l/Link.php on line 194
[02-May-2025 01:06:07 UTC] PHP Warning:  Undefined property: stdClass::$sensitive_content in /home/u6583521/public_html/zlinks.id/app/controllers/l/Link.php on line 223
[02-May-2025 01:07:31 UTC] PHP Warning:  Undefined property: stdClass::$splash_page_id in /home/u6583521/public_html/zlinks.id/app/controllers/l/Link.php on line 129
[02-May-2025 01:07:31 UTC] PHP Warning:  Undefined property: stdClass::$password in /home/u6583521/public_html/zlinks.id/app/controllers/l/Link.php on line 194
[02-May-2025 01:07:31 UTC] PHP Warning:  Undefined property: stdClass::$sensitive_content in /home/u6583521/public_html/zlinks.id/app/controllers/l/Link.php on line 223
[02-May-2025 01:09:30 UTC] PHP Warning:  Attempt to read property "type" on null in /home/u6583521/public_html/zlinks.id/themes/altum/views/partials/footer.php on line 100
[02-May-2025 01:09:39 UTC] PHP Warning:  Attempt to read property "type" on null in /home/u6583521/public_html/zlinks.id/themes/altum/views/partials/footer.php on line 100
[02-May-2025 01:10:50 UTC] PHP Warning:  Undefined property: stdClass::$background_color in /home/u6583521/public_html/zlinks.id/themes/altum/views/l/biolink_blocks/socials.php on line 29
[02-May-2025 01:10:50 UTC] PHP Warning:  Undefined property: stdClass::$background_color in /home/u6583521/public_html/zlinks.id/themes/altum/views/l/biolink_blocks/socials.php on line 29
[02-May-2025 01:10:50 UTC] PHP Warning:  Undefined property: stdClass::$background_color in /home/u6583521/public_html/zlinks.id/themes/altum/views/l/biolink_blocks/socials.php on line 29
[02-May-2025 01:10:51 UTC] PHP Warning:  Undefined property: stdClass::$background_color in /home/u6583521/public_html/zlinks.id/themes/altum/views/l/biolink_blocks/socials.php on line 29
[02-May-2025 01:10:56 UTC] PHP Warning:  Attempt to read property "type" on null in /home/u6583521/public_html/zlinks.id/themes/altum/views/partials/footer.php on line 100
[02-May-2025 01:11:11 UTC] PHP Warning:  Undefined property: stdClass::$background_color in /home/u6583521/public_html/zlinks.id/themes/altum/views/l/biolink_blocks/socials.php on line 29
[02-May-2025 01:11:27 UTC] PHP Warning:  Undefined property: stdClass::$splash_page_id in /home/u6583521/public_html/zlinks.id/app/controllers/l/Link.php on line 129
[02-May-2025 01:11:27 UTC] PHP Warning:  Undefined property: stdClass::$password in /home/u6583521/public_html/zlinks.id/app/controllers/l/Link.php on line 194
[02-May-2025 01:11:27 UTC] PHP Warning:  Undefined property: stdClass::$sensitive_content in /home/u6583521/public_html/zlinks.id/app/controllers/l/Link.php on line 223
[02-May-2025 01:15:18 UTC] PHP Warning:  Attempt to read property "type" on null in /home/u6583521/public_html/zlinks.id/themes/altum/views/partials/footer.php on line 100
[02-May-2025 01:18:13 UTC] PHP Warning:  Undefined property: stdClass::$background_color in /home/u6583521/public_html/zlinks.id/themes/altum/views/l/biolink_blocks/socials.php on line 29
[02-May-2025 01:18:18 UTC] PHP Warning:  Undefined property: stdClass::$splash_page_id in /home/u6583521/public_html/zlinks.id/app/controllers/l/Link.php on line 129
[02-May-2025 01:18:18 UTC] PHP Warning:  Undefined property: stdClass::$password in /home/u6583521/public_html/zlinks.id/app/controllers/l/Link.php on line 194
[02-May-2025 01:18:18 UTC] PHP Warning:  Undefined property: stdClass::$sensitive_content in /home/u6583521/public_html/zlinks.id/app/controllers/l/Link.php on line 223
[02-May-2025 01:24:53 UTC] PHP Warning:  Undefined property: stdClass::$background_color in /home/u6583521/public_html/zlinks.id/themes/altum/views/l/biolink_blocks/socials.php on line 29
[02-May-2025 01:26:52 UTC] PHP Warning:  Undefined property: stdClass::$background_color in /home/u6583521/public_html/zlinks.id/themes/altum/views/l/biolink_blocks/socials.php on line 29
[02-May-2025 01:26:58 UTC] PHP Warning:  Undefined property: stdClass::$splash_page_id in /home/u6583521/public_html/zlinks.id/app/controllers/l/Link.php on line 129
[02-May-2025 01:26:58 UTC] PHP Warning:  Undefined property: stdClass::$password in /home/u6583521/public_html/zlinks.id/app/controllers/l/Link.php on line 194
[02-May-2025 01:26:58 UTC] PHP Warning:  Undefined property: stdClass::$sensitive_content in /home/u6583521/public_html/zlinks.id/app/controllers/l/Link.php on line 223
[02-May-2025 01:34:45 UTC] PHP Warning:  Attempt to read property "plan_settings" on null in /home/u6583521/public_html/zlinks.id/themes/altum/views/directory/index.php on line 23
[02-May-2025 01:34:45 UTC] PHP Warning:  Attempt to read property "export" on null in /home/u6583521/public_html/zlinks.id/themes/altum/views/directory/index.php on line 23
[02-May-2025 01:34:45 UTC] PHP Warning:  Attempt to read property "csv" on null in /home/u6583521/public_html/zlinks.id/themes/altum/views/directory/index.php on line 23
[02-May-2025 01:34:45 UTC] PHP Warning:  Attempt to read property "plan_settings" on null in /home/u6583521/public_html/zlinks.id/themes/altum/views/directory/index.php on line 26
[02-May-2025 01:34:45 UTC] PHP Warning:  Attempt to read property "export" on null in /home/u6583521/public_html/zlinks.id/themes/altum/views/directory/index.php on line 26
[02-May-2025 01:34:45 UTC] PHP Warning:  Attempt to read property "json" on null in /home/u6583521/public_html/zlinks.id/themes/altum/views/directory/index.php on line 26
[02-May-2025 01:34:45 UTC] PHP Warning:  Attempt to read property "plan_settings" on null in /home/u6583521/public_html/zlinks.id/themes/altum/views/directory/index.php on line 29
[02-May-2025 01:34:45 UTC] PHP Warning:  Attempt to read property "export" on null in /home/u6583521/public_html/zlinks.id/themes/altum/views/directory/index.php on line 29
[02-May-2025 01:34:45 UTC] PHP Warning:  Attempt to read property "pdf" on null in /home/u6583521/public_html/zlinks.id/themes/altum/views/directory/index.php on line 29
[02-May-2025 01:34:45 UTC] PHP Warning:  Attempt to read property "type" on null in /home/u6583521/public_html/zlinks.id/themes/altum/views/partials/footer.php on line 100
[02-May-2025 01:34:50 UTC] PHP Warning:  Undefined array key "is_newsletter_subscribed" in /home/u6583521/public_html/zlinks.id/app/controllers/Register.php on line 61
[02-May-2025 01:38:08 UTC] PHP Warning:  Attempt to read property "type" on null in /home/u6583521/public_html/zlinks.id/themes/altum/views/partials/footer.php on line 100
[02-May-2025 01:38:30 UTC] PHP Warning:  Undefined property: stdClass::$background_color in /home/u6583521/public_html/zlinks.id/themes/altum/views/l/biolink_blocks/socials.php on line 29
[02-May-2025 01:38:30 UTC] PHP Warning:  Undefined property: stdClass::$splash_page_id in /home/u6583521/public_html/zlinks.id/app/controllers/l/Link.php on line 129
[02-May-2025 01:38:30 UTC] PHP Warning:  Undefined property: stdClass::$password in /home/u6583521/public_html/zlinks.id/app/controllers/l/Link.php on line 194
[02-May-2025 01:38:30 UTC] PHP Warning:  Undefined property: stdClass::$sensitive_content in /home/u6583521/public_html/zlinks.id/app/controllers/l/Link.php on line 223
[02-May-2025 01:38:42 UTC] PHP Warning:  Undefined property: stdClass::$splash_page_id in /home/u6583521/public_html/zlinks.id/app/controllers/l/Link.php on line 129
[02-May-2025 01:38:42 UTC] PHP Warning:  Undefined property: stdClass::$password in /home/u6583521/public_html/zlinks.id/app/controllers/l/Link.php on line 194
[02-May-2025 01:38:42 UTC] PHP Warning:  Undefined property: stdClass::$sensitive_content in /home/u6583521/public_html/zlinks.id/app/controllers/l/Link.php on line 223
[02-May-2025 01:39:45 UTC] PHP Warning:  Undefined property: stdClass::$background_color in /home/u6583521/public_html/zlinks.id/themes/altum/views/l/biolink_blocks/socials.php on line 29
[02-May-2025 01:39:47 UTC] PHP Warning:  Undefined property: stdClass::$background_color in /home/u6583521/public_html/zlinks.id/themes/altum/views/l/biolink_blocks/socials.php on line 29
[02-May-2025 01:39:47 UTC] PHP Warning:  Undefined property: stdClass::$background_color in /home/u6583521/public_html/zlinks.id/themes/altum/views/l/biolink_blocks/socials.php on line 29
[02-May-2025 01:39:48 UTC] PHP Warning:  Undefined property: stdClass::$background_color in /home/u6583521/public_html/zlinks.id/themes/altum/views/l/biolink_blocks/socials.php on line 29
[02-May-2025 01:40:00 UTC] PHP Warning:  Undefined property: stdClass::$background_color in /home/u6583521/public_html/zlinks.id/themes/altum/views/l/biolink_blocks/socials.php on line 29
[02-May-2025 01:40:00 UTC] PHP Warning:  Undefined property: stdClass::$pwa_is_enabled in /home/u6583521/public_html/zlinks.id/themes/altum/views/l/biolink_wrapper.php on line 11
[02-May-2025 01:45:06 UTC] PHP Warning:  Undefined property: stdClass::$background_color in /home/u6583521/public_html/zlinks.id/themes/altum/views/l/biolink_blocks/socials.php on line 29
[02-May-2025 01:45:28 UTC] PHP Warning:  Undefined property: stdClass::$background_color in /home/u6583521/public_html/zlinks.id/themes/altum/views/l/biolink_blocks/socials.php on line 29
[02-May-2025 01:45:30 UTC] PHP Warning:  Undefined property: stdClass::$background_color in /home/u6583521/public_html/zlinks.id/themes/altum/views/l/biolink_blocks/socials.php on line 29
[02-May-2025 01:45:33 UTC] PHP Warning:  Undefined property: stdClass::$splash_page_id in /home/u6583521/public_html/zlinks.id/app/controllers/l/Link.php on line 129
[02-May-2025 01:45:33 UTC] PHP Warning:  Undefined property: stdClass::$password in /home/u6583521/public_html/zlinks.id/app/controllers/l/Link.php on line 194
[02-May-2025 01:45:33 UTC] PHP Warning:  Undefined property: stdClass::$sensitive_content in /home/u6583521/public_html/zlinks.id/app/controllers/l/Link.php on line 223
[02-May-2025 01:52:42 UTC] PHP Warning:  Undefined property: stdClass::$background_color in /home/u6583521/public_html/zlinks.id/themes/altum/views/l/biolink_blocks/socials.php on line 29
[02-May-2025 02:04:56 UTC] PHP Warning:  Undefined property: stdClass::$background_color in /home/u6583521/public_html/zlinks.id/themes/altum/views/l/biolink_blocks/socials.php on line 29
[02-May-2025 02:05:03 UTC] PHP Warning:  Undefined property: stdClass::$splash_page_id in /home/u6583521/public_html/zlinks.id/app/controllers/l/Link.php on line 129
[02-May-2025 02:05:03 UTC] PHP Warning:  Undefined property: stdClass::$password in /home/u6583521/public_html/zlinks.id/app/controllers/l/Link.php on line 194
[02-May-2025 02:05:03 UTC] PHP Warning:  Undefined property: stdClass::$sensitive_content in /home/u6583521/public_html/zlinks.id/app/controllers/l/Link.php on line 223
[02-May-2025 02:05:28 UTC] PHP Warning:  Undefined property: stdClass::$splash_page_id in /home/u6583521/public_html/zlinks.id/app/controllers/l/Link.php on line 129
[02-May-2025 02:05:28 UTC] PHP Warning:  Undefined property: stdClass::$password in /home/u6583521/public_html/zlinks.id/app/controllers/l/Link.php on line 194
[02-May-2025 02:05:28 UTC] PHP Warning:  Undefined property: stdClass::$sensitive_content in /home/u6583521/public_html/zlinks.id/app/controllers/l/Link.php on line 223
[02-May-2025 02:08:47 UTC] PHP Warning:  Undefined property: stdClass::$last_submissions_is_enabled in /home/u6583521/public_html/zlinks.id/themes/altum/views/tools/tool_widget_frankfurt.php on line 26
[02-May-2025 02:08:47 UTC] PHP Warning:  Attempt to read property "type" on null in /home/u6583521/public_html/zlinks.id/themes/altum/views/partials/footer.php on line 100
[02-May-2025 02:09:32 UTC] PHP Warning:  Attempt to read property "type" on null in /home/u6583521/public_html/zlinks.id/themes/altum/views/partials/footer.php on line 100
[02-May-2025 02:15:30 UTC] PHP Warning:  Undefined property: stdClass::$splash_page_id in /home/u6583521/public_html/zlinks.id/app/controllers/l/Link.php on line 129
[02-May-2025 02:15:30 UTC] PHP Warning:  Undefined property: stdClass::$password in /home/u6583521/public_html/zlinks.id/app/controllers/l/Link.php on line 194
[02-May-2025 02:15:30 UTC] PHP Warning:  Undefined property: stdClass::$sensitive_content in /home/u6583521/public_html/zlinks.id/app/controllers/l/Link.php on line 223
[02-May-2025 02:18:39 UTC] PHP Warning:  Attempt to read property "plan_settings" on null in /home/u6583521/public_html/zlinks.id/themes/altum/views/directory/index.php on line 23
[02-May-2025 02:18:39 UTC] PHP Warning:  Attempt to read property "export" on null in /home/u6583521/public_html/zlinks.id/themes/altum/views/directory/index.php on line 23
[02-May-2025 02:18:39 UTC] PHP Warning:  Attempt to read property "csv" on null in /home/u6583521/public_html/zlinks.id/themes/altum/views/directory/index.php on line 23
[02-May-2025 02:18:39 UTC] PHP Warning:  Attempt to read property "plan_settings" on null in /home/u6583521/public_html/zlinks.id/themes/altum/views/directory/index.php on line 26
[02-May-2025 02:18:39 UTC] PHP Warning:  Attempt to read property "export" on null in /home/u6583521/public_html/zlinks.id/themes/altum/views/directory/index.php on line 26
[02-May-2025 02:18:39 UTC] PHP Warning:  Attempt to read property "json" on null in /home/u6583521/public_html/zlinks.id/themes/altum/views/directory/index.php on line 26
[02-May-2025 02:18:39 UTC] PHP Warning:  Attempt to read property "plan_settings" on null in /home/u6583521/public_html/zlinks.id/themes/altum/views/directory/index.php on line 29
[02-May-2025 02:18:39 UTC] PHP Warning:  Attempt to read property "export" on null in /home/u6583521/public_html/zlinks.id/themes/altum/views/directory/index.php on line 29
[02-May-2025 02:18:39 UTC] PHP Warning:  Attempt to read property "pdf" on null in /home/u6583521/public_html/zlinks.id/themes/altum/views/directory/index.php on line 29
[02-May-2025 02:18:39 UTC] PHP Warning:  Attempt to read property "type" on null in /home/u6583521/public_html/zlinks.id/themes/altum/views/partials/footer.php on line 100
[02-May-2025 02:19:27 UTC] PHP Warning:  Undefined property: stdClass::$background_color in /home/u6583521/public_html/zlinks.id/themes/altum/views/l/biolink_blocks/socials.php on line 29
[02-May-2025 02:19:30 UTC] PHP Warning:  Undefined property: stdClass::$splash_page_id in /home/u6583521/public_html/zlinks.id/app/controllers/l/Link.php on line 129
[02-May-2025 02:19:30 UTC] PHP Warning:  Undefined property: stdClass::$password in /home/u6583521/public_html/zlinks.id/app/controllers/l/Link.php on line 194
[02-May-2025 02:19:30 UTC] PHP Warning:  Undefined property: stdClass::$sensitive_content in /home/u6583521/public_html/zlinks.id/app/controllers/l/Link.php on line 223
[02-May-2025 02:30:48 UTC] PHP Warning:  Undefined array key "is_newsletter_subscribed" in /home/u6583521/public_html/zlinks.id/app/controllers/Register.php on line 61
[02-May-2025 02:36:08 UTC] PHP Warning:  Undefined property: stdClass::$last_submissions_is_enabled in /home/u6583521/public_html/zlinks.id/themes/altum/views/tools/tool_widget_frankfurt.php on line 26
[02-May-2025 02:36:08 UTC] PHP Warning:  Attempt to read property "type" on null in /home/u6583521/public_html/zlinks.id/themes/altum/views/partials/footer.php on line 100
[02-May-2025 02:52:56 UTC] PHP Warning:  Attempt to read property "type" on null in /home/u6583521/public_html/zlinks.id/themes/altum/views/partials/footer.php on line 100
[02-May-2025 02:56:15 UTC] PHP Warning:  Undefined property: stdClass::$background_color in /home/u6583521/public_html/zlinks.id/themes/altum/views/l/biolink_blocks/socials.php on line 29
[02-May-2025 03:03:05 UTC] PHP Warning:  Attempt to read property "type" on null in /home/u6583521/public_html/zlinks.id/themes/altum/views/partials/footer.php on line 100
[02-May-2025 03:03:58 UTC] PHP Warning:  Undefined property: stdClass::$background_color in /home/u6583521/public_html/zlinks.id/themes/altum/views/l/biolink_blocks/socials.php on line 29
[02-May-2025 03:06:02 UTC] PHP Warning:  Undefined property: stdClass::$background_color in /home/u6583521/public_html/zlinks.id/themes/altum/views/l/biolink_blocks/socials.php on line 29
[02-May-2025 03:06:07 UTC] PHP Warning:  Undefined property: stdClass::$splash_page_id in /home/u6583521/public_html/zlinks.id/app/controllers/l/Link.php on line 129
[02-May-2025 03:06:07 UTC] PHP Warning:  Undefined property: stdClass::$password in /home/u6583521/public_html/zlinks.id/app/controllers/l/Link.php on line 194
[02-May-2025 03:06:07 UTC] PHP Warning:  Undefined property: stdClass::$sensitive_content in /home/u6583521/public_html/zlinks.id/app/controllers/l/Link.php on line 223
[02-May-2025 03:28:06 UTC] PHP Warning:  Undefined property: stdClass::$last_submissions_is_enabled in /home/u6583521/public_html/zlinks.id/themes/altum/views/tools/tool_widget_frankfurt.php on line 26
[02-May-2025 03:28:06 UTC] PHP Warning:  Attempt to read property "type" on null in /home/u6583521/public_html/zlinks.id/themes/altum/views/partials/footer.php on line 100
[02-May-2025 03:32:53 UTC] PHP Warning:  Undefined property: stdClass::$last_submissions_is_enabled in /home/u6583521/public_html/zlinks.id/themes/altum/views/tools/tool_widget_frankfurt.php on line 26
[02-May-2025 03:32:53 UTC] PHP Warning:  Attempt to read property "type" on null in /home/u6583521/public_html/zlinks.id/themes/altum/views/partials/footer.php on line 100
[02-May-2025 03:39:37 UTC] PHP Warning:  Undefined property: stdClass::$pwa_is_enabled in /home/u6583521/public_html/zlinks.id/themes/altum/views/l/biolink_wrapper.php on line 11
[02-May-2025 03:41:45 UTC] PHP Warning:  Undefined property: stdClass::$background_color in /home/u6583521/public_html/zlinks.id/themes/altum/views/l/biolink_blocks/socials.php on line 29
[02-May-2025 03:41:53 UTC] PHP Warning:  Undefined property: stdClass::$splash_page_id in /home/u6583521/public_html/zlinks.id/app/controllers/l/Link.php on line 129
[02-May-2025 03:41:53 UTC] PHP Warning:  Undefined property: stdClass::$password in /home/u6583521/public_html/zlinks.id/app/controllers/l/Link.php on line 194
[02-May-2025 03:41:53 UTC] PHP Warning:  Undefined property: stdClass::$sensitive_content in /home/u6583521/public_html/zlinks.id/app/controllers/l/Link.php on line 223
[02-May-2025 03:52:36 UTC] PHP Warning:  Undefined property: stdClass::$last_submissions_is_enabled in /home/u6583521/public_html/zlinks.id/themes/altum/views/tools/tool_widget_frankfurt.php on line 26
[02-May-2025 03:52:36 UTC] PHP Warning:  Attempt to read property "type" on null in /home/u6583521/public_html/zlinks.id/themes/altum/views/partials/footer.php on line 100
[02-May-2025 04:05:13 UTC] PHP Warning:  Attempt to read property "type" on null in /home/u6583521/public_html/zlinks.id/themes/altum/views/partials/footer.php on line 100
[02-May-2025 04:07:06 UTC] PHP Warning:  Undefined property: stdClass::$background_color in /home/u6583521/public_html/zlinks.id/themes/altum/views/l/biolink_blocks/socials.php on line 29
[02-May-2025 04:07:14 UTC] PHP Warning:  Undefined property: stdClass::$splash_page_id in /home/u6583521/public_html/zlinks.id/app/controllers/l/Link.php on line 129
[02-May-2025 04:07:14 UTC] PHP Warning:  Undefined property: stdClass::$password in /home/u6583521/public_html/zlinks.id/app/controllers/l/Link.php on line 194
[02-May-2025 04:07:14 UTC] PHP Warning:  Undefined property: stdClass::$sensitive_content in /home/u6583521/public_html/zlinks.id/app/controllers/l/Link.php on line 223
[02-May-2025 04:08:01 UTC] PHP Warning:  Attempt to read property "type" on null in /home/u6583521/public_html/zlinks.id/themes/altum/views/partials/footer.php on line 100
[02-May-2025 04:08:25 UTC] PHP Warning:  Undefined property: stdClass::$pwa_is_enabled in /home/u6583521/public_html/zlinks.id/themes/altum/views/l/biolink_wrapper.php on line 11
[02-May-2025 04:09:17 UTC] PHP Warning:  Undefined property: stdClass::$pwa_is_enabled in /home/u6583521/public_html/zlinks.id/themes/altum/views/l/biolink_wrapper.php on line 11
[02-May-2025 04:09:30 UTC] PHP Warning:  Undefined property: stdClass::$last_submissions_is_enabled in /home/u6583521/public_html/zlinks.id/themes/altum/views/tools/tool_widget_frankfurt.php on line 26
[02-May-2025 04:09:30 UTC] PHP Warning:  Attempt to read property "type" on null in /home/u6583521/public_html/zlinks.id/themes/altum/views/partials/footer.php on line 100
[02-May-2025 04:13:02 UTC] PHP Warning:  Undefined property: stdClass::$pwa_is_enabled in /home/u6583521/public_html/zlinks.id/themes/altum/views/l/biolink_wrapper.php on line 11
[02-May-2025 04:14:58 UTC] PHP Warning:  Attempt to read property "type" on null in /home/u6583521/public_html/zlinks.id/themes/altum/views/partials/footer.php on line 100
[02-May-2025 04:15:34 UTC] PHP Warning:  Undefined property: stdClass::$pwa_is_enabled in /home/u6583521/public_html/zlinks.id/themes/altum/views/l/biolink_wrapper.php on line 11
[02-May-2025 04:17:57 UTC] PHP Warning:  Undefined property: stdClass::$last_submissions_is_enabled in /home/u6583521/public_html/zlinks.id/themes/altum/views/tools/tool_widget_frankfurt.php on line 26
[02-May-2025 04:17:57 UTC] PHP Warning:  Attempt to read property "type" on null in /home/u6583521/public_html/zlinks.id/themes/altum/views/partials/footer.php on line 100
[02-May-2025 04:29:01 UTC] PHP Warning:  Undefined property: stdClass::$last_submissions_is_enabled in /home/u6583521/public_html/zlinks.id/themes/altum/views/tools/tool_widget_frankfurt.php on line 26
[02-May-2025 04:29:01 UTC] PHP Warning:  Attempt to read property "type" on null in /home/u6583521/public_html/zlinks.id/themes/altum/views/partials/footer.php on line 100
[02-May-2025 04:29:09 UTC] PHP Warning:  Undefined property: stdClass::$last_submissions_is_enabled in /home/u6583521/public_html/zlinks.id/themes/altum/views/tools/tool_widget_frankfurt.php on line 26
[02-May-2025 04:29:09 UTC] PHP Warning:  Attempt to read property "type" on null in /home/u6583521/public_html/zlinks.id/themes/altum/views/partials/footer.php on line 100
[02-May-2025 04:29:25 UTC] PHP Warning:  Undefined property: stdClass::$last_submissions_is_enabled in /home/u6583521/public_html/zlinks.id/themes/altum/views/tools/tool_widget_frankfurt.php on line 26
[02-May-2025 04:29:25 UTC] PHP Warning:  Attempt to read property "type" on null in /home/u6583521/public_html/zlinks.id/themes/altum/views/partials/footer.php on line 100
[02-May-2025 04:29:27 UTC] PHP Warning:  Undefined property: stdClass::$last_submissions_is_enabled in /home/u6583521/public_html/zlinks.id/themes/altum/views/tools/tool_widget_frankfurt.php on line 26
[02-May-2025 04:29:27 UTC] PHP Warning:  Attempt to read property "type" on null in /home/u6583521/public_html/zlinks.id/themes/altum/views/partials/footer.php on line 100
[02-May-2025 04:36:59 UTC] PHP Warning:  Undefined property: stdClass::$last_submissions_is_enabled in /home/u6583521/public_html/zlinks.id/themes/altum/views/tools/tool_widget_frankfurt.php on line 26
[02-May-2025 04:36:59 UTC] PHP Warning:  Attempt to read property "type" on null in /home/u6583521/public_html/zlinks.id/themes/altum/views/partials/footer.php on line 100
[02-May-2025 04:37:28 UTC] PHP Warning:  Undefined property: stdClass::$last_submissions_is_enabled in /home/u6583521/public_html/zlinks.id/themes/altum/views/tools/tool_widget_frankfurt.php on line 26
[02-May-2025 04:37:28 UTC] PHP Warning:  Attempt to read property "type" on null in /home/u6583521/public_html/zlinks.id/themes/altum/views/partials/footer.php on line 100
[02-May-2025 04:39:02 UTC] PHP Warning:  Undefined property: stdClass::$last_submissions_is_enabled in /home/u6583521/public_html/zlinks.id/themes/altum/views/tools/tool_widget_frankfurt.php on line 26
[02-May-2025 04:39:02 UTC] PHP Warning:  Attempt to read property "type" on null in /home/u6583521/public_html/zlinks.id/themes/altum/views/partials/footer.php on line 100
[02-May-2025 04:39:11 UTC] PHP Warning:  Undefined property: stdClass::$last_submissions_is_enabled in /home/u6583521/public_html/zlinks.id/themes/altum/views/tools/tool_widget_frankfurt.php on line 26
[02-May-2025 04:39:11 UTC] PHP Warning:  Attempt to read property "type" on null in /home/u6583521/public_html/zlinks.id/themes/altum/views/partials/footer.php on line 100
[02-May-2025 04:53:49 UTC] PHP Warning:  Undefined property: stdClass::$last_submissions_is_enabled in /home/u6583521/public_html/zlinks.id/themes/altum/views/tools/tool_widget_frankfurt.php on line 26
[02-May-2025 04:53:49 UTC] PHP Warning:  Attempt to read property "type" on null in /home/u6583521/public_html/zlinks.id/themes/altum/views/partials/footer.php on line 100
[02-May-2025 04:55:25 UTC] PHP Warning:  Undefined property: stdClass::$last_submissions_is_enabled in /home/u6583521/public_html/zlinks.id/themes/altum/views/tools/tool_widget_frankfurt.php on line 26
[02-May-2025 04:55:25 UTC] PHP Warning:  Attempt to read property "type" on null in /home/u6583521/public_html/zlinks.id/themes/altum/views/partials/footer.php on line 100
[02-May-2025 04:57:00 UTC] PHP Warning:  Undefined property: stdClass::$last_submissions_is_enabled in /home/u6583521/public_html/zlinks.id/themes/altum/views/tools/tool_widget_frankfurt.php on line 26
[02-May-2025 04:57:00 UTC] PHP Warning:  Attempt to read property "type" on null in /home/u6583521/public_html/zlinks.id/themes/altum/views/partials/footer.php on line 100
[02-May-2025 04:58:58 UTC] PHP Warning:  Undefined property: stdClass::$last_submissions_is_enabled in /home/u6583521/public_html/zlinks.id/themes/altum/views/tools/tool_widget_frankfurt.php on line 26
[02-May-2025 04:58:58 UTC] PHP Warning:  Attempt to read property "type" on null in /home/u6583521/public_html/zlinks.id/themes/altum/views/partials/footer.php on line 100
[02-May-2025 04:59:01 UTC] PHP Warning:  Undefined property: stdClass::$last_submissions_is_enabled in /home/u6583521/public_html/zlinks.id/themes/altum/views/tools/tool_widget_frankfurt.php on line 26
[02-May-2025 04:59:01 UTC] PHP Warning:  Attempt to read property "type" on null in /home/u6583521/public_html/zlinks.id/themes/altum/views/partials/footer.php on line 100
[02-May-2025 05:01:25 UTC] PHP Warning:  Undefined property: stdClass::$last_submissions_is_enabled in /home/u6583521/public_html/zlinks.id/themes/altum/views/tools/tool_widget_frankfurt.php on line 26
[02-May-2025 05:01:25 UTC] PHP Warning:  Attempt to read property "type" on null in /home/u6583521/public_html/zlinks.id/themes/altum/views/partials/footer.php on line 100
[02-May-2025 05:03:18 UTC] PHP Warning:  Undefined property: stdClass::$last_submissions_is_enabled in /home/u6583521/public_html/zlinks.id/themes/altum/views/tools/tool_widget_frankfurt.php on line 26
[02-May-2025 05:03:18 UTC] PHP Warning:  Attempt to read property "type" on null in /home/u6583521/public_html/zlinks.id/themes/altum/views/partials/footer.php on line 100
[02-May-2025 05:07:06 UTC] PHP Warning:  Undefined property: stdClass::$last_submissions_is_enabled in /home/u6583521/public_html/zlinks.id/themes/altum/views/tools/tool_widget_frankfurt.php on line 26
[02-May-2025 05:07:06 UTC] PHP Warning:  Attempt to read property "type" on null in /home/u6583521/public_html/zlinks.id/themes/altum/views/partials/footer.php on line 100
[02-May-2025 05:09:09 UTC] PHP Warning:  Undefined property: stdClass::$last_submissions_is_enabled in /home/u6583521/public_html/zlinks.id/themes/altum/views/tools/tool_widget_frankfurt.php on line 26
[02-May-2025 05:09:09 UTC] PHP Warning:  Attempt to read property "type" on null in /home/u6583521/public_html/zlinks.id/themes/altum/views/partials/footer.php on line 100
[02-May-2025 05:09:28 UTC] PHP Warning:  Undefined property: stdClass::$last_submissions_is_enabled in /home/u6583521/public_html/zlinks.id/themes/altum/views/tools/tool_widget_frankfurt.php on line 26
[02-May-2025 05:09:28 UTC] PHP Warning:  Attempt to read property "type" on null in /home/u6583521/public_html/zlinks.id/themes/altum/views/partials/footer.php on line 100
[02-May-2025 05:10:21 UTC] PHP Warning:  Undefined property: stdClass::$last_submissions_is_enabled in /home/u6583521/public_html/zlinks.id/themes/altum/views/tools/tool_widget_frankfurt.php on line 26
[02-May-2025 05:10:21 UTC] PHP Warning:  Attempt to read property "type" on null in /home/u6583521/public_html/zlinks.id/themes/altum/views/partials/footer.php on line 100
[02-May-2025 05:13:25 UTC] PHP Warning:  Undefined property: stdClass::$last_submissions_is_enabled in /home/u6583521/public_html/zlinks.id/themes/altum/views/tools/tool_widget_frankfurt.php on line 26
[02-May-2025 05:13:25 UTC] PHP Warning:  Attempt to read property "type" on null in /home/u6583521/public_html/zlinks.id/themes/altum/views/partials/footer.php on line 100
[02-May-2025 05:16:48 UTC] PHP Warning:  Attempt to read property "type" on null in /home/u6583521/public_html/zlinks.id/themes/altum/views/partials/footer.php on line 100
[02-May-2025 05:17:18 UTC] PHP Warning:  Attempt to read property "type" on null in /home/u6583521/public_html/zlinks.id/themes/altum/views/partials/footer.php on line 100
[02-May-2025 05:22:10 UTC] PHP Warning:  Attempt to read property "type" on null in /home/u6583521/public_html/zlinks.id/themes/altum/views/partials/footer.php on line 100
[02-May-2025 05:22:19 UTC] PHP Warning:  Attempt to read property "type" on null in /home/u6583521/public_html/zlinks.id/themes/altum/views/partials/footer.php on line 100
[02-May-2025 05:25:29 UTC] PHP Warning:  Undefined property: stdClass::$last_submissions_is_enabled in /home/u6583521/public_html/zlinks.id/themes/altum/views/tools/tool_widget_frankfurt.php on line 26
[02-May-2025 05:25:29 UTC] PHP Warning:  Attempt to read property "type" on null in /home/u6583521/public_html/zlinks.id/themes/altum/views/partials/footer.php on line 100
[02-May-2025 05:25:30 UTC] PHP Warning:  Attempt to read property "type" on null in /home/u6583521/public_html/zlinks.id/themes/altum/views/partials/footer.php on line 100
[02-May-2025 05:32:40 UTC] PHP Warning:  Undefined property: stdClass::$last_submissions_is_enabled in /home/u6583521/public_html/zlinks.id/themes/altum/views/tools/tool_widget_frankfurt.php on line 26
[02-May-2025 05:32:40 UTC] PHP Warning:  Attempt to read property "type" on null in /home/u6583521/public_html/zlinks.id/themes/altum/views/partials/footer.php on line 100
[02-May-2025 05:35:01 UTC] PHP Warning:  Attempt to read property "type" on null in /home/u6583521/public_html/zlinks.id/themes/altum/views/partials/footer.php on line 100
[02-May-2025 05:35:07 UTC] PHP Warning:  Undefined array key "is_newsletter_subscribed" in /home/u6583521/public_html/zlinks.id/app/controllers/Register.php on line 61
[02-May-2025 05:42:28 UTC] PHP Warning:  Attempt to read property "type" on null in /home/u6583521/public_html/zlinks.id/themes/altum/views/partials/footer.php on line 100
[02-May-2025 05:51:16 UTC] PHP Warning:  Undefined property: stdClass::$background_color in /home/u6583521/public_html/zlinks.id/themes/altum/views/l/biolink_blocks/socials.php on line 29
[02-May-2025 05:53:25 UTC] PHP Warning:  Attempt to read property "type" on null in /home/u6583521/public_html/zlinks.id/themes/altum/views/partials/footer.php on line 100
[02-May-2025 05:57:38 UTC] PHP Warning:  Attempt to read property "type" on null in /home/u6583521/public_html/zlinks.id/themes/altum/views/partials/footer.php on line 100
[02-May-2025 06:02:13 UTC] PHP Warning:  Undefined property: stdClass::$background_color in /home/u6583521/public_html/zlinks.id/themes/altum/views/l/biolink_blocks/socials.php on line 29
[02-May-2025 06:02:20 UTC] PHP Warning:  Undefined property: stdClass::$splash_page_id in /home/u6583521/public_html/zlinks.id/app/controllers/l/Link.php on line 129
[02-May-2025 06:02:20 UTC] PHP Warning:  Undefined property: stdClass::$password in /home/u6583521/public_html/zlinks.id/app/controllers/l/Link.php on line 194
[02-May-2025 06:02:20 UTC] PHP Warning:  Undefined property: stdClass::$sensitive_content in /home/u6583521/public_html/zlinks.id/app/controllers/l/Link.php on line 223
[02-May-2025 06:09:55 UTC] PHP Warning:  Undefined property: stdClass::$last_submissions_is_enabled in /home/u6583521/public_html/zlinks.id/themes/altum/views/tools/tool_widget_frankfurt.php on line 26
[02-May-2025 06:09:55 UTC] PHP Warning:  Attempt to read property "type" on null in /home/u6583521/public_html/zlinks.id/themes/altum/views/partials/footer.php on line 100
[02-May-2025 06:10:26 UTC] PHP Warning:  Undefined property: stdClass::$last_submissions_is_enabled in /home/u6583521/public_html/zlinks.id/themes/altum/views/tools/tool_widget_frankfurt.php on line 26
[02-May-2025 06:10:26 UTC] PHP Warning:  Attempt to read property "type" on null in /home/u6583521/public_html/zlinks.id/themes/altum/views/partials/footer.php on line 100
[02-May-2025 06:17:26 UTC] PHP Warning:  Undefined property: stdClass::$splash_page_id in /home/u6583521/public_html/zlinks.id/app/controllers/l/Link.php on line 129
[02-May-2025 06:17:26 UTC] PHP Warning:  Undefined property: stdClass::$password in /home/u6583521/public_html/zlinks.id/app/controllers/l/Link.php on line 194
[02-May-2025 06:17:26 UTC] PHP Warning:  Undefined property: stdClass::$sensitive_content in /home/u6583521/public_html/zlinks.id/app/controllers/l/Link.php on line 223
[02-May-2025 06:17:26 UTC] PHP Warning:  Undefined property: stdClass::$background_color in /home/u6583521/public_html/zlinks.id/themes/altum/views/l/biolink_blocks/socials.php on line 29
[02-May-2025 06:17:36 UTC] PHP Warning:  Undefined property: stdClass::$splash_page_id in /home/u6583521/public_html/zlinks.id/app/controllers/l/Link.php on line 129
[02-May-2025 06:17:36 UTC] PHP Warning:  Undefined property: stdClass::$password in /home/u6583521/public_html/zlinks.id/app/controllers/l/Link.php on line 194
[02-May-2025 06:17:36 UTC] PHP Warning:  Undefined property: stdClass::$sensitive_content in /home/u6583521/public_html/zlinks.id/app/controllers/l/Link.php on line 223
[02-May-2025 06:22:57 UTC] PHP Warning:  Attempt to read property "type" on null in /home/u6583521/public_html/zlinks.id/themes/altum/views/partials/footer.php on line 100
[02-May-2025 06:23:02 UTC] PHP Warning:  Undefined property: stdClass::$splash_page_id in /home/u6583521/public_html/zlinks.id/app/controllers/l/Link.php on line 129
[02-May-2025 06:23:02 UTC] PHP Warning:  Undefined property: stdClass::$password in /home/u6583521/public_html/zlinks.id/app/controllers/l/Link.php on line 194
[02-May-2025 06:23:02 UTC] PHP Warning:  Undefined property: stdClass::$sensitive_content in /home/u6583521/public_html/zlinks.id/app/controllers/l/Link.php on line 223
[02-May-2025 06:23:02 UTC] PHP Warning:  Undefined property: stdClass::$background_color in /home/u6583521/public_html/zlinks.id/themes/altum/views/l/biolink_blocks/socials.php on line 29
[02-May-2025 06:23:15 UTC] PHP Warning:  Undefined property: stdClass::$splash_page_id in /home/u6583521/public_html/zlinks.id/app/controllers/l/Link.php on line 129
[02-May-2025 06:23:15 UTC] PHP Warning:  Undefined property: stdClass::$password in /home/u6583521/public_html/zlinks.id/app/controllers/l/Link.php on line 194
[02-May-2025 06:23:15 UTC] PHP Warning:  Undefined property: stdClass::$sensitive_content in /home/u6583521/public_html/zlinks.id/app/controllers/l/Link.php on line 223
[02-May-2025 06:23:34 UTC] PHP Warning:  Attempt to read property "type" on null in /home/u6583521/public_html/zlinks.id/themes/altum/views/partials/footer.php on line 100
[02-May-2025 06:32:35 UTC] PHP Warning:  Undefined property: stdClass::$background_color in /home/u6583521/public_html/zlinks.id/themes/altum/views/l/biolink_blocks/socials.php on line 29
[02-May-2025 06:41:19 UTC] PHP Warning:  Undefined property: stdClass::$splash_page_id in /home/u6583521/public_html/zlinks.id/app/controllers/l/Link.php on line 129
[02-May-2025 06:41:19 UTC] PHP Warning:  Undefined property: stdClass::$password in /home/u6583521/public_html/zlinks.id/app/controllers/l/Link.php on line 194
[02-May-2025 06:41:19 UTC] PHP Warning:  Undefined property: stdClass::$sensitive_content in /home/u6583521/public_html/zlinks.id/app/controllers/l/Link.php on line 223
[02-May-2025 06:42:40 UTC] PHP Warning:  Undefined property: stdClass::$splash_page_id in /home/u6583521/public_html/zlinks.id/app/controllers/l/Link.php on line 129
[02-May-2025 06:42:40 UTC] PHP Warning:  Undefined property: stdClass::$password in /home/u6583521/public_html/zlinks.id/app/controllers/l/Link.php on line 194
[02-May-2025 06:42:40 UTC] PHP Warning:  Undefined property: stdClass::$sensitive_content in /home/u6583521/public_html/zlinks.id/app/controllers/l/Link.php on line 223
[02-May-2025 06:47:07 UTC] PHP Warning:  Attempt to read property "type" on null in /home/u6583521/public_html/zlinks.id/themes/altum/views/partials/footer.php on line 100
[02-May-2025 06:48:03 UTC] PHP Warning:  Undefined property: stdClass::$background_color in /home/u6583521/public_html/zlinks.id/themes/altum/views/l/biolink_blocks/socials.php on line 29
[02-May-2025 06:48:03 UTC] PHP Warning:  Undefined property: stdClass::$background_color in /home/u6583521/public_html/zlinks.id/themes/altum/views/l/biolink_blocks/socials.php on line 29
[02-May-2025 06:48:03 UTC] PHP Warning:  Undefined property: stdClass::$background_color in /home/u6583521/public_html/zlinks.id/themes/altum/views/l/biolink_blocks/socials.php on line 29
[02-May-2025 06:48:22 UTC] PHP Warning:  Undefined property: stdClass::$background_color in /home/u6583521/public_html/zlinks.id/themes/altum/views/l/biolink_blocks/socials.php on line 29
[02-May-2025 06:48:31 UTC] PHP Warning:  Undefined property: stdClass::$splash_page_id in /home/u6583521/public_html/zlinks.id/app/controllers/l/Link.php on line 129
[02-May-2025 06:48:31 UTC] PHP Warning:  Undefined property: stdClass::$password in /home/u6583521/public_html/zlinks.id/app/controllers/l/Link.php on line 194
[02-May-2025 06:48:31 UTC] PHP Warning:  Undefined property: stdClass::$sensitive_content in /home/u6583521/public_html/zlinks.id/app/controllers/l/Link.php on line 223
[02-May-2025 06:51:10 UTC] PHP Warning:  Attempt to read property "type" on null in /home/u6583521/public_html/zlinks.id/themes/altum/views/partials/footer.php on line 100
[02-May-2025 06:51:14 UTC] PHP Warning:  Attempt to read property "type" on null in /home/u6583521/public_html/zlinks.id/themes/altum/views/partials/footer.php on line 100
[02-May-2025 06:56:40 UTC] PHP Warning:  Undefined property: stdClass::$background_color in /home/u6583521/public_html/zlinks.id/themes/altum/views/l/biolink_blocks/socials.php on line 29
[02-May-2025 06:56:46 UTC] PHP Warning:  Undefined property: stdClass::$splash_page_id in /home/u6583521/public_html/zlinks.id/app/controllers/l/Link.php on line 129
[02-May-2025 06:56:46 UTC] PHP Warning:  Undefined property: stdClass::$password in /home/u6583521/public_html/zlinks.id/app/controllers/l/Link.php on line 194
[02-May-2025 06:56:46 UTC] PHP Warning:  Undefined property: stdClass::$sensitive_content in /home/u6583521/public_html/zlinks.id/app/controllers/l/Link.php on line 223
[02-May-2025 07:04:04 UTC] PHP Warning:  Undefined property: stdClass::$last_submissions_is_enabled in /home/u6583521/public_html/zlinks.id/themes/altum/views/tools/tool_widget_frankfurt.php on line 26
[02-May-2025 07:04:04 UTC] PHP Warning:  Attempt to read property "type" on null in /home/u6583521/public_html/zlinks.id/themes/altum/views/partials/footer.php on line 100
[02-May-2025 07:20:13 UTC] PHP Warning:  Attempt to read property "type" on null in /home/u6583521/public_html/zlinks.id/themes/altum/views/partials/footer.php on line 100
[02-May-2025 07:23:34 UTC] PHP Warning:  Attempt to read property "type" on null in /home/u6583521/public_html/zlinks.id/themes/altum/views/partials/footer.php on line 100
[02-May-2025 07:25:05 UTC] PHP Warning:  Undefined property: stdClass::$last_submissions_is_enabled in /home/u6583521/public_html/zlinks.id/themes/altum/views/tools/tool_widget_frankfurt.php on line 26
[02-May-2025 07:25:05 UTC] PHP Warning:  Attempt to read property "type" on null in /home/u6583521/public_html/zlinks.id/themes/altum/views/partials/footer.php on line 100
[02-May-2025 07:31:12 UTC] PHP Warning:  Attempt to read property "type" on null in /home/u6583521/public_html/zlinks.id/themes/altum/views/partials/footer.php on line 100
[02-May-2025 07:40:26 UTC] PHP Warning:  Undefined property: stdClass::$background_color in /home/u6583521/public_html/zlinks.id/themes/altum/views/l/biolink_blocks/socials.php on line 29
[02-May-2025 07:40:27 UTC] PHP Warning:  Attempt to read property "type" on null in /home/u6583521/public_html/zlinks.id/themes/altum/views/partials/footer.php on line 100
[02-May-2025 07:43:18 UTC] PHP Warning:  Attempt to read property "type" on null in /home/u6583521/public_html/zlinks.id/themes/altum/views/partials/footer.php on line 100
[02-May-2025 07:55:36 UTC] PHP Warning:  Attempt to read property "type" on null in /home/u6583521/public_html/zlinks.id/themes/altum/views/partials/footer.php on line 100
[02-May-2025 08:08:59 UTC] PHP Warning:  Attempt to read property "type" on null in /home/u6583521/public_html/zlinks.id/themes/altum/views/partials/footer.php on line 100
[02-May-2025 08:12:33 UTC] PHP Warning:  Undefined property: stdClass::$last_submissions_is_enabled in /home/u6583521/public_html/zlinks.id/themes/altum/views/tools/tool_widget_frankfurt.php on line 26
[02-May-2025 08:12:33 UTC] PHP Warning:  Attempt to read property "type" on null in /home/u6583521/public_html/zlinks.id/themes/altum/views/partials/footer.php on line 100
[02-May-2025 08:20:06 UTC] PHP Warning:  Attempt to read property "type" on null in /home/u6583521/public_html/zlinks.id/themes/altum/views/partials/footer.php on line 100
[02-May-2025 08:29:12 UTC] PHP Warning:  Attempt to read property "type" on null in /home/u6583521/public_html/zlinks.id/themes/altum/views/partials/footer.php on line 100
[02-May-2025 08:49:19 UTC] PHP Warning:  Attempt to read property "type" on null in /home/u6583521/public_html/zlinks.id/themes/altum/views/partials/footer.php on line 100
[02-May-2025 08:50:14 UTC] PHP Warning:  Attempt to read property "type" on null in /home/u6583521/public_html/zlinks.id/themes/altum/views/partials/footer.php on line 100
[02-May-2025 08:53:45 UTC] PHP Warning:  Undefined array key "is_newsletter_subscribed" in /home/u6583521/public_html/zlinks.id/app/controllers/Register.php on line 61
[02-May-2025 08:54:11 UTC] PHP Warning:  Undefined property: stdClass::$last_submissions_is_enabled in /home/u6583521/public_html/zlinks.id/themes/altum/views/tools/tool_widget_frankfurt.php on line 26
[02-May-2025 08:54:11 UTC] PHP Warning:  Attempt to read property "type" on null in /home/u6583521/public_html/zlinks.id/themes/altum/views/partials/footer.php on line 100
[02-May-2025 09:02:21 UTC] PHP Warning:  Undefined array key "Indonesia" in /home/u6583521/public_html/zlinks.id/app/controllers/Sitemap.php on line 98
[02-May-2025 09:07:55 UTC] PHP Warning:  Undefined property: stdClass::$background_color in /home/u6583521/public_html/zlinks.id/themes/altum/views/l/biolink_blocks/socials.php on line 29
[02-May-2025 09:14:20 UTC] PHP Warning:  Attempt to read property "type" on null in /home/u6583521/public_html/zlinks.id/themes/altum/views/partials/footer.php on line 100
[02-May-2025 09:18:02 UTC] PHP Warning:  Undefined property: stdClass::$background_color in /home/u6583521/public_html/zlinks.id/themes/altum/views/l/biolink_blocks/socials.php on line 29
[02-May-2025 09:21:11 UTC] PHP Warning:  Attempt to read property "type" on null in /home/u6583521/public_html/zlinks.id/themes/altum/views/partials/footer.php on line 100
[02-May-2025 09:34:27 UTC] PHP Warning:  Undefined property: stdClass::$last_submissions_is_enabled in /home/u6583521/public_html/zlinks.id/themes/altum/views/tools/tool_widget_frankfurt.php on line 26
[02-May-2025 09:34:27 UTC] PHP Warning:  Attempt to read property "type" on null in /home/u6583521/public_html/zlinks.id/themes/altum/views/partials/footer.php on line 100
[02-May-2025 09:35:43 UTC] PHP Warning:  Attempt to read property "type" on null in /home/u6583521/public_html/zlinks.id/themes/altum/views/partials/footer.php on line 100
[02-May-2025 09:42:58 UTC] PHP Warning:  Attempt to read property "type" on null in /home/u6583521/public_html/zlinks.id/themes/altum/views/partials/footer.php on line 100
[02-May-2025 09:43:04 UTC] PHP Warning:  Undefined array key "is_newsletter_subscribed" in /home/u6583521/public_html/zlinks.id/app/controllers/Register.php on line 61
[02-May-2025 09:45:27 UTC] PHP Warning:  Attempt to read property "type" on null in /home/u6583521/public_html/zlinks.id/themes/altum/views/partials/footer.php on line 100
[02-May-2025 09:45:46 UTC] PHP Warning:  Undefined property: stdClass::$last_submissions_is_enabled in /home/u6583521/public_html/zlinks.id/themes/altum/views/tools/tool_widget_frankfurt.php on line 26
[02-May-2025 09:45:46 UTC] PHP Warning:  Attempt to read property "type" on null in /home/u6583521/public_html/zlinks.id/themes/altum/views/partials/footer.php on line 100
[02-May-2025 09:50:12 UTC] PHP Warning:  Attempt to read property "type" on null in /home/u6583521/public_html/zlinks.id/themes/altum/views/partials/footer.php on line 100
[02-May-2025 09:51:35 UTC] PHP Warning:  Attempt to read property "type" on null in /home/u6583521/public_html/zlinks.id/themes/altum/views/partials/footer.php on line 100
[02-May-2025 09:51:57 UTC] PHP Warning:  Attempt to read property "type" on null in /home/u6583521/public_html/zlinks.id/themes/altum/views/partials/footer.php on line 100
[02-May-2025 09:53:22 UTC] PHP Warning:  Attempt to read property "type" on null in /home/u6583521/public_html/zlinks.id/themes/altum/views/partials/footer.php on line 100
[02-May-2025 09:59:09 UTC] PHP Warning:  Undefined property: stdClass::$background_color in /home/u6583521/public_html/zlinks.id/themes/altum/views/l/biolink_blocks/socials.php on line 29
[02-May-2025 09:59:11 UTC] PHP Warning:  Undefined property: stdClass::$force_splash_page_on_big_link in /home/u6583521/public_html/zlinks.id/app/controllers/l/Link.php on line 128
[02-May-2025 09:59:11 UTC] PHP Warning:  Undefined property: stdClass::$splash_page_id in /home/u6583521/public_html/zlinks.id/app/controllers/l/Link.php on line 129
[02-May-2025 09:59:11 UTC] PHP Warning:  Undefined property: stdClass::$password in /home/u6583521/public_html/zlinks.id/app/controllers/l/Link.php on line 194
[02-May-2025 09:59:11 UTC] PHP Warning:  Undefined property: stdClass::$sensitive_content in /home/u6583521/public_html/zlinks.id/app/controllers/l/Link.php on line 223
[02-May-2025 09:59:15 UTC] PHP Warning:  Undefined property: stdClass::$splash_page_id in /home/u6583521/public_html/zlinks.id/app/controllers/l/Link.php on line 129
[02-May-2025 09:59:15 UTC] PHP Warning:  Undefined property: stdClass::$password in /home/u6583521/public_html/zlinks.id/app/controllers/l/Link.php on line 194
[02-May-2025 09:59:15 UTC] PHP Warning:  Undefined property: stdClass::$sensitive_content in /home/u6583521/public_html/zlinks.id/app/controllers/l/Link.php on line 223
[02-May-2025 09:59:29 UTC] PHP Warning:  Undefined property: stdClass::$background_color in /home/u6583521/public_html/zlinks.id/themes/altum/views/l/biolink_blocks/socials.php on line 29
[02-May-2025 09:59:32 UTC] PHP Warning:  Undefined property: stdClass::$splash_page_id in /home/u6583521/public_html/zlinks.id/app/controllers/l/Link.php on line 129
[02-May-2025 09:59:32 UTC] PHP Warning:  Undefined property: stdClass::$password in /home/u6583521/public_html/zlinks.id/app/controllers/l/Link.php on line 194
[02-May-2025 09:59:32 UTC] PHP Warning:  Undefined property: stdClass::$sensitive_content in /home/u6583521/public_html/zlinks.id/app/controllers/l/Link.php on line 223
[02-May-2025 10:00:22 UTC] PHP Warning:  Undefined property: stdClass::$background_color in /home/u6583521/public_html/zlinks.id/themes/altum/views/l/biolink_blocks/socials.php on line 29
[02-May-2025 10:00:26 UTC] PHP Warning:  Undefined property: stdClass::$splash_page_id in /home/u6583521/public_html/zlinks.id/app/controllers/l/Link.php on line 129
[02-May-2025 10:00:26 UTC] PHP Warning:  Undefined property: stdClass::$password in /home/u6583521/public_html/zlinks.id/app/controllers/l/Link.php on line 194
[02-May-2025 10:00:26 UTC] PHP Warning:  Undefined property: stdClass::$sensitive_content in /home/u6583521/public_html/zlinks.id/app/controllers/l/Link.php on line 223
[02-May-2025 10:08:02 UTC] PHP Warning:  Undefined property: stdClass::$last_submissions_is_enabled in /home/u6583521/public_html/zlinks.id/themes/altum/views/tools/tool_widget_frankfurt.php on line 26
[02-May-2025 10:08:02 UTC] PHP Warning:  Attempt to read property "type" on null in /home/u6583521/public_html/zlinks.id/themes/altum/views/partials/footer.php on line 100
[02-May-2025 10:13:48 UTC] PHP Warning:  Attempt to read property "type" on null in /home/u6583521/public_html/zlinks.id/themes/altum/views/partials/footer.php on line 100
[02-May-2025 10:13:56 UTC] PHP Warning:  Undefined array key "is_newsletter_subscribed" in /home/u6583521/public_html/zlinks.id/app/controllers/Register.php on line 61
[02-May-2025 10:43:36 UTC] PHP Warning:  Undefined property: stdClass::$last_submissions_is_enabled in /home/u6583521/public_html/zlinks.id/themes/altum/views/tools/tool_widget_frankfurt.php on line 26
[02-May-2025 10:43:36 UTC] PHP Warning:  Attempt to read property "type" on null in /home/u6583521/public_html/zlinks.id/themes/altum/views/partials/footer.php on line 100
[02-May-2025 11:05:49 UTC] PHP Warning:  Attempt to read property "type" on null in /home/u6583521/public_html/zlinks.id/themes/altum/views/partials/footer.php on line 100
[02-May-2025 11:05:54 UTC] PHP Warning:  Undefined array key "is_newsletter_subscribed" in /home/u6583521/public_html/zlinks.id/app/controllers/Register.php on line 61
[02-May-2025 11:15:43 UTC] PHP Warning:  Undefined property: stdClass::$pwa_is_enabled in /home/u6583521/public_html/zlinks.id/themes/altum/views/l/biolink_wrapper.php on line 11
[02-May-2025 11:48:03 UTC] PHP Warning:  Undefined property: stdClass::$last_submissions_is_enabled in /home/u6583521/public_html/zlinks.id/themes/altum/views/tools/tool_widget_frankfurt.php on line 26
[02-May-2025 11:48:03 UTC] PHP Warning:  Attempt to read property "type" on null in /home/u6583521/public_html/zlinks.id/themes/altum/views/partials/footer.php on line 100
[02-May-2025 11:55:04 UTC] PHP Warning:  Undefined property: stdClass::$background_color in /home/u6583521/public_html/zlinks.id/themes/altum/views/l/biolink_blocks/socials.php on line 29
[02-May-2025 11:56:03 UTC] PHP Warning:  Undefined property: stdClass::$background_color in /home/u6583521/public_html/zlinks.id/themes/altum/views/l/biolink_blocks/socials.php on line 29
[02-May-2025 12:08:10 UTC] PHP Warning:  Attempt to read property "type" on null in /home/u6583521/public_html/zlinks.id/themes/altum/views/partials/footer.php on line 100
[02-May-2025 12:12:10 UTC] PHP Warning:  Attempt to read property "type" on null in /home/u6583521/public_html/zlinks.id/themes/altum/views/partials/footer.php on line 100
[02-May-2025 12:13:12 UTC] PHP Warning:  Attempt to read property "type" on null in /home/u6583521/public_html/zlinks.id/themes/altum/views/partials/footer.php on line 100
[02-May-2025 12:13:22 UTC] PHP Warning:  Attempt to read property "type" on null in /home/u6583521/public_html/zlinks.id/themes/altum/views/partials/footer.php on line 100
[02-May-2025 12:13:23 UTC] PHP Warning:  Attempt to read property "type" on null in /home/u6583521/public_html/zlinks.id/themes/altum/views/partials/footer.php on line 100
[02-May-2025 12:14:51 UTC] PHP Warning:  Attempt to read property "type" on null in /home/u6583521/public_html/zlinks.id/themes/altum/views/partials/footer.php on line 100
[02-May-2025 12:16:02 UTC] PHP Warning:  Attempt to read property "type" on null in /home/u6583521/public_html/zlinks.id/themes/altum/views/partials/footer.php on line 100
[02-May-2025 12:17:28 UTC] PHP Warning:  Attempt to read property "type" on null in /home/u6583521/public_html/zlinks.id/themes/altum/views/partials/footer.php on line 100
[02-May-2025 12:18:18 UTC] PHP Warning:  Undefined property: stdClass::$background_color in /home/u6583521/public_html/zlinks.id/themes/altum/views/l/biolink_blocks/socials.php on line 29
[02-May-2025 12:18:18 UTC] PHP Warning:  Undefined property: stdClass::$pwa_is_enabled in /home/u6583521/public_html/zlinks.id/themes/altum/views/l/biolink_wrapper.php on line 11
[02-May-2025 12:18:25 UTC] PHP Warning:  Attempt to read property "type" on null in /home/u6583521/public_html/zlinks.id/themes/altum/views/partials/footer.php on line 100
[02-May-2025 12:19:26 UTC] PHP Warning:  Attempt to read property "type" on null in /home/u6583521/public_html/zlinks.id/themes/altum/views/partials/footer.php on line 100
[02-May-2025 12:20:21 UTC] PHP Warning:  Attempt to read property "type" on null in /home/u6583521/public_html/zlinks.id/themes/altum/views/partials/footer.php on line 100
[02-May-2025 12:21:35 UTC] PHP Warning:  Undefined property: stdClass::$last_submissions_is_enabled in /home/u6583521/public_html/zlinks.id/themes/altum/views/tools/tool_widget_frankfurt.php on line 26
[02-May-2025 12:21:35 UTC] PHP Warning:  Attempt to read property "type" on null in /home/u6583521/public_html/zlinks.id/themes/altum/views/partials/footer.php on line 100
[02-May-2025 12:24:24 UTC] PHP Warning:  Undefined property: stdClass::$last_submissions_is_enabled in /home/u6583521/public_html/zlinks.id/themes/altum/views/tools/tool_widget_frankfurt.php on line 26
[02-May-2025 12:24:24 UTC] PHP Warning:  Attempt to read property "type" on null in /home/u6583521/public_html/zlinks.id/themes/altum/views/partials/footer.php on line 100
[02-May-2025 12:24:24 UTC] PHP Warning:  Undefined property: stdClass::$last_submissions_is_enabled in /home/u6583521/public_html/zlinks.id/themes/altum/views/tools/tool_widget_frankfurt.php on line 26
[02-May-2025 12:24:24 UTC] PHP Warning:  Attempt to read property "type" on null in /home/u6583521/public_html/zlinks.id/themes/altum/views/partials/footer.php on line 100
[02-May-2025 12:29:48 UTC] PHP Warning:  Undefined property: stdClass::$last_submissions_is_enabled in /home/u6583521/public_html/zlinks.id/themes/altum/views/tools/tool_widget_frankfurt.php on line 26
[02-May-2025 12:29:48 UTC] PHP Warning:  Attempt to read property "type" on null in /home/u6583521/public_html/zlinks.id/themes/altum/views/partials/footer.php on line 100
[02-May-2025 12:29:58 UTC] PHP Warning:  Undefined property: stdClass::$last_submissions_is_enabled in /home/u6583521/public_html/zlinks.id/themes/altum/views/tools/tool_widget_frankfurt.php on line 26
[02-May-2025 12:29:58 UTC] PHP Warning:  Attempt to read property "type" on null in /home/u6583521/public_html/zlinks.id/themes/altum/views/partials/footer.php on line 100
[02-May-2025 12:30:00 UTC] PHP Warning:  Undefined property: stdClass::$last_submissions_is_enabled in /home/u6583521/public_html/zlinks.id/themes/altum/views/tools/tool_widget_frankfurt.php on line 26
[02-May-2025 12:30:00 UTC] PHP Warning:  Attempt to read property "type" on null in /home/u6583521/public_html/zlinks.id/themes/altum/views/partials/footer.php on line 100
[02-May-2025 12:31:28 UTC] PHP Warning:  Attempt to read property "type" on null in /home/u6583521/public_html/zlinks.id/themes/altum/views/partials/footer.php on line 100
[02-May-2025 12:39:13 UTC] PHP Warning:  Attempt to read property "type" on null in /home/u6583521/public_html/zlinks.id/themes/altum/views/partials/footer.php on line 100
[02-May-2025 12:43:23 UTC] PHP Warning:  Undefined property: stdClass::$last_submissions_is_enabled in /home/u6583521/public_html/zlinks.id/themes/altum/views/tools/tool_widget_frankfurt.php on line 26
[02-May-2025 12:43:23 UTC] PHP Warning:  Attempt to read property "type" on null in /home/u6583521/public_html/zlinks.id/themes/altum/views/partials/footer.php on line 100
[02-May-2025 12:43:28 UTC] PHP Warning:  Attempt to read property "type" on null in /home/u6583521/public_html/zlinks.id/themes/altum/views/partials/footer.php on line 100
[02-May-2025 12:47:53 UTC] PHP Warning:  Attempt to read property "type" on null in /home/u6583521/public_html/zlinks.id/themes/altum/views/partials/footer.php on line 100
[02-May-2025 12:47:54 UTC] PHP Warning:  Attempt to read property "type" on null in /home/u6583521/public_html/zlinks.id/themes/altum/views/partials/footer.php on line 100
[02-May-2025 12:48:00 UTC] PHP Warning:  Undefined array key "is_newsletter_subscribed" in /home/u6583521/public_html/zlinks.id/app/controllers/Register.php on line 61
[02-May-2025 12:49:15 UTC] PHP Warning:  Undefined property: stdClass::$background_color in /home/u6583521/public_html/zlinks.id/themes/altum/views/l/biolink_blocks/socials.php on line 29
[02-May-2025 12:52:16 UTC] PHP Warning:  Undefined property: stdClass::$last_submissions_is_enabled in /home/u6583521/public_html/zlinks.id/themes/altum/views/tools/tool_widget_frankfurt.php on line 26
[02-May-2025 12:52:16 UTC] PHP Warning:  Attempt to read property "type" on null in /home/u6583521/public_html/zlinks.id/themes/altum/views/partials/footer.php on line 100
[02-May-2025 13:19:17 UTC] PHP Warning:  Undefined array key "is_newsletter_subscribed" in /home/u6583521/public_html/zlinks.id/app/controllers/Register.php on line 61
[02-May-2025 13:24:19 UTC] PHP Warning:  Undefined property: stdClass::$pwa_is_enabled in /home/u6583521/public_html/zlinks.id/themes/altum/views/l/biolink_wrapper.php on line 11
[02-May-2025 13:24:26 UTC] PHP Warning:  Attempt to read property "type" on null in /home/u6583521/public_html/zlinks.id/themes/altum/views/partials/footer.php on line 100
[02-May-2025 13:29:53 UTC] PHP Warning:  Attempt to read property "type" on null in /home/u6583521/public_html/zlinks.id/themes/altum/views/partials/footer.php on line 100
[02-May-2025 13:29:55 UTC] PHP Warning:  Attempt to read property "type" on null in /home/u6583521/public_html/zlinks.id/themes/altum/views/partials/footer.php on line 100
[02-May-2025 13:30:01 UTC] PHP Warning:  Undefined array key "is_newsletter_subscribed" in /home/u6583521/public_html/zlinks.id/app/controllers/Register.php on line 61
[02-May-2025 13:32:19 UTC] PHP Warning:  Attempt to read property "type" on null in /home/u6583521/public_html/zlinks.id/themes/altum/views/partials/footer.php on line 100
[02-May-2025 13:39:18 UTC] PHP Warning:  Attempt to read property "type" on null in /home/u6583521/public_html/zlinks.id/themes/altum/views/partials/footer.php on line 100
[02-May-2025 13:40:25 UTC] PHP Warning:  Attempt to read property "type" on null in /home/u6583521/public_html/zlinks.id/themes/altum/views/partials/footer.php on line 100
[02-May-2025 13:50:24 UTC] PHP Warning:  Attempt to read property "type" on null in /home/u6583521/public_html/zlinks.id/themes/altum/views/partials/footer.php on line 100
[02-May-2025 13:55:46 UTC] PHP Warning:  Attempt to read property "type" on null in /home/u6583521/public_html/zlinks.id/themes/altum/views/partials/footer.php on line 100
[02-May-2025 13:55:51 UTC] PHP Warning:  Attempt to read property "type" on null in /home/u6583521/public_html/zlinks.id/themes/altum/views/partials/footer.php on line 100
[02-May-2025 14:08:33 UTC] PHP Warning:  Attempt to read property "type" on null in /home/u6583521/public_html/zlinks.id/themes/altum/views/partials/footer.php on line 100
[02-May-2025 14:15:09 UTC] PHP Warning:  Attempt to read property "type" on null in /home/u6583521/public_html/zlinks.id/themes/altum/views/partials/footer.php on line 100
[02-May-2025 14:15:14 UTC] PHP Warning:  Undefined array key "is_newsletter_subscribed" in /home/u6583521/public_html/zlinks.id/app/controllers/Register.php on line 61
[02-May-2025 14:30:26 UTC] PHP Warning:  Undefined property: stdClass::$last_submissions_is_enabled in /home/u6583521/public_html/zlinks.id/themes/altum/views/tools/tool_widget_frankfurt.php on line 26
[02-May-2025 14:30:26 UTC] PHP Warning:  Attempt to read property "type" on null in /home/u6583521/public_html/zlinks.id/themes/altum/views/partials/footer.php on line 100
[02-May-2025 14:36:42 UTC] PHP Warning:  Undefined property: stdClass::$last_submissions_is_enabled in /home/u6583521/public_html/zlinks.id/themes/altum/views/tools/tool_widget_frankfurt.php on line 26
[02-May-2025 14:36:42 UTC] PHP Warning:  Attempt to read property "type" on null in /home/u6583521/public_html/zlinks.id/themes/altum/views/partials/footer.php on line 100
[02-May-2025 14:46:39 UTC] PHP Warning:  Attempt to read property "type" on null in /home/u6583521/public_html/zlinks.id/themes/altum/views/partials/footer.php on line 100
[02-May-2025 15:02:00 UTC] PHP Warning:  Attempt to read property "plan_settings" on null in /home/u6583521/public_html/zlinks.id/themes/altum/views/directory/index.php on line 23
[02-May-2025 15:02:00 UTC] PHP Warning:  Attempt to read property "export" on null in /home/u6583521/public_html/zlinks.id/themes/altum/views/directory/index.php on line 23
[02-May-2025 15:02:00 UTC] PHP Warning:  Attempt to read property "csv" on null in /home/u6583521/public_html/zlinks.id/themes/altum/views/directory/index.php on line 23
[02-May-2025 15:02:00 UTC] PHP Warning:  Attempt to read property "plan_settings" on null in /home/u6583521/public_html/zlinks.id/themes/altum/views/directory/index.php on line 26
[02-May-2025 15:02:00 UTC] PHP Warning:  Attempt to read property "export" on null in /home/u6583521/public_html/zlinks.id/themes/altum/views/directory/index.php on line 26
[02-May-2025 15:02:00 UTC] PHP Warning:  Attempt to read property "json" on null in /home/u6583521/public_html/zlinks.id/themes/altum/views/directory/index.php on line 26
[02-May-2025 15:02:00 UTC] PHP Warning:  Attempt to read property "plan_settings" on null in /home/u6583521/public_html/zlinks.id/themes/altum/views/directory/index.php on line 29
[02-May-2025 15:02:00 UTC] PHP Warning:  Attempt to read property "export" on null in /home/u6583521/public_html/zlinks.id/themes/altum/views/directory/index.php on line 29
[02-May-2025 15:02:00 UTC] PHP Warning:  Attempt to read property "pdf" on null in /home/u6583521/public_html/zlinks.id/themes/altum/views/directory/index.php on line 29
[02-May-2025 15:02:00 UTC] PHP Warning:  Attempt to read property "type" on null in /home/u6583521/public_html/zlinks.id/themes/altum/views/partials/footer.php on line 100
[02-May-2025 15:02:19 UTC] PHP Warning:  Undefined property: stdClass::$last_submissions_is_enabled in /home/u6583521/public_html/zlinks.id/themes/altum/views/tools/tool_widget_frankfurt.php on line 26
[02-May-2025 15:02:19 UTC] PHP Warning:  Attempt to read property "type" on null in /home/u6583521/public_html/zlinks.id/themes/altum/views/partials/footer.php on line 100
[02-May-2025 15:07:23 UTC] PHP Warning:  Undefined property: stdClass::$pwa_is_enabled in /home/u6583521/public_html/zlinks.id/themes/altum/views/l/biolink_wrapper.php on line 11
[02-May-2025 15:12:22 UTC] PHP Warning:  Attempt to read property "type" on null in /home/u6583521/public_html/zlinks.id/themes/altum/views/partials/footer.php on line 100
[02-May-2025 15:12:22 UTC] PHP Warning:  Attempt to read property "type" on null in /home/u6583521/public_html/zlinks.id/themes/altum/views/partials/footer.php on line 100
[02-May-2025 15:25:23 UTC] PHP Warning:  Attempt to read property "type" on null in /home/u6583521/public_html/zlinks.id/themes/altum/views/partials/footer.php on line 100
[02-May-2025 15:25:30 UTC] PHP Warning:  Attempt to read property "type" on null in /home/u6583521/public_html/zlinks.id/themes/altum/views/partials/footer.php on line 100
[02-May-2025 15:43:19 UTC] PHP Warning:  Attempt to read property "type" on null in /home/u6583521/public_html/zlinks.id/themes/altum/views/partials/footer.php on line 100
[02-May-2025 15:54:08 UTC] PHP Warning:  Attempt to read property "type" on null in /home/u6583521/public_html/zlinks.id/themes/altum/views/partials/footer.php on line 100
[02-May-2025 15:54:10 UTC] PHP Warning:  Attempt to read property "type" on null in /home/u6583521/public_html/zlinks.id/themes/altum/views/partials/footer.php on line 100
[02-May-2025 15:54:15 UTC] PHP Warning:  Undefined array key "is_newsletter_subscribed" in /home/u6583521/public_html/zlinks.id/app/controllers/Register.php on line 61
[02-May-2025 16:09:44 UTC] PHP Warning:  Undefined array key "Indonesia" in /home/u6583521/public_html/zlinks.id/app/controllers/Sitemap.php on line 98
[02-May-2025 16:17:25 UTC] PHP Warning:  Undefined property: stdClass::$last_submissions_is_enabled in /home/u6583521/public_html/zlinks.id/themes/altum/views/tools/tool_widget_frankfurt.php on line 26
[02-May-2025 16:17:25 UTC] PHP Warning:  Attempt to read property "type" on null in /home/u6583521/public_html/zlinks.id/themes/altum/views/partials/footer.php on line 100
[02-May-2025 16:18:01 UTC] PHP Warning:  Attempt to read property "type" on null in /home/u6583521/public_html/zlinks.id/themes/altum/views/partials/footer.php on line 100
[02-May-2025 16:18:07 UTC] PHP Warning:  Undefined property: stdClass::$last_submissions_is_enabled in /home/u6583521/public_html/zlinks.id/themes/altum/views/tools/tool_widget_frankfurt.php on line 26
[02-May-2025 16:18:07 UTC] PHP Warning:  Attempt to read property "type" on null in /home/u6583521/public_html/zlinks.id/themes/altum/views/partials/footer.php on line 100
[02-May-2025 16:51:10 UTC] PHP Warning:  Undefined property: stdClass::$last_submissions_is_enabled in /home/u6583521/public_html/zlinks.id/themes/altum/views/tools/tool_widget_frankfurt.php on line 26
[02-May-2025 16:51:10 UTC] PHP Warning:  Attempt to read property "type" on null in /home/u6583521/public_html/zlinks.id/themes/altum/views/partials/footer.php on line 100
[02-May-2025 17:12:26 UTC] PHP Warning:  Attempt to read property "type" on null in /home/u6583521/public_html/zlinks.id/themes/altum/views/partials/footer.php on line 100
[02-May-2025 17:30:26 UTC] PHP Warning:  Undefined property: stdClass::$last_submissions_is_enabled in /home/u6583521/public_html/zlinks.id/themes/altum/views/tools/tool_widget_frankfurt.php on line 26
[02-May-2025 17:30:26 UTC] PHP Warning:  Attempt to read property "type" on null in /home/u6583521/public_html/zlinks.id/themes/altum/views/partials/footer.php on line 100
[02-May-2025 18:17:35 UTC] PHP Warning:  Attempt to read property "type" on null in /home/u6583521/public_html/zlinks.id/themes/altum/views/partials/footer.php on line 100
[02-May-2025 18:17:49 UTC] PHP Warning:  Attempt to read property "plan_settings" on null in /home/u6583521/public_html/zlinks.id/themes/altum/views/directory/index.php on line 23
[02-May-2025 18:17:49 UTC] PHP Warning:  Attempt to read property "export" on null in /home/u6583521/public_html/zlinks.id/themes/altum/views/directory/index.php on line 23
[02-May-2025 18:17:49 UTC] PHP Warning:  Attempt to read property "csv" on null in /home/u6583521/public_html/zlinks.id/themes/altum/views/directory/index.php on line 23
[02-May-2025 18:17:49 UTC] PHP Warning:  Attempt to read property "plan_settings" on null in /home/u6583521/public_html/zlinks.id/themes/altum/views/directory/index.php on line 26
[02-May-2025 18:17:49 UTC] PHP Warning:  Attempt to read property "export" on null in /home/u6583521/public_html/zlinks.id/themes/altum/views/directory/index.php on line 26
[02-May-2025 18:17:49 UTC] PHP Warning:  Attempt to read property "json" on null in /home/u6583521/public_html/zlinks.id/themes/altum/views/directory/index.php on line 26
[02-May-2025 18:17:49 UTC] PHP Warning:  Attempt to read property "plan_settings" on null in /home/u6583521/public_html/zlinks.id/themes/altum/views/directory/index.php on line 29
[02-May-2025 18:17:49 UTC] PHP Warning:  Attempt to read property "export" on null in /home/u6583521/public_html/zlinks.id/themes/altum/views/directory/index.php on line 29
[02-May-2025 18:17:49 UTC] PHP Warning:  Attempt to read property "pdf" on null in /home/u6583521/public_html/zlinks.id/themes/altum/views/directory/index.php on line 29
[02-May-2025 18:17:49 UTC] PHP Warning:  Attempt to read property "type" on null in /home/u6583521/public_html/zlinks.id/themes/altum/views/partials/footer.php on line 100
[02-May-2025 18:17:55 UTC] PHP Warning:  Undefined array key "is_newsletter_subscribed" in /home/u6583521/public_html/zlinks.id/app/controllers/Register.php on line 61
[02-May-2025 18:18:18 UTC] PHP Warning:  Undefined property: stdClass::$last_submissions_is_enabled in /home/u6583521/public_html/zlinks.id/themes/altum/views/tools/tool_widget_frankfurt.php on line 26
[02-May-2025 18:18:18 UTC] PHP Warning:  Attempt to read property "type" on null in /home/u6583521/public_html/zlinks.id/themes/altum/views/partials/footer.php on line 100
[02-May-2025 18:43:42 UTC] PHP Warning:  Attempt to read property "type" on null in /home/u6583521/public_html/zlinks.id/themes/altum/views/partials/footer.php on line 100
[02-May-2025 18:43:43 UTC] PHP Warning:  Attempt to read property "type" on null in /home/u6583521/public_html/zlinks.id/themes/altum/views/partials/footer.php on line 100
[02-May-2025 18:43:49 UTC] PHP Warning:  Undefined array key "is_newsletter_subscribed" in /home/u6583521/public_html/zlinks.id/app/controllers/Register.php on line 61
[02-May-2025 18:44:33 UTC] PHP Warning:  Attempt to read property "type" on null in /home/u6583521/public_html/zlinks.id/themes/altum/views/partials/footer.php on line 100
[02-May-2025 18:58:42 UTC] PHP Warning:  Attempt to read property "type" on null in /home/u6583521/public_html/zlinks.id/themes/altum/views/partials/footer.php on line 100
[02-May-2025 19:04:41 UTC] PHP Warning:  Undefined property: stdClass::$last_submissions_is_enabled in /home/u6583521/public_html/zlinks.id/themes/altum/views/tools/tool_widget_frankfurt.php on line 26
[02-May-2025 19:04:41 UTC] PHP Warning:  Attempt to read property "type" on null in /home/u6583521/public_html/zlinks.id/themes/altum/views/partials/footer.php on line 100
[02-May-2025 19:18:08 UTC] PHP Warning:  Attempt to read property "type" on null in /home/u6583521/public_html/zlinks.id/themes/altum/views/partials/footer.php on line 100
[02-May-2025 19:23:34 UTC] PHP Warning:  Attempt to read property "type" on null in /home/u6583521/public_html/zlinks.id/themes/altum/views/partials/footer.php on line 100
[02-May-2025 19:44:38 UTC] PHP Warning:  Attempt to read property "type" on null in /home/u6583521/public_html/zlinks.id/themes/altum/views/partials/footer.php on line 100
[02-May-2025 19:49:35 UTC] PHP Warning:  Undefined property: stdClass::$pwa_is_enabled in /home/u6583521/public_html/zlinks.id/themes/altum/views/l/biolink_wrapper.php on line 11
[02-May-2025 19:51:02 UTC] PHP Warning:  Attempt to read property "plan_settings" on null in /home/u6583521/public_html/zlinks.id/themes/altum/views/directory/index.php on line 23
[02-May-2025 19:51:02 UTC] PHP Warning:  Attempt to read property "export" on null in /home/u6583521/public_html/zlinks.id/themes/altum/views/directory/index.php on line 23
[02-May-2025 19:51:02 UTC] PHP Warning:  Attempt to read property "csv" on null in /home/u6583521/public_html/zlinks.id/themes/altum/views/directory/index.php on line 23
[02-May-2025 19:51:02 UTC] PHP Warning:  Attempt to read property "plan_settings" on null in /home/u6583521/public_html/zlinks.id/themes/altum/views/directory/index.php on line 26
[02-May-2025 19:51:02 UTC] PHP Warning:  Attempt to read property "export" on null in /home/u6583521/public_html/zlinks.id/themes/altum/views/directory/index.php on line 26
[02-May-2025 19:51:02 UTC] PHP Warning:  Attempt to read property "json" on null in /home/u6583521/public_html/zlinks.id/themes/altum/views/directory/index.php on line 26
[02-May-2025 19:51:02 UTC] PHP Warning:  Attempt to read property "plan_settings" on null in /home/u6583521/public_html/zlinks.id/themes/altum/views/directory/index.php on line 29
[02-May-2025 19:51:02 UTC] PHP Warning:  Attempt to read property "export" on null in /home/u6583521/public_html/zlinks.id/themes/altum/views/directory/index.php on line 29
[02-May-2025 19:51:02 UTC] PHP Warning:  Attempt to read property "pdf" on null in /home/u6583521/public_html/zlinks.id/themes/altum/views/directory/index.php on line 29
[02-May-2025 19:51:02 UTC] PHP Warning:  Attempt to read property "type" on null in /home/u6583521/public_html/zlinks.id/themes/altum/views/partials/footer.php on line 100
[02-May-2025 19:54:33 UTC] PHP Warning:  Undefined array key "Indonesia" in /home/u6583521/public_html/zlinks.id/app/controllers/Sitemap.php on line 98
[02-May-2025 20:07:30 UTC] PHP Warning:  Attempt to read property "type" on null in /home/u6583521/public_html/zlinks.id/themes/altum/views/partials/footer.php on line 100
[02-May-2025 20:07:42 UTC] PHP Warning:  Attempt to read property "type" on null in /home/u6583521/public_html/zlinks.id/themes/altum/views/partials/footer.php on line 100
[02-May-2025 20:42:33 UTC] PHP Warning:  Undefined property: stdClass::$last_submissions_is_enabled in /home/u6583521/public_html/zlinks.id/themes/altum/views/tools/tool_widget_frankfurt.php on line 26
[02-May-2025 20:42:33 UTC] PHP Warning:  Attempt to read property "type" on null in /home/u6583521/public_html/zlinks.id/themes/altum/views/partials/footer.php on line 100
[02-May-2025 20:57:16 UTC] PHP Warning:  Attempt to read property "type" on null in /home/u6583521/public_html/zlinks.id/themes/altum/views/partials/footer.php on line 100
[02-May-2025 21:34:01 UTC] PHP Warning:  Undefined property: stdClass::$last_submissions_is_enabled in /home/u6583521/public_html/zlinks.id/themes/altum/views/tools/tool_widget_frankfurt.php on line 26
[02-May-2025 21:34:01 UTC] PHP Warning:  Attempt to read property "type" on null in /home/u6583521/public_html/zlinks.id/themes/altum/views/partials/footer.php on line 100
[02-May-2025 21:47:39 UTC] PHP Warning:  Attempt to read property "type" on null in /home/u6583521/public_html/zlinks.id/themes/altum/views/partials/footer.php on line 100
[02-May-2025 21:47:44 UTC] PHP Warning:  Attempt to read property "type" on null in /home/u6583521/public_html/zlinks.id/themes/altum/views/partials/footer.php on line 100
[02-May-2025 21:47:46 UTC] PHP Warning:  Attempt to read property "type" on null in /home/u6583521/public_html/zlinks.id/themes/altum/views/partials/footer.php on line 100
[02-May-2025 21:47:49 UTC] PHP Warning:  Attempt to read property "type" on null in /home/u6583521/public_html/zlinks.id/themes/altum/views/partials/footer.php on line 100
[02-May-2025 21:57:34 UTC] PHP Warning:  Attempt to read property "type" on null in /home/u6583521/public_html/zlinks.id/themes/altum/views/partials/footer.php on line 100
[02-May-2025 21:58:06 UTC] PHP Warning:  Undefined property: stdClass::$last_submissions_is_enabled in /home/u6583521/public_html/zlinks.id/themes/altum/views/tools/tool_widget_frankfurt.php on line 26
[02-May-2025 21:58:06 UTC] PHP Warning:  Attempt to read property "type" on null in /home/u6583521/public_html/zlinks.id/themes/altum/views/partials/footer.php on line 100
[02-May-2025 21:58:19 UTC] PHP Warning:  Undefined property: stdClass::$last_submissions_is_enabled in /home/u6583521/public_html/zlinks.id/themes/altum/views/tools/tool_widget_frankfurt.php on line 26
[02-May-2025 21:58:19 UTC] PHP Warning:  Attempt to read property "type" on null in /home/u6583521/public_html/zlinks.id/themes/altum/views/partials/footer.php on line 100
[02-May-2025 22:07:19 UTC] PHP Warning:  Undefined property: stdClass::$last_submissions_is_enabled in /home/u6583521/public_html/zlinks.id/themes/altum/views/tools/tool_widget_frankfurt.php on line 26
[02-May-2025 22:07:19 UTC] PHP Warning:  Attempt to read property "type" on null in /home/u6583521/public_html/zlinks.id/themes/altum/views/partials/footer.php on line 100
[02-May-2025 22:09:47 UTC] PHP Warning:  Undefined property: stdClass::$last_submissions_is_enabled in /home/u6583521/public_html/zlinks.id/themes/altum/views/tools/tool_widget_frankfurt.php on line 26
[02-May-2025 22:09:47 UTC] PHP Warning:  Attempt to read property "type" on null in /home/u6583521/public_html/zlinks.id/themes/altum/views/partials/footer.php on line 100
[02-May-2025 22:16:31 UTC] PHP Warning:  Undefined array key "is_newsletter_subscribed" in /home/u6583521/public_html/zlinks.id/app/controllers/Register.php on line 61
[02-May-2025 22:27:59 UTC] PHP Warning:  Undefined array key "is_newsletter_subscribed" in /home/u6583521/public_html/zlinks.id/app/controllers/Register.php on line 61
[02-May-2025 22:34:43 UTC] PHP Warning:  Attempt to read property "type" on null in /home/u6583521/public_html/zlinks.id/themes/altum/views/partials/footer.php on line 100
[02-May-2025 22:38:18 UTC] PHP Warning:  Attempt to read property "type" on null in /home/u6583521/public_html/zlinks.id/themes/altum/views/partials/footer.php on line 100
[02-May-2025 22:49:12 UTC] PHP Warning:  Undefined property: stdClass::$background_color in /home/u6583521/public_html/zlinks.id/themes/altum/views/l/biolink_blocks/socials.php on line 29
[02-May-2025 22:49:12 UTC] PHP Warning:  Undefined property: stdClass::$pwa_is_enabled in /home/u6583521/public_html/zlinks.id/themes/altum/views/l/biolink_wrapper.php on line 11
[02-May-2025 22:55:31 UTC] PHP Warning:  Attempt to read property "type" on null in /home/u6583521/public_html/zlinks.id/themes/altum/views/partials/footer.php on line 100
[02-May-2025 23:00:29 UTC] PHP Warning:  Attempt to read property "type" on null in /home/u6583521/public_html/zlinks.id/themes/altum/views/partials/footer.php on line 100
[02-May-2025 23:08:59 UTC] PHP Warning:  Undefined property: stdClass::$last_submissions_is_enabled in /home/u6583521/public_html/zlinks.id/themes/altum/views/tools/tool_widget_frankfurt.php on line 26
[02-May-2025 23:08:59 UTC] PHP Warning:  Attempt to read property "type" on null in /home/u6583521/public_html/zlinks.id/themes/altum/views/partials/footer.php on line 100
[02-May-2025 23:15:13 UTC] PHP Warning:  Attempt to read property "type" on null in /home/u6583521/public_html/zlinks.id/themes/altum/views/partials/footer.php on line 100
[02-May-2025 23:15:14 UTC] PHP Warning:  Attempt to read property "type" on null in /home/u6583521/public_html/zlinks.id/themes/altum/views/partials/footer.php on line 100
[02-May-2025 23:15:20 UTC] PHP Warning:  Undefined array key "is_newsletter_subscribed" in /home/u6583521/public_html/zlinks.id/app/controllers/Register.php on line 61
[02-May-2025 23:17:57 UTC] PHP Warning:  Attempt to read property "type" on null in /home/u6583521/public_html/zlinks.id/themes/altum/views/partials/footer.php on line 100
[02-May-2025 23:35:03 UTC] PHP Warning:  Attempt to read property "type" on null in /home/u6583521/public_html/zlinks.id/themes/altum/views/partials/footer.php on line 100
[02-May-2025 23:39:08 UTC] PHP Warning:  Undefined property: stdClass::$last_submissions_is_enabled in /home/u6583521/public_html/zlinks.id/themes/altum/views/tools/tool_widget_frankfurt.php on line 26
[02-May-2025 23:39:08 UTC] PHP Warning:  Attempt to read property "type" on null in /home/u6583521/public_html/zlinks.id/themes/altum/views/partials/footer.php on line 100
[02-May-2025 23:42:15 UTC] PHP Warning:  Undefined property: stdClass::$last_submissions_is_enabled in /home/u6583521/public_html/zlinks.id/themes/altum/views/tools/tool_widget_frankfurt.php on line 26
[02-May-2025 23:42:15 UTC] PHP Warning:  Attempt to read property "type" on null in /home/u6583521/public_html/zlinks.id/themes/altum/views/partials/footer.php on line 100
[02-May-2025 23:47:28 UTC] PHP Warning:  Attempt to read property "type" on null in /home/u6583521/public_html/zlinks.id/themes/altum/views/partials/footer.php on line 100
[02-May-2025 23:51:33 UTC] PHP Warning:  Attempt to read property "type" on null in /home/u6583521/public_html/zlinks.id/themes/altum/views/partials/footer.php on line 100
