[29-Jan-2025 01:00:09 UTC] PHP Warning:  Undefined property: stdClass::$is_enabled in /home/u6583521/public_html/zlinks.id/themes/altum/views/l/biolink_wrapper.php on line 10
[29-Jan-2025 01:00:09 UTC] PHP Warning:  Undefined property: stdClass::$is_enabled in /home/u6583521/public_html/zlinks.id/themes/altum/views/wrapper.php on line 10
[29-Jan-2025 01:59:22 UTC] PHP Warning:  Undefined property: stdClass::$is_enabled in /home/u6583521/public_html/zlinks.id/themes/altum/views/wrapper.php on line 10
[29-Jan-2025 02:52:29 UTC] PHP Warning:  Undefined property: stdClass::$is_enabled in /home/u6583521/public_html/zlinks.id/themes/altum/views/l/biolink_wrapper.php on line 10
[29-Jan-2025 02:52:29 UTC] PHP Warning:  Undefined property: stdClass::$is_enabled in /home/u6583521/public_html/zlinks.id/themes/altum/views/wrapper.php on line 10
[29-Jan-2025 02:58:50 UTC] PHP Warning:  Undefined property: stdClass::$is_enabled in /home/u6583521/public_html/zlinks.id/themes/altum/views/basic_wrapper.php on line 10
[29-Jan-2025 03:16:52 UTC] PHP Warning:  Undefined property: stdClass::$is_enabled in /home/u6583521/public_html/zlinks.id/themes/altum/views/basic_wrapper.php on line 10
[29-Jan-2025 03:36:35 UTC] PHP Warning:  Undefined property: stdClass::$is_enabled in /home/u6583521/public_html/zlinks.id/themes/altum/views/basic_wrapper.php on line 10
[29-Jan-2025 03:53:31 UTC] PHP Warning:  Undefined property: stdClass::$is_enabled in /home/u6583521/public_html/zlinks.id/themes/altum/views/wrapper.php on line 10
[29-Jan-2025 04:03:11 UTC] PHP Warning:  Undefined property: stdClass::$is_enabled in /home/u6583521/public_html/zlinks.id/themes/altum/views/wrapper.php on line 10
[29-Jan-2025 04:03:12 UTC] PHP Warning:  Undefined property: stdClass::$is_enabled in /home/u6583521/public_html/zlinks.id/themes/altum/views/wrapper.php on line 10
[29-Jan-2025 04:04:19 UTC] PHP Warning:  Undefined property: stdClass::$is_enabled in /home/u6583521/public_html/zlinks.id/themes/altum/views/wrapper.php on line 10
[29-Jan-2025 04:04:21 UTC] PHP Warning:  Undefined property: stdClass::$is_enabled in /home/u6583521/public_html/zlinks.id/themes/altum/views/wrapper.php on line 10
[29-Jan-2025 04:08:16 UTC] PHP Warning:  Undefined property: stdClass::$is_enabled in /home/u6583521/public_html/zlinks.id/themes/altum/views/partials/internal_notifications_js.php on line 7
[29-Jan-2025 04:08:16 UTC] PHP Warning:  Undefined property: stdClass::$is_enabled in /home/u6583521/public_html/zlinks.id/themes/altum/views/partials/internal_notifications_js.php on line 7
[29-Jan-2025 04:08:21 UTC] PHP Warning:  Undefined property: stdClass::$domains in /home/u6583521/public_html/zlinks.id/themes/altum/views/links/links_content.php on line 167
[29-Jan-2025 04:08:21 UTC] PHP Warning:  foreach() argument must be of type array|object, null given in /home/u6583521/public_html/zlinks.id/themes/altum/views/links/links_content.php on line 167
[29-Jan-2025 04:08:21 UTC] PHP Warning:  Undefined property: stdClass::$is_enabled in /home/u6583521/public_html/zlinks.id/themes/altum/views/partials/internal_notifications_js.php on line 7
[29-Jan-2025 04:08:22 UTC] PHP Warning:  Undefined property: stdClass::$is_enabled in /home/u6583521/public_html/zlinks.id/themes/altum/views/partials/internal_notifications_js.php on line 7
[29-Jan-2025 04:08:37 UTC] PHP Warning:  Undefined property: stdClass::$vcard_avatar in /home/u6583521/public_html/zlinks.id/themes/altum/views/link/settings/biolink_blocks/vcard/vcard_update_form.php on line 21
[29-Jan-2025 04:08:37 UTC] PHP Warning:  Undefined property: stdClass::$is_enabled in /home/u6583521/public_html/zlinks.id/themes/altum/views/partials/internal_notifications_js.php on line 7
[29-Jan-2025 04:08:37 UTC] PHP Warning:  Undefined property: stdClass::$is_enabled in /home/u6583521/public_html/zlinks.id/themes/altum/views/l/biolink_wrapper.php on line 10
[29-Jan-2025 04:08:38 UTC] PHP Warning:  Undefined property: stdClass::$is_enabled in /home/u6583521/public_html/zlinks.id/themes/altum/views/partials/internal_notifications_js.php on line 7
[29-Jan-2025 04:08:51 UTC] PHP Warning:  Undefined property: stdClass::$vcard_avatar in /home/u6583521/public_html/zlinks.id/themes/altum/views/link/settings/biolink_blocks/vcard/vcard_update_form.php on line 21
[29-Jan-2025 04:08:51 UTC] PHP Warning:  Undefined property: stdClass::$is_enabled in /home/u6583521/public_html/zlinks.id/themes/altum/views/partials/internal_notifications_js.php on line 7
[29-Jan-2025 04:08:51 UTC] PHP Warning:  Undefined property: stdClass::$is_enabled in /home/u6583521/public_html/zlinks.id/themes/altum/views/l/biolink_wrapper.php on line 10
[29-Jan-2025 04:08:51 UTC] PHP Warning:  Undefined property: stdClass::$is_enabled in /home/u6583521/public_html/zlinks.id/themes/altum/views/partials/internal_notifications_js.php on line 7
[29-Jan-2025 04:09:03 UTC] PHP Warning:  Undefined array key "domain_id" in /home/u6583521/public_html/zlinks.id/app/controllers/LinkAjax.php on line 1016
[29-Jan-2025 04:09:04 UTC] PHP Warning:  Undefined property: stdClass::$is_enabled in /home/u6583521/public_html/zlinks.id/themes/altum/views/l/biolink_wrapper.php on line 10
[29-Jan-2025 04:09:07 UTC] PHP Warning:  Undefined property: stdClass::$is_enabled in /home/u6583521/public_html/zlinks.id/themes/altum/views/l/biolink_wrapper.php on line 10
[29-Jan-2025 04:10:49 UTC] PHP Warning:  Undefined property: stdClass::$is_enabled in /home/u6583521/public_html/zlinks.id/themes/altum/views/l/biolink_wrapper.php on line 10
[29-Jan-2025 04:10:51 UTC] PHP Warning:  Undefined property: stdClass::$splash_page_id in /home/u6583521/public_html/zlinks.id/app/controllers/l/Link.php on line 114
[29-Jan-2025 04:10:51 UTC] PHP Warning:  Undefined property: stdClass::$password in /home/u6583521/public_html/zlinks.id/app/controllers/l/Link.php on line 179
[29-Jan-2025 04:10:51 UTC] PHP Warning:  Undefined property: stdClass::$sensitive_content in /home/u6583521/public_html/zlinks.id/app/controllers/l/Link.php on line 208
[29-Jan-2025 04:10:51 UTC] PHP Warning:  Undefined property: stdClass::$vcard_first_name in /home/u6583521/public_html/zlinks.id/app/controllers/l/Link.php on line 507
[29-Jan-2025 04:10:51 UTC] PHP Warning:  Undefined property: stdClass::$vcard_last_name in /home/u6583521/public_html/zlinks.id/app/controllers/l/Link.php on line 507
[29-Jan-2025 04:10:51 UTC] PHP Warning:  Undefined property: stdClass::$vcard_email in /home/u6583521/public_html/zlinks.id/app/controllers/l/Link.php on line 507
[29-Jan-2025 04:10:51 UTC] PHP Warning:  Undefined property: stdClass::$vcard_url in /home/u6583521/public_html/zlinks.id/app/controllers/l/Link.php on line 507
[29-Jan-2025 04:10:51 UTC] PHP Warning:  Undefined property: stdClass::$vcard_company in /home/u6583521/public_html/zlinks.id/app/controllers/l/Link.php on line 507
[29-Jan-2025 04:10:51 UTC] PHP Warning:  Undefined property: stdClass::$vcard_job_title in /home/u6583521/public_html/zlinks.id/app/controllers/l/Link.php on line 507
[29-Jan-2025 04:10:51 UTC] PHP Warning:  Undefined property: stdClass::$vcard_birthday in /home/u6583521/public_html/zlinks.id/app/controllers/l/Link.php on line 507
[29-Jan-2025 04:10:51 UTC] PHP Warning:  Undefined property: stdClass::$vcard_street in /home/u6583521/public_html/zlinks.id/app/controllers/l/Link.php on line 507
[29-Jan-2025 04:10:51 UTC] PHP Warning:  Undefined property: stdClass::$vcard_city in /home/u6583521/public_html/zlinks.id/app/controllers/l/Link.php on line 507
[29-Jan-2025 04:10:51 UTC] PHP Warning:  Undefined property: stdClass::$vcard_zip in /home/u6583521/public_html/zlinks.id/app/controllers/l/Link.php on line 507
[29-Jan-2025 04:10:51 UTC] PHP Warning:  Undefined property: stdClass::$vcard_region in /home/u6583521/public_html/zlinks.id/app/controllers/l/Link.php on line 507
[29-Jan-2025 04:10:51 UTC] PHP Warning:  Undefined property: stdClass::$vcard_country in /home/u6583521/public_html/zlinks.id/app/controllers/l/Link.php on line 507
[29-Jan-2025 04:10:51 UTC] PHP Warning:  Undefined property: stdClass::$vcard_note in /home/u6583521/public_html/zlinks.id/app/controllers/l/Link.php on line 507
[29-Jan-2025 04:10:51 UTC] PHP Warning:  Undefined property: stdClass::$vcard_avatar in /home/u6583521/public_html/zlinks.id/app/controllers/l/Link.php on line 514
[29-Jan-2025 04:10:51 UTC] PHP Warning:  Undefined property: stdClass::$splash_page_id in /home/u6583521/public_html/zlinks.id/app/controllers/l/Link.php on line 114
[29-Jan-2025 04:10:51 UTC] PHP Warning:  Undefined property: stdClass::$password in /home/u6583521/public_html/zlinks.id/app/controllers/l/Link.php on line 179
[29-Jan-2025 04:10:51 UTC] PHP Warning:  Undefined property: stdClass::$sensitive_content in /home/u6583521/public_html/zlinks.id/app/controllers/l/Link.php on line 208
[29-Jan-2025 04:10:51 UTC] PHP Warning:  Undefined property: stdClass::$vcard_first_name in /home/u6583521/public_html/zlinks.id/app/controllers/l/Link.php on line 507
[29-Jan-2025 04:10:51 UTC] PHP Warning:  Undefined property: stdClass::$vcard_last_name in /home/u6583521/public_html/zlinks.id/app/controllers/l/Link.php on line 507
[29-Jan-2025 04:10:51 UTC] PHP Warning:  Undefined property: stdClass::$vcard_email in /home/u6583521/public_html/zlinks.id/app/controllers/l/Link.php on line 507
[29-Jan-2025 04:10:51 UTC] PHP Warning:  Undefined property: stdClass::$vcard_url in /home/u6583521/public_html/zlinks.id/app/controllers/l/Link.php on line 507
[29-Jan-2025 04:10:51 UTC] PHP Warning:  Undefined property: stdClass::$vcard_company in /home/u6583521/public_html/zlinks.id/app/controllers/l/Link.php on line 507
[29-Jan-2025 04:10:51 UTC] PHP Warning:  Undefined property: stdClass::$vcard_job_title in /home/u6583521/public_html/zlinks.id/app/controllers/l/Link.php on line 507
[29-Jan-2025 04:10:51 UTC] PHP Warning:  Undefined property: stdClass::$vcard_birthday in /home/u6583521/public_html/zlinks.id/app/controllers/l/Link.php on line 507
[29-Jan-2025 04:10:51 UTC] PHP Warning:  Undefined property: stdClass::$vcard_street in /home/u6583521/public_html/zlinks.id/app/controllers/l/Link.php on line 507
[29-Jan-2025 04:10:51 UTC] PHP Warning:  Undefined property: stdClass::$vcard_city in /home/u6583521/public_html/zlinks.id/app/controllers/l/Link.php on line 507
[29-Jan-2025 04:10:51 UTC] PHP Warning:  Undefined property: stdClass::$vcard_zip in /home/u6583521/public_html/zlinks.id/app/controllers/l/Link.php on line 507
[29-Jan-2025 04:10:51 UTC] PHP Warning:  Undefined property: stdClass::$vcard_region in /home/u6583521/public_html/zlinks.id/app/controllers/l/Link.php on line 507
[29-Jan-2025 04:10:51 UTC] PHP Warning:  Undefined property: stdClass::$vcard_country in /home/u6583521/public_html/zlinks.id/app/controllers/l/Link.php on line 507
[29-Jan-2025 04:10:51 UTC] PHP Warning:  Undefined property: stdClass::$vcard_note in /home/u6583521/public_html/zlinks.id/app/controllers/l/Link.php on line 507
[29-Jan-2025 04:10:51 UTC] PHP Warning:  Undefined property: stdClass::$vcard_avatar in /home/u6583521/public_html/zlinks.id/app/controllers/l/Link.php on line 514
[29-Jan-2025 04:14:36 UTC] PHP Warning:  Undefined property: stdClass::$is_enabled in /home/u6583521/public_html/zlinks.id/themes/altum/views/l/biolink_wrapper.php on line 10
[29-Jan-2025 04:14:39 UTC] PHP Warning:  Undefined property: stdClass::$is_enabled in /home/u6583521/public_html/zlinks.id/themes/altum/views/l/biolink_wrapper.php on line 10
[29-Jan-2025 04:14:42 UTC] PHP Warning:  Undefined property: stdClass::$splash_page_id in /home/u6583521/public_html/zlinks.id/app/controllers/l/Link.php on line 114
[29-Jan-2025 04:14:42 UTC] PHP Warning:  Undefined property: stdClass::$password in /home/u6583521/public_html/zlinks.id/app/controllers/l/Link.php on line 179
[29-Jan-2025 04:14:42 UTC] PHP Warning:  Undefined property: stdClass::$sensitive_content in /home/u6583521/public_html/zlinks.id/app/controllers/l/Link.php on line 208
[29-Jan-2025 04:14:42 UTC] PHP Warning:  Undefined property: stdClass::$vcard_first_name in /home/u6583521/public_html/zlinks.id/app/controllers/l/Link.php on line 507
[29-Jan-2025 04:14:42 UTC] PHP Warning:  Undefined property: stdClass::$vcard_last_name in /home/u6583521/public_html/zlinks.id/app/controllers/l/Link.php on line 507
[29-Jan-2025 04:14:42 UTC] PHP Warning:  Undefined property: stdClass::$vcard_email in /home/u6583521/public_html/zlinks.id/app/controllers/l/Link.php on line 507
[29-Jan-2025 04:14:42 UTC] PHP Warning:  Undefined property: stdClass::$vcard_url in /home/u6583521/public_html/zlinks.id/app/controllers/l/Link.php on line 507
[29-Jan-2025 04:14:42 UTC] PHP Warning:  Undefined property: stdClass::$vcard_company in /home/u6583521/public_html/zlinks.id/app/controllers/l/Link.php on line 507
[29-Jan-2025 04:14:42 UTC] PHP Warning:  Undefined property: stdClass::$vcard_job_title in /home/u6583521/public_html/zlinks.id/app/controllers/l/Link.php on line 507
[29-Jan-2025 04:14:42 UTC] PHP Warning:  Undefined property: stdClass::$vcard_birthday in /home/u6583521/public_html/zlinks.id/app/controllers/l/Link.php on line 507
[29-Jan-2025 04:14:42 UTC] PHP Warning:  Undefined property: stdClass::$vcard_street in /home/u6583521/public_html/zlinks.id/app/controllers/l/Link.php on line 507
[29-Jan-2025 04:14:42 UTC] PHP Warning:  Undefined property: stdClass::$vcard_city in /home/u6583521/public_html/zlinks.id/app/controllers/l/Link.php on line 507
[29-Jan-2025 04:14:42 UTC] PHP Warning:  Undefined property: stdClass::$vcard_zip in /home/u6583521/public_html/zlinks.id/app/controllers/l/Link.php on line 507
[29-Jan-2025 04:14:42 UTC] PHP Warning:  Undefined property: stdClass::$vcard_region in /home/u6583521/public_html/zlinks.id/app/controllers/l/Link.php on line 507
[29-Jan-2025 04:14:42 UTC] PHP Warning:  Undefined property: stdClass::$vcard_country in /home/u6583521/public_html/zlinks.id/app/controllers/l/Link.php on line 507
[29-Jan-2025 04:14:42 UTC] PHP Warning:  Undefined property: stdClass::$vcard_note in /home/u6583521/public_html/zlinks.id/app/controllers/l/Link.php on line 507
[29-Jan-2025 04:14:42 UTC] PHP Warning:  Undefined property: stdClass::$vcard_avatar in /home/u6583521/public_html/zlinks.id/app/controllers/l/Link.php on line 514
[29-Jan-2025 04:14:42 UTC] PHP Warning:  Undefined property: stdClass::$splash_page_id in /home/u6583521/public_html/zlinks.id/app/controllers/l/Link.php on line 114
[29-Jan-2025 04:14:42 UTC] PHP Warning:  Undefined property: stdClass::$password in /home/u6583521/public_html/zlinks.id/app/controllers/l/Link.php on line 179
[29-Jan-2025 04:14:42 UTC] PHP Warning:  Undefined property: stdClass::$sensitive_content in /home/u6583521/public_html/zlinks.id/app/controllers/l/Link.php on line 208
[29-Jan-2025 04:14:42 UTC] PHP Warning:  Undefined property: stdClass::$vcard_first_name in /home/u6583521/public_html/zlinks.id/app/controllers/l/Link.php on line 507
[29-Jan-2025 04:14:42 UTC] PHP Warning:  Undefined property: stdClass::$vcard_last_name in /home/u6583521/public_html/zlinks.id/app/controllers/l/Link.php on line 507
[29-Jan-2025 04:14:42 UTC] PHP Warning:  Undefined property: stdClass::$vcard_email in /home/u6583521/public_html/zlinks.id/app/controllers/l/Link.php on line 507
[29-Jan-2025 04:14:42 UTC] PHP Warning:  Undefined property: stdClass::$vcard_url in /home/u6583521/public_html/zlinks.id/app/controllers/l/Link.php on line 507
[29-Jan-2025 04:14:42 UTC] PHP Warning:  Undefined property: stdClass::$vcard_company in /home/u6583521/public_html/zlinks.id/app/controllers/l/Link.php on line 507
[29-Jan-2025 04:14:42 UTC] PHP Warning:  Undefined property: stdClass::$vcard_job_title in /home/u6583521/public_html/zlinks.id/app/controllers/l/Link.php on line 507
[29-Jan-2025 04:14:42 UTC] PHP Warning:  Undefined property: stdClass::$vcard_birthday in /home/u6583521/public_html/zlinks.id/app/controllers/l/Link.php on line 507
[29-Jan-2025 04:14:42 UTC] PHP Warning:  Undefined property: stdClass::$vcard_street in /home/u6583521/public_html/zlinks.id/app/controllers/l/Link.php on line 507
[29-Jan-2025 04:14:42 UTC] PHP Warning:  Undefined property: stdClass::$vcard_city in /home/u6583521/public_html/zlinks.id/app/controllers/l/Link.php on line 507
[29-Jan-2025 04:14:42 UTC] PHP Warning:  Undefined property: stdClass::$vcard_zip in /home/u6583521/public_html/zlinks.id/app/controllers/l/Link.php on line 507
[29-Jan-2025 04:14:42 UTC] PHP Warning:  Undefined property: stdClass::$vcard_region in /home/u6583521/public_html/zlinks.id/app/controllers/l/Link.php on line 507
[29-Jan-2025 04:14:42 UTC] PHP Warning:  Undefined property: stdClass::$vcard_country in /home/u6583521/public_html/zlinks.id/app/controllers/l/Link.php on line 507
[29-Jan-2025 04:14:42 UTC] PHP Warning:  Undefined property: stdClass::$vcard_note in /home/u6583521/public_html/zlinks.id/app/controllers/l/Link.php on line 507
[29-Jan-2025 04:14:42 UTC] PHP Warning:  Undefined property: stdClass::$vcard_avatar in /home/u6583521/public_html/zlinks.id/app/controllers/l/Link.php on line 514
[29-Jan-2025 04:27:01 UTC] PHP Warning:  Undefined property: stdClass::$is_enabled in /home/u6583521/public_html/zlinks.id/themes/altum/views/l/biolink_wrapper.php on line 10
[29-Jan-2025 04:35:53 UTC] PHP Warning:  Undefined property: stdClass::$vcard_avatar in /home/u6583521/public_html/zlinks.id/themes/altum/views/link/settings/biolink_blocks/vcard/vcard_update_form.php on line 21
[29-Jan-2025 04:35:53 UTC] PHP Warning:  Undefined property: stdClass::$is_enabled in /home/u6583521/public_html/zlinks.id/themes/altum/views/partials/internal_notifications_js.php on line 7
[29-Jan-2025 04:35:53 UTC] PHP Warning:  Undefined property: stdClass::$is_enabled in /home/u6583521/public_html/zlinks.id/themes/altum/views/l/biolink_wrapper.php on line 10
[29-Jan-2025 04:35:54 UTC] PHP Warning:  Undefined property: stdClass::$is_enabled in /home/u6583521/public_html/zlinks.id/themes/altum/views/partials/internal_notifications_js.php on line 7
[29-Jan-2025 04:36:02 UTC] PHP Warning:  Undefined property: stdClass::$is_enabled in /home/u6583521/public_html/zlinks.id/themes/altum/views/l/biolink_wrapper.php on line 10
[29-Jan-2025 04:36:59 UTC] PHP Warning:  Undefined property: stdClass::$is_enabled in /home/u6583521/public_html/zlinks.id/themes/altum/views/partials/internal_notifications_js.php on line 7
[29-Jan-2025 04:36:59 UTC] PHP Warning:  Undefined property: stdClass::$is_enabled in /home/u6583521/public_html/zlinks.id/themes/altum/views/l/biolink_wrapper.php on line 10
[29-Jan-2025 04:36:59 UTC] PHP Warning:  Undefined property: stdClass::$is_enabled in /home/u6583521/public_html/zlinks.id/themes/altum/views/partials/internal_notifications_js.php on line 7
[29-Jan-2025 04:37:03 UTC] PHP Warning:  Undefined property: stdClass::$is_enabled in /home/u6583521/public_html/zlinks.id/themes/altum/views/l/biolink_wrapper.php on line 10
[29-Jan-2025 04:37:22 UTC] PHP Warning:  Undefined property: stdClass::$is_enabled in /home/u6583521/public_html/zlinks.id/themes/altum/views/l/biolink_wrapper.php on line 10
[29-Jan-2025 04:37:31 UTC] PHP Warning:  Undefined property: stdClass::$is_enabled in /home/u6583521/public_html/zlinks.id/themes/altum/views/l/biolink_wrapper.php on line 10
[29-Jan-2025 04:38:18 UTC] PHP Warning:  Undefined property: stdClass::$is_enabled in /home/u6583521/public_html/zlinks.id/themes/altum/views/wrapper.php on line 10
[29-Jan-2025 04:38:57 UTC] PHP Warning:  Undefined property: stdClass::$is_enabled in /home/u6583521/public_html/zlinks.id/themes/altum/views/partials/internal_notifications_js.php on line 7
[29-Jan-2025 04:38:57 UTC] PHP Warning:  Undefined property: stdClass::$is_enabled in /home/u6583521/public_html/zlinks.id/themes/altum/views/partials/internal_notifications_js.php on line 7
[29-Jan-2025 04:41:18 UTC] PHP Warning:  Undefined property: stdClass::$is_enabled in /home/u6583521/public_html/zlinks.id/themes/altum/views/l/biolink_wrapper.php on line 10
[29-Jan-2025 04:46:43 UTC] PHP Warning:  Undefined property: stdClass::$is_enabled in /home/u6583521/public_html/zlinks.id/themes/altum/views/partials/internal_notifications_js.php on line 7
[29-Jan-2025 04:46:43 UTC] PHP Warning:  Undefined property: stdClass::$is_enabled in /home/u6583521/public_html/zlinks.id/themes/altum/views/l/biolink_wrapper.php on line 10
[29-Jan-2025 04:46:44 UTC] PHP Warning:  Undefined property: stdClass::$is_enabled in /home/u6583521/public_html/zlinks.id/themes/altum/views/partials/internal_notifications_js.php on line 7
[29-Jan-2025 04:48:58 UTC] PHP Warning:  Undefined property: stdClass::$is_enabled in /home/u6583521/public_html/zlinks.id/themes/altum/views/partials/internal_notifications_js.php on line 7
[29-Jan-2025 04:48:59 UTC] PHP Warning:  Undefined property: stdClass::$is_enabled in /home/u6583521/public_html/zlinks.id/themes/altum/views/l/biolink_wrapper.php on line 10
[29-Jan-2025 04:48:59 UTC] PHP Warning:  Undefined property: stdClass::$is_enabled in /home/u6583521/public_html/zlinks.id/themes/altum/views/partials/internal_notifications_js.php on line 7
[29-Jan-2025 04:49:24 UTC] PHP Warning:  Undefined property: stdClass::$is_enabled in /home/u6583521/public_html/zlinks.id/themes/altum/views/l/biolink_wrapper.php on line 10
[29-Jan-2025 04:50:00 UTC] PHP Warning:  Undefined property: stdClass::$is_enabled in /home/u6583521/public_html/zlinks.id/themes/altum/views/l/biolink_wrapper.php on line 10
[29-Jan-2025 04:50:18 UTC] PHP Warning:  Undefined property: stdClass::$is_enabled in /home/u6583521/public_html/zlinks.id/themes/altum/views/l/biolink_wrapper.php on line 10
[29-Jan-2025 04:51:14 UTC] PHP Warning:  Undefined property: stdClass::$is_enabled in /home/u6583521/public_html/zlinks.id/themes/altum/views/partials/internal_notifications_js.php on line 7
[29-Jan-2025 04:51:15 UTC] PHP Warning:  Undefined property: stdClass::$is_enabled in /home/u6583521/public_html/zlinks.id/themes/altum/views/l/biolink_wrapper.php on line 10
[29-Jan-2025 04:51:15 UTC] PHP Warning:  Undefined property: stdClass::$is_enabled in /home/u6583521/public_html/zlinks.id/themes/altum/views/partials/internal_notifications_js.php on line 7
[29-Jan-2025 04:51:19 UTC] PHP Warning:  Undefined property: stdClass::$is_enabled in /home/u6583521/public_html/zlinks.id/themes/altum/views/l/biolink_wrapper.php on line 10
[29-Jan-2025 04:51:21 UTC] PHP Warning:  Undefined property: stdClass::$force_splash_page_on_cta in /home/u6583521/public_html/zlinks.id/app/controllers/l/Link.php on line 113
[29-Jan-2025 04:51:21 UTC] PHP Warning:  Undefined property: stdClass::$splash_page_id in /home/u6583521/public_html/zlinks.id/app/controllers/l/Link.php on line 114
[29-Jan-2025 04:51:21 UTC] PHP Warning:  Undefined property: stdClass::$password in /home/u6583521/public_html/zlinks.id/app/controllers/l/Link.php on line 179
[29-Jan-2025 04:51:21 UTC] PHP Warning:  Undefined property: stdClass::$sensitive_content in /home/u6583521/public_html/zlinks.id/app/controllers/l/Link.php on line 208
[29-Jan-2025 04:52:23 UTC] PHP Warning:  Undefined property: stdClass::$is_enabled in /home/u6583521/public_html/zlinks.id/themes/altum/views/partials/internal_notifications_js.php on line 7
[29-Jan-2025 04:52:23 UTC] PHP Warning:  Undefined property: stdClass::$is_enabled in /home/u6583521/public_html/zlinks.id/themes/altum/views/l/biolink_wrapper.php on line 10
[29-Jan-2025 04:52:24 UTC] PHP Warning:  Undefined property: stdClass::$is_enabled in /home/u6583521/public_html/zlinks.id/themes/altum/views/partials/internal_notifications_js.php on line 7
[29-Jan-2025 04:53:10 UTC] PHP Warning:  Undefined property: stdClass::$is_enabled in /home/u6583521/public_html/zlinks.id/themes/altum/views/l/biolink_wrapper.php on line 10
[29-Jan-2025 04:53:13 UTC] PHP Warning:  Undefined property: stdClass::$is_enabled in /home/u6583521/public_html/zlinks.id/themes/altum/views/l/biolink_wrapper.php on line 10
[29-Jan-2025 04:53:24 UTC] PHP Warning:  Undefined property: stdClass::$is_enabled in /home/u6583521/public_html/zlinks.id/themes/altum/views/l/biolink_wrapper.php on line 10
[29-Jan-2025 04:54:01 UTC] PHP Warning:  Undefined property: stdClass::$is_enabled in /home/u6583521/public_html/zlinks.id/themes/altum/views/l/biolink_wrapper.php on line 10
[29-Jan-2025 04:54:43 UTC] PHP Warning:  Undefined property: stdClass::$is_enabled in /home/u6583521/public_html/zlinks.id/themes/altum/views/partials/internal_notifications_js.php on line 7
[29-Jan-2025 04:54:44 UTC] PHP Warning:  Undefined property: stdClass::$is_enabled in /home/u6583521/public_html/zlinks.id/themes/altum/views/l/biolink_wrapper.php on line 10
[29-Jan-2025 04:54:44 UTC] PHP Warning:  Undefined property: stdClass::$is_enabled in /home/u6583521/public_html/zlinks.id/themes/altum/views/partials/internal_notifications_js.php on line 7
[29-Jan-2025 04:54:48 UTC] PHP Warning:  Undefined property: stdClass::$is_enabled in /home/u6583521/public_html/zlinks.id/themes/altum/views/l/biolink_wrapper.php on line 10
[29-Jan-2025 04:55:16 UTC] PHP Warning:  Undefined property: stdClass::$is_enabled in /home/u6583521/public_html/zlinks.id/themes/altum/views/partials/internal_notifications_js.php on line 7
[29-Jan-2025 04:55:16 UTC] PHP Warning:  Undefined property: stdClass::$is_enabled in /home/u6583521/public_html/zlinks.id/themes/altum/views/partials/internal_notifications_js.php on line 7
[29-Jan-2025 04:55:53 UTC] PHP Warning:  Undefined property: stdClass::$is_enabled in /home/u6583521/public_html/zlinks.id/themes/altum/views/partials/internal_notifications_js.php on line 7
[29-Jan-2025 04:55:54 UTC] PHP Warning:  Undefined property: stdClass::$is_enabled in /home/u6583521/public_html/zlinks.id/themes/altum/views/partials/internal_notifications_js.php on line 7
[29-Jan-2025 04:55:55 UTC] PHP Warning:  Undefined property: stdClass::$is_enabled in /home/u6583521/public_html/zlinks.id/themes/altum/views/partials/internal_notifications_js.php on line 7
[29-Jan-2025 04:55:55 UTC] PHP Warning:  Undefined property: stdClass::$is_enabled in /home/u6583521/public_html/zlinks.id/themes/altum/views/l/biolink_wrapper.php on line 10
[29-Jan-2025 04:55:55 UTC] PHP Warning:  Undefined property: stdClass::$is_enabled in /home/u6583521/public_html/zlinks.id/themes/altum/views/partials/internal_notifications_js.php on line 7
[29-Jan-2025 04:56:00 UTC] PHP Warning:  Undefined property: stdClass::$is_enabled in /home/u6583521/public_html/zlinks.id/themes/altum/views/l/biolink_wrapper.php on line 10
[29-Jan-2025 04:56:23 UTC] PHP Warning:  Undefined property: stdClass::$is_enabled in /home/u6583521/public_html/zlinks.id/themes/altum/views/partials/internal_notifications_js.php on line 7
[29-Jan-2025 04:56:23 UTC] PHP Warning:  Undefined property: stdClass::$is_enabled in /home/u6583521/public_html/zlinks.id/themes/altum/views/l/biolink_wrapper.php on line 10
[29-Jan-2025 04:56:24 UTC] PHP Warning:  Undefined property: stdClass::$is_enabled in /home/u6583521/public_html/zlinks.id/themes/altum/views/partials/internal_notifications_js.php on line 7
[29-Jan-2025 04:56:36 UTC] PHP Warning:  Undefined property: stdClass::$is_enabled in /home/u6583521/public_html/zlinks.id/themes/altum/views/partials/internal_notifications_js.php on line 7
[29-Jan-2025 04:56:36 UTC] PHP Warning:  Undefined property: stdClass::$is_enabled in /home/u6583521/public_html/zlinks.id/themes/altum/views/partials/internal_notifications_js.php on line 7
[29-Jan-2025 04:57:39 UTC] PHP Warning:  Undefined property: stdClass::$is_enabled in /home/u6583521/public_html/zlinks.id/themes/altum/views/partials/internal_notifications_js.php on line 7
[29-Jan-2025 04:57:39 UTC] PHP Warning:  Undefined property: stdClass::$is_enabled in /home/u6583521/public_html/zlinks.id/themes/altum/views/partials/internal_notifications_js.php on line 7
[29-Jan-2025 04:57:46 UTC] PHP Warning:  Undefined property: stdClass::$is_enabled in /home/u6583521/public_html/zlinks.id/themes/altum/views/l/biolink_wrapper.php on line 10
[29-Jan-2025 04:58:14 UTC] PHP Warning:  Undefined property: stdClass::$is_enabled in /home/u6583521/public_html/zlinks.id/themes/altum/views/partials/internal_notifications_js.php on line 7
[29-Jan-2025 04:58:14 UTC] PHP Warning:  Undefined property: stdClass::$is_enabled in /home/u6583521/public_html/zlinks.id/themes/altum/views/l/biolink_wrapper.php on line 10
[29-Jan-2025 04:58:14 UTC] PHP Warning:  Undefined property: stdClass::$is_enabled in /home/u6583521/public_html/zlinks.id/themes/altum/views/partials/internal_notifications_js.php on line 7
[29-Jan-2025 05:02:25 UTC] PHP Warning:  Undefined property: stdClass::$is_enabled in /home/u6583521/public_html/zlinks.id/themes/altum/views/wrapper.php on line 10
[29-Jan-2025 05:20:41 UTC] PHP Warning:  Undefined property: stdClass::$is_enabled in /home/u6583521/public_html/zlinks.id/themes/altum/views/l/biolink_wrapper.php on line 10
[29-Jan-2025 05:23:52 UTC] PHP Warning:  Undefined property: stdClass::$is_enabled in /home/u6583521/public_html/zlinks.id/themes/altum/views/wrapper.php on line 10
[29-Jan-2025 05:25:56 UTC] PHP Warning:  Undefined property: stdClass::$is_enabled in /home/u6583521/public_html/zlinks.id/themes/altum/views/partials/internal_notifications_js.php on line 7
[29-Jan-2025 05:25:56 UTC] PHP Warning:  Undefined property: stdClass::$is_enabled in /home/u6583521/public_html/zlinks.id/themes/altum/views/l/biolink_wrapper.php on line 10
[29-Jan-2025 05:25:57 UTC] PHP Warning:  Undefined property: stdClass::$is_enabled in /home/u6583521/public_html/zlinks.id/themes/altum/views/partials/internal_notifications_js.php on line 7
[29-Jan-2025 05:39:14 UTC] PHP Warning:  Undefined property: stdClass::$is_enabled in /home/u6583521/public_html/zlinks.id/themes/altum/views/partials/internal_notifications_js.php on line 7
[29-Jan-2025 05:39:15 UTC] PHP Warning:  Undefined property: stdClass::$is_enabled in /home/u6583521/public_html/zlinks.id/themes/altum/views/l/biolink_wrapper.php on line 10
[29-Jan-2025 05:39:15 UTC] PHP Warning:  Undefined property: stdClass::$is_enabled in /home/u6583521/public_html/zlinks.id/themes/altum/views/partials/internal_notifications_js.php on line 7
[29-Jan-2025 06:03:04 UTC] PHP Warning:  Undefined property: stdClass::$is_enabled in /home/u6583521/public_html/zlinks.id/themes/altum/views/partials/internal_notifications_js.php on line 7
[29-Jan-2025 06:03:04 UTC] PHP Warning:  Undefined property: stdClass::$is_enabled in /home/u6583521/public_html/zlinks.id/themes/altum/views/l/biolink_wrapper.php on line 10
[29-Jan-2025 06:03:05 UTC] PHP Warning:  Undefined property: stdClass::$is_enabled in /home/u6583521/public_html/zlinks.id/themes/altum/views/partials/internal_notifications_js.php on line 7
[29-Jan-2025 06:05:18 UTC] PHP Warning:  Undefined property: stdClass::$is_enabled in /home/u6583521/public_html/zlinks.id/themes/altum/views/wrapper.php on line 10
[29-Jan-2025 06:07:53 UTC] PHP Warning:  Undefined property: stdClass::$is_enabled in /home/u6583521/public_html/zlinks.id/themes/altum/views/l/biolink_wrapper.php on line 10
[29-Jan-2025 06:07:54 UTC] PHP Warning:  Undefined property: stdClass::$is_enabled in /home/u6583521/public_html/zlinks.id/themes/altum/views/wrapper.php on line 10
[29-Jan-2025 06:07:58 UTC] PHP Warning:  Undefined property: stdClass::$is_enabled in /home/u6583521/public_html/zlinks.id/themes/altum/views/wrapper.php on line 10
[29-Jan-2025 06:08:01 UTC] PHP Warning:  Undefined property: stdClass::$splash_page_id in /home/u6583521/public_html/zlinks.id/app/controllers/l/Link.php on line 114
[29-Jan-2025 06:08:01 UTC] PHP Warning:  Undefined property: stdClass::$password in /home/u6583521/public_html/zlinks.id/app/controllers/l/Link.php on line 179
[29-Jan-2025 06:08:01 UTC] PHP Warning:  Undefined property: stdClass::$sensitive_content in /home/u6583521/public_html/zlinks.id/app/controllers/l/Link.php on line 208
[29-Jan-2025 06:10:14 UTC] PHP Warning:  Undefined property: stdClass::$is_enabled in /home/u6583521/public_html/zlinks.id/themes/altum/views/l/biolink_wrapper.php on line 10
[29-Jan-2025 06:10:14 UTC] PHP Warning:  Undefined property: stdClass::$is_enabled in /home/u6583521/public_html/zlinks.id/themes/altum/views/wrapper.php on line 10
[29-Jan-2025 06:10:45 UTC] PHP Warning:  Undefined property: stdClass::$splash_page_id in /home/u6583521/public_html/zlinks.id/app/controllers/l/Link.php on line 114
[29-Jan-2025 06:10:45 UTC] PHP Warning:  Undefined property: stdClass::$password in /home/u6583521/public_html/zlinks.id/app/controllers/l/Link.php on line 179
[29-Jan-2025 06:10:45 UTC] PHP Warning:  Undefined property: stdClass::$sensitive_content in /home/u6583521/public_html/zlinks.id/app/controllers/l/Link.php on line 208
[29-Jan-2025 06:11:01 UTC] PHP Warning:  Undefined property: stdClass::$is_enabled in /home/u6583521/public_html/zlinks.id/themes/altum/views/l/biolink_wrapper.php on line 10
[29-Jan-2025 06:11:01 UTC] PHP Warning:  Undefined property: stdClass::$is_enabled in /home/u6583521/public_html/zlinks.id/themes/altum/views/wrapper.php on line 10
[29-Jan-2025 06:12:13 UTC] PHP Warning:  Undefined property: stdClass::$is_enabled in /home/u6583521/public_html/zlinks.id/themes/altum/views/l/biolink_wrapper.php on line 10
[29-Jan-2025 06:12:13 UTC] PHP Warning:  Undefined property: stdClass::$is_enabled in /home/u6583521/public_html/zlinks.id/themes/altum/views/wrapper.php on line 10
[29-Jan-2025 06:12:16 UTC] PHP Warning:  Undefined property: stdClass::$splash_page_id in /home/u6583521/public_html/zlinks.id/app/controllers/l/Link.php on line 114
[29-Jan-2025 06:12:16 UTC] PHP Warning:  Undefined property: stdClass::$password in /home/u6583521/public_html/zlinks.id/app/controllers/l/Link.php on line 179
[29-Jan-2025 06:12:16 UTC] PHP Warning:  Undefined property: stdClass::$sensitive_content in /home/u6583521/public_html/zlinks.id/app/controllers/l/Link.php on line 208
[29-Jan-2025 06:30:22 UTC] PHP Warning:  Undefined property: stdClass::$is_enabled in /home/u6583521/public_html/zlinks.id/themes/altum/views/l/biolink_wrapper.php on line 10
[29-Jan-2025 06:40:53 UTC] PHP Warning:  Undefined property: stdClass::$is_enabled in /home/u6583521/public_html/zlinks.id/themes/altum/views/wrapper.php on line 10
[29-Jan-2025 06:40:56 UTC] PHP Warning:  Undefined property: stdClass::$is_enabled in /home/u6583521/public_html/zlinks.id/themes/altum/views/basic_wrapper.php on line 10
[29-Jan-2025 06:40:57 UTC] PHP Warning:  Undefined array key "is_newsletter_subscribed" in /home/u6583521/public_html/zlinks.id/app/controllers/Register.php on line 50
[29-Jan-2025 06:40:57 UTC] PHP Warning:  Undefined property: stdClass::$is_enabled in /home/u6583521/public_html/zlinks.id/themes/altum/views/basic_wrapper.php on line 10
[29-Jan-2025 06:44:35 UTC] PHP Warning:  Undefined property: stdClass::$is_enabled in /home/u6583521/public_html/zlinks.id/themes/altum/views/wrapper.php on line 10
[29-Jan-2025 06:48:45 UTC] PHP Warning:  Undefined property: stdClass::$is_enabled in /home/u6583521/public_html/zlinks.id/themes/altum/views/partials/internal_notifications_js.php on line 7
[29-Jan-2025 06:48:46 UTC] PHP Warning:  Undefined property: stdClass::$is_enabled in /home/u6583521/public_html/zlinks.id/themes/altum/views/partials/internal_notifications_js.php on line 7
[29-Jan-2025 06:48:47 UTC] PHP Warning:  Undefined property: stdClass::$is_enabled in /home/u6583521/public_html/zlinks.id/themes/altum/views/partials/internal_notifications_js.php on line 7
[29-Jan-2025 06:57:38 UTC] PHP Warning:  Undefined property: stdClass::$is_enabled in /home/u6583521/public_html/zlinks.id/themes/altum/views/wrapper.php on line 10
[29-Jan-2025 07:10:40 UTC] PHP Warning:  Undefined property: stdClass::$is_enabled in /home/u6583521/public_html/zlinks.id/themes/altum/views/l/biolink_wrapper.php on line 10
[29-Jan-2025 07:10:41 UTC] PHP Warning:  Undefined property: stdClass::$is_enabled in /home/u6583521/public_html/zlinks.id/themes/altum/views/wrapper.php on line 10
[29-Jan-2025 07:28:50 UTC] PHP Warning:  Undefined property: stdClass::$is_enabled in /home/u6583521/public_html/zlinks.id/themes/altum/views/partials/internal_notifications_js.php on line 7
[29-Jan-2025 07:28:51 UTC] PHP Warning:  Undefined property: stdClass::$is_enabled in /home/u6583521/public_html/zlinks.id/themes/altum/views/partials/internal_notifications_js.php on line 7
[29-Jan-2025 07:28:51 UTC] PHP Warning:  Undefined property: stdClass::$is_enabled in /home/u6583521/public_html/zlinks.id/themes/altum/views/partials/internal_notifications_js.php on line 7
[29-Jan-2025 07:28:53 UTC] PHP Warning:  Undefined property: stdClass::$domains in /home/u6583521/public_html/zlinks.id/themes/altum/views/links/links_content.php on line 167
[29-Jan-2025 07:28:53 UTC] PHP Warning:  foreach() argument must be of type array|object, null given in /home/u6583521/public_html/zlinks.id/themes/altum/views/links/links_content.php on line 167
[29-Jan-2025 07:28:53 UTC] PHP Warning:  Undefined property: stdClass::$is_enabled in /home/u6583521/public_html/zlinks.id/themes/altum/views/partials/internal_notifications_js.php on line 7
[29-Jan-2025 07:28:54 UTC] PHP Warning:  Undefined property: stdClass::$is_enabled in /home/u6583521/public_html/zlinks.id/themes/altum/views/partials/internal_notifications_js.php on line 7
[29-Jan-2025 07:28:56 UTC] PHP Warning:  Undefined property: stdClass::$is_enabled in /home/u6583521/public_html/zlinks.id/themes/altum/views/partials/internal_notifications_js.php on line 7
[29-Jan-2025 07:28:57 UTC] PHP Warning:  Undefined property: stdClass::$is_enabled in /home/u6583521/public_html/zlinks.id/themes/altum/views/partials/internal_notifications_js.php on line 7
[29-Jan-2025 07:28:59 UTC] PHP Warning:  Undefined property: stdClass::$is_enabled in /home/u6583521/public_html/zlinks.id/themes/altum/views/partials/internal_notifications_js.php on line 7
[29-Jan-2025 07:29:00 UTC] PHP Warning:  Undefined property: stdClass::$is_enabled in /home/u6583521/public_html/zlinks.id/themes/altum/views/l/biolink_wrapper.php on line 10
[29-Jan-2025 07:29:00 UTC] PHP Warning:  Undefined property: stdClass::$is_enabled in /home/u6583521/public_html/zlinks.id/themes/altum/views/partials/internal_notifications_js.php on line 7
[29-Jan-2025 07:29:01 UTC] PHP Warning:  Undefined property: stdClass::$is_enabled in /home/u6583521/public_html/zlinks.id/themes/altum/views/partials/internal_notifications_js.php on line 7
[29-Jan-2025 07:29:16 UTC] PHP Warning:  Attempt to read property "uploads_url" on string in /home/u6583521/public_html/zlinks.id/app/core/Uploads.php on line 357
[29-Jan-2025 07:29:16 UTC] PHP Warning:  Undefined property: stdClass::$is_enabled in /home/u6583521/public_html/zlinks.id/themes/altum/views/partials/internal_notifications_js.php on line 7
[29-Jan-2025 07:29:16 UTC] PHP Warning:  Undefined property: stdClass::$is_enabled in /home/u6583521/public_html/zlinks.id/themes/altum/views/l/biolink_wrapper.php on line 10
[29-Jan-2025 07:29:17 UTC] PHP Warning:  Undefined property: stdClass::$is_enabled in /home/u6583521/public_html/zlinks.id/themes/altum/views/partials/internal_notifications_js.php on line 7
[29-Jan-2025 07:29:18 UTC] PHP Warning:  Undefined property: stdClass::$is_enabled in /home/u6583521/public_html/zlinks.id/themes/altum/views/partials/internal_notifications_js.php on line 7
[29-Jan-2025 07:29:24 UTC] PHP Warning:  Undefined property: stdClass::$is_enabled in /home/u6583521/public_html/zlinks.id/themes/altum/views/l/biolink_wrapper.php on line 10
[29-Jan-2025 07:29:24 UTC] PHP Warning:  Undefined property: stdClass::$is_enabled in /home/u6583521/public_html/zlinks.id/themes/altum/views/partials/internal_notifications_js.php on line 7
[29-Jan-2025 07:32:39 UTC] PHP Warning:  Attempt to read property "uploads_url" on string in /home/u6583521/public_html/zlinks.id/app/controllers/BiolinkBlockAjax.php on line 5237
[29-Jan-2025 07:32:40 UTC] PHP Warning:  Undefined property: stdClass::$is_enabled in /home/u6583521/public_html/zlinks.id/themes/altum/views/l/biolink_wrapper.php on line 10
[29-Jan-2025 07:32:40 UTC] PHP Warning:  Undefined property: stdClass::$is_enabled in /home/u6583521/public_html/zlinks.id/themes/altum/views/partials/internal_notifications_js.php on line 7
[29-Jan-2025 07:34:41 UTC] PHP Warning:  Attempt to read property "uploads_url" on string in /home/u6583521/public_html/zlinks.id/app/controllers/BiolinkBlockAjax.php on line 5237
[29-Jan-2025 07:34:42 UTC] PHP Warning:  Undefined property: stdClass::$is_enabled in /home/u6583521/public_html/zlinks.id/themes/altum/views/l/biolink_wrapper.php on line 10
[29-Jan-2025 07:34:42 UTC] PHP Warning:  Undefined property: stdClass::$is_enabled in /home/u6583521/public_html/zlinks.id/themes/altum/views/partials/internal_notifications_js.php on line 7
[29-Jan-2025 07:34:53 UTC] PHP Warning:  Undefined property: stdClass::$is_enabled in /home/u6583521/public_html/zlinks.id/themes/altum/views/l/biolink_wrapper.php on line 10
[29-Jan-2025 07:34:53 UTC] PHP Warning:  Undefined property: stdClass::$is_enabled in /home/u6583521/public_html/zlinks.id/themes/altum/views/partials/internal_notifications_js.php on line 7
[29-Jan-2025 07:35:22 UTC] PHP Warning:  Undefined property: stdClass::$is_enabled in /home/u6583521/public_html/zlinks.id/themes/altum/views/l/biolink_wrapper.php on line 10
[29-Jan-2025 07:35:22 UTC] PHP Warning:  Undefined property: stdClass::$is_enabled in /home/u6583521/public_html/zlinks.id/themes/altum/views/partials/internal_notifications_js.php on line 7
[29-Jan-2025 07:35:28 UTC] PHP Warning:  Undefined property: stdClass::$is_enabled in /home/u6583521/public_html/zlinks.id/themes/altum/views/l/biolink_wrapper.php on line 10
[29-Jan-2025 07:35:31 UTC] PHP Warning:  Undefined property: stdClass::$is_enabled in /home/u6583521/public_html/zlinks.id/themes/altum/views/l/biolink_wrapper.php on line 10
[29-Jan-2025 07:41:23 UTC] PHP Warning:  Attempt to read property "uploads_url" on string in /home/u6583521/public_html/zlinks.id/app/controllers/BiolinkBlockAjax.php on line 5237
[29-Jan-2025 07:41:24 UTC] PHP Warning:  Undefined property: stdClass::$is_enabled in /home/u6583521/public_html/zlinks.id/themes/altum/views/l/biolink_wrapper.php on line 10
[29-Jan-2025 07:41:58 UTC] PHP Warning:  Undefined property: stdClass::$is_enabled in /home/u6583521/public_html/zlinks.id/themes/altum/views/l/biolink_wrapper.php on line 10
[29-Jan-2025 07:42:00 UTC] PHP Warning:  Undefined property: stdClass::$splash_page_id in /home/u6583521/public_html/zlinks.id/app/controllers/l/Link.php on line 114
[29-Jan-2025 07:42:00 UTC] PHP Warning:  Undefined property: stdClass::$password in /home/u6583521/public_html/zlinks.id/app/controllers/l/Link.php on line 179
[29-Jan-2025 07:42:00 UTC] PHP Warning:  Undefined property: stdClass::$sensitive_content in /home/u6583521/public_html/zlinks.id/app/controllers/l/Link.php on line 208
[29-Jan-2025 07:42:51 UTC] PHP Warning:  Undefined property: stdClass::$is_enabled in /home/u6583521/public_html/zlinks.id/themes/altum/views/l/biolink_wrapper.php on line 10
[29-Jan-2025 07:43:18 UTC] PHP Warning:  Undefined property: stdClass::$is_enabled in /home/u6583521/public_html/zlinks.id/themes/altum/views/l/biolink_wrapper.php on line 10
[29-Jan-2025 08:08:02 UTC] PHP Warning:  Undefined property: stdClass::$is_enabled in /home/u6583521/public_html/zlinks.id/themes/altum/views/wrapper.php on line 10
[29-Jan-2025 08:23:19 UTC] PHP Warning:  Undefined property: stdClass::$is_enabled in /home/u6583521/public_html/zlinks.id/themes/altum/views/l/biolink_wrapper.php on line 10
[29-Jan-2025 08:26:22 UTC] PHP Warning:  Undefined property: stdClass::$is_enabled in /home/u6583521/public_html/zlinks.id/themes/altum/views/l/biolink_wrapper.php on line 10
[29-Jan-2025 08:26:30 UTC] PHP Warning:  Undefined property: stdClass::$splash_page_id in /home/u6583521/public_html/zlinks.id/app/controllers/l/Link.php on line 114
[29-Jan-2025 08:26:30 UTC] PHP Warning:  Undefined property: stdClass::$password in /home/u6583521/public_html/zlinks.id/app/controllers/l/Link.php on line 179
[29-Jan-2025 08:26:30 UTC] PHP Warning:  Undefined property: stdClass::$sensitive_content in /home/u6583521/public_html/zlinks.id/app/controllers/l/Link.php on line 208
[29-Jan-2025 08:31:35 UTC] PHP Warning:  Undefined property: stdClass::$is_enabled in /home/u6583521/public_html/zlinks.id/themes/altum/views/wrapper.php on line 10
[29-Jan-2025 08:31:36 UTC] PHP Warning:  Undefined property: stdClass::$is_enabled in /home/u6583521/public_html/zlinks.id/themes/altum/views/wrapper.php on line 10
[29-Jan-2025 08:34:58 UTC] PHP Warning:  Undefined property: stdClass::$is_enabled in /home/u6583521/public_html/zlinks.id/themes/altum/views/l/biolink_wrapper.php on line 10
[29-Jan-2025 08:35:04 UTC] PHP Warning:  Undefined property: stdClass::$splash_page_id in /home/u6583521/public_html/zlinks.id/app/controllers/l/Link.php on line 114
[29-Jan-2025 08:35:04 UTC] PHP Warning:  Undefined property: stdClass::$password in /home/u6583521/public_html/zlinks.id/app/controllers/l/Link.php on line 179
[29-Jan-2025 08:35:04 UTC] PHP Warning:  Undefined property: stdClass::$sensitive_content in /home/u6583521/public_html/zlinks.id/app/controllers/l/Link.php on line 208
[29-Jan-2025 08:35:42 UTC] PHP Warning:  Undefined property: stdClass::$is_enabled in /home/u6583521/public_html/zlinks.id/themes/altum/views/l/biolink_wrapper.php on line 10
[29-Jan-2025 08:35:45 UTC] PHP Warning:  Undefined property: stdClass::$splash_page_id in /home/u6583521/public_html/zlinks.id/app/controllers/l/Link.php on line 114
[29-Jan-2025 08:35:45 UTC] PHP Warning:  Undefined property: stdClass::$password in /home/u6583521/public_html/zlinks.id/app/controllers/l/Link.php on line 179
[29-Jan-2025 08:35:45 UTC] PHP Warning:  Undefined property: stdClass::$sensitive_content in /home/u6583521/public_html/zlinks.id/app/controllers/l/Link.php on line 208
[29-Jan-2025 08:45:53 UTC] PHP Warning:  Undefined property: stdClass::$is_enabled in /home/u6583521/public_html/zlinks.id/themes/altum/views/l/biolink_wrapper.php on line 10
[29-Jan-2025 08:45:59 UTC] PHP Warning:  Undefined property: stdClass::$force_splash_page_on_cta in /home/u6583521/public_html/zlinks.id/app/controllers/l/Link.php on line 113
[29-Jan-2025 08:45:59 UTC] PHP Warning:  Undefined property: stdClass::$splash_page_id in /home/u6583521/public_html/zlinks.id/app/controllers/l/Link.php on line 114
[29-Jan-2025 08:45:59 UTC] PHP Warning:  Undefined property: stdClass::$password in /home/u6583521/public_html/zlinks.id/app/controllers/l/Link.php on line 179
[29-Jan-2025 08:45:59 UTC] PHP Warning:  Undefined property: stdClass::$sensitive_content in /home/u6583521/public_html/zlinks.id/app/controllers/l/Link.php on line 208
[29-Jan-2025 10:05:13 UTC] PHP Warning:  Undefined property: stdClass::$is_enabled in /home/u6583521/public_html/zlinks.id/themes/altum/views/wrapper.php on line 10
[29-Jan-2025 10:27:39 UTC] PHP Warning:  Undefined property: stdClass::$is_enabled in /home/u6583521/public_html/zlinks.id/themes/altum/views/wrapper.php on line 10
[29-Jan-2025 10:27:47 UTC] PHP Warning:  Undefined property: stdClass::$is_enabled in /home/u6583521/public_html/zlinks.id/themes/altum/views/wrapper.php on line 10
[29-Jan-2025 10:46:10 UTC] PHP Warning:  Undefined property: stdClass::$is_enabled in /home/u6583521/public_html/zlinks.id/themes/altum/views/wrapper.php on line 10
[29-Jan-2025 10:57:01 UTC] PHP Warning:  Undefined property: stdClass::$is_enabled in /home/u6583521/public_html/zlinks.id/themes/altum/views/wrapper.php on line 10
[29-Jan-2025 11:43:20 UTC] PHP Warning:  Undefined property: stdClass::$is_enabled in /home/u6583521/public_html/zlinks.id/themes/altum/views/wrapper.php on line 10
[29-Jan-2025 12:08:56 UTC] PHP Warning:  Undefined property: stdClass::$is_enabled in /home/u6583521/public_html/zlinks.id/themes/altum/views/wrapper.php on line 10
[29-Jan-2025 12:28:26 UTC] PHP Warning:  Undefined property: stdClass::$is_enabled in /home/u6583521/public_html/zlinks.id/themes/altum/views/l/biolink_wrapper.php on line 10
[29-Jan-2025 12:28:29 UTC] PHP Warning:  Undefined property: stdClass::$is_enabled in /home/u6583521/public_html/zlinks.id/themes/altum/views/l/biolink_wrapper.php on line 10
[29-Jan-2025 12:28:30 UTC] PHP Warning:  Undefined property: stdClass::$is_enabled in /home/u6583521/public_html/zlinks.id/themes/altum/views/l/biolink_wrapper.php on line 10
[29-Jan-2025 12:28:35 UTC] PHP Warning:  Undefined property: stdClass::$splash_page_id in /home/u6583521/public_html/zlinks.id/app/controllers/l/Link.php on line 114
[29-Jan-2025 12:28:35 UTC] PHP Warning:  Undefined property: stdClass::$password in /home/u6583521/public_html/zlinks.id/app/controllers/l/Link.php on line 179
[29-Jan-2025 12:28:35 UTC] PHP Warning:  Undefined property: stdClass::$sensitive_content in /home/u6583521/public_html/zlinks.id/app/controllers/l/Link.php on line 208
[29-Jan-2025 12:28:50 UTC] PHP Warning:  Undefined property: stdClass::$splash_page_id in /home/u6583521/public_html/zlinks.id/app/controllers/l/Link.php on line 114
[29-Jan-2025 12:28:50 UTC] PHP Warning:  Undefined property: stdClass::$password in /home/u6583521/public_html/zlinks.id/app/controllers/l/Link.php on line 179
[29-Jan-2025 12:28:50 UTC] PHP Warning:  Undefined property: stdClass::$sensitive_content in /home/u6583521/public_html/zlinks.id/app/controllers/l/Link.php on line 208
[29-Jan-2025 12:29:07 UTC] PHP Warning:  Undefined property: stdClass::$splash_page_id in /home/u6583521/public_html/zlinks.id/app/controllers/l/Link.php on line 114
[29-Jan-2025 12:29:07 UTC] PHP Warning:  Undefined property: stdClass::$password in /home/u6583521/public_html/zlinks.id/app/controllers/l/Link.php on line 179
[29-Jan-2025 12:29:07 UTC] PHP Warning:  Undefined property: stdClass::$sensitive_content in /home/u6583521/public_html/zlinks.id/app/controllers/l/Link.php on line 208
[29-Jan-2025 12:30:27 UTC] PHP Warning:  Undefined property: stdClass::$is_enabled in /home/u6583521/public_html/zlinks.id/themes/altum/views/wrapper.php on line 10
[29-Jan-2025 12:40:51 UTC] PHP Warning:  Undefined property: stdClass::$is_enabled in /home/u6583521/public_html/zlinks.id/themes/altum/views/l/biolink_wrapper.php on line 10
[29-Jan-2025 12:40:54 UTC] PHP Warning:  Undefined property: stdClass::$is_enabled in /home/u6583521/public_html/zlinks.id/themes/altum/views/l/biolink_wrapper.php on line 10
[29-Jan-2025 12:41:08 UTC] PHP Warning:  Undefined property: stdClass::$splash_page_id in /home/u6583521/public_html/zlinks.id/app/controllers/l/Link.php on line 114
[29-Jan-2025 12:41:08 UTC] PHP Warning:  Undefined property: stdClass::$password in /home/u6583521/public_html/zlinks.id/app/controllers/l/Link.php on line 179
[29-Jan-2025 12:41:08 UTC] PHP Warning:  Undefined property: stdClass::$sensitive_content in /home/u6583521/public_html/zlinks.id/app/controllers/l/Link.php on line 208
[29-Jan-2025 12:43:37 UTC] PHP Warning:  Undefined property: stdClass::$is_enabled in /home/u6583521/public_html/zlinks.id/themes/altum/views/l/biolink_wrapper.php on line 10
[29-Jan-2025 12:43:51 UTC] PHP Warning:  Undefined property: stdClass::$is_enabled in /home/u6583521/public_html/zlinks.id/themes/altum/views/wrapper.php on line 10
[29-Jan-2025 12:43:55 UTC] PHP Warning:  Undefined property: stdClass::$splash_page_id in /home/u6583521/public_html/zlinks.id/app/controllers/l/Link.php on line 114
[29-Jan-2025 12:43:55 UTC] PHP Warning:  Undefined property: stdClass::$password in /home/u6583521/public_html/zlinks.id/app/controllers/l/Link.php on line 179
[29-Jan-2025 12:43:55 UTC] PHP Warning:  Undefined property: stdClass::$sensitive_content in /home/u6583521/public_html/zlinks.id/app/controllers/l/Link.php on line 208
[29-Jan-2025 12:44:04 UTC] PHP Warning:  Undefined property: stdClass::$is_enabled in /home/u6583521/public_html/zlinks.id/themes/altum/views/l/biolink_wrapper.php on line 10
[29-Jan-2025 12:44:07 UTC] PHP Warning:  Undefined property: stdClass::$is_enabled in /home/u6583521/public_html/zlinks.id/themes/altum/views/l/biolink_wrapper.php on line 10
[29-Jan-2025 12:44:13 UTC] PHP Warning:  Undefined property: stdClass::$is_enabled in /home/u6583521/public_html/zlinks.id/themes/altum/views/wrapper.php on line 10
[29-Jan-2025 12:44:14 UTC] PHP Warning:  Undefined property: stdClass::$splash_page_id in /home/u6583521/public_html/zlinks.id/app/controllers/l/Link.php on line 114
[29-Jan-2025 12:44:14 UTC] PHP Warning:  Undefined property: stdClass::$password in /home/u6583521/public_html/zlinks.id/app/controllers/l/Link.php on line 179
[29-Jan-2025 12:44:14 UTC] PHP Warning:  Undefined property: stdClass::$sensitive_content in /home/u6583521/public_html/zlinks.id/app/controllers/l/Link.php on line 208
[29-Jan-2025 12:46:11 UTC] PHP Warning:  Undefined property: stdClass::$is_enabled in /home/u6583521/public_html/zlinks.id/themes/altum/views/l/biolink_wrapper.php on line 10
[29-Jan-2025 12:46:16 UTC] PHP Warning:  Undefined property: stdClass::$splash_page_id in /home/u6583521/public_html/zlinks.id/app/controllers/l/Link.php on line 114
[29-Jan-2025 12:46:16 UTC] PHP Warning:  Undefined property: stdClass::$password in /home/u6583521/public_html/zlinks.id/app/controllers/l/Link.php on line 179
[29-Jan-2025 12:46:16 UTC] PHP Warning:  Undefined property: stdClass::$sensitive_content in /home/u6583521/public_html/zlinks.id/app/controllers/l/Link.php on line 208
[29-Jan-2025 12:46:24 UTC] PHP Warning:  Undefined property: stdClass::$is_enabled in /home/u6583521/public_html/zlinks.id/themes/altum/views/l/biolink_wrapper.php on line 10
[29-Jan-2025 13:01:37 UTC] PHP Warning:  Undefined property: stdClass::$is_enabled in /home/u6583521/public_html/zlinks.id/themes/altum/views/l/biolink_wrapper.php on line 10
[29-Jan-2025 13:01:39 UTC] PHP Warning:  Undefined property: stdClass::$is_enabled in /home/u6583521/public_html/zlinks.id/themes/altum/views/wrapper.php on line 10
[29-Jan-2025 13:01:39 UTC] PHP Warning:  Undefined property: stdClass::$is_enabled in /home/u6583521/public_html/zlinks.id/themes/altum/views/wrapper.php on line 10
[29-Jan-2025 13:15:32 UTC] PHP Warning:  Undefined property: stdClass::$is_enabled in /home/u6583521/public_html/zlinks.id/themes/altum/views/l/biolink_wrapper.php on line 10
[29-Jan-2025 13:15:37 UTC] PHP Warning:  Undefined property: stdClass::$splash_page_id in /home/u6583521/public_html/zlinks.id/app/controllers/l/Link.php on line 114
[29-Jan-2025 13:15:37 UTC] PHP Warning:  Undefined property: stdClass::$password in /home/u6583521/public_html/zlinks.id/app/controllers/l/Link.php on line 179
[29-Jan-2025 13:15:37 UTC] PHP Warning:  Undefined property: stdClass::$sensitive_content in /home/u6583521/public_html/zlinks.id/app/controllers/l/Link.php on line 208
[29-Jan-2025 13:17:23 UTC] PHP Warning:  Undefined property: stdClass::$is_enabled in /home/u6583521/public_html/zlinks.id/themes/altum/views/l/biolink_wrapper.php on line 10
[29-Jan-2025 13:17:27 UTC] PHP Warning:  Undefined property: stdClass::$splash_page_id in /home/u6583521/public_html/zlinks.id/app/controllers/l/Link.php on line 114
[29-Jan-2025 13:17:27 UTC] PHP Warning:  Undefined property: stdClass::$password in /home/u6583521/public_html/zlinks.id/app/controllers/l/Link.php on line 179
[29-Jan-2025 13:17:27 UTC] PHP Warning:  Undefined property: stdClass::$sensitive_content in /home/u6583521/public_html/zlinks.id/app/controllers/l/Link.php on line 208
[29-Jan-2025 13:18:42 UTC] PHP Warning:  Undefined property: stdClass::$is_enabled in /home/u6583521/public_html/zlinks.id/themes/altum/views/basic_wrapper.php on line 10
[29-Jan-2025 13:21:48 UTC] PHP Warning:  Undefined property: stdClass::$is_enabled in /home/u6583521/public_html/zlinks.id/themes/altum/views/l/biolink_wrapper.php on line 10
[29-Jan-2025 13:21:52 UTC] PHP Warning:  Undefined property: stdClass::$splash_page_id in /home/u6583521/public_html/zlinks.id/app/controllers/l/Link.php on line 114
[29-Jan-2025 13:21:52 UTC] PHP Warning:  Undefined property: stdClass::$password in /home/u6583521/public_html/zlinks.id/app/controllers/l/Link.php on line 179
[29-Jan-2025 13:21:52 UTC] PHP Warning:  Undefined property: stdClass::$sensitive_content in /home/u6583521/public_html/zlinks.id/app/controllers/l/Link.php on line 208
[29-Jan-2025 13:22:27 UTC] PHP Warning:  Undefined property: stdClass::$is_enabled in /home/u6583521/public_html/zlinks.id/themes/altum/views/l/biolink_wrapper.php on line 10
[29-Jan-2025 13:22:30 UTC] PHP Warning:  Undefined property: stdClass::$splash_page_id in /home/u6583521/public_html/zlinks.id/app/controllers/l/Link.php on line 114
[29-Jan-2025 13:22:30 UTC] PHP Warning:  Undefined property: stdClass::$password in /home/u6583521/public_html/zlinks.id/app/controllers/l/Link.php on line 179
[29-Jan-2025 13:22:30 UTC] PHP Warning:  Undefined property: stdClass::$sensitive_content in /home/u6583521/public_html/zlinks.id/app/controllers/l/Link.php on line 208
[29-Jan-2025 13:57:45 UTC] PHP Warning:  Undefined property: stdClass::$splash_page_id in /home/u6583521/public_html/zlinks.id/app/controllers/l/Link.php on line 114
[29-Jan-2025 13:57:45 UTC] PHP Warning:  Undefined property: stdClass::$password in /home/u6583521/public_html/zlinks.id/app/controllers/l/Link.php on line 179
[29-Jan-2025 13:57:45 UTC] PHP Warning:  Undefined property: stdClass::$sensitive_content in /home/u6583521/public_html/zlinks.id/app/controllers/l/Link.php on line 208
[29-Jan-2025 14:14:45 UTC] PHP Warning:  Undefined property: stdClass::$is_enabled in /home/u6583521/public_html/zlinks.id/themes/altum/views/l/biolink_wrapper.php on line 10
[29-Jan-2025 14:14:52 UTC] PHP Warning:  Undefined property: stdClass::$splash_page_id in /home/u6583521/public_html/zlinks.id/app/controllers/l/Link.php on line 114
[29-Jan-2025 14:14:52 UTC] PHP Warning:  Undefined property: stdClass::$password in /home/u6583521/public_html/zlinks.id/app/controllers/l/Link.php on line 179
[29-Jan-2025 14:14:52 UTC] PHP Warning:  Undefined property: stdClass::$sensitive_content in /home/u6583521/public_html/zlinks.id/app/controllers/l/Link.php on line 208
[29-Jan-2025 14:15:05 UTC] PHP Warning:  Undefined property: stdClass::$is_enabled in /home/u6583521/public_html/zlinks.id/themes/altum/views/l/biolink_wrapper.php on line 10
[29-Jan-2025 14:15:07 UTC] PHP Warning:  Undefined property: stdClass::$splash_page_id in /home/u6583521/public_html/zlinks.id/app/controllers/l/Link.php on line 114
[29-Jan-2025 14:15:07 UTC] PHP Warning:  Undefined property: stdClass::$password in /home/u6583521/public_html/zlinks.id/app/controllers/l/Link.php on line 179
[29-Jan-2025 14:15:07 UTC] PHP Warning:  Undefined property: stdClass::$sensitive_content in /home/u6583521/public_html/zlinks.id/app/controllers/l/Link.php on line 208
[29-Jan-2025 14:15:27 UTC] PHP Warning:  Undefined property: stdClass::$is_enabled in /home/u6583521/public_html/zlinks.id/themes/altum/views/l/biolink_wrapper.php on line 10
[29-Jan-2025 14:15:29 UTC] PHP Warning:  Undefined property: stdClass::$splash_page_id in /home/u6583521/public_html/zlinks.id/app/controllers/l/Link.php on line 114
[29-Jan-2025 14:15:29 UTC] PHP Warning:  Undefined property: stdClass::$password in /home/u6583521/public_html/zlinks.id/app/controllers/l/Link.php on line 179
[29-Jan-2025 14:15:29 UTC] PHP Warning:  Undefined property: stdClass::$sensitive_content in /home/u6583521/public_html/zlinks.id/app/controllers/l/Link.php on line 208
[29-Jan-2025 14:17:04 UTC] PHP Warning:  Undefined property: stdClass::$is_enabled in /home/u6583521/public_html/zlinks.id/themes/altum/views/l/biolink_wrapper.php on line 10
[29-Jan-2025 14:17:11 UTC] PHP Warning:  Undefined property: stdClass::$splash_page_id in /home/u6583521/public_html/zlinks.id/app/controllers/l/Link.php on line 114
[29-Jan-2025 14:17:11 UTC] PHP Warning:  Undefined property: stdClass::$password in /home/u6583521/public_html/zlinks.id/app/controllers/l/Link.php on line 179
[29-Jan-2025 14:17:11 UTC] PHP Warning:  Undefined property: stdClass::$sensitive_content in /home/u6583521/public_html/zlinks.id/app/controllers/l/Link.php on line 208
[29-Jan-2025 14:37:08 UTC] PHP Warning:  Undefined property: stdClass::$is_enabled in /home/u6583521/public_html/zlinks.id/themes/altum/views/wrapper.php on line 10
[29-Jan-2025 14:44:09 UTC] PHP Warning:  Undefined property: stdClass::$is_enabled in /home/u6583521/public_html/zlinks.id/themes/altum/views/l/biolink_wrapper.php on line 10
[29-Jan-2025 14:44:13 UTC] PHP Warning:  Undefined property: stdClass::$splash_page_id in /home/u6583521/public_html/zlinks.id/app/controllers/l/Link.php on line 114
[29-Jan-2025 14:44:13 UTC] PHP Warning:  Undefined property: stdClass::$password in /home/u6583521/public_html/zlinks.id/app/controllers/l/Link.php on line 179
[29-Jan-2025 14:44:13 UTC] PHP Warning:  Undefined property: stdClass::$sensitive_content in /home/u6583521/public_html/zlinks.id/app/controllers/l/Link.php on line 208
[29-Jan-2025 14:54:37 UTC] PHP Warning:  Undefined property: stdClass::$is_enabled in /home/u6583521/public_html/zlinks.id/themes/altum/views/wrapper.php on line 10
[29-Jan-2025 15:11:04 UTC] PHP Warning:  Undefined property: stdClass::$is_enabled in /home/u6583521/public_html/zlinks.id/themes/altum/views/wrapper.php on line 10
[29-Jan-2025 15:26:27 UTC] PHP Warning:  Undefined property: stdClass::$is_enabled in /home/u6583521/public_html/zlinks.id/themes/altum/views/wrapper.php on line 10
[29-Jan-2025 15:26:35 UTC] PHP Warning:  Undefined property: stdClass::$is_enabled in /home/u6583521/public_html/zlinks.id/themes/altum/views/wrapper.php on line 10
[29-Jan-2025 15:26:36 UTC] PHP Warning:  Undefined property: stdClass::$is_enabled in /home/u6583521/public_html/zlinks.id/themes/altum/views/wrapper.php on line 10
[29-Jan-2025 15:32:13 UTC] PHP Warning:  Undefined property: stdClass::$is_enabled in /home/u6583521/public_html/zlinks.id/themes/altum/views/wrapper.php on line 10
[29-Jan-2025 16:06:26 UTC] PHP Warning:  Undefined property: stdClass::$is_enabled in /home/u6583521/public_html/zlinks.id/themes/altum/views/wrapper.php on line 10
[29-Jan-2025 17:06:25 UTC] PHP Warning:  Undefined property: stdClass::$is_enabled in /home/u6583521/public_html/zlinks.id/themes/altum/views/wrapper.php on line 10
[29-Jan-2025 17:12:52 UTC] PHP Warning:  Undefined property: stdClass::$is_enabled in /home/u6583521/public_html/zlinks.id/themes/altum/views/l/biolink_wrapper.php on line 10
[29-Jan-2025 17:12:56 UTC] PHP Warning:  Undefined property: stdClass::$is_enabled in /home/u6583521/public_html/zlinks.id/themes/altum/views/wrapper.php on line 10
[29-Jan-2025 17:13:05 UTC] PHP Warning:  Undefined property: stdClass::$splash_page_id in /home/u6583521/public_html/zlinks.id/app/controllers/l/Link.php on line 114
[29-Jan-2025 17:13:05 UTC] PHP Warning:  Undefined property: stdClass::$password in /home/u6583521/public_html/zlinks.id/app/controllers/l/Link.php on line 179
[29-Jan-2025 17:13:05 UTC] PHP Warning:  Undefined property: stdClass::$sensitive_content in /home/u6583521/public_html/zlinks.id/app/controllers/l/Link.php on line 208
[29-Jan-2025 17:18:11 UTC] PHP Warning:  Undefined property: stdClass::$is_enabled in /home/u6583521/public_html/zlinks.id/themes/altum/views/l/biolink_wrapper.php on line 10
[29-Jan-2025 17:18:14 UTC] PHP Warning:  Undefined property: stdClass::$splash_page_id in /home/u6583521/public_html/zlinks.id/app/controllers/l/Link.php on line 114
[29-Jan-2025 17:18:14 UTC] PHP Warning:  Undefined property: stdClass::$password in /home/u6583521/public_html/zlinks.id/app/controllers/l/Link.php on line 179
[29-Jan-2025 17:18:14 UTC] PHP Warning:  Undefined property: stdClass::$sensitive_content in /home/u6583521/public_html/zlinks.id/app/controllers/l/Link.php on line 208
[29-Jan-2025 17:37:43 UTC] PHP Warning:  Undefined property: stdClass::$is_enabled in /home/u6583521/public_html/zlinks.id/themes/altum/views/l/biolink_wrapper.php on line 10
[29-Jan-2025 18:04:43 UTC] PHP Warning:  Undefined property: stdClass::$is_enabled in /home/u6583521/public_html/zlinks.id/themes/altum/views/wrapper.php on line 10
[29-Jan-2025 18:22:46 UTC] PHP Warning:  Undefined property: stdClass::$is_enabled in /home/u6583521/public_html/zlinks.id/themes/altum/views/l/biolink_wrapper.php on line 10
[29-Jan-2025 18:22:54 UTC] PHP Warning:  Undefined property: stdClass::$splash_page_id in /home/u6583521/public_html/zlinks.id/app/controllers/l/Link.php on line 114
[29-Jan-2025 18:22:54 UTC] PHP Warning:  Undefined property: stdClass::$password in /home/u6583521/public_html/zlinks.id/app/controllers/l/Link.php on line 179
[29-Jan-2025 18:22:54 UTC] PHP Warning:  Undefined property: stdClass::$sensitive_content in /home/u6583521/public_html/zlinks.id/app/controllers/l/Link.php on line 208
[29-Jan-2025 18:27:33 UTC] PHP Warning:  Undefined property: stdClass::$is_enabled in /home/u6583521/public_html/zlinks.id/themes/altum/views/l/biolink_wrapper.php on line 10
[29-Jan-2025 18:27:35 UTC] PHP Warning:  Undefined property: stdClass::$splash_page_id in /home/u6583521/public_html/zlinks.id/app/controllers/l/Link.php on line 114
[29-Jan-2025 18:27:35 UTC] PHP Warning:  Undefined property: stdClass::$password in /home/u6583521/public_html/zlinks.id/app/controllers/l/Link.php on line 179
[29-Jan-2025 18:27:35 UTC] PHP Warning:  Undefined property: stdClass::$sensitive_content in /home/u6583521/public_html/zlinks.id/app/controllers/l/Link.php on line 208
[29-Jan-2025 18:31:52 UTC] PHP Warning:  Undefined property: stdClass::$is_enabled in /home/u6583521/public_html/zlinks.id/themes/altum/views/l/biolink_wrapper.php on line 10
[29-Jan-2025 18:32:04 UTC] PHP Warning:  Undefined property: stdClass::$splash_page_id in /home/u6583521/public_html/zlinks.id/app/controllers/l/Link.php on line 114
[29-Jan-2025 18:32:04 UTC] PHP Warning:  Undefined property: stdClass::$password in /home/u6583521/public_html/zlinks.id/app/controllers/l/Link.php on line 179
[29-Jan-2025 18:32:04 UTC] PHP Warning:  Undefined property: stdClass::$sensitive_content in /home/u6583521/public_html/zlinks.id/app/controllers/l/Link.php on line 208
[29-Jan-2025 18:32:06 UTC] PHP Warning:  Undefined property: stdClass::$splash_page_id in /home/u6583521/public_html/zlinks.id/app/controllers/l/Link.php on line 114
[29-Jan-2025 18:32:06 UTC] PHP Warning:  Undefined property: stdClass::$password in /home/u6583521/public_html/zlinks.id/app/controllers/l/Link.php on line 179
[29-Jan-2025 18:32:06 UTC] PHP Warning:  Undefined property: stdClass::$sensitive_content in /home/u6583521/public_html/zlinks.id/app/controllers/l/Link.php on line 208
[29-Jan-2025 18:32:14 UTC] PHP Warning:  Undefined property: stdClass::$is_enabled in /home/u6583521/public_html/zlinks.id/themes/altum/views/l/biolink_wrapper.php on line 10
[29-Jan-2025 18:32:19 UTC] PHP Warning:  Undefined property: stdClass::$splash_page_id in /home/u6583521/public_html/zlinks.id/app/controllers/l/Link.php on line 114
[29-Jan-2025 18:32:19 UTC] PHP Warning:  Undefined property: stdClass::$password in /home/u6583521/public_html/zlinks.id/app/controllers/l/Link.php on line 179
[29-Jan-2025 18:32:19 UTC] PHP Warning:  Undefined property: stdClass::$sensitive_content in /home/u6583521/public_html/zlinks.id/app/controllers/l/Link.php on line 208
[29-Jan-2025 18:32:34 UTC] PHP Warning:  Undefined property: stdClass::$is_enabled in /home/u6583521/public_html/zlinks.id/themes/altum/views/l/biolink_wrapper.php on line 10
[29-Jan-2025 18:51:02 UTC] PHP Warning:  Undefined property: stdClass::$is_enabled in /home/u6583521/public_html/zlinks.id/themes/altum/views/l/biolink_wrapper.php on line 10
[29-Jan-2025 18:51:07 UTC] PHP Warning:  Undefined property: stdClass::$is_enabled in /home/u6583521/public_html/zlinks.id/themes/altum/views/wrapper.php on line 10
[29-Jan-2025 18:51:12 UTC] PHP Warning:  Undefined property: stdClass::$splash_page_id in /home/u6583521/public_html/zlinks.id/app/controllers/l/Link.php on line 114
[29-Jan-2025 18:51:12 UTC] PHP Warning:  Undefined property: stdClass::$password in /home/u6583521/public_html/zlinks.id/app/controllers/l/Link.php on line 179
[29-Jan-2025 18:51:12 UTC] PHP Warning:  Undefined property: stdClass::$sensitive_content in /home/u6583521/public_html/zlinks.id/app/controllers/l/Link.php on line 208
[29-Jan-2025 18:51:25 UTC] PHP Warning:  Undefined property: stdClass::$is_enabled in /home/u6583521/public_html/zlinks.id/themes/altum/views/l/biolink_wrapper.php on line 10
[29-Jan-2025 18:51:27 UTC] PHP Warning:  Undefined property: stdClass::$splash_page_id in /home/u6583521/public_html/zlinks.id/app/controllers/l/Link.php on line 114
[29-Jan-2025 18:51:27 UTC] PHP Warning:  Undefined property: stdClass::$password in /home/u6583521/public_html/zlinks.id/app/controllers/l/Link.php on line 179
[29-Jan-2025 18:51:27 UTC] PHP Warning:  Undefined property: stdClass::$sensitive_content in /home/u6583521/public_html/zlinks.id/app/controllers/l/Link.php on line 208
[29-Jan-2025 20:05:10 UTC] PHP Warning:  Undefined property: stdClass::$is_enabled in /home/u6583521/public_html/zlinks.id/themes/altum/views/wrapper.php on line 10
[29-Jan-2025 20:05:12 UTC] PHP Warning:  Undefined property: stdClass::$is_enabled in /home/u6583521/public_html/zlinks.id/themes/altum/views/basic_wrapper.php on line 10
[29-Jan-2025 20:05:14 UTC] PHP Warning:  Undefined array key "is_newsletter_subscribed" in /home/u6583521/public_html/zlinks.id/app/controllers/Register.php on line 50
[29-Jan-2025 20:05:14 UTC] PHP Warning:  Undefined property: stdClass::$is_enabled in /home/u6583521/public_html/zlinks.id/themes/altum/views/basic_wrapper.php on line 10
[29-Jan-2025 20:12:44 UTC] PHP Warning:  Undefined property: stdClass::$is_enabled in /home/u6583521/public_html/zlinks.id/themes/altum/views/wrapper.php on line 10
[29-Jan-2025 21:27:26 UTC] PHP Warning:  Undefined property: stdClass::$is_enabled in /home/u6583521/public_html/zlinks.id/themes/altum/views/wrapper.php on line 10
[29-Jan-2025 21:52:03 UTC] PHP Warning:  Undefined property: stdClass::$is_enabled in /home/u6583521/public_html/zlinks.id/themes/altum/views/wrapper.php on line 10
[29-Jan-2025 21:52:31 UTC] PHP Warning:  Undefined property: stdClass::$is_enabled in /home/u6583521/public_html/zlinks.id/themes/altum/views/wrapper.php on line 10
[29-Jan-2025 21:52:32 UTC] PHP Warning:  Undefined property: stdClass::$is_enabled in /home/u6583521/public_html/zlinks.id/themes/altum/views/wrapper.php on line 10
[29-Jan-2025 21:52:32 UTC] PHP Warning:  Undefined property: stdClass::$is_enabled in /home/u6583521/public_html/zlinks.id/themes/altum/views/wrapper.php on line 10
[29-Jan-2025 21:52:33 UTC] PHP Warning:  Undefined property: stdClass::$is_enabled in /home/u6583521/public_html/zlinks.id/themes/altum/views/wrapper.php on line 10
[29-Jan-2025 21:52:48 UTC] PHP Warning:  Undefined property: stdClass::$is_enabled in /home/u6583521/public_html/zlinks.id/themes/altum/views/wrapper.php on line 10
[29-Jan-2025 21:56:46 UTC] PHP Warning:  Undefined property: stdClass::$is_enabled in /home/u6583521/public_html/zlinks.id/themes/altum/views/l/biolink_wrapper.php on line 10
[29-Jan-2025 21:58:27 UTC] PHP Warning:  Undefined property: stdClass::$is_enabled in /home/u6583521/public_html/zlinks.id/themes/altum/views/wrapper.php on line 10
[29-Jan-2025 22:19:27 UTC] PHP Warning:  Undefined property: stdClass::$is_enabled in /home/u6583521/public_html/zlinks.id/themes/altum/views/wrapper.php on line 10
[29-Jan-2025 22:19:32 UTC] PHP Warning:  Undefined property: stdClass::$is_enabled in /home/u6583521/public_html/zlinks.id/themes/altum/views/wrapper.php on line 10
[29-Jan-2025 22:49:17 UTC] PHP Warning:  Undefined property: stdClass::$is_enabled in /home/u6583521/public_html/zlinks.id/themes/altum/views/wrapper.php on line 10
[29-Jan-2025 23:39:01 UTC] PHP Warning:  Undefined property: stdClass::$is_enabled in /home/u6583521/public_html/zlinks.id/themes/altum/views/wrapper.php on line 10
[29-Jan-2025 23:39:17 UTC] PHP Warning:  Undefined property: stdClass::$is_enabled in /home/u6583521/public_html/zlinks.id/themes/altum/views/wrapper.php on line 10
[29-Jan-2025 23:39:51 UTC] PHP Warning:  Undefined property: stdClass::$is_enabled in /home/u6583521/public_html/zlinks.id/themes/altum/views/wrapper.php on line 10
