[24-Mar-2025 02:53:08 UTC] PHP Warning:  Undefined property: stdClass::$force_splash_page_on_image in /home/u6583521/public_html/zlinks.id/app/controllers/l/Link.php on line 113
[24-Mar-2025 02:53:08 UTC] PHP Warning:  Undefined property: stdClass::$splash_page_id in /home/u6583521/public_html/zlinks.id/app/controllers/l/Link.php on line 114
[24-Mar-2025 02:53:08 UTC] PHP Warning:  Undefined property: stdClass::$password in /home/u6583521/public_html/zlinks.id/app/controllers/l/Link.php on line 179
[24-Mar-2025 02:53:08 UTC] PHP Warning:  Undefined property: stdClass::$sensitive_content in /home/u6583521/public_html/zlinks.id/app/controllers/l/Link.php on line 208
[24-Mar-2025 03:30:07 UTC] PHP Warning:  Undefined property: stdClass::$splash_page_id in /home/u6583521/public_html/zlinks.id/app/controllers/l/Link.php on line 114
[24-Mar-2025 03:30:07 UTC] PHP Warning:  Undefined property: stdClass::$password in /home/u6583521/public_html/zlinks.id/app/controllers/l/Link.php on line 179
[24-Mar-2025 03:30:07 UTC] PHP Warning:  Undefined property: stdClass::$sensitive_content in /home/u6583521/public_html/zlinks.id/app/controllers/l/Link.php on line 208
[24-Mar-2025 03:31:36 UTC] PHP Warning:  Undefined array key "is_newsletter_subscribed" in /home/u6583521/public_html/zlinks.id/app/controllers/Register.php on line 50
[24-Mar-2025 03:33:05 UTC] PHP Warning:  Undefined property: stdClass::$splash_page_id in /home/u6583521/public_html/zlinks.id/app/controllers/l/Link.php on line 114
[24-Mar-2025 03:33:05 UTC] PHP Warning:  Undefined property: stdClass::$password in /home/u6583521/public_html/zlinks.id/app/controllers/l/Link.php on line 179
[24-Mar-2025 03:33:05 UTC] PHP Warning:  Undefined property: stdClass::$sensitive_content in /home/u6583521/public_html/zlinks.id/app/controllers/l/Link.php on line 208
[24-Mar-2025 03:33:08 UTC] PHP Warning:  Undefined property: stdClass::$splash_page_id in /home/u6583521/public_html/zlinks.id/app/controllers/l/Link.php on line 114
[24-Mar-2025 03:33:08 UTC] PHP Warning:  Undefined property: stdClass::$password in /home/u6583521/public_html/zlinks.id/app/controllers/l/Link.php on line 179
[24-Mar-2025 03:33:08 UTC] PHP Warning:  Undefined property: stdClass::$sensitive_content in /home/u6583521/public_html/zlinks.id/app/controllers/l/Link.php on line 208
[24-Mar-2025 03:33:08 UTC] PHP Warning:  Undefined property: stdClass::$splash_page_id in /home/u6583521/public_html/zlinks.id/app/controllers/l/Link.php on line 114
[24-Mar-2025 03:33:08 UTC] PHP Warning:  Undefined property: stdClass::$password in /home/u6583521/public_html/zlinks.id/app/controllers/l/Link.php on line 179
[24-Mar-2025 03:33:08 UTC] PHP Warning:  Undefined property: stdClass::$sensitive_content in /home/u6583521/public_html/zlinks.id/app/controllers/l/Link.php on line 208
[24-Mar-2025 03:33:08 UTC] PHP Warning:  Undefined property: stdClass::$splash_page_id in /home/u6583521/public_html/zlinks.id/app/controllers/l/Link.php on line 114
[24-Mar-2025 03:33:08 UTC] PHP Warning:  Undefined property: stdClass::$password in /home/u6583521/public_html/zlinks.id/app/controllers/l/Link.php on line 179
[24-Mar-2025 03:33:08 UTC] PHP Warning:  Undefined property: stdClass::$sensitive_content in /home/u6583521/public_html/zlinks.id/app/controllers/l/Link.php on line 208
[24-Mar-2025 03:33:10 UTC] PHP Warning:  Undefined property: stdClass::$splash_page_id in /home/u6583521/public_html/zlinks.id/app/controllers/l/Link.php on line 114
[24-Mar-2025 03:33:10 UTC] PHP Warning:  Undefined property: stdClass::$password in /home/u6583521/public_html/zlinks.id/app/controllers/l/Link.php on line 179
[24-Mar-2025 03:33:10 UTC] PHP Warning:  Undefined property: stdClass::$sensitive_content in /home/u6583521/public_html/zlinks.id/app/controllers/l/Link.php on line 208
[24-Mar-2025 03:33:12 UTC] PHP Warning:  Undefined property: stdClass::$splash_page_id in /home/u6583521/public_html/zlinks.id/app/controllers/l/Link.php on line 114
[24-Mar-2025 03:33:12 UTC] PHP Warning:  Undefined property: stdClass::$password in /home/u6583521/public_html/zlinks.id/app/controllers/l/Link.php on line 179
[24-Mar-2025 03:33:12 UTC] PHP Warning:  Undefined property: stdClass::$sensitive_content in /home/u6583521/public_html/zlinks.id/app/controllers/l/Link.php on line 208
[24-Mar-2025 03:33:14 UTC] PHP Warning:  Undefined property: stdClass::$splash_page_id in /home/u6583521/public_html/zlinks.id/app/controllers/l/Link.php on line 114
[24-Mar-2025 03:33:14 UTC] PHP Warning:  Undefined property: stdClass::$password in /home/u6583521/public_html/zlinks.id/app/controllers/l/Link.php on line 179
[24-Mar-2025 03:33:14 UTC] PHP Warning:  Undefined property: stdClass::$sensitive_content in /home/u6583521/public_html/zlinks.id/app/controllers/l/Link.php on line 208
[24-Mar-2025 03:33:14 UTC] PHP Warning:  Undefined property: stdClass::$splash_page_id in /home/u6583521/public_html/zlinks.id/app/controllers/l/Link.php on line 114
[24-Mar-2025 03:33:14 UTC] PHP Warning:  Undefined property: stdClass::$password in /home/u6583521/public_html/zlinks.id/app/controllers/l/Link.php on line 179
[24-Mar-2025 03:33:14 UTC] PHP Warning:  Undefined property: stdClass::$sensitive_content in /home/u6583521/public_html/zlinks.id/app/controllers/l/Link.php on line 208
[24-Mar-2025 03:33:16 UTC] PHP Warning:  Undefined property: stdClass::$splash_page_id in /home/u6583521/public_html/zlinks.id/app/controllers/l/Link.php on line 114
[24-Mar-2025 03:33:16 UTC] PHP Warning:  Undefined property: stdClass::$password in /home/u6583521/public_html/zlinks.id/app/controllers/l/Link.php on line 179
[24-Mar-2025 03:33:16 UTC] PHP Warning:  Undefined property: stdClass::$sensitive_content in /home/u6583521/public_html/zlinks.id/app/controllers/l/Link.php on line 208
[24-Mar-2025 05:12:45 UTC] PHP Warning:  Undefined property: stdClass::$domains in /home/u6583521/public_html/zlinks.id/themes/altum/views/links/links_content.php on line 167
[24-Mar-2025 05:12:45 UTC] PHP Warning:  foreach() argument must be of type array|object, null given in /home/u6583521/public_html/zlinks.id/themes/altum/views/links/links_content.php on line 167
[24-Mar-2025 05:12:51 UTC] PHP Warning:  Undefined property: stdClass::$contact_collector in /home/u6583521/public_html/zlinks.id/themes/altum/views/link/settings/biolink_link_create_modal.php on line 32
[24-Mar-2025 05:12:51 UTC] PHP Warning:  Undefined property: stdClass::$twitter_video in /home/u6583521/public_html/zlinks.id/themes/altum/views/link/settings/biolink_link_create_modal.php on line 32
[24-Mar-2025 05:12:51 UTC] PHP Warning:  Undefined property: stdClass::$vk_video in /home/u6583521/public_html/zlinks.id/themes/altum/views/link/settings/biolink_link_create_modal.php on line 32
[24-Mar-2025 05:14:01 UTC] PHP Warning:  Undefined array key "HTTP_USER_AGENT" in /home/u6583521/public_html/zlinks.id/plugins/pwa/views/partials/pwa.php on line 5
[24-Mar-2025 05:14:21 UTC] PHP Warning:  Undefined property: stdClass::$contact_collector in /home/u6583521/public_html/zlinks.id/themes/altum/views/link/settings/biolink_link_create_modal.php on line 32
[24-Mar-2025 05:14:21 UTC] PHP Warning:  Undefined property: stdClass::$twitter_video in /home/u6583521/public_html/zlinks.id/themes/altum/views/link/settings/biolink_link_create_modal.php on line 32
[24-Mar-2025 05:14:21 UTC] PHP Warning:  Undefined property: stdClass::$vk_video in /home/u6583521/public_html/zlinks.id/themes/altum/views/link/settings/biolink_link_create_modal.php on line 32
[24-Mar-2025 05:18:40 UTC] PHP Warning:  Attempt to read property "uploads_url" on string in /home/u6583521/public_html/zlinks.id/app/core/Uploads.php on line 178
[24-Mar-2025 05:20:41 UTC] PHP Warning:  Undefined array key "twofa_is_enabled" in /home/u6583521/public_html/zlinks.id/themes/altum/views/account/index.php on line 226
[24-Mar-2025 05:20:45 UTC] PHP Warning:  Undefined property: stdClass::$contact_collector in /home/u6583521/public_html/zlinks.id/themes/altum/views/link/settings/biolink_link_create_modal.php on line 32
[24-Mar-2025 05:20:45 UTC] PHP Warning:  Undefined property: stdClass::$twitter_video in /home/u6583521/public_html/zlinks.id/themes/altum/views/link/settings/biolink_link_create_modal.php on line 32
[24-Mar-2025 05:20:45 UTC] PHP Warning:  Undefined property: stdClass::$vk_video in /home/u6583521/public_html/zlinks.id/themes/altum/views/link/settings/biolink_link_create_modal.php on line 32
[24-Mar-2025 05:21:02 UTC] PHP Warning:  Undefined property: stdClass::$splash_page_id in /home/u6583521/public_html/zlinks.id/app/controllers/l/Link.php on line 114
[24-Mar-2025 05:21:02 UTC] PHP Warning:  Undefined property: stdClass::$password in /home/u6583521/public_html/zlinks.id/app/controllers/l/Link.php on line 179
[24-Mar-2025 05:21:02 UTC] PHP Warning:  Undefined property: stdClass::$sensitive_content in /home/u6583521/public_html/zlinks.id/app/controllers/l/Link.php on line 208
[24-Mar-2025 05:28:24 UTC] PHP Warning:  Undefined array key "twofa_is_enabled" in /home/u6583521/public_html/zlinks.id/themes/altum/views/account/index.php on line 226
[24-Mar-2025 05:28:37 UTC] PHP Warning:  Undefined property: stdClass::$contact_collector in /home/u6583521/public_html/zlinks.id/themes/altum/views/link/settings/biolink_link_create_modal.php on line 32
[24-Mar-2025 05:28:37 UTC] PHP Warning:  Undefined property: stdClass::$twitter_video in /home/u6583521/public_html/zlinks.id/themes/altum/views/link/settings/biolink_link_create_modal.php on line 32
[24-Mar-2025 05:28:37 UTC] PHP Warning:  Undefined property: stdClass::$vk_video in /home/u6583521/public_html/zlinks.id/themes/altum/views/link/settings/biolink_link_create_modal.php on line 32
[24-Mar-2025 05:30:00 UTC] PHP Warning:  Undefined property: stdClass::$contact_collector in /home/u6583521/public_html/zlinks.id/themes/altum/views/link/settings/biolink_link_create_modal.php on line 32
[24-Mar-2025 05:30:00 UTC] PHP Warning:  Undefined property: stdClass::$twitter_video in /home/u6583521/public_html/zlinks.id/themes/altum/views/link/settings/biolink_link_create_modal.php on line 32
[24-Mar-2025 05:30:00 UTC] PHP Warning:  Undefined property: stdClass::$vk_video in /home/u6583521/public_html/zlinks.id/themes/altum/views/link/settings/biolink_link_create_modal.php on line 32
[24-Mar-2025 05:31:09 UTC] PHP Warning:  Undefined property: stdClass::$image in /home/u6583521/public_html/zlinks.id/app/controllers/BiolinkBlockAjax.php on line 140
[24-Mar-2025 05:31:09 UTC] PHP Warning:  Undefined property: stdClass::$contact_collector in /home/u6583521/public_html/zlinks.id/themes/altum/views/link/settings/biolink_link_create_modal.php on line 32
[24-Mar-2025 05:31:09 UTC] PHP Warning:  Undefined property: stdClass::$twitter_video in /home/u6583521/public_html/zlinks.id/themes/altum/views/link/settings/biolink_link_create_modal.php on line 32
[24-Mar-2025 05:31:09 UTC] PHP Warning:  Undefined property: stdClass::$vk_video in /home/u6583521/public_html/zlinks.id/themes/altum/views/link/settings/biolink_link_create_modal.php on line 32
[24-Mar-2025 05:35:39 UTC] PHP Warning:  Undefined property: stdClass::$contact_collector in /home/u6583521/public_html/zlinks.id/themes/altum/views/link/settings/biolink_link_create_modal.php on line 32
[24-Mar-2025 05:35:39 UTC] PHP Warning:  Undefined property: stdClass::$twitter_video in /home/u6583521/public_html/zlinks.id/themes/altum/views/link/settings/biolink_link_create_modal.php on line 32
[24-Mar-2025 05:35:39 UTC] PHP Warning:  Undefined property: stdClass::$vk_video in /home/u6583521/public_html/zlinks.id/themes/altum/views/link/settings/biolink_link_create_modal.php on line 32
[24-Mar-2025 05:36:59 UTC] PHP Warning:  Undefined property: stdClass::$contact_collector in /home/u6583521/public_html/zlinks.id/themes/altum/views/link/settings/biolink_link_create_modal.php on line 32
[24-Mar-2025 05:36:59 UTC] PHP Warning:  Undefined property: stdClass::$twitter_video in /home/u6583521/public_html/zlinks.id/themes/altum/views/link/settings/biolink_link_create_modal.php on line 32
[24-Mar-2025 05:36:59 UTC] PHP Warning:  Undefined property: stdClass::$vk_video in /home/u6583521/public_html/zlinks.id/themes/altum/views/link/settings/biolink_link_create_modal.php on line 32
[24-Mar-2025 05:40:21 UTC] PHP Warning:  Undefined property: stdClass::$image in /home/u6583521/public_html/zlinks.id/app/controllers/BiolinkBlockAjax.php on line 140
[24-Mar-2025 05:40:21 UTC] PHP Warning:  Undefined property: stdClass::$contact_collector in /home/u6583521/public_html/zlinks.id/themes/altum/views/link/settings/biolink_link_create_modal.php on line 32
[24-Mar-2025 05:40:21 UTC] PHP Warning:  Undefined property: stdClass::$twitter_video in /home/u6583521/public_html/zlinks.id/themes/altum/views/link/settings/biolink_link_create_modal.php on line 32
[24-Mar-2025 05:40:21 UTC] PHP Warning:  Undefined property: stdClass::$vk_video in /home/u6583521/public_html/zlinks.id/themes/altum/views/link/settings/biolink_link_create_modal.php on line 32
[24-Mar-2025 05:42:59 UTC] PHP Warning:  Undefined property: stdClass::$domains in /home/u6583521/public_html/zlinks.id/themes/altum/views/links/links_content.php on line 167
[24-Mar-2025 05:42:59 UTC] PHP Warning:  foreach() argument must be of type array|object, null given in /home/u6583521/public_html/zlinks.id/themes/altum/views/links/links_content.php on line 167
[24-Mar-2025 05:48:33 UTC] PHP Warning:  Undefined property: stdClass::$domains in /home/u6583521/public_html/zlinks.id/themes/altum/views/links/links_content.php on line 167
[24-Mar-2025 05:48:33 UTC] PHP Warning:  foreach() argument must be of type array|object, null given in /home/u6583521/public_html/zlinks.id/themes/altum/views/links/links_content.php on line 167
[24-Mar-2025 05:48:41 UTC] PHP Warning:  Undefined property: stdClass::$force_splash_page_on_share in /home/u6583521/public_html/zlinks.id/app/controllers/l/Link.php on line 113
[24-Mar-2025 05:48:41 UTC] PHP Warning:  Undefined property: stdClass::$splash_page_id in /home/u6583521/public_html/zlinks.id/app/controllers/l/Link.php on line 114
[24-Mar-2025 05:48:41 UTC] PHP Warning:  Undefined property: stdClass::$password in /home/u6583521/public_html/zlinks.id/app/controllers/l/Link.php on line 179
[24-Mar-2025 05:48:41 UTC] PHP Warning:  Undefined property: stdClass::$sensitive_content in /home/u6583521/public_html/zlinks.id/app/controllers/l/Link.php on line 208
[24-Mar-2025 05:48:48 UTC] PHP Warning:  Undefined property: stdClass::$contact_collector in /home/u6583521/public_html/zlinks.id/themes/altum/views/link/settings/biolink_link_create_modal.php on line 32
[24-Mar-2025 05:48:48 UTC] PHP Warning:  Undefined property: stdClass::$twitter_video in /home/u6583521/public_html/zlinks.id/themes/altum/views/link/settings/biolink_link_create_modal.php on line 32
[24-Mar-2025 05:48:48 UTC] PHP Warning:  Undefined property: stdClass::$vk_video in /home/u6583521/public_html/zlinks.id/themes/altum/views/link/settings/biolink_link_create_modal.php on line 32
[24-Mar-2025 05:49:22 UTC] PHP Warning:  Undefined property: stdClass::$force_splash_page_on_share in /home/u6583521/public_html/zlinks.id/app/controllers/l/Link.php on line 113
[24-Mar-2025 05:49:22 UTC] PHP Warning:  Undefined property: stdClass::$splash_page_id in /home/u6583521/public_html/zlinks.id/app/controllers/l/Link.php on line 114
[24-Mar-2025 05:49:22 UTC] PHP Warning:  Undefined property: stdClass::$password in /home/u6583521/public_html/zlinks.id/app/controllers/l/Link.php on line 179
[24-Mar-2025 05:49:22 UTC] PHP Warning:  Undefined property: stdClass::$sensitive_content in /home/u6583521/public_html/zlinks.id/app/controllers/l/Link.php on line 208
[24-Mar-2025 05:50:02 UTC] PHP Warning:  Undefined property: stdClass::$contact_collector in /home/u6583521/public_html/zlinks.id/themes/altum/views/link/settings/biolink_link_create_modal.php on line 32
[24-Mar-2025 05:50:02 UTC] PHP Warning:  Undefined property: stdClass::$twitter_video in /home/u6583521/public_html/zlinks.id/themes/altum/views/link/settings/biolink_link_create_modal.php on line 32
[24-Mar-2025 05:50:02 UTC] PHP Warning:  Undefined property: stdClass::$vk_video in /home/u6583521/public_html/zlinks.id/themes/altum/views/link/settings/biolink_link_create_modal.php on line 32
[24-Mar-2025 05:50:15 UTC] PHP Warning:  Undefined property: stdClass::$force_splash_page_on_share in /home/u6583521/public_html/zlinks.id/app/controllers/l/Link.php on line 113
[24-Mar-2025 05:50:15 UTC] PHP Warning:  Undefined property: stdClass::$splash_page_id in /home/u6583521/public_html/zlinks.id/app/controllers/l/Link.php on line 114
[24-Mar-2025 05:50:15 UTC] PHP Warning:  Undefined property: stdClass::$password in /home/u6583521/public_html/zlinks.id/app/controllers/l/Link.php on line 179
[24-Mar-2025 05:50:15 UTC] PHP Warning:  Undefined property: stdClass::$sensitive_content in /home/u6583521/public_html/zlinks.id/app/controllers/l/Link.php on line 208
[24-Mar-2025 05:52:19 UTC] PHP Warning:  Undefined property: stdClass::$force_splash_page_on_image in /home/u6583521/public_html/zlinks.id/app/controllers/l/Link.php on line 113
[24-Mar-2025 05:52:19 UTC] PHP Warning:  Undefined property: stdClass::$splash_page_id in /home/u6583521/public_html/zlinks.id/app/controllers/l/Link.php on line 114
[24-Mar-2025 05:52:19 UTC] PHP Warning:  Undefined property: stdClass::$password in /home/u6583521/public_html/zlinks.id/app/controllers/l/Link.php on line 179
[24-Mar-2025 05:52:19 UTC] PHP Warning:  Undefined property: stdClass::$sensitive_content in /home/u6583521/public_html/zlinks.id/app/controllers/l/Link.php on line 208
[24-Mar-2025 05:52:27 UTC] PHP Warning:  Undefined array key "domain_id" in /home/u6583521/public_html/zlinks.id/app/controllers/LinkAjax.php on line 1016
[24-Mar-2025 05:53:23 UTC] PHP Warning:  Undefined array key "domain_id" in /home/u6583521/public_html/zlinks.id/app/controllers/LinkAjax.php on line 1016
[24-Mar-2025 05:54:27 UTC] PHP Warning:  Undefined property: stdClass::$contact_collector in /home/u6583521/public_html/zlinks.id/themes/altum/views/link/settings/biolink_link_create_modal.php on line 32
[24-Mar-2025 05:54:27 UTC] PHP Warning:  Undefined property: stdClass::$twitter_video in /home/u6583521/public_html/zlinks.id/themes/altum/views/link/settings/biolink_link_create_modal.php on line 32
[24-Mar-2025 05:54:27 UTC] PHP Warning:  Undefined property: stdClass::$vk_video in /home/u6583521/public_html/zlinks.id/themes/altum/views/link/settings/biolink_link_create_modal.php on line 32
[24-Mar-2025 05:54:38 UTC] PHP Warning:  Undefined array key "domain_id" in /home/u6583521/public_html/zlinks.id/app/controllers/LinkAjax.php on line 1016
[24-Mar-2025 06:44:44 UTC] PHP Warning:  Undefined property: stdClass::$splash_page_id in /home/u6583521/public_html/zlinks.id/app/controllers/l/Link.php on line 114
[24-Mar-2025 06:44:44 UTC] PHP Warning:  Undefined property: stdClass::$password in /home/u6583521/public_html/zlinks.id/app/controllers/l/Link.php on line 179
[24-Mar-2025 06:44:44 UTC] PHP Warning:  Undefined property: stdClass::$sensitive_content in /home/u6583521/public_html/zlinks.id/app/controllers/l/Link.php on line 208
[24-Mar-2025 06:53:47 UTC] PHP Warning:  Undefined property: stdClass::$force_splash_page_on_pdf_document in /home/u6583521/public_html/zlinks.id/app/controllers/l/Link.php on line 113
[24-Mar-2025 06:53:47 UTC] PHP Warning:  Undefined property: stdClass::$splash_page_id in /home/u6583521/public_html/zlinks.id/app/controllers/l/Link.php on line 114
[24-Mar-2025 06:53:47 UTC] PHP Warning:  Undefined property: stdClass::$password in /home/u6583521/public_html/zlinks.id/app/controllers/l/Link.php on line 179
[24-Mar-2025 06:53:47 UTC] PHP Warning:  Undefined property: stdClass::$sensitive_content in /home/u6583521/public_html/zlinks.id/app/controllers/l/Link.php on line 208
[24-Mar-2025 06:53:54 UTC] PHP Warning:  Undefined property: stdClass::$force_splash_page_on_pdf_document in /home/u6583521/public_html/zlinks.id/app/controllers/l/Link.php on line 113
[24-Mar-2025 06:53:54 UTC] PHP Warning:  Undefined property: stdClass::$splash_page_id in /home/u6583521/public_html/zlinks.id/app/controllers/l/Link.php on line 114
[24-Mar-2025 06:53:54 UTC] PHP Warning:  Undefined property: stdClass::$password in /home/u6583521/public_html/zlinks.id/app/controllers/l/Link.php on line 179
[24-Mar-2025 06:53:54 UTC] PHP Warning:  Undefined property: stdClass::$sensitive_content in /home/u6583521/public_html/zlinks.id/app/controllers/l/Link.php on line 208
[24-Mar-2025 07:57:22 UTC] PHP Warning:  Undefined property: stdClass::$splash_page_id in /home/u6583521/public_html/zlinks.id/app/controllers/l/Link.php on line 114
[24-Mar-2025 07:57:22 UTC] PHP Warning:  Undefined property: stdClass::$password in /home/u6583521/public_html/zlinks.id/app/controllers/l/Link.php on line 179
[24-Mar-2025 07:57:22 UTC] PHP Warning:  Undefined property: stdClass::$sensitive_content in /home/u6583521/public_html/zlinks.id/app/controllers/l/Link.php on line 208
[24-Mar-2025 08:56:37 UTC] PHP Warning:  Undefined array key "is_newsletter_subscribed" in /home/u6583521/public_html/zlinks.id/app/controllers/Register.php on line 50
[24-Mar-2025 09:33:27 UTC] PHP Warning:  Undefined array key "HTTP_USER_AGENT" in /home/u6583521/public_html/zlinks.id/plugins/pwa/views/partials/pwa.php on line 5
[24-Mar-2025 10:26:30 UTC] PHP Warning:  Undefined array key "is_newsletter_subscribed" in /home/u6583521/public_html/zlinks.id/app/controllers/Register.php on line 50
[24-Mar-2025 13:51:46 UTC] PHP Warning:  Undefined array key "is_newsletter_subscribed" in /home/u6583521/public_html/zlinks.id/app/controllers/Register.php on line 50
[24-Mar-2025 14:03:12 UTC] PHP Warning:  Undefined array key "is_newsletter_subscribed" in /home/u6583521/public_html/zlinks.id/app/controllers/Register.php on line 50
[24-Mar-2025 16:58:51 UTC] PHP Warning:  Undefined array key "is_newsletter_subscribed" in /home/u6583521/public_html/zlinks.id/app/controllers/Register.php on line 50
[24-Mar-2025 19:19:34 UTC] PHP Warning:  Undefined array key "is_newsletter_subscribed" in /home/u6583521/public_html/zlinks.id/app/controllers/Register.php on line 50
[24-Mar-2025 20:46:07 UTC] PHP Warning:  Undefined array key "is_newsletter_subscribed" in /home/u6583521/public_html/zlinks.id/app/controllers/Register.php on line 50
[24-Mar-2025 21:11:52 UTC] PHP Warning:  Undefined property: stdClass::$domains in /home/u6583521/public_html/zlinks.id/themes/altum/views/links/links_content.php on line 167
[24-Mar-2025 21:11:52 UTC] PHP Warning:  foreach() argument must be of type array|object, null given in /home/u6583521/public_html/zlinks.id/themes/altum/views/links/links_content.php on line 167
[24-Mar-2025 21:12:12 UTC] PHP Warning:  Undefined property: stdClass::$replaced_background_images_file_size_limit in /home/u6583521/public_html/zlinks.id/plugins/aix/views/chat/index.php on line 101
[24-Mar-2025 21:13:52 UTC] PHP Warning:  Undefined property: stdClass::$domains in /home/u6583521/public_html/zlinks.id/themes/altum/views/links/links_content.php on line 167
[24-Mar-2025 21:13:52 UTC] PHP Warning:  foreach() argument must be of type array|object, null given in /home/u6583521/public_html/zlinks.id/themes/altum/views/links/links_content.php on line 167
[24-Mar-2025 21:14:00 UTC] PHP Warning:  Undefined property: stdClass::$qr_codes_bulk_limit in /home/u6583521/public_html/zlinks.id/themes/altum/views/partials/plan_features.php on line 107
[24-Mar-2025 21:14:50 UTC] PHP Warning:  Undefined property: stdClass::$domains in /home/u6583521/public_html/zlinks.id/themes/altum/views/links/links_content.php on line 167
[24-Mar-2025 21:14:50 UTC] PHP Warning:  foreach() argument must be of type array|object, null given in /home/u6583521/public_html/zlinks.id/themes/altum/views/links/links_content.php on line 167
[24-Mar-2025 21:18:48 UTC] PHP Warning:  Undefined property: stdClass::$domains in /home/u6583521/public_html/zlinks.id/themes/altum/views/links/links_content.php on line 167
[24-Mar-2025 21:18:48 UTC] PHP Warning:  foreach() argument must be of type array|object, null given in /home/u6583521/public_html/zlinks.id/themes/altum/views/links/links_content.php on line 167
[24-Mar-2025 21:19:02 UTC] PHP Warning:  Undefined property: stdClass::$exclusive_personal_api_keys in /home/u6583521/public_html/zlinks.id/themes/altum/views/account-preferences/index.php on line 29
[24-Mar-2025 21:20:50 UTC] PHP Warning:  Undefined property: stdClass::$domains in /home/u6583521/public_html/zlinks.id/themes/altum/views/links/links_content.php on line 167
[24-Mar-2025 21:20:50 UTC] PHP Warning:  foreach() argument must be of type array|object, null given in /home/u6583521/public_html/zlinks.id/themes/altum/views/links/links_content.php on line 167
[24-Mar-2025 21:21:13 UTC] PHP Warning:  Undefined property: stdClass::$domains in /home/u6583521/public_html/zlinks.id/themes/altum/views/links/links_content.php on line 167
[24-Mar-2025 21:21:13 UTC] PHP Warning:  foreach() argument must be of type array|object, null given in /home/u6583521/public_html/zlinks.id/themes/altum/views/links/links_content.php on line 167
[24-Mar-2025 21:25:09 UTC] PHP Warning:  Undefined property: stdClass::$domains in /home/u6583521/public_html/zlinks.id/themes/altum/views/links/links_content.php on line 167
[24-Mar-2025 21:25:09 UTC] PHP Warning:  foreach() argument must be of type array|object, null given in /home/u6583521/public_html/zlinks.id/themes/altum/views/links/links_content.php on line 167
[24-Mar-2025 23:33:19 UTC] PHP Warning:  Undefined array key "is_newsletter_subscribed" in /home/u6583521/public_html/zlinks.id/app/controllers/Register.php on line 50
[24-Mar-2025 23:56:18 UTC] PHP Warning:  Undefined array key "is_newsletter_subscribed" in /home/u6583521/public_html/zlinks.id/app/controllers/Register.php on line 50
