[14-Jun-2025 00:03:15 UTC] PHP Warning:  Attempt to read property "type" on null in /home/u6583521/public_html/zlinks.id/themes/altum/views/partials/footer.php on line 100
[14-Jun-2025 00:09:04 UTC] PHP Warning:  Undefined property: stdClass::$background_color in /home/u6583521/public_html/zlinks.id/themes/altum/views/l/biolink_blocks/socials.php on line 29
[14-Jun-2025 00:09:04 UTC] PHP Warning:  Undefined property: stdClass::$pwa_is_enabled in /home/u6583521/public_html/zlinks.id/themes/altum/views/l/biolink_wrapper.php on line 11
[14-Jun-2025 00:12:58 UTC] PHP Warning:  Attempt to read property "type" on null in /home/u6583521/public_html/zlinks.id/themes/altum/views/partials/footer.php on line 100
[14-Jun-2025 00:16:27 UTC] PHP Warning:  Attempt to read property "type" on null in /home/u6583521/public_html/zlinks.id/themes/altum/views/partials/footer.php on line 100
[14-Jun-2025 00:18:32 UTC] PHP Warning:  Undefined property: stdClass::$background_color in /home/u6583521/public_html/zlinks.id/themes/altum/views/l/biolink_blocks/socials.php on line 29
[14-Jun-2025 00:18:32 UTC] PHP Warning:  Undefined property: stdClass::$pwa_is_enabled in /home/u6583521/public_html/zlinks.id/themes/altum/views/l/biolink_wrapper.php on line 11
[14-Jun-2025 00:19:09 UTC] PHP Warning:  Attempt to read property "type" on null in /home/u6583521/public_html/zlinks.id/themes/altum/views/partials/footer.php on line 100
[14-Jun-2025 00:19:12 UTC] PHP Warning:  Attempt to read property "type" on null in /home/u6583521/public_html/zlinks.id/themes/altum/views/partials/footer.php on line 100
[14-Jun-2025 00:30:53 UTC] PHP Warning:  Attempt to read property "type" on null in /home/u6583521/public_html/zlinks.id/themes/altum/views/partials/footer.php on line 100
[14-Jun-2025 00:30:55 UTC] PHP Warning:  Attempt to read property "type" on null in /home/u6583521/public_html/zlinks.id/themes/altum/views/partials/footer.php on line 100
[14-Jun-2025 00:31:00 UTC] PHP Warning:  Undefined array key "is_newsletter_subscribed" in /home/u6583521/public_html/zlinks.id/app/controllers/Register.php on line 61
[14-Jun-2025 00:36:11 UTC] PHP Warning:  Undefined property: stdClass::$last_submissions_is_enabled in /home/u6583521/public_html/zlinks.id/themes/altum/views/tools/tool_widget_frankfurt.php on line 26
[14-Jun-2025 00:36:11 UTC] PHP Warning:  Attempt to read property "type" on null in /home/u6583521/public_html/zlinks.id/themes/altum/views/partials/footer.php on line 100
[14-Jun-2025 00:47:32 UTC] PHP Warning:  Attempt to read property "type" on null in /home/u6583521/public_html/zlinks.id/themes/altum/views/partials/footer.php on line 100
[14-Jun-2025 00:47:44 UTC] PHP Warning:  Undefined property: stdClass::$splash_page_id in /home/u6583521/public_html/zlinks.id/app/controllers/l/Link.php on line 129
[14-Jun-2025 00:47:44 UTC] PHP Warning:  Undefined property: stdClass::$password in /home/u6583521/public_html/zlinks.id/app/controllers/l/Link.php on line 194
[14-Jun-2025 00:47:44 UTC] PHP Warning:  Undefined property: stdClass::$sensitive_content in /home/u6583521/public_html/zlinks.id/app/controllers/l/Link.php on line 223
[14-Jun-2025 00:50:34 UTC] PHP Warning:  Attempt to read property "type" on null in /home/u6583521/public_html/zlinks.id/themes/altum/views/partials/footer.php on line 100
[14-Jun-2025 00:50:37 UTC] PHP Warning:  Undefined property: stdClass::$splash_page_id in /home/u6583521/public_html/zlinks.id/app/controllers/l/Link.php on line 129
[14-Jun-2025 00:50:37 UTC] PHP Warning:  Undefined property: stdClass::$password in /home/u6583521/public_html/zlinks.id/app/controllers/l/Link.php on line 194
[14-Jun-2025 00:50:37 UTC] PHP Warning:  Undefined property: stdClass::$sensitive_content in /home/u6583521/public_html/zlinks.id/app/controllers/l/Link.php on line 223
[14-Jun-2025 00:51:05 UTC] PHP Warning:  Undefined property: stdClass::$splash_page_id in /home/u6583521/public_html/zlinks.id/app/controllers/l/Link.php on line 129
[14-Jun-2025 00:51:05 UTC] PHP Warning:  Undefined property: stdClass::$password in /home/u6583521/public_html/zlinks.id/app/controllers/l/Link.php on line 194
[14-Jun-2025 00:51:05 UTC] PHP Warning:  Undefined property: stdClass::$sensitive_content in /home/u6583521/public_html/zlinks.id/app/controllers/l/Link.php on line 223
[14-Jun-2025 00:52:27 UTC] PHP Warning:  Undefined property: stdClass::$splash_page_id in /home/u6583521/public_html/zlinks.id/app/controllers/l/Link.php on line 129
[14-Jun-2025 00:52:27 UTC] PHP Warning:  Undefined property: stdClass::$password in /home/u6583521/public_html/zlinks.id/app/controllers/l/Link.php on line 194
[14-Jun-2025 00:52:27 UTC] PHP Warning:  Undefined property: stdClass::$sensitive_content in /home/u6583521/public_html/zlinks.id/app/controllers/l/Link.php on line 223
[14-Jun-2025 00:54:06 UTC] PHP Warning:  Undefined property: stdClass::$force_splash_page_on_big_link in /home/u6583521/public_html/zlinks.id/app/controllers/l/Link.php on line 128
[14-Jun-2025 00:54:06 UTC] PHP Warning:  Undefined property: stdClass::$splash_page_id in /home/u6583521/public_html/zlinks.id/app/controllers/l/Link.php on line 129
[14-Jun-2025 00:54:06 UTC] PHP Warning:  Undefined property: stdClass::$password in /home/u6583521/public_html/zlinks.id/app/controllers/l/Link.php on line 194
[14-Jun-2025 00:54:06 UTC] PHP Warning:  Undefined property: stdClass::$sensitive_content in /home/u6583521/public_html/zlinks.id/app/controllers/l/Link.php on line 223
[14-Jun-2025 00:56:45 UTC] PHP Warning:  Attempt to read property "type" on null in /home/u6583521/public_html/zlinks.id/themes/altum/views/partials/footer.php on line 100
[14-Jun-2025 00:56:54 UTC] PHP Warning:  Undefined property: stdClass::$force_splash_page_on_image_slider in /home/u6583521/public_html/zlinks.id/app/controllers/l/Link.php on line 128
[14-Jun-2025 00:56:54 UTC] PHP Warning:  Undefined property: stdClass::$splash_page_id in /home/u6583521/public_html/zlinks.id/app/controllers/l/Link.php on line 129
[14-Jun-2025 00:56:54 UTC] PHP Warning:  Undefined property: stdClass::$password in /home/u6583521/public_html/zlinks.id/app/controllers/l/Link.php on line 194
[14-Jun-2025 00:56:54 UTC] PHP Warning:  Undefined property: stdClass::$sensitive_content in /home/u6583521/public_html/zlinks.id/app/controllers/l/Link.php on line 223
[14-Jun-2025 00:58:13 UTC] PHP Warning:  Undefined property: stdClass::$last_submissions_is_enabled in /home/u6583521/public_html/zlinks.id/themes/altum/views/tools/tool_widget_frankfurt.php on line 26
[14-Jun-2025 00:58:13 UTC] PHP Warning:  Attempt to read property "type" on null in /home/u6583521/public_html/zlinks.id/themes/altum/views/partials/footer.php on line 100
[14-Jun-2025 01:15:41 UTC] PHP Warning:  Undefined property: stdClass::$background_color in /home/u6583521/public_html/zlinks.id/themes/altum/views/l/biolink_blocks/socials.php on line 29
[14-Jun-2025 01:15:41 UTC] PHP Warning:  Undefined property: stdClass::$pwa_is_enabled in /home/u6583521/public_html/zlinks.id/themes/altum/views/l/biolink_wrapper.php on line 11
[14-Jun-2025 01:19:22 UTC] PHP Warning:  Undefined property: stdClass::$last_submissions_is_enabled in /home/u6583521/public_html/zlinks.id/themes/altum/views/tools/tool_widget_frankfurt.php on line 26
[14-Jun-2025 01:19:22 UTC] PHP Warning:  Attempt to read property "type" on null in /home/u6583521/public_html/zlinks.id/themes/altum/views/partials/footer.php on line 100
[14-Jun-2025 01:28:23 UTC] PHP Warning:  Undefined property: stdClass::$last_submissions_is_enabled in /home/u6583521/public_html/zlinks.id/themes/altum/views/tools/tool_widget_frankfurt.php on line 26
[14-Jun-2025 01:28:23 UTC] PHP Warning:  Attempt to read property "type" on null in /home/u6583521/public_html/zlinks.id/themes/altum/views/partials/footer.php on line 100
[14-Jun-2025 01:39:57 UTC] PHP Warning:  Undefined property: stdClass::$last_submissions_is_enabled in /home/u6583521/public_html/zlinks.id/themes/altum/views/tools/tool_widget_frankfurt.php on line 26
[14-Jun-2025 01:39:57 UTC] PHP Warning:  Attempt to read property "type" on null in /home/u6583521/public_html/zlinks.id/themes/altum/views/partials/footer.php on line 100
[14-Jun-2025 01:45:16 UTC] PHP Warning:  Attempt to read property "type" on null in /home/u6583521/public_html/zlinks.id/themes/altum/views/partials/footer.php on line 100
[14-Jun-2025 01:45:26 UTC] PHP Warning:  Undefined property: stdClass::$splash_page_id in /home/u6583521/public_html/zlinks.id/app/controllers/l/Link.php on line 129
[14-Jun-2025 01:45:26 UTC] PHP Warning:  Undefined property: stdClass::$password in /home/u6583521/public_html/zlinks.id/app/controllers/l/Link.php on line 194
[14-Jun-2025 01:45:26 UTC] PHP Warning:  Undefined property: stdClass::$sensitive_content in /home/u6583521/public_html/zlinks.id/app/controllers/l/Link.php on line 223
[14-Jun-2025 01:45:28 UTC] PHP Warning:  Undefined property: stdClass::$splash_page_id in /home/u6583521/public_html/zlinks.id/app/controllers/l/Link.php on line 129
[14-Jun-2025 01:45:28 UTC] PHP Warning:  Undefined property: stdClass::$password in /home/u6583521/public_html/zlinks.id/app/controllers/l/Link.php on line 194
[14-Jun-2025 01:45:28 UTC] PHP Warning:  Undefined property: stdClass::$sensitive_content in /home/u6583521/public_html/zlinks.id/app/controllers/l/Link.php on line 223
[14-Jun-2025 01:57:30 UTC] PHP Warning:  Attempt to read property "type" on null in /home/u6583521/public_html/zlinks.id/themes/altum/views/partials/footer.php on line 100
[14-Jun-2025 01:57:35 UTC] PHP Warning:  Undefined array key "is_newsletter_subscribed" in /home/u6583521/public_html/zlinks.id/app/controllers/Register.php on line 61
[14-Jun-2025 02:03:44 UTC] PHP Warning:  Undefined property: stdClass::$last_submissions_is_enabled in /home/u6583521/public_html/zlinks.id/themes/altum/views/tools/tool_widget_frankfurt.php on line 26
[14-Jun-2025 02:03:44 UTC] PHP Warning:  Attempt to read property "type" on null in /home/u6583521/public_html/zlinks.id/themes/altum/views/partials/footer.php on line 100
[14-Jun-2025 02:06:32 UTC] PHP Warning:  Attempt to read property "type" on null in /home/u6583521/public_html/zlinks.id/themes/altum/views/partials/footer.php on line 100
[14-Jun-2025 02:06:45 UTC] PHP Warning:  Undefined property: stdClass::$splash_page_id in /home/u6583521/public_html/zlinks.id/app/controllers/l/Link.php on line 129
[14-Jun-2025 02:06:45 UTC] PHP Warning:  Undefined property: stdClass::$password in /home/u6583521/public_html/zlinks.id/app/controllers/l/Link.php on line 194
[14-Jun-2025 02:06:45 UTC] PHP Warning:  Undefined property: stdClass::$sensitive_content in /home/u6583521/public_html/zlinks.id/app/controllers/l/Link.php on line 223
[14-Jun-2025 02:15:34 UTC] PHP Warning:  Attempt to read property "type" on null in /home/u6583521/public_html/zlinks.id/themes/altum/views/partials/footer.php on line 100
[14-Jun-2025 02:27:15 UTC] PHP Warning:  Undefined property: stdClass::$last_submissions_is_enabled in /home/u6583521/public_html/zlinks.id/themes/altum/views/tools/tool_widget_frankfurt.php on line 26
[14-Jun-2025 02:27:15 UTC] PHP Warning:  Attempt to read property "type" on null in /home/u6583521/public_html/zlinks.id/themes/altum/views/partials/footer.php on line 100
[14-Jun-2025 02:50:16 UTC] PHP Warning:  Undefined property: stdClass::$last_submissions_is_enabled in /home/u6583521/public_html/zlinks.id/themes/altum/views/tools/tool_widget_frankfurt.php on line 26
[14-Jun-2025 02:50:16 UTC] PHP Warning:  Attempt to read property "type" on null in /home/u6583521/public_html/zlinks.id/themes/altum/views/partials/footer.php on line 100
[14-Jun-2025 03:12:36 UTC] PHP Warning:  Undefined property: stdClass::$last_submissions_is_enabled in /home/u6583521/public_html/zlinks.id/themes/altum/views/tools/tool_widget_frankfurt.php on line 26
[14-Jun-2025 03:12:36 UTC] PHP Warning:  Attempt to read property "type" on null in /home/u6583521/public_html/zlinks.id/themes/altum/views/partials/footer.php on line 100
[14-Jun-2025 03:14:20 UTC] PHP Warning:  Attempt to read property "type" on null in /home/u6583521/public_html/zlinks.id/themes/altum/views/partials/footer.php on line 100
[14-Jun-2025 03:34:12 UTC] PHP Warning:  Attempt to read property "type" on null in /home/u6583521/public_html/zlinks.id/themes/altum/views/partials/footer.php on line 100
[14-Jun-2025 03:52:37 UTC] PHP Warning:  Undefined property: stdClass::$last_submissions_is_enabled in /home/u6583521/public_html/zlinks.id/themes/altum/views/tools/tool_widget_frankfurt.php on line 26
[14-Jun-2025 03:52:37 UTC] PHP Warning:  Attempt to read property "type" on null in /home/u6583521/public_html/zlinks.id/themes/altum/views/partials/footer.php on line 100
[14-Jun-2025 03:53:31 UTC] PHP Warning:  Attempt to read property "type" on null in /home/u6583521/public_html/zlinks.id/themes/altum/views/partials/footer.php on line 100
[14-Jun-2025 03:56:45 UTC] PHP Warning:  Undefined property: stdClass::$last_submissions_is_enabled in /home/u6583521/public_html/zlinks.id/themes/altum/views/tools/tool_widget_frankfurt.php on line 26
[14-Jun-2025 03:56:45 UTC] PHP Warning:  Attempt to read property "type" on null in /home/u6583521/public_html/zlinks.id/themes/altum/views/partials/footer.php on line 100
[14-Jun-2025 04:09:26 UTC] PHP Warning:  Attempt to read property "type" on null in /home/u6583521/public_html/zlinks.id/themes/altum/views/partials/footer.php on line 100
[14-Jun-2025 04:10:51 UTC] PHP Warning:  Attempt to read property "type" on null in /home/u6583521/public_html/zlinks.id/themes/altum/views/partials/footer.php on line 100
[14-Jun-2025 04:21:24 UTC] PHP Warning:  Undefined array key "Indonesia" in /home/u6583521/public_html/zlinks.id/app/controllers/Sitemap.php on line 98
[14-Jun-2025 04:28:25 UTC] PHP Warning:  Undefined property: stdClass::$last_submissions_is_enabled in /home/u6583521/public_html/zlinks.id/themes/altum/views/tools/tool_widget_frankfurt.php on line 26
[14-Jun-2025 04:28:25 UTC] PHP Warning:  Attempt to read property "type" on null in /home/u6583521/public_html/zlinks.id/themes/altum/views/partials/footer.php on line 100
[14-Jun-2025 04:44:19 UTC] PHP Warning:  Attempt to read property "type" on null in /home/u6583521/public_html/zlinks.id/themes/altum/views/partials/footer.php on line 100
[14-Jun-2025 04:44:47 UTC] PHP Warning:  Attempt to read property "type" on null in /home/u6583521/public_html/zlinks.id/themes/altum/views/partials/footer.php on line 100
[14-Jun-2025 04:58:08 UTC] PHP Warning:  Attempt to read property "type" on null in /home/u6583521/public_html/zlinks.id/themes/altum/views/partials/footer.php on line 100
[14-Jun-2025 04:58:11 UTC] PHP Warning:  Attempt to read property "type" on null in /home/u6583521/public_html/zlinks.id/themes/altum/views/partials/footer.php on line 100
[14-Jun-2025 05:04:55 UTC] PHP Warning:  Attempt to read property "type" on null in /home/u6583521/public_html/zlinks.id/themes/altum/views/partials/footer.php on line 100
[14-Jun-2025 05:05:09 UTC] PHP Warning:  Undefined property: stdClass::$splash_page_id in /home/u6583521/public_html/zlinks.id/app/controllers/l/Link.php on line 129
[14-Jun-2025 05:05:09 UTC] PHP Warning:  Undefined property: stdClass::$password in /home/u6583521/public_html/zlinks.id/app/controllers/l/Link.php on line 194
[14-Jun-2025 05:05:09 UTC] PHP Warning:  Undefined property: stdClass::$sensitive_content in /home/u6583521/public_html/zlinks.id/app/controllers/l/Link.php on line 223
[14-Jun-2025 05:05:15 UTC] PHP Warning:  Undefined property: stdClass::$splash_page_id in /home/u6583521/public_html/zlinks.id/app/controllers/l/Link.php on line 129
[14-Jun-2025 05:05:15 UTC] PHP Warning:  Undefined property: stdClass::$password in /home/u6583521/public_html/zlinks.id/app/controllers/l/Link.php on line 194
[14-Jun-2025 05:05:15 UTC] PHP Warning:  Undefined property: stdClass::$sensitive_content in /home/u6583521/public_html/zlinks.id/app/controllers/l/Link.php on line 223
[14-Jun-2025 05:06:02 UTC] PHP Warning:  Undefined property: stdClass::$force_splash_page_on_image in /home/u6583521/public_html/zlinks.id/app/controllers/l/Link.php on line 128
[14-Jun-2025 05:06:02 UTC] PHP Warning:  Undefined property: stdClass::$splash_page_id in /home/u6583521/public_html/zlinks.id/app/controllers/l/Link.php on line 129
[14-Jun-2025 05:06:02 UTC] PHP Warning:  Undefined property: stdClass::$password in /home/u6583521/public_html/zlinks.id/app/controllers/l/Link.php on line 194
[14-Jun-2025 05:06:02 UTC] PHP Warning:  Undefined property: stdClass::$sensitive_content in /home/u6583521/public_html/zlinks.id/app/controllers/l/Link.php on line 223
[14-Jun-2025 05:06:58 UTC] PHP Warning:  Undefined property: stdClass::$splash_page_id in /home/u6583521/public_html/zlinks.id/app/controllers/l/Link.php on line 129
[14-Jun-2025 05:06:58 UTC] PHP Warning:  Undefined property: stdClass::$password in /home/u6583521/public_html/zlinks.id/app/controllers/l/Link.php on line 194
[14-Jun-2025 05:06:58 UTC] PHP Warning:  Undefined property: stdClass::$sensitive_content in /home/u6583521/public_html/zlinks.id/app/controllers/l/Link.php on line 223
[14-Jun-2025 05:09:08 UTC] PHP Warning:  Undefined property: stdClass::$last_submissions_is_enabled in /home/u6583521/public_html/zlinks.id/themes/altum/views/tools/tool_widget_frankfurt.php on line 26
[14-Jun-2025 05:09:08 UTC] PHP Warning:  Attempt to read property "type" on null in /home/u6583521/public_html/zlinks.id/themes/altum/views/partials/footer.php on line 100
[14-Jun-2025 05:12:13 UTC] PHP Warning:  Attempt to read property "type" on null in /home/u6583521/public_html/zlinks.id/themes/altum/views/partials/footer.php on line 100
[14-Jun-2025 05:12:27 UTC] PHP Warning:  Undefined property: stdClass::$splash_page_id in /home/u6583521/public_html/zlinks.id/app/controllers/l/Link.php on line 129
[14-Jun-2025 05:12:27 UTC] PHP Warning:  Undefined property: stdClass::$password in /home/u6583521/public_html/zlinks.id/app/controllers/l/Link.php on line 194
[14-Jun-2025 05:12:27 UTC] PHP Warning:  Undefined property: stdClass::$sensitive_content in /home/u6583521/public_html/zlinks.id/app/controllers/l/Link.php on line 223
[14-Jun-2025 05:14:06 UTC] PHP Warning:  Attempt to read property "type" on null in /home/u6583521/public_html/zlinks.id/themes/altum/views/partials/footer.php on line 100
[14-Jun-2025 05:14:20 UTC] PHP Warning:  Attempt to read property "type" on null in /home/u6583521/public_html/zlinks.id/themes/altum/views/partials/footer.php on line 100
[14-Jun-2025 05:15:03 UTC] PHP Warning:  Attempt to read property "type" on null in /home/u6583521/public_html/zlinks.id/themes/altum/views/partials/footer.php on line 100
[14-Jun-2025 05:15:09 UTC] PHP Warning:  Undefined property: stdClass::$splash_page_id in /home/u6583521/public_html/zlinks.id/app/controllers/l/Link.php on line 129
[14-Jun-2025 05:15:09 UTC] PHP Warning:  Undefined property: stdClass::$password in /home/u6583521/public_html/zlinks.id/app/controllers/l/Link.php on line 194
[14-Jun-2025 05:15:09 UTC] PHP Warning:  Undefined property: stdClass::$sensitive_content in /home/u6583521/public_html/zlinks.id/app/controllers/l/Link.php on line 223
[14-Jun-2025 05:15:23 UTC] PHP Warning:  Undefined property: stdClass::$splash_page_id in /home/u6583521/public_html/zlinks.id/app/controllers/l/Link.php on line 129
[14-Jun-2025 05:15:23 UTC] PHP Warning:  Undefined property: stdClass::$password in /home/u6583521/public_html/zlinks.id/app/controllers/l/Link.php on line 194
[14-Jun-2025 05:15:23 UTC] PHP Warning:  Undefined property: stdClass::$sensitive_content in /home/u6583521/public_html/zlinks.id/app/controllers/l/Link.php on line 223
[14-Jun-2025 05:16:28 UTC] PHP Warning:  Attempt to read property "type" on null in /home/u6583521/public_html/zlinks.id/themes/altum/views/partials/footer.php on line 100
[14-Jun-2025 05:16:32 UTC] PHP Warning:  Undefined property: stdClass::$splash_page_id in /home/u6583521/public_html/zlinks.id/app/controllers/l/Link.php on line 129
[14-Jun-2025 05:16:32 UTC] PHP Warning:  Undefined property: stdClass::$password in /home/u6583521/public_html/zlinks.id/app/controllers/l/Link.php on line 194
[14-Jun-2025 05:16:32 UTC] PHP Warning:  Undefined property: stdClass::$sensitive_content in /home/u6583521/public_html/zlinks.id/app/controllers/l/Link.php on line 223
[14-Jun-2025 05:17:34 UTC] PHP Warning:  Undefined property: stdClass::$pwa_is_enabled in /home/u6583521/public_html/zlinks.id/themes/altum/views/l/biolink_wrapper.php on line 11
[14-Jun-2025 05:20:02 UTC] PHP Warning:  Undefined array key "Indonesia" in /home/u6583521/public_html/zlinks.id/app/controllers/Sitemap.php on line 98
[14-Jun-2025 05:21:58 UTC] PHP Warning:  Attempt to read property "type" on null in /home/u6583521/public_html/zlinks.id/themes/altum/views/partials/footer.php on line 100
[14-Jun-2025 05:22:00 UTC] PHP Warning:  Attempt to read property "type" on null in /home/u6583521/public_html/zlinks.id/themes/altum/views/partials/footer.php on line 100
[14-Jun-2025 05:22:04 UTC] PHP Warning:  Undefined array key "is_newsletter_subscribed" in /home/u6583521/public_html/zlinks.id/app/controllers/Register.php on line 61
[14-Jun-2025 05:25:36 UTC] PHP Warning:  Undefined property: stdClass::$last_submissions_is_enabled in /home/u6583521/public_html/zlinks.id/themes/altum/views/tools/tool_widget_frankfurt.php on line 26
[14-Jun-2025 05:25:36 UTC] PHP Warning:  Attempt to read property "type" on null in /home/u6583521/public_html/zlinks.id/themes/altum/views/partials/footer.php on line 100
[14-Jun-2025 05:26:03 UTC] PHP Warning:  Attempt to read property "type" on null in /home/u6583521/public_html/zlinks.id/themes/altum/views/partials/footer.php on line 100
[14-Jun-2025 05:32:26 UTC] PHP Warning:  Undefined property: stdClass::$last_submissions_is_enabled in /home/u6583521/public_html/zlinks.id/themes/altum/views/tools/tool_widget_frankfurt.php on line 26
[14-Jun-2025 05:32:26 UTC] PHP Warning:  Attempt to read property "type" on null in /home/u6583521/public_html/zlinks.id/themes/altum/views/partials/footer.php on line 100
[14-Jun-2025 05:53:30 UTC] PHP Warning:  Undefined property: stdClass::$last_submissions_is_enabled in /home/u6583521/public_html/zlinks.id/themes/altum/views/tools/tool_widget_frankfurt.php on line 26
[14-Jun-2025 05:53:30 UTC] PHP Warning:  Attempt to read property "type" on null in /home/u6583521/public_html/zlinks.id/themes/altum/views/partials/footer.php on line 100
[14-Jun-2025 05:56:06 UTC] PHP Warning:  Undefined property: stdClass::$last_submissions_is_enabled in /home/u6583521/public_html/zlinks.id/themes/altum/views/tools/tool_widget_frankfurt.php on line 26
[14-Jun-2025 05:56:06 UTC] PHP Warning:  Attempt to read property "type" on null in /home/u6583521/public_html/zlinks.id/themes/altum/views/partials/footer.php on line 100
[14-Jun-2025 05:56:47 UTC] PHP Warning:  Undefined property: stdClass::$background_color in /home/u6583521/public_html/zlinks.id/themes/altum/views/l/biolink_blocks/socials.php on line 29
[14-Jun-2025 05:56:47 UTC] PHP Warning:  Undefined property: stdClass::$pwa_is_enabled in /home/u6583521/public_html/zlinks.id/themes/altum/views/l/biolink_wrapper.php on line 11
[14-Jun-2025 05:57:38 UTC] PHP Warning:  Attempt to read property "type" on null in /home/u6583521/public_html/zlinks.id/themes/altum/views/partials/footer.php on line 100
[14-Jun-2025 05:57:56 UTC] PHP Warning:  Undefined array key "is_newsletter_subscribed" in /home/u6583521/public_html/zlinks.id/app/controllers/Register.php on line 61
[14-Jun-2025 05:59:09 UTC] PHP Warning:  Attempt to read property "type" on null in /home/u6583521/public_html/zlinks.id/themes/altum/views/partials/footer.php on line 100
[14-Jun-2025 05:59:40 UTC] PHP Warning:  Attempt to read property "type" on null in /home/u6583521/public_html/zlinks.id/themes/altum/views/partials/footer.php on line 100
[14-Jun-2025 05:59:45 UTC] PHP Warning:  Undefined array key "is_newsletter_subscribed" in /home/u6583521/public_html/zlinks.id/app/controllers/Register.php on line 61
[14-Jun-2025 06:04:58 UTC] PHP Warning:  Attempt to read property "type" on null in /home/u6583521/public_html/zlinks.id/themes/altum/views/partials/footer.php on line 100
[14-Jun-2025 06:10:02 UTC] PHP Warning:  Attempt to read property "type" on null in /home/u6583521/public_html/zlinks.id/themes/altum/views/partials/footer.php on line 100
[14-Jun-2025 06:21:34 UTC] PHP Warning:  Undefined property: stdClass::$last_submissions_is_enabled in /home/u6583521/public_html/zlinks.id/themes/altum/views/tools/tool_widget_frankfurt.php on line 26
[14-Jun-2025 06:21:34 UTC] PHP Warning:  Attempt to read property "type" on null in /home/u6583521/public_html/zlinks.id/themes/altum/views/partials/footer.php on line 100
[14-Jun-2025 06:31:07 UTC] PHP Warning:  Attempt to read property "type" on null in /home/u6583521/public_html/zlinks.id/themes/altum/views/partials/footer.php on line 100
[14-Jun-2025 06:37:28 UTC] PHP Warning:  Attempt to read property "type" on null in /home/u6583521/public_html/zlinks.id/themes/altum/views/partials/footer.php on line 100
[14-Jun-2025 06:40:57 UTC] PHP Warning:  Undefined property: stdClass::$splash_page_id in /home/u6583521/public_html/zlinks.id/app/controllers/l/Link.php on line 129
[14-Jun-2025 06:40:57 UTC] PHP Warning:  Undefined property: stdClass::$password in /home/u6583521/public_html/zlinks.id/app/controllers/l/Link.php on line 194
[14-Jun-2025 06:40:57 UTC] PHP Warning:  Undefined property: stdClass::$sensitive_content in /home/u6583521/public_html/zlinks.id/app/controllers/l/Link.php on line 223
[14-Jun-2025 06:47:54 UTC] PHP Warning:  Undefined property: stdClass::$last_submissions_is_enabled in /home/u6583521/public_html/zlinks.id/themes/altum/views/tools/tool_widget_frankfurt.php on line 26
[14-Jun-2025 06:47:54 UTC] PHP Warning:  Attempt to read property "type" on null in /home/u6583521/public_html/zlinks.id/themes/altum/views/partials/footer.php on line 100
[14-Jun-2025 07:01:28 UTC] PHP Warning:  Attempt to read property "type" on null in /home/u6583521/public_html/zlinks.id/themes/altum/views/partials/footer.php on line 100
[14-Jun-2025 07:04:03 UTC] PHP Warning:  Attempt to read property "type" on null in /home/u6583521/public_html/zlinks.id/themes/altum/views/partials/footer.php on line 100
[14-Jun-2025 07:13:03 UTC] PHP Warning:  Undefined property: stdClass::$last_submissions_is_enabled in /home/u6583521/public_html/zlinks.id/themes/altum/views/tools/tool_widget_frankfurt.php on line 26
[14-Jun-2025 07:13:03 UTC] PHP Warning:  Attempt to read property "type" on null in /home/u6583521/public_html/zlinks.id/themes/altum/views/partials/footer.php on line 100
[14-Jun-2025 07:27:11 UTC] PHP Warning:  Attempt to read property "type" on null in /home/u6583521/public_html/zlinks.id/themes/altum/views/partials/footer.php on line 100
[14-Jun-2025 07:33:40 UTC] PHP Warning:  Attempt to read property "type" on null in /home/u6583521/public_html/zlinks.id/themes/altum/views/partials/footer.php on line 100
[14-Jun-2025 07:34:07 UTC] PHP Warning:  Attempt to read property "type" on null in /home/u6583521/public_html/zlinks.id/themes/altum/views/partials/footer.php on line 100
[14-Jun-2025 07:38:08 UTC] PHP Warning:  Attempt to read property "type" on null in /home/u6583521/public_html/zlinks.id/themes/altum/views/partials/footer.php on line 100
[14-Jun-2025 07:41:51 UTC] PHP Warning:  Undefined property: stdClass::$last_submissions_is_enabled in /home/u6583521/public_html/zlinks.id/themes/altum/views/tools/tool_widget_frankfurt.php on line 26
[14-Jun-2025 07:41:51 UTC] PHP Warning:  Attempt to read property "type" on null in /home/u6583521/public_html/zlinks.id/themes/altum/views/partials/footer.php on line 100
[14-Jun-2025 07:52:54 UTC] PHP Warning:  Attempt to read property "type" on null in /home/u6583521/public_html/zlinks.id/themes/altum/views/partials/footer.php on line 100
[14-Jun-2025 07:53:51 UTC] PHP Warning:  Attempt to read property "type" on null in /home/u6583521/public_html/zlinks.id/themes/altum/views/partials/footer.php on line 100
[14-Jun-2025 07:54:03 UTC] PHP Warning:  Undefined array key "is_newsletter_subscribed" in /home/u6583521/public_html/zlinks.id/app/controllers/Register.php on line 61
[14-Jun-2025 08:11:24 UTC] PHP Warning:  Undefined property: stdClass::$last_submissions_is_enabled in /home/u6583521/public_html/zlinks.id/themes/altum/views/tools/tool_widget_frankfurt.php on line 26
[14-Jun-2025 08:11:24 UTC] PHP Warning:  Attempt to read property "type" on null in /home/u6583521/public_html/zlinks.id/themes/altum/views/partials/footer.php on line 100
[14-Jun-2025 08:16:10 UTC] PHP Warning:  Attempt to read property "type" on null in /home/u6583521/public_html/zlinks.id/themes/altum/views/partials/footer.php on line 100
[14-Jun-2025 08:22:58 UTC] PHP Warning:  Undefined property: stdClass::$background_color in /home/u6583521/public_html/zlinks.id/themes/altum/views/l/biolink_blocks/socials.php on line 29
[14-Jun-2025 08:22:58 UTC] PHP Warning:  Undefined property: stdClass::$pwa_is_enabled in /home/u6583521/public_html/zlinks.id/themes/altum/views/l/biolink_wrapper.php on line 11
[14-Jun-2025 08:26:53 UTC] PHP Warning:  Attempt to read property "type" on null in /home/u6583521/public_html/zlinks.id/themes/altum/views/partials/footer.php on line 100
[14-Jun-2025 08:38:35 UTC] PHP Warning:  Attempt to read property "plan_settings" on null in /home/u6583521/public_html/zlinks.id/themes/altum/views/directory/index.php on line 23
[14-Jun-2025 08:38:35 UTC] PHP Warning:  Attempt to read property "export" on null in /home/u6583521/public_html/zlinks.id/themes/altum/views/directory/index.php on line 23
[14-Jun-2025 08:38:35 UTC] PHP Warning:  Attempt to read property "csv" on null in /home/u6583521/public_html/zlinks.id/themes/altum/views/directory/index.php on line 23
[14-Jun-2025 08:38:35 UTC] PHP Warning:  Attempt to read property "plan_settings" on null in /home/u6583521/public_html/zlinks.id/themes/altum/views/directory/index.php on line 26
[14-Jun-2025 08:38:35 UTC] PHP Warning:  Attempt to read property "export" on null in /home/u6583521/public_html/zlinks.id/themes/altum/views/directory/index.php on line 26
[14-Jun-2025 08:38:35 UTC] PHP Warning:  Attempt to read property "json" on null in /home/u6583521/public_html/zlinks.id/themes/altum/views/directory/index.php on line 26
[14-Jun-2025 08:38:35 UTC] PHP Warning:  Attempt to read property "plan_settings" on null in /home/u6583521/public_html/zlinks.id/themes/altum/views/directory/index.php on line 29
[14-Jun-2025 08:38:35 UTC] PHP Warning:  Attempt to read property "export" on null in /home/u6583521/public_html/zlinks.id/themes/altum/views/directory/index.php on line 29
[14-Jun-2025 08:38:35 UTC] PHP Warning:  Attempt to read property "pdf" on null in /home/u6583521/public_html/zlinks.id/themes/altum/views/directory/index.php on line 29
[14-Jun-2025 08:38:35 UTC] PHP Warning:  Attempt to read property "type" on null in /home/u6583521/public_html/zlinks.id/themes/altum/views/partials/footer.php on line 100
[14-Jun-2025 08:43:43 UTC] PHP Warning:  Attempt to read property "type" on null in /home/u6583521/public_html/zlinks.id/themes/altum/views/partials/footer.php on line 100
[14-Jun-2025 08:43:48 UTC] PHP Warning:  Undefined property: stdClass::$splash_page_id in /home/u6583521/public_html/zlinks.id/app/controllers/l/Link.php on line 129
[14-Jun-2025 08:43:48 UTC] PHP Warning:  Undefined property: stdClass::$password in /home/u6583521/public_html/zlinks.id/app/controllers/l/Link.php on line 194
[14-Jun-2025 08:43:48 UTC] PHP Warning:  Undefined property: stdClass::$sensitive_content in /home/u6583521/public_html/zlinks.id/app/controllers/l/Link.php on line 223
[14-Jun-2025 09:00:53 UTC] PHP Warning:  Attempt to read property "type" on null in /home/u6583521/public_html/zlinks.id/themes/altum/views/partials/footer.php on line 100
[14-Jun-2025 09:06:13 UTC] PHP Warning:  Undefined array key "Indonesia" in /home/u6583521/public_html/zlinks.id/app/controllers/Sitemap.php on line 98
[14-Jun-2025 09:07:27 UTC] PHP Warning:  Attempt to read property "type" on null in /home/u6583521/public_html/zlinks.id/themes/altum/views/partials/footer.php on line 100
[14-Jun-2025 09:07:33 UTC] PHP Warning:  Undefined array key "is_newsletter_subscribed" in /home/u6583521/public_html/zlinks.id/app/controllers/Register.php on line 61
[14-Jun-2025 09:15:35 UTC] PHP Warning:  Undefined property: stdClass::$last_submissions_is_enabled in /home/u6583521/public_html/zlinks.id/themes/altum/views/tools/tool_widget_frankfurt.php on line 26
[14-Jun-2025 09:15:35 UTC] PHP Warning:  Attempt to read property "type" on null in /home/u6583521/public_html/zlinks.id/themes/altum/views/partials/footer.php on line 100
[14-Jun-2025 09:17:05 UTC] PHP Warning:  Undefined property: stdClass::$background_color in /home/u6583521/public_html/zlinks.id/themes/altum/views/l/biolink_blocks/socials.php on line 29
[14-Jun-2025 09:17:05 UTC] PHP Warning:  Undefined property: stdClass::$pwa_is_enabled in /home/u6583521/public_html/zlinks.id/themes/altum/views/l/biolink_wrapper.php on line 11
[14-Jun-2025 09:17:06 UTC] PHP Warning:  Undefined property: stdClass::$background_color in /home/u6583521/public_html/zlinks.id/themes/altum/views/l/biolink_blocks/socials.php on line 29
[14-Jun-2025 09:17:06 UTC] PHP Warning:  Undefined property: stdClass::$pwa_is_enabled in /home/u6583521/public_html/zlinks.id/themes/altum/views/l/biolink_wrapper.php on line 11
[14-Jun-2025 09:30:51 UTC] PHP Warning:  Attempt to read property "type" on null in /home/u6583521/public_html/zlinks.id/themes/altum/views/partials/footer.php on line 100
[14-Jun-2025 09:34:52 UTC] PHP Warning:  Attempt to read property "type" on null in /home/u6583521/public_html/zlinks.id/themes/altum/views/partials/footer.php on line 100
[14-Jun-2025 09:40:53 UTC] PHP Warning:  Attempt to read property "type" on null in /home/u6583521/public_html/zlinks.id/themes/altum/views/partials/footer.php on line 100
[14-Jun-2025 09:45:52 UTC] PHP Warning:  Attempt to read property "type" on null in /home/u6583521/public_html/zlinks.id/themes/altum/views/partials/footer.php on line 100
[14-Jun-2025 09:45:53 UTC] PHP Warning:  Attempt to read property "type" on null in /home/u6583521/public_html/zlinks.id/themes/altum/views/partials/footer.php on line 100
[14-Jun-2025 09:45:59 UTC] PHP Warning:  Undefined array key "is_newsletter_subscribed" in /home/u6583521/public_html/zlinks.id/app/controllers/Register.php on line 61
[14-Jun-2025 09:54:09 UTC] PHP Warning:  Undefined property: stdClass::$last_submissions_is_enabled in /home/u6583521/public_html/zlinks.id/themes/altum/views/tools/tool_widget_frankfurt.php on line 26
[14-Jun-2025 09:54:09 UTC] PHP Warning:  Attempt to read property "type" on null in /home/u6583521/public_html/zlinks.id/themes/altum/views/partials/footer.php on line 100
[14-Jun-2025 09:55:07 UTC] PHP Warning:  Attempt to read property "type" on null in /home/u6583521/public_html/zlinks.id/themes/altum/views/partials/footer.php on line 100
[14-Jun-2025 09:55:42 UTC] PHP Warning:  Attempt to read property "type" on null in /home/u6583521/public_html/zlinks.id/themes/altum/views/partials/footer.php on line 100
[14-Jun-2025 10:06:02 UTC] PHP Warning:  Attempt to read property "type" on null in /home/u6583521/public_html/zlinks.id/themes/altum/views/partials/footer.php on line 100
[14-Jun-2025 10:08:50 UTC] PHP Warning:  Attempt to read property "type" on null in /home/u6583521/public_html/zlinks.id/themes/altum/views/partials/footer.php on line 100
[14-Jun-2025 10:09:48 UTC] PHP Warning:  Attempt to read property "type" on null in /home/u6583521/public_html/zlinks.id/themes/altum/views/partials/footer.php on line 100
[14-Jun-2025 10:14:00 UTC] PHP Warning:  Undefined property: stdClass::$last_submissions_is_enabled in /home/u6583521/public_html/zlinks.id/themes/altum/views/tools/tool_widget_frankfurt.php on line 26
[14-Jun-2025 10:14:00 UTC] PHP Warning:  Attempt to read property "type" on null in /home/u6583521/public_html/zlinks.id/themes/altum/views/partials/footer.php on line 100
[14-Jun-2025 10:18:12 UTC] PHP Warning:  Attempt to read property "type" on null in /home/u6583521/public_html/zlinks.id/themes/altum/views/partials/footer.php on line 100
[14-Jun-2025 10:28:24 UTC] PHP Warning:  Undefined property: stdClass::$background_color in /home/u6583521/public_html/zlinks.id/themes/altum/views/l/biolink_blocks/socials.php on line 29
[14-Jun-2025 10:28:24 UTC] PHP Warning:  Undefined property: stdClass::$pwa_is_enabled in /home/u6583521/public_html/zlinks.id/themes/altum/views/l/biolink_wrapper.php on line 11
[14-Jun-2025 10:36:21 UTC] PHP Warning:  Undefined property: stdClass::$last_submissions_is_enabled in /home/u6583521/public_html/zlinks.id/themes/altum/views/tools/tool_widget_frankfurt.php on line 26
[14-Jun-2025 10:36:21 UTC] PHP Warning:  Attempt to read property "type" on null in /home/u6583521/public_html/zlinks.id/themes/altum/views/partials/footer.php on line 100
[14-Jun-2025 10:38:11 UTC] PHP Warning:  Undefined property: stdClass::$last_submissions_is_enabled in /home/u6583521/public_html/zlinks.id/themes/altum/views/tools/tool_widget_frankfurt.php on line 26
[14-Jun-2025 10:38:11 UTC] PHP Warning:  Attempt to read property "type" on null in /home/u6583521/public_html/zlinks.id/themes/altum/views/partials/footer.php on line 100
[14-Jun-2025 10:54:25 UTC] PHP Warning:  Undefined property: stdClass::$last_submissions_is_enabled in /home/u6583521/public_html/zlinks.id/themes/altum/views/tools/tool_widget_frankfurt.php on line 26
[14-Jun-2025 10:54:25 UTC] PHP Warning:  Attempt to read property "type" on null in /home/u6583521/public_html/zlinks.id/themes/altum/views/partials/footer.php on line 100
[14-Jun-2025 10:59:07 UTC] PHP Warning:  Undefined property: stdClass::$last_submissions_is_enabled in /home/u6583521/public_html/zlinks.id/themes/altum/views/tools/tool_widget_frankfurt.php on line 26
[14-Jun-2025 10:59:07 UTC] PHP Warning:  Attempt to read property "type" on null in /home/u6583521/public_html/zlinks.id/themes/altum/views/partials/footer.php on line 100
[14-Jun-2025 11:07:05 UTC] PHP Warning:  Attempt to read property "type" on null in /home/u6583521/public_html/zlinks.id/themes/altum/views/partials/footer.php on line 100
[14-Jun-2025 11:11:26 UTC] PHP Warning:  Attempt to read property "type" on null in /home/u6583521/public_html/zlinks.id/themes/altum/views/partials/footer.php on line 100
[14-Jun-2025 11:11:52 UTC] PHP Warning:  Undefined property: stdClass::$force_splash_page_on_image_slider in /home/u6583521/public_html/zlinks.id/app/controllers/l/Link.php on line 128
[14-Jun-2025 11:11:52 UTC] PHP Warning:  Undefined property: stdClass::$splash_page_id in /home/u6583521/public_html/zlinks.id/app/controllers/l/Link.php on line 129
[14-Jun-2025 11:11:52 UTC] PHP Warning:  Undefined property: stdClass::$password in /home/u6583521/public_html/zlinks.id/app/controllers/l/Link.php on line 194
[14-Jun-2025 11:11:52 UTC] PHP Warning:  Undefined property: stdClass::$sensitive_content in /home/u6583521/public_html/zlinks.id/app/controllers/l/Link.php on line 223
[14-Jun-2025 11:11:57 UTC] PHP Warning:  Undefined property: stdClass::$force_splash_page_on_image_slider in /home/u6583521/public_html/zlinks.id/app/controllers/l/Link.php on line 128
[14-Jun-2025 11:11:57 UTC] PHP Warning:  Undefined property: stdClass::$splash_page_id in /home/u6583521/public_html/zlinks.id/app/controllers/l/Link.php on line 129
[14-Jun-2025 11:11:57 UTC] PHP Warning:  Undefined property: stdClass::$password in /home/u6583521/public_html/zlinks.id/app/controllers/l/Link.php on line 194
[14-Jun-2025 11:11:57 UTC] PHP Warning:  Undefined property: stdClass::$sensitive_content in /home/u6583521/public_html/zlinks.id/app/controllers/l/Link.php on line 223
[14-Jun-2025 11:12:07 UTC] PHP Warning:  Undefined property: stdClass::$splash_page_id in /home/u6583521/public_html/zlinks.id/app/controllers/l/Link.php on line 129
[14-Jun-2025 11:12:07 UTC] PHP Warning:  Undefined property: stdClass::$password in /home/u6583521/public_html/zlinks.id/app/controllers/l/Link.php on line 194
[14-Jun-2025 11:12:07 UTC] PHP Warning:  Undefined property: stdClass::$sensitive_content in /home/u6583521/public_html/zlinks.id/app/controllers/l/Link.php on line 223
[14-Jun-2025 11:12:12 UTC] PHP Warning:  Undefined property: stdClass::$splash_page_id in /home/u6583521/public_html/zlinks.id/app/controllers/l/Link.php on line 129
[14-Jun-2025 11:12:12 UTC] PHP Warning:  Undefined property: stdClass::$password in /home/u6583521/public_html/zlinks.id/app/controllers/l/Link.php on line 194
[14-Jun-2025 11:12:12 UTC] PHP Warning:  Undefined property: stdClass::$sensitive_content in /home/u6583521/public_html/zlinks.id/app/controllers/l/Link.php on line 223
[14-Jun-2025 11:12:26 UTC] PHP Warning:  Undefined property: stdClass::$splash_page_id in /home/u6583521/public_html/zlinks.id/app/controllers/l/Link.php on line 129
[14-Jun-2025 11:12:26 UTC] PHP Warning:  Undefined property: stdClass::$password in /home/u6583521/public_html/zlinks.id/app/controllers/l/Link.php on line 194
[14-Jun-2025 11:12:26 UTC] PHP Warning:  Undefined property: stdClass::$sensitive_content in /home/u6583521/public_html/zlinks.id/app/controllers/l/Link.php on line 223
[14-Jun-2025 11:13:03 UTC] PHP Warning:  Undefined property: stdClass::$splash_page_id in /home/u6583521/public_html/zlinks.id/app/controllers/l/Link.php on line 129
[14-Jun-2025 11:13:03 UTC] PHP Warning:  Undefined property: stdClass::$password in /home/u6583521/public_html/zlinks.id/app/controllers/l/Link.php on line 194
[14-Jun-2025 11:13:03 UTC] PHP Warning:  Undefined property: stdClass::$sensitive_content in /home/u6583521/public_html/zlinks.id/app/controllers/l/Link.php on line 223
[14-Jun-2025 11:13:35 UTC] PHP Warning:  Attempt to read property "type" on null in /home/u6583521/public_html/zlinks.id/themes/altum/views/partials/footer.php on line 100
[14-Jun-2025 11:19:21 UTC] PHP Warning:  Undefined property: stdClass::$last_submissions_is_enabled in /home/u6583521/public_html/zlinks.id/themes/altum/views/tools/tool_widget_frankfurt.php on line 26
[14-Jun-2025 11:19:21 UTC] PHP Warning:  Attempt to read property "type" on null in /home/u6583521/public_html/zlinks.id/themes/altum/views/partials/footer.php on line 100
[14-Jun-2025 11:21:52 UTC] PHP Warning:  Undefined property: stdClass::$splash_page_id in /home/u6583521/public_html/zlinks.id/app/controllers/l/Link.php on line 129
[14-Jun-2025 11:21:52 UTC] PHP Warning:  Undefined property: stdClass::$password in /home/u6583521/public_html/zlinks.id/app/controllers/l/Link.php on line 194
[14-Jun-2025 11:21:52 UTC] PHP Warning:  Undefined property: stdClass::$sensitive_content in /home/u6583521/public_html/zlinks.id/app/controllers/l/Link.php on line 223
[14-Jun-2025 11:21:53 UTC] PHP Warning:  Attempt to read property "type" on null in /home/u6583521/public_html/zlinks.id/themes/altum/views/partials/footer.php on line 100
[14-Jun-2025 11:22:00 UTC] PHP Warning:  Undefined property: stdClass::$splash_page_id in /home/u6583521/public_html/zlinks.id/app/controllers/l/Link.php on line 129
[14-Jun-2025 11:22:00 UTC] PHP Warning:  Undefined property: stdClass::$password in /home/u6583521/public_html/zlinks.id/app/controllers/l/Link.php on line 194
[14-Jun-2025 11:22:00 UTC] PHP Warning:  Undefined property: stdClass::$sensitive_content in /home/u6583521/public_html/zlinks.id/app/controllers/l/Link.php on line 223
[14-Jun-2025 11:23:46 UTC] PHP Warning:  Undefined property: stdClass::$background_color in /home/u6583521/public_html/zlinks.id/themes/altum/views/l/biolink_blocks/socials.php on line 29
[14-Jun-2025 11:23:46 UTC] PHP Warning:  Undefined property: stdClass::$pwa_is_enabled in /home/u6583521/public_html/zlinks.id/themes/altum/views/l/biolink_wrapper.php on line 11
[14-Jun-2025 11:27:38 UTC] PHP Warning:  Attempt to read property "type" on null in /home/u6583521/public_html/zlinks.id/themes/altum/views/partials/footer.php on line 100
[14-Jun-2025 11:29:41 UTC] PHP Warning:  Undefined property: stdClass::$last_submissions_is_enabled in /home/u6583521/public_html/zlinks.id/themes/altum/views/tools/tool_widget_frankfurt.php on line 26
[14-Jun-2025 11:29:41 UTC] PHP Warning:  Attempt to read property "type" on null in /home/u6583521/public_html/zlinks.id/themes/altum/views/partials/footer.php on line 100
[14-Jun-2025 11:32:22 UTC] PHP Warning:  Undefined property: stdClass::$last_submissions_is_enabled in /home/u6583521/public_html/zlinks.id/themes/altum/views/tools/tool_widget_frankfurt.php on line 26
[14-Jun-2025 11:32:22 UTC] PHP Warning:  Attempt to read property "type" on null in /home/u6583521/public_html/zlinks.id/themes/altum/views/partials/footer.php on line 100
[14-Jun-2025 11:40:41 UTC] PHP Warning:  Undefined property: stdClass::$last_submissions_is_enabled in /home/u6583521/public_html/zlinks.id/themes/altum/views/tools/tool_widget_frankfurt.php on line 26
[14-Jun-2025 11:40:41 UTC] PHP Warning:  Attempt to read property "type" on null in /home/u6583521/public_html/zlinks.id/themes/altum/views/partials/footer.php on line 100
[14-Jun-2025 11:47:02 UTC] PHP Warning:  Attempt to read property "type" on null in /home/u6583521/public_html/zlinks.id/themes/altum/views/partials/footer.php on line 100
[14-Jun-2025 11:59:46 UTC] PHP Warning:  Attempt to read property "type" on null in /home/u6583521/public_html/zlinks.id/themes/altum/views/partials/footer.php on line 100
[14-Jun-2025 11:59:51 UTC] PHP Warning:  Undefined property: stdClass::$splash_page_id in /home/u6583521/public_html/zlinks.id/app/controllers/l/Link.php on line 129
[14-Jun-2025 11:59:51 UTC] PHP Warning:  Undefined property: stdClass::$password in /home/u6583521/public_html/zlinks.id/app/controllers/l/Link.php on line 194
[14-Jun-2025 11:59:51 UTC] PHP Warning:  Undefined property: stdClass::$sensitive_content in /home/u6583521/public_html/zlinks.id/app/controllers/l/Link.php on line 223
[14-Jun-2025 12:02:20 UTC] PHP Warning:  Attempt to read property "type" on null in /home/u6583521/public_html/zlinks.id/themes/altum/views/partials/footer.php on line 100
[14-Jun-2025 12:02:32 UTC] PHP Warning:  Undefined property: stdClass::$splash_page_id in /home/u6583521/public_html/zlinks.id/app/controllers/l/Link.php on line 129
[14-Jun-2025 12:02:32 UTC] PHP Warning:  Undefined property: stdClass::$password in /home/u6583521/public_html/zlinks.id/app/controllers/l/Link.php on line 194
[14-Jun-2025 12:02:32 UTC] PHP Warning:  Undefined property: stdClass::$sensitive_content in /home/u6583521/public_html/zlinks.id/app/controllers/l/Link.php on line 223
[14-Jun-2025 12:05:39 UTC] PHP Warning:  Attempt to read property "type" on null in /home/u6583521/public_html/zlinks.id/themes/altum/views/partials/footer.php on line 100
[14-Jun-2025 12:05:42 UTC] PHP Warning:  Undefined property: stdClass::$splash_page_id in /home/u6583521/public_html/zlinks.id/app/controllers/l/Link.php on line 129
[14-Jun-2025 12:05:42 UTC] PHP Warning:  Undefined property: stdClass::$password in /home/u6583521/public_html/zlinks.id/app/controllers/l/Link.php on line 194
[14-Jun-2025 12:05:42 UTC] PHP Warning:  Undefined property: stdClass::$sensitive_content in /home/u6583521/public_html/zlinks.id/app/controllers/l/Link.php on line 223
[14-Jun-2025 12:06:09 UTC] PHP Warning:  Undefined property: stdClass::$splash_page_id in /home/u6583521/public_html/zlinks.id/app/controllers/l/Link.php on line 129
[14-Jun-2025 12:06:09 UTC] PHP Warning:  Undefined property: stdClass::$password in /home/u6583521/public_html/zlinks.id/app/controllers/l/Link.php on line 194
[14-Jun-2025 12:06:09 UTC] PHP Warning:  Undefined property: stdClass::$sensitive_content in /home/u6583521/public_html/zlinks.id/app/controllers/l/Link.php on line 223
[14-Jun-2025 12:06:18 UTC] PHP Warning:  Undefined property: stdClass::$splash_page_id in /home/u6583521/public_html/zlinks.id/app/controllers/l/Link.php on line 129
[14-Jun-2025 12:06:18 UTC] PHP Warning:  Undefined property: stdClass::$password in /home/u6583521/public_html/zlinks.id/app/controllers/l/Link.php on line 194
[14-Jun-2025 12:06:18 UTC] PHP Warning:  Undefined property: stdClass::$sensitive_content in /home/u6583521/public_html/zlinks.id/app/controllers/l/Link.php on line 223
[14-Jun-2025 12:06:59 UTC] PHP Warning:  Undefined property: stdClass::$splash_page_id in /home/u6583521/public_html/zlinks.id/app/controllers/l/Link.php on line 129
[14-Jun-2025 12:06:59 UTC] PHP Warning:  Undefined property: stdClass::$password in /home/u6583521/public_html/zlinks.id/app/controllers/l/Link.php on line 194
[14-Jun-2025 12:06:59 UTC] PHP Warning:  Undefined property: stdClass::$sensitive_content in /home/u6583521/public_html/zlinks.id/app/controllers/l/Link.php on line 223
[14-Jun-2025 12:08:04 UTC] PHP Warning:  Undefined property: stdClass::$splash_page_id in /home/u6583521/public_html/zlinks.id/app/controllers/l/Link.php on line 129
[14-Jun-2025 12:08:04 UTC] PHP Warning:  Undefined property: stdClass::$password in /home/u6583521/public_html/zlinks.id/app/controllers/l/Link.php on line 194
[14-Jun-2025 12:08:04 UTC] PHP Warning:  Undefined property: stdClass::$sensitive_content in /home/u6583521/public_html/zlinks.id/app/controllers/l/Link.php on line 223
[14-Jun-2025 12:21:24 UTC] PHP Warning:  Undefined property: stdClass::$last_submissions_is_enabled in /home/u6583521/public_html/zlinks.id/themes/altum/views/tools/tool_widget_frankfurt.php on line 26
[14-Jun-2025 12:21:24 UTC] PHP Warning:  Attempt to read property "type" on null in /home/u6583521/public_html/zlinks.id/themes/altum/views/partials/footer.php on line 100
[14-Jun-2025 12:42:06 UTC] PHP Warning:  Undefined property: stdClass::$splash_page_id in /home/u6583521/public_html/zlinks.id/app/controllers/l/Link.php on line 129
[14-Jun-2025 12:42:06 UTC] PHP Warning:  Undefined property: stdClass::$password in /home/u6583521/public_html/zlinks.id/app/controllers/l/Link.php on line 194
[14-Jun-2025 12:42:06 UTC] PHP Warning:  Undefined property: stdClass::$sensitive_content in /home/u6583521/public_html/zlinks.id/app/controllers/l/Link.php on line 223
[14-Jun-2025 12:50:27 UTC] PHP Warning:  Attempt to read property "type" on null in /home/u6583521/public_html/zlinks.id/themes/altum/views/partials/footer.php on line 100
[14-Jun-2025 13:13:38 UTC] PHP Warning:  Attempt to read property "type" on null in /home/u6583521/public_html/zlinks.id/themes/altum/views/partials/footer.php on line 100
[14-Jun-2025 13:13:41 UTC] PHP Warning:  Attempt to read property "type" on null in /home/u6583521/public_html/zlinks.id/themes/altum/views/partials/footer.php on line 100
[14-Jun-2025 13:30:26 UTC] PHP Warning:  Attempt to read property "type" on null in /home/u6583521/public_html/zlinks.id/themes/altum/views/partials/footer.php on line 100
[14-Jun-2025 13:36:50 UTC] PHP Warning:  Attempt to read property "type" on null in /home/u6583521/public_html/zlinks.id/themes/altum/views/partials/footer.php on line 100
[14-Jun-2025 13:46:15 UTC] PHP Warning:  Attempt to read property "type" on null in /home/u6583521/public_html/zlinks.id/themes/altum/views/partials/footer.php on line 100
[14-Jun-2025 13:46:45 UTC] PHP Warning:  Attempt to read property "type" on null in /home/u6583521/public_html/zlinks.id/themes/altum/views/partials/footer.php on line 100
[14-Jun-2025 13:54:54 UTC] PHP Warning:  Undefined property: stdClass::$last_submissions_is_enabled in /home/u6583521/public_html/zlinks.id/themes/altum/views/tools/tool_widget_frankfurt.php on line 26
[14-Jun-2025 13:54:54 UTC] PHP Warning:  Attempt to read property "type" on null in /home/u6583521/public_html/zlinks.id/themes/altum/views/partials/footer.php on line 100
[14-Jun-2025 14:02:10 UTC] PHP Warning:  Undefined property: stdClass::$last_submissions_is_enabled in /home/u6583521/public_html/zlinks.id/themes/altum/views/tools/tool_widget_frankfurt.php on line 26
[14-Jun-2025 14:02:10 UTC] PHP Warning:  Attempt to read property "type" on null in /home/u6583521/public_html/zlinks.id/themes/altum/views/partials/footer.php on line 100
[14-Jun-2025 14:17:03 UTC] PHP Warning:  Undefined array key "Indonesia" in /home/u6583521/public_html/zlinks.id/app/controllers/Sitemap.php on line 98
[14-Jun-2025 14:22:25 UTC] PHP Warning:  Attempt to read property "type" on null in /home/u6583521/public_html/zlinks.id/themes/altum/views/partials/footer.php on line 100
[14-Jun-2025 14:28:56 UTC] PHP Warning:  Undefined property: stdClass::$pwa_is_enabled in /home/u6583521/public_html/zlinks.id/themes/altum/views/l/biolink_wrapper.php on line 11
[14-Jun-2025 14:40:06 UTC] PHP Warning:  Undefined property: stdClass::$last_submissions_is_enabled in /home/u6583521/public_html/zlinks.id/themes/altum/views/tools/tool_widget_frankfurt.php on line 26
[14-Jun-2025 14:40:06 UTC] PHP Warning:  Attempt to read property "type" on null in /home/u6583521/public_html/zlinks.id/themes/altum/views/partials/footer.php on line 100
[14-Jun-2025 14:48:57 UTC] PHP Warning:  Attempt to read property "type" on null in /home/u6583521/public_html/zlinks.id/themes/altum/views/partials/footer.php on line 100
[14-Jun-2025 15:12:21 UTC] PHP Warning:  Attempt to read property "type" on null in /home/u6583521/public_html/zlinks.id/themes/altum/views/partials/footer.php on line 100
[14-Jun-2025 15:18:03 UTC] PHP Warning:  Attempt to read property "type" on null in /home/u6583521/public_html/zlinks.id/themes/altum/views/partials/footer.php on line 100
[14-Jun-2025 15:18:05 UTC] PHP Warning:  Undefined property: stdClass::$splash_page_id in /home/u6583521/public_html/zlinks.id/app/controllers/l/Link.php on line 129
[14-Jun-2025 15:18:05 UTC] PHP Warning:  Undefined property: stdClass::$password in /home/u6583521/public_html/zlinks.id/app/controllers/l/Link.php on line 194
[14-Jun-2025 15:18:05 UTC] PHP Warning:  Undefined property: stdClass::$sensitive_content in /home/u6583521/public_html/zlinks.id/app/controllers/l/Link.php on line 223
[14-Jun-2025 15:25:05 UTC] PHP Warning:  Undefined property: stdClass::$last_submissions_is_enabled in /home/u6583521/public_html/zlinks.id/themes/altum/views/tools/tool_widget_frankfurt.php on line 26
[14-Jun-2025 15:25:05 UTC] PHP Warning:  Attempt to read property "type" on null in /home/u6583521/public_html/zlinks.id/themes/altum/views/partials/footer.php on line 100
[14-Jun-2025 15:37:38 UTC] PHP Warning:  Attempt to read property "type" on null in /home/u6583521/public_html/zlinks.id/themes/altum/views/partials/footer.php on line 100
[14-Jun-2025 15:37:45 UTC] PHP Warning:  Undefined property: stdClass::$splash_page_id in /home/u6583521/public_html/zlinks.id/app/controllers/l/Link.php on line 129
[14-Jun-2025 15:37:45 UTC] PHP Warning:  Undefined property: stdClass::$password in /home/u6583521/public_html/zlinks.id/app/controllers/l/Link.php on line 194
[14-Jun-2025 15:37:45 UTC] PHP Warning:  Undefined property: stdClass::$sensitive_content in /home/u6583521/public_html/zlinks.id/app/controllers/l/Link.php on line 223
[14-Jun-2025 15:38:12 UTC] PHP Warning:  Undefined property: stdClass::$force_splash_page_on_image_slider in /home/u6583521/public_html/zlinks.id/app/controllers/l/Link.php on line 128
[14-Jun-2025 15:38:12 UTC] PHP Warning:  Undefined property: stdClass::$splash_page_id in /home/u6583521/public_html/zlinks.id/app/controllers/l/Link.php on line 129
[14-Jun-2025 15:38:12 UTC] PHP Warning:  Undefined property: stdClass::$password in /home/u6583521/public_html/zlinks.id/app/controllers/l/Link.php on line 194
[14-Jun-2025 15:38:12 UTC] PHP Warning:  Undefined property: stdClass::$sensitive_content in /home/u6583521/public_html/zlinks.id/app/controllers/l/Link.php on line 223
[14-Jun-2025 15:39:06 UTC] PHP Warning:  Undefined property: stdClass::$splash_page_id in /home/u6583521/public_html/zlinks.id/app/controllers/l/Link.php on line 129
[14-Jun-2025 15:39:06 UTC] PHP Warning:  Undefined property: stdClass::$password in /home/u6583521/public_html/zlinks.id/app/controllers/l/Link.php on line 194
[14-Jun-2025 15:39:06 UTC] PHP Warning:  Undefined property: stdClass::$sensitive_content in /home/u6583521/public_html/zlinks.id/app/controllers/l/Link.php on line 223
[14-Jun-2025 15:39:13 UTC] PHP Warning:  Undefined property: stdClass::$splash_page_id in /home/u6583521/public_html/zlinks.id/app/controllers/l/Link.php on line 129
[14-Jun-2025 15:39:13 UTC] PHP Warning:  Undefined property: stdClass::$password in /home/u6583521/public_html/zlinks.id/app/controllers/l/Link.php on line 194
[14-Jun-2025 15:39:13 UTC] PHP Warning:  Undefined property: stdClass::$sensitive_content in /home/u6583521/public_html/zlinks.id/app/controllers/l/Link.php on line 223
[14-Jun-2025 15:39:20 UTC] PHP Warning:  Undefined property: stdClass::$splash_page_id in /home/u6583521/public_html/zlinks.id/app/controllers/l/Link.php on line 129
[14-Jun-2025 15:39:20 UTC] PHP Warning:  Undefined property: stdClass::$password in /home/u6583521/public_html/zlinks.id/app/controllers/l/Link.php on line 194
[14-Jun-2025 15:39:20 UTC] PHP Warning:  Undefined property: stdClass::$sensitive_content in /home/u6583521/public_html/zlinks.id/app/controllers/l/Link.php on line 223
[14-Jun-2025 15:47:17 UTC] PHP Warning:  Undefined property: stdClass::$last_submissions_is_enabled in /home/u6583521/public_html/zlinks.id/themes/altum/views/tools/tool_widget_frankfurt.php on line 26
[14-Jun-2025 15:47:17 UTC] PHP Warning:  Attempt to read property "type" on null in /home/u6583521/public_html/zlinks.id/themes/altum/views/partials/footer.php on line 100
[14-Jun-2025 15:59:24 UTC] PHP Warning:  Undefined array key "is_newsletter_subscribed" in /home/u6583521/public_html/zlinks.id/app/controllers/Register.php on line 61
[14-Jun-2025 16:08:36 UTC] PHP Warning:  Undefined property: stdClass::$last_submissions_is_enabled in /home/u6583521/public_html/zlinks.id/themes/altum/views/tools/tool_widget_frankfurt.php on line 26
[14-Jun-2025 16:08:36 UTC] PHP Warning:  Attempt to read property "type" on null in /home/u6583521/public_html/zlinks.id/themes/altum/views/partials/footer.php on line 100
[14-Jun-2025 16:19:06 UTC] PHP Warning:  Undefined property: stdClass::$splash_page_id in /home/u6583521/public_html/zlinks.id/app/controllers/l/Link.php on line 129
[14-Jun-2025 16:19:06 UTC] PHP Warning:  Undefined property: stdClass::$password in /home/u6583521/public_html/zlinks.id/app/controllers/l/Link.php on line 194
[14-Jun-2025 16:19:06 UTC] PHP Warning:  Undefined property: stdClass::$sensitive_content in /home/u6583521/public_html/zlinks.id/app/controllers/l/Link.php on line 223
[14-Jun-2025 16:19:08 UTC] PHP Warning:  Undefined property: stdClass::$splash_page_id in /home/u6583521/public_html/zlinks.id/app/controllers/l/Link.php on line 129
[14-Jun-2025 16:19:08 UTC] PHP Warning:  Undefined property: stdClass::$password in /home/u6583521/public_html/zlinks.id/app/controllers/l/Link.php on line 194
[14-Jun-2025 16:19:08 UTC] PHP Warning:  Undefined property: stdClass::$sensitive_content in /home/u6583521/public_html/zlinks.id/app/controllers/l/Link.php on line 223
[14-Jun-2025 16:19:29 UTC] PHP Warning:  Attempt to read property "type" on null in /home/u6583521/public_html/zlinks.id/themes/altum/views/partials/footer.php on line 100
[14-Jun-2025 16:20:44 UTC] PHP Warning:  Undefined array key "is_newsletter_subscribed" in /home/u6583521/public_html/zlinks.id/app/controllers/Register.php on line 61
[14-Jun-2025 16:22:30 UTC] PHP Warning:  Undefined property: stdClass::$last_submissions_is_enabled in /home/u6583521/public_html/zlinks.id/themes/altum/views/tools/tool_widget_frankfurt.php on line 26
[14-Jun-2025 16:22:30 UTC] PHP Warning:  Attempt to read property "type" on null in /home/u6583521/public_html/zlinks.id/themes/altum/views/partials/footer.php on line 100
[14-Jun-2025 16:32:22 UTC] PHP Warning:  Attempt to read property "type" on null in /home/u6583521/public_html/zlinks.id/themes/altum/views/partials/footer.php on line 100
[14-Jun-2025 16:32:28 UTC] PHP Warning:  Undefined property: stdClass::$last_submissions_is_enabled in /home/u6583521/public_html/zlinks.id/themes/altum/views/tools/tool_widget_frankfurt.php on line 26
[14-Jun-2025 16:32:28 UTC] PHP Warning:  Attempt to read property "type" on null in /home/u6583521/public_html/zlinks.id/themes/altum/views/partials/footer.php on line 100
[14-Jun-2025 16:32:31 UTC] PHP Warning:  Attempt to read property "type" on null in /home/u6583521/public_html/zlinks.id/themes/altum/views/partials/footer.php on line 100
[14-Jun-2025 16:32:36 UTC] PHP Warning:  Attempt to read property "type" on null in /home/u6583521/public_html/zlinks.id/themes/altum/views/partials/footer.php on line 100
[14-Jun-2025 16:32:37 UTC] PHP Warning:  Attempt to read property "type" on null in /home/u6583521/public_html/zlinks.id/themes/altum/views/partials/footer.php on line 100
[14-Jun-2025 16:32:39 UTC] PHP Warning:  Attempt to read property "type" on null in /home/u6583521/public_html/zlinks.id/themes/altum/views/partials/footer.php on line 100
[14-Jun-2025 16:33:06 UTC] PHP Warning:  Attempt to read property "type" on null in /home/u6583521/public_html/zlinks.id/themes/altum/views/partials/footer.php on line 100
[14-Jun-2025 16:33:09 UTC] PHP Warning:  Attempt to read property "type" on null in /home/u6583521/public_html/zlinks.id/themes/altum/views/partials/footer.php on line 100
[14-Jun-2025 16:52:01 UTC] PHP Warning:  Attempt to read property "type" on null in /home/u6583521/public_html/zlinks.id/themes/altum/views/partials/footer.php on line 100
[14-Jun-2025 17:03:00 UTC] PHP Warning:  Attempt to read property "type" on null in /home/u6583521/public_html/zlinks.id/themes/altum/views/partials/footer.php on line 100
[14-Jun-2025 17:03:18 UTC] PHP Warning:  Attempt to read property "type" on null in /home/u6583521/public_html/zlinks.id/themes/altum/views/partials/footer.php on line 100
[14-Jun-2025 17:03:18 UTC] PHP Warning:  Attempt to read property "type" on null in /home/u6583521/public_html/zlinks.id/themes/altum/views/partials/footer.php on line 100
[14-Jun-2025 17:03:18 UTC] PHP Warning:  Attempt to read property "type" on null in /home/u6583521/public_html/zlinks.id/themes/altum/views/partials/footer.php on line 100
[14-Jun-2025 17:03:22 UTC] PHP Warning:  Attempt to read property "type" on null in /home/u6583521/public_html/zlinks.id/themes/altum/views/partials/footer.php on line 100
[14-Jun-2025 17:03:22 UTC] PHP Warning:  Attempt to read property "type" on null in /home/u6583521/public_html/zlinks.id/themes/altum/views/partials/footer.php on line 100
[14-Jun-2025 17:03:27 UTC] PHP Warning:  Attempt to read property "type" on null in /home/u6583521/public_html/zlinks.id/themes/altum/views/partials/footer.php on line 100
[14-Jun-2025 17:03:30 UTC] PHP Warning:  Attempt to read property "type" on null in /home/u6583521/public_html/zlinks.id/themes/altum/views/partials/footer.php on line 100
[14-Jun-2025 17:03:30 UTC] PHP Warning:  Attempt to read property "type" on null in /home/u6583521/public_html/zlinks.id/themes/altum/views/partials/footer.php on line 100
[14-Jun-2025 17:03:30 UTC] PHP Warning:  Attempt to read property "type" on null in /home/u6583521/public_html/zlinks.id/themes/altum/views/partials/footer.php on line 100
[14-Jun-2025 17:03:30 UTC] PHP Warning:  Attempt to read property "type" on null in /home/u6583521/public_html/zlinks.id/themes/altum/views/partials/footer.php on line 100
[14-Jun-2025 17:03:31 UTC] PHP Warning:  Attempt to read property "type" on null in /home/u6583521/public_html/zlinks.id/themes/altum/views/partials/footer.php on line 100
[14-Jun-2025 17:03:31 UTC] PHP Warning:  Attempt to read property "type" on null in /home/u6583521/public_html/zlinks.id/themes/altum/views/partials/footer.php on line 100
[14-Jun-2025 17:03:31 UTC] PHP Warning:  Attempt to read property "type" on null in /home/u6583521/public_html/zlinks.id/themes/altum/views/partials/footer.php on line 100
[14-Jun-2025 17:03:31 UTC] PHP Warning:  Attempt to read property "type" on null in /home/u6583521/public_html/zlinks.id/themes/altum/views/partials/footer.php on line 100
[14-Jun-2025 17:03:31 UTC] PHP Warning:  Attempt to read property "type" on null in /home/u6583521/public_html/zlinks.id/themes/altum/views/partials/footer.php on line 100
[14-Jun-2025 17:03:31 UTC] PHP Warning:  Attempt to read property "type" on null in /home/u6583521/public_html/zlinks.id/themes/altum/views/partials/footer.php on line 100
[14-Jun-2025 17:03:31 UTC] PHP Warning:  Attempt to read property "type" on null in /home/u6583521/public_html/zlinks.id/themes/altum/views/partials/footer.php on line 100
[14-Jun-2025 17:05:57 UTC] PHP Warning:  Undefined property: stdClass::$last_submissions_is_enabled in /home/u6583521/public_html/zlinks.id/themes/altum/views/tools/tool_widget_frankfurt.php on line 26
[14-Jun-2025 17:05:57 UTC] PHP Warning:  Attempt to read property "type" on null in /home/u6583521/public_html/zlinks.id/themes/altum/views/partials/footer.php on line 100
[14-Jun-2025 17:31:38 UTC] PHP Warning:  Undefined array key "is_newsletter_subscribed" in /home/u6583521/public_html/zlinks.id/app/controllers/Register.php on line 61
[14-Jun-2025 17:32:37 UTC] PHP Warning:  Undefined property: stdClass::$last_submissions_is_enabled in /home/u6583521/public_html/zlinks.id/themes/altum/views/tools/tool_widget_frankfurt.php on line 26
[14-Jun-2025 17:32:37 UTC] PHP Warning:  Attempt to read property "type" on null in /home/u6583521/public_html/zlinks.id/themes/altum/views/partials/footer.php on line 100
[14-Jun-2025 18:01:53 UTC] PHP Warning:  Undefined property: stdClass::$last_submissions_is_enabled in /home/u6583521/public_html/zlinks.id/themes/altum/views/tools/tool_widget_frankfurt.php on line 26
[14-Jun-2025 18:01:53 UTC] PHP Warning:  Attempt to read property "type" on null in /home/u6583521/public_html/zlinks.id/themes/altum/views/partials/footer.php on line 100
[14-Jun-2025 18:27:41 UTC] PHP Warning:  Attempt to read property "plan_settings" on null in /home/u6583521/public_html/zlinks.id/themes/altum/views/directory/index.php on line 23
[14-Jun-2025 18:27:41 UTC] PHP Warning:  Attempt to read property "export" on null in /home/u6583521/public_html/zlinks.id/themes/altum/views/directory/index.php on line 23
[14-Jun-2025 18:27:41 UTC] PHP Warning:  Attempt to read property "csv" on null in /home/u6583521/public_html/zlinks.id/themes/altum/views/directory/index.php on line 23
[14-Jun-2025 18:27:41 UTC] PHP Warning:  Attempt to read property "plan_settings" on null in /home/u6583521/public_html/zlinks.id/themes/altum/views/directory/index.php on line 26
[14-Jun-2025 18:27:41 UTC] PHP Warning:  Attempt to read property "export" on null in /home/u6583521/public_html/zlinks.id/themes/altum/views/directory/index.php on line 26
[14-Jun-2025 18:27:41 UTC] PHP Warning:  Attempt to read property "json" on null in /home/u6583521/public_html/zlinks.id/themes/altum/views/directory/index.php on line 26
[14-Jun-2025 18:27:41 UTC] PHP Warning:  Attempt to read property "plan_settings" on null in /home/u6583521/public_html/zlinks.id/themes/altum/views/directory/index.php on line 29
[14-Jun-2025 18:27:41 UTC] PHP Warning:  Attempt to read property "export" on null in /home/u6583521/public_html/zlinks.id/themes/altum/views/directory/index.php on line 29
[14-Jun-2025 18:27:41 UTC] PHP Warning:  Attempt to read property "pdf" on null in /home/u6583521/public_html/zlinks.id/themes/altum/views/directory/index.php on line 29
[14-Jun-2025 18:27:41 UTC] PHP Warning:  Attempt to read property "type" on null in /home/u6583521/public_html/zlinks.id/themes/altum/views/partials/footer.php on line 100
[14-Jun-2025 18:31:29 UTC] PHP Warning:  Attempt to read property "type" on null in /home/u6583521/public_html/zlinks.id/themes/altum/views/partials/footer.php on line 100
[14-Jun-2025 18:32:26 UTC] PHP Warning:  Attempt to read property "type" on null in /home/u6583521/public_html/zlinks.id/themes/altum/views/partials/footer.php on line 100
[14-Jun-2025 18:32:28 UTC] PHP Warning:  Attempt to read property "type" on null in /home/u6583521/public_html/zlinks.id/themes/altum/views/partials/footer.php on line 100
[14-Jun-2025 18:32:33 UTC] PHP Warning:  Undefined array key "is_newsletter_subscribed" in /home/u6583521/public_html/zlinks.id/app/controllers/Register.php on line 61
[14-Jun-2025 18:51:38 UTC] PHP Warning:  Undefined property: stdClass::$last_submissions_is_enabled in /home/u6583521/public_html/zlinks.id/themes/altum/views/tools/tool_widget_frankfurt.php on line 26
[14-Jun-2025 18:51:38 UTC] PHP Warning:  Attempt to read property "type" on null in /home/u6583521/public_html/zlinks.id/themes/altum/views/partials/footer.php on line 100
[14-Jun-2025 19:07:34 UTC] PHP Warning:  Undefined property: stdClass::$last_submissions_is_enabled in /home/u6583521/public_html/zlinks.id/themes/altum/views/tools/tool_widget_frankfurt.php on line 26
[14-Jun-2025 19:07:34 UTC] PHP Warning:  Attempt to read property "type" on null in /home/u6583521/public_html/zlinks.id/themes/altum/views/partials/footer.php on line 100
[14-Jun-2025 19:14:22 UTC] PHP Warning:  Undefined array key "Indonesia" in /home/u6583521/public_html/zlinks.id/app/controllers/Sitemap.php on line 98
[14-Jun-2025 19:20:11 UTC] PHP Warning:  Attempt to read property "type" on null in /home/u6583521/public_html/zlinks.id/themes/altum/views/partials/footer.php on line 100
[14-Jun-2025 19:38:11 UTC] PHP Warning:  Undefined property: stdClass::$last_submissions_is_enabled in /home/u6583521/public_html/zlinks.id/themes/altum/views/tools/tool_widget_frankfurt.php on line 26
[14-Jun-2025 19:38:11 UTC] PHP Warning:  Attempt to read property "type" on null in /home/u6583521/public_html/zlinks.id/themes/altum/views/partials/footer.php on line 100
[14-Jun-2025 19:50:36 UTC] PHP Warning:  Attempt to read property "type" on null in /home/u6583521/public_html/zlinks.id/themes/altum/views/partials/footer.php on line 100
[14-Jun-2025 19:55:19 UTC] PHP Warning:  Undefined array key "is_newsletter_subscribed" in /home/u6583521/public_html/zlinks.id/app/controllers/Register.php on line 61
[14-Jun-2025 19:59:18 UTC] PHP Warning:  Undefined property: stdClass::$last_submissions_is_enabled in /home/u6583521/public_html/zlinks.id/themes/altum/views/tools/tool_widget_frankfurt.php on line 26
[14-Jun-2025 19:59:18 UTC] PHP Warning:  Attempt to read property "type" on null in /home/u6583521/public_html/zlinks.id/themes/altum/views/partials/footer.php on line 100
[14-Jun-2025 20:01:28 UTC] PHP Warning:  Attempt to read property "type" on null in /home/u6583521/public_html/zlinks.id/themes/altum/views/partials/footer.php on line 100
[14-Jun-2025 20:01:32 UTC] PHP Warning:  Attempt to read property "type" on null in /home/u6583521/public_html/zlinks.id/themes/altum/views/partials/footer.php on line 100
[14-Jun-2025 20:01:32 UTC] PHP Warning:  Attempt to read property "plan_settings" on null in /home/u6583521/public_html/zlinks.id/themes/altum/views/directory/index.php on line 23
[14-Jun-2025 20:01:32 UTC] PHP Warning:  Attempt to read property "export" on null in /home/u6583521/public_html/zlinks.id/themes/altum/views/directory/index.php on line 23
[14-Jun-2025 20:01:32 UTC] PHP Warning:  Attempt to read property "csv" on null in /home/u6583521/public_html/zlinks.id/themes/altum/views/directory/index.php on line 23
[14-Jun-2025 20:01:32 UTC] PHP Warning:  Attempt to read property "plan_settings" on null in /home/u6583521/public_html/zlinks.id/themes/altum/views/directory/index.php on line 26
[14-Jun-2025 20:01:32 UTC] PHP Warning:  Attempt to read property "export" on null in /home/u6583521/public_html/zlinks.id/themes/altum/views/directory/index.php on line 26
[14-Jun-2025 20:01:32 UTC] PHP Warning:  Attempt to read property "json" on null in /home/u6583521/public_html/zlinks.id/themes/altum/views/directory/index.php on line 26
[14-Jun-2025 20:01:32 UTC] PHP Warning:  Attempt to read property "plan_settings" on null in /home/u6583521/public_html/zlinks.id/themes/altum/views/directory/index.php on line 29
[14-Jun-2025 20:01:32 UTC] PHP Warning:  Attempt to read property "export" on null in /home/u6583521/public_html/zlinks.id/themes/altum/views/directory/index.php on line 29
[14-Jun-2025 20:01:32 UTC] PHP Warning:  Attempt to read property "pdf" on null in /home/u6583521/public_html/zlinks.id/themes/altum/views/directory/index.php on line 29
[14-Jun-2025 20:01:32 UTC] PHP Warning:  Attempt to read property "type" on null in /home/u6583521/public_html/zlinks.id/themes/altum/views/partials/footer.php on line 100
[14-Jun-2025 20:01:36 UTC] PHP Warning:  Attempt to read property "type" on null in /home/u6583521/public_html/zlinks.id/themes/altum/views/partials/footer.php on line 100
[14-Jun-2025 20:01:57 UTC] PHP Warning:  Attempt to read property "type" on null in /home/u6583521/public_html/zlinks.id/themes/altum/views/partials/footer.php on line 100
[14-Jun-2025 20:01:59 UTC] PHP Warning:  Attempt to read property "type" on null in /home/u6583521/public_html/zlinks.id/themes/altum/views/partials/footer.php on line 100
[14-Jun-2025 20:11:30 UTC] PHP Warning:  Attempt to read property "type" on null in /home/u6583521/public_html/zlinks.id/themes/altum/views/partials/footer.php on line 100
[14-Jun-2025 20:11:58 UTC] PHP Warning:  Undefined property: stdClass::$pwa_is_enabled in /home/u6583521/public_html/zlinks.id/themes/altum/views/l/biolink_wrapper.php on line 11
[14-Jun-2025 20:11:58 UTC] PHP Warning:  Undefined property: stdClass::$pwa_is_enabled in /home/u6583521/public_html/zlinks.id/themes/altum/views/l/biolink_wrapper.php on line 11
[14-Jun-2025 20:11:59 UTC] PHP Warning:  Undefined property: stdClass::$pwa_is_enabled in /home/u6583521/public_html/zlinks.id/themes/altum/views/l/biolink_wrapper.php on line 11
[14-Jun-2025 20:13:24 UTC] PHP Warning:  Attempt to read property "type" on null in /home/u6583521/public_html/zlinks.id/themes/altum/views/partials/footer.php on line 100
[14-Jun-2025 20:14:12 UTC] PHP Warning:  Undefined property: stdClass::$pwa_is_enabled in /home/u6583521/public_html/zlinks.id/themes/altum/views/l/biolink_wrapper.php on line 11
[14-Jun-2025 20:16:25 UTC] PHP Warning:  Attempt to read property "type" on null in /home/u6583521/public_html/zlinks.id/themes/altum/views/partials/footer.php on line 100
[14-Jun-2025 20:17:03 UTC] PHP Warning:  Attempt to read property "type" on null in /home/u6583521/public_html/zlinks.id/themes/altum/views/partials/footer.php on line 100
[14-Jun-2025 20:23:33 UTC] PHP Warning:  Undefined property: stdClass::$last_submissions_is_enabled in /home/u6583521/public_html/zlinks.id/themes/altum/views/tools/tool_widget_frankfurt.php on line 26
[14-Jun-2025 20:23:33 UTC] PHP Warning:  Attempt to read property "type" on null in /home/u6583521/public_html/zlinks.id/themes/altum/views/partials/footer.php on line 100
[14-Jun-2025 20:25:18 UTC] PHP Warning:  Undefined property: stdClass::$pwa_is_enabled in /home/u6583521/public_html/zlinks.id/themes/altum/views/l/biolink_wrapper.php on line 11
[14-Jun-2025 20:29:01 UTC] PHP Warning:  Attempt to read property "type" on null in /home/u6583521/public_html/zlinks.id/themes/altum/views/partials/footer.php on line 100
[14-Jun-2025 20:29:18 UTC] PHP Warning:  Attempt to read property "type" on null in /home/u6583521/public_html/zlinks.id/themes/altum/views/partials/footer.php on line 100
[14-Jun-2025 20:33:59 UTC] PHP Warning:  Attempt to read property "type" on null in /home/u6583521/public_html/zlinks.id/themes/altum/views/partials/footer.php on line 100
[14-Jun-2025 20:42:30 UTC] PHP Warning:  Undefined property: stdClass::$last_submissions_is_enabled in /home/u6583521/public_html/zlinks.id/themes/altum/views/tools/tool_widget_frankfurt.php on line 26
[14-Jun-2025 20:42:30 UTC] PHP Warning:  Attempt to read property "type" on null in /home/u6583521/public_html/zlinks.id/themes/altum/views/partials/footer.php on line 100
[14-Jun-2025 20:42:33 UTC] PHP Warning:  Attempt to read property "type" on null in /home/u6583521/public_html/zlinks.id/themes/altum/views/partials/footer.php on line 100
[14-Jun-2025 20:46:05 UTC] PHP Warning:  Undefined property: stdClass::$last_submissions_is_enabled in /home/u6583521/public_html/zlinks.id/themes/altum/views/tools/tool_widget_frankfurt.php on line 26
[14-Jun-2025 20:46:05 UTC] PHP Warning:  Attempt to read property "type" on null in /home/u6583521/public_html/zlinks.id/themes/altum/views/partials/footer.php on line 100
[14-Jun-2025 21:08:21 UTC] PHP Warning:  Undefined property: stdClass::$last_submissions_is_enabled in /home/u6583521/public_html/zlinks.id/themes/altum/views/tools/tool_widget_frankfurt.php on line 26
[14-Jun-2025 21:08:21 UTC] PHP Warning:  Attempt to read property "type" on null in /home/u6583521/public_html/zlinks.id/themes/altum/views/partials/footer.php on line 100
[14-Jun-2025 21:23:07 UTC] PHP Warning:  Attempt to read property "type" on null in /home/u6583521/public_html/zlinks.id/themes/altum/views/partials/footer.php on line 100
[14-Jun-2025 21:31:09 UTC] PHP Warning:  Attempt to read property "type" on null in /home/u6583521/public_html/zlinks.id/themes/altum/views/partials/footer.php on line 100
[14-Jun-2025 21:57:56 UTC] PHP Warning:  Undefined property: stdClass::$last_submissions_is_enabled in /home/u6583521/public_html/zlinks.id/themes/altum/views/tools/tool_widget_frankfurt.php on line 26
[14-Jun-2025 21:57:56 UTC] PHP Warning:  Attempt to read property "type" on null in /home/u6583521/public_html/zlinks.id/themes/altum/views/partials/footer.php on line 100
[14-Jun-2025 22:03:42 UTC] PHP Warning:  Attempt to read property "type" on null in /home/u6583521/public_html/zlinks.id/themes/altum/views/partials/footer.php on line 100
[14-Jun-2025 22:04:57 UTC] PHP Warning:  Attempt to read property "type" on null in /home/u6583521/public_html/zlinks.id/themes/altum/views/partials/footer.php on line 100
[14-Jun-2025 22:16:44 UTC] PHP Warning:  Attempt to read property "type" on null in /home/u6583521/public_html/zlinks.id/themes/altum/views/partials/footer.php on line 100
[14-Jun-2025 22:26:11 UTC] PHP Warning:  Undefined property: stdClass::$last_submissions_is_enabled in /home/u6583521/public_html/zlinks.id/themes/altum/views/tools/tool_widget_frankfurt.php on line 26
[14-Jun-2025 22:26:11 UTC] PHP Warning:  Attempt to read property "type" on null in /home/u6583521/public_html/zlinks.id/themes/altum/views/partials/footer.php on line 100
[14-Jun-2025 22:27:47 UTC] PHP Warning:  Undefined property: stdClass::$background_color in /home/u6583521/public_html/zlinks.id/themes/altum/views/l/biolink_blocks/socials.php on line 29
[14-Jun-2025 22:27:47 UTC] PHP Warning:  Undefined property: stdClass::$pwa_is_enabled in /home/u6583521/public_html/zlinks.id/themes/altum/views/l/biolink_wrapper.php on line 11
[14-Jun-2025 22:33:43 UTC] PHP Warning:  Attempt to read property "type" on null in /home/u6583521/public_html/zlinks.id/themes/altum/views/partials/footer.php on line 100
[14-Jun-2025 22:33:45 UTC] PHP Warning:  Attempt to read property "type" on null in /home/u6583521/public_html/zlinks.id/themes/altum/views/partials/footer.php on line 100
[14-Jun-2025 22:33:50 UTC] PHP Warning:  Undefined array key "is_newsletter_subscribed" in /home/u6583521/public_html/zlinks.id/app/controllers/Register.php on line 61
[14-Jun-2025 22:39:46 UTC] PHP Warning:  Attempt to read property "type" on null in /home/u6583521/public_html/zlinks.id/themes/altum/views/partials/footer.php on line 100
[14-Jun-2025 22:39:50 UTC] PHP Warning:  Attempt to read property "type" on null in /home/u6583521/public_html/zlinks.id/themes/altum/views/partials/footer.php on line 100
[14-Jun-2025 22:44:33 UTC] PHP Warning:  Attempt to read property "type" on null in /home/u6583521/public_html/zlinks.id/themes/altum/views/partials/footer.php on line 100
[14-Jun-2025 22:55:04 UTC] PHP Warning:  Attempt to read property "plan_settings" on null in /home/u6583521/public_html/zlinks.id/themes/altum/views/directory/index.php on line 23
[14-Jun-2025 22:55:04 UTC] PHP Warning:  Attempt to read property "export" on null in /home/u6583521/public_html/zlinks.id/themes/altum/views/directory/index.php on line 23
[14-Jun-2025 22:55:04 UTC] PHP Warning:  Attempt to read property "csv" on null in /home/u6583521/public_html/zlinks.id/themes/altum/views/directory/index.php on line 23
[14-Jun-2025 22:55:04 UTC] PHP Warning:  Attempt to read property "plan_settings" on null in /home/u6583521/public_html/zlinks.id/themes/altum/views/directory/index.php on line 26
[14-Jun-2025 22:55:04 UTC] PHP Warning:  Attempt to read property "export" on null in /home/u6583521/public_html/zlinks.id/themes/altum/views/directory/index.php on line 26
[14-Jun-2025 22:55:04 UTC] PHP Warning:  Attempt to read property "json" on null in /home/u6583521/public_html/zlinks.id/themes/altum/views/directory/index.php on line 26
[14-Jun-2025 22:55:04 UTC] PHP Warning:  Attempt to read property "plan_settings" on null in /home/u6583521/public_html/zlinks.id/themes/altum/views/directory/index.php on line 29
[14-Jun-2025 22:55:04 UTC] PHP Warning:  Attempt to read property "export" on null in /home/u6583521/public_html/zlinks.id/themes/altum/views/directory/index.php on line 29
[14-Jun-2025 22:55:04 UTC] PHP Warning:  Attempt to read property "pdf" on null in /home/u6583521/public_html/zlinks.id/themes/altum/views/directory/index.php on line 29
[14-Jun-2025 22:55:04 UTC] PHP Warning:  Attempt to read property "type" on null in /home/u6583521/public_html/zlinks.id/themes/altum/views/partials/footer.php on line 100
[14-Jun-2025 23:02:43 UTC] PHP Warning:  Attempt to read property "type" on null in /home/u6583521/public_html/zlinks.id/themes/altum/views/partials/footer.php on line 100
[14-Jun-2025 23:05:19 UTC] PHP Warning:  Attempt to read property "type" on null in /home/u6583521/public_html/zlinks.id/themes/altum/views/partials/footer.php on line 100
[14-Jun-2025 23:05:22 UTC] PHP Warning:  Attempt to read property "type" on null in /home/u6583521/public_html/zlinks.id/themes/altum/views/partials/footer.php on line 100
[14-Jun-2025 23:09:55 UTC] PHP Warning:  Attempt to read property "type" on null in /home/u6583521/public_html/zlinks.id/themes/altum/views/partials/footer.php on line 100
[14-Jun-2025 23:09:58 UTC] PHP Warning:  Attempt to read property "type" on null in /home/u6583521/public_html/zlinks.id/themes/altum/views/partials/footer.php on line 100
[14-Jun-2025 23:22:06 UTC] PHP Warning:  Undefined property: stdClass::$last_submissions_is_enabled in /home/u6583521/public_html/zlinks.id/themes/altum/views/tools/tool_widget_frankfurt.php on line 26
[14-Jun-2025 23:22:06 UTC] PHP Warning:  Attempt to read property "type" on null in /home/u6583521/public_html/zlinks.id/themes/altum/views/partials/footer.php on line 100
[14-Jun-2025 23:45:09 UTC] PHP Warning:  Attempt to read property "type" on null in /home/u6583521/public_html/zlinks.id/themes/altum/views/partials/footer.php on line 100
[14-Jun-2025 23:46:57 UTC] PHP Warning:  Undefined property: stdClass::$last_submissions_is_enabled in /home/u6583521/public_html/zlinks.id/themes/altum/views/tools/tool_widget_frankfurt.php on line 26
[14-Jun-2025 23:46:57 UTC] PHP Warning:  Attempt to read property "type" on null in /home/u6583521/public_html/zlinks.id/themes/altum/views/partials/footer.php on line 100
