[01/Jan/2025 10:36:31] Source file (/tmp/php6MjFuo) does not have a valid extension.
[01/Jan/2025 10:43:52] Source file (/tmp/phpbUmRzo) does not have a valid extension.
[01/Jan/2025 10:54:56] Source file (/tmp/phpEqUU22) does not have a valid extension.
[09/Jan/2025 15:20:01] Source file (/tmp/phph0ImLX) does not have a valid extension.
[09/Jan/2025 15:27:18] Source file (/tmp/phpbZtoxK) does not have a valid extension.
[13/Jan/2025 13:59:32] Source file (/tmp/phpIGZtkY) does not have a valid extension.
[13/Jan/2025 13:59:58] Source file (/tmp/phptNlbFo) does not have a valid extension.
[13/Jan/2025 14:01:58] Source file (/tmp/phpWTGIh6) does not have a valid extension.
[13/Jan/2025 14:09:12] Source file (/tmp/phpxhGHNK) does not have a valid extension.
[13/Jan/2025 14:09:38] Source file (/tmp/phpjSVw04) does not have a valid extension.
[13/Jan/2025 14:10:46] Source file (/tmp/phpaccF07) does not have a valid extension.
[13/Jan/2025 14:11:35] Source file (/tmp/phpgjtKMG) does not have a valid extension.
[13/Jan/2025 18:48:22] Source file (/tmp/phpLDwQOC) does not have a valid extension.
[14/Jan/2025 03:44:53] Source file (/tmp/phpYYocPB) does not have a valid extension.
[14/Jan/2025 04:36:16] Source file (/tmp/phpZlz4UH) does not have a valid extension.
[14/Jan/2025 04:36:32] Source file (/tmp/phpfg4P24) does not have a valid extension.
[14/Jan/2025 07:49:13] Source file (/tmp/phpc86cyM) does not have a valid extension.
[14/Jan/2025 07:57:44] Source file (/tmp/phpqlf0wG) does not have a valid extension.
[17/Jan/2025 08:24:42] Source file (/tmp/phpTRplKz) does not have a valid extension.
[17/Jan/2025 09:08:44] Source file (/tmp/php2pHVDL) does not have a valid extension.
[17/Jan/2025 09:08:58] Source file (/tmp/phpHDF4Nm) does not have a valid extension.
[18/Jan/2025 02:54:48] Source file (/tmp/php552zSx) does not have a valid extension.
[18/Jan/2025 03:14:52] Source file (/tmp/php882iVX) does not have a valid extension.
[18/Jan/2025 03:21:02] Source file (/tmp/phpMlddU9) does not have a valid extension.
[18/Jan/2025 03:55:01] Source file (/tmp/phpfwe35j) does not have a valid extension.
[19/Jan/2025 05:03:32] Source file (/tmp/phps5pUal) does not have a valid extension.
[19/Jan/2025 05:24:59] Source file (/tmp/php4kzJQS) does not have a valid extension.
[19/Jan/2025 05:33:41] Source file (/tmp/phpLe21VT) does not have a valid extension.
[19/Jan/2025 14:20:37] Source file (/tmp/phpQo3BLi) does not have a valid extension.
[20/Jan/2025 02:03:43] Source file (/tmp/phpLuqTcn) does not have a valid extension.
[20/Jan/2025 03:10:54] Source file (/tmp/php2w42hk) does not have a valid extension.
[20/Jan/2025 07:48:25] Source file (/tmp/phpByrMzE) does not have a valid extension.
[20/Jan/2025 08:01:05] Source file (/tmp/phpk3bNQ6) does not have a valid extension.
[20/Jan/2025 08:02:14] Source file (/tmp/phpRcUtb0) does not have a valid extension.
[11/Feb/2025 07:54:28] Source file (/tmp/phpZfUR3p) does not have a valid extension.
[11/Feb/2025 18:40:50] Source file (/tmp/phptQm3Je) does not have a valid extension.
[11/Feb/2025 18:56:30] Source file (/tmp/phpF6e9nv) does not have a valid extension.
[11/Feb/2025 18:57:07] Source file (/tmp/phpMsat0A) does not have a valid extension.
[11/Feb/2025 19:46:14] Source file (/tmp/phpxB0fmT) does not have a valid extension.
[19/Feb/2025 04:00:08] Source file (/tmp/php9GsTTY) does not have a valid extension.
[03/Mar/2025 14:08:14] Source file (/tmp/phpAozm2W) does not have a valid extension.
[03/Mar/2025 14:11:23] Source file (/tmp/phpMLwiYB) does not have a valid extension.
[09/Mar/2025 04:19:07] Source file (/tmp/phpvhOQIn) exceeded maximum allowed size limit of 5MB.
[19/Mar/2025 04:44:10] Source file (/tmp/phpYpCCWS) does not have a valid extension.
[23/Mar/2025 19:06:44] Source file (/tmp/php90Gqor) does not have a valid extension.
[23/Mar/2025 19:20:18] Source file (/tmp/phpyNxIlO) does not have a valid extension.
[23/Mar/2025 19:24:51] Source file (/tmp/phpKUnljV) does not have a valid extension.
[23/Mar/2025 19:59:23] Source file (/tmp/phplXD0HZ) does not have a valid extension.
[27/Mar/2025 07:02:52] Source file (/tmp/phpMLiN8B) exceeded maximum allowed size limit of 5MB.
[27/Mar/2025 07:03:46] Source file (/tmp/phpEOJWKg) exceeded maximum allowed size limit of 5MB.
[27/Mar/2025 07:07:31] Source file (/tmp/phpHErbqp) exceeded maximum allowed size limit of 5MB.
[27/Mar/2025 07:10:50] Source file (/tmp/php74GbyL) exceeded maximum allowed size limit of 5MB.
[07/Apr/2025 06:06:56] Source file (/tmp/phpqmdXrz) does not have a valid extension.
[24/Apr/2025 03:29:13] Source file (/tmp/phpsgQCcE) does not have a valid extension.
[24/Apr/2025 03:30:46] Source file (/tmp/phpD5YmsG) does not have a valid extension.
[24/Apr/2025 03:33:35] Source file (/tmp/phpvE0jPO) does not have a valid extension.
[24/Apr/2025 03:36:10] Source file (/tmp/phpVFtgbv) does not have a valid extension.
[24/Apr/2025 03:59:22] Source file (/tmp/phpwT9yMC) does not have a valid extension.
[24/Apr/2025 05:04:53] Source file (/tmp/php5BpzVD) does not have a valid extension.
[24/Apr/2025 05:09:53] Source file (/tmp/php7xeUT8) does not have a valid extension.
[24/Apr/2025 05:11:13] Source file (/tmp/phpT4o1kA) does not have a valid extension.
[24/Apr/2025 05:15:21] Source file (/tmp/phppNt6kz) does not have a valid extension.
[27/Apr/2025 10:30:27] Source file (/tmp/php1sJVTk) does not have a valid extension.
[29/Apr/2025 04:19:25] Source file (/tmp/phpeBwEHg) does not have a valid extension.
[29/Apr/2025 05:44:34] Source file (/tmp/phpZYZP9s) does not have a valid extension.
[29/Apr/2025 06:17:37] Source file (/tmp/phpqpcMVL) does not have a valid extension.
[29/Apr/2025 06:24:42] Source file (/tmp/phpdJtDgZ) does not have a valid extension.
[29/Apr/2025 06:24:54] Source file (/tmp/php5aNsqr) does not have a valid extension.
[29/Apr/2025 06:25:33] Source file (/tmp/phphoPan9) does not have a valid extension.
[29/Apr/2025 06:26:20] Source file (/tmp/php7DJo5a) does not have a valid extension.
[29/Apr/2025 06:29:12] Source file (/tmp/phpSlUvca) does not have a valid extension.
[29/Apr/2025 08:45:38] Source file (/tmp/phpskMEWz) does not have a valid extension.
[29/Apr/2025 09:10:06] Source file (/tmp/phpRpzM57) does not have a valid extension.
[29/Apr/2025 10:42:42] Source file (/tmp/phpfZyGbo) does not have a valid extension.
[29/Apr/2025 21:05:32] Source file (/tmp/php4oOl5P) does not have a valid extension.
[08/May/2025 06:19:30] Source file (/tmp/phpVJVm1m) does not have a valid extension.
[10/Jun/2025 07:40:28] Source file (/tmp/phpVDq5Tt) does not have a valid extension.
[11/Jun/2025 08:20:13] Source file (/tmp/phpy9rC5n) does not have a valid extension.
[11/Jun/2025 08:24:50] Source file (/tmp/php7D50T8) does not have a valid extension.
[11/Jun/2025 11:38:41] Source file (/tmp/php5vkqb0) does not have a valid extension.
[11/Jun/2025 11:52:16] Source file (/tmp/phpfKCE8m) does not have a valid extension.
[11/Jun/2025 12:03:14] Source file (/tmp/php3uqTi5) does not have a valid extension.
[11/Jun/2025 13:46:01] Source file (/tmp/phpqp5B4Y) does not have a valid extension.
